running egg_info
creating ../build/nova_vision/nova_vision.egg-info
writing ../build/nova_vision/nova_vision.egg-info/PKG-INFO
writing dependency_links to ../build/nova_vision/nova_vision.egg-info/dependency_links.txt
writing entry points to ../build/nova_vision/nova_vision.egg-info/entry_points.txt
writing requirements to ../build/nova_vision/nova_vision.egg-info/requires.txt
writing top-level names to ../build/nova_vision/nova_vision.egg-info/top_level.txt
writing manifest file '../build/nova_vision/nova_vision.egg-info/SOURCES.txt'
reading manifest file '../build/nova_vision/nova_vision.egg-info/SOURCES.txt'
adding license file 'LICENSE'
writing manifest file '../build/nova_vision/nova_vision.egg-info/SOURCES.txt'
running build
running build_py
creating /home/tasc/AN_WS/build/nova_vision/build
creating /home/tasc/AN_WS/build/nova_vision/build/lib
creating /home/tasc/AN_WS/build/nova_vision/build/lib/nova_vision
copying nova_vision/gps_aruco.py -> /home/tasc/AN_WS/build/nova_vision/build/lib/nova_vision
copying nova_vision/gps_display.py -> /home/tasc/AN_WS/build/nova_vision/build/lib/nova_vision
copying nova_vision/gps_node.py -> /home/tasc/AN_WS/build/nova_vision/build/lib/nova_vision
copying nova_vision/multi_camera_publisher.py -> /home/tasc/AN_WS/build/nova_vision/build/lib/nova_vision
copying nova_vision/line_follower.py -> /home/tasc/AN_WS/build/nova_vision/build/lib/nova_vision
copying nova_vision/object_tracker.py -> /home/tasc/AN_WS/build/nova_vision/build/lib/nova_vision
copying nova_vision/aruco_detect.py -> /home/tasc/AN_WS/build/nova_vision/build/lib/nova_vision
copying nova_vision/camera_publisher.py -> /home/tasc/AN_WS/build/nova_vision/build/lib/nova_vision
copying nova_vision/__init__.py -> /home/tasc/AN_WS/build/nova_vision/build/lib/nova_vision
copying nova_vision/advanced_line_follower.py -> /home/tasc/AN_WS/build/nova_vision/build/lib/nova_vision
copying nova_vision/camera_subscriber.py -> /home/tasc/AN_WS/build/nova_vision/build/lib/nova_vision
running install
running install_lib
creating /home/tasc/AN_WS/install/nova_vision/lib/python3.10/site-packages/nova_vision
copying /home/tasc/AN_WS/build/nova_vision/build/lib/nova_vision/gps_aruco.py -> /home/tasc/AN_WS/install/nova_vision/lib/python3.10/site-packages/nova_vision
copying /home/tasc/AN_WS/build/nova_vision/build/lib/nova_vision/gps_display.py -> /home/tasc/AN_WS/install/nova_vision/lib/python3.10/site-packages/nova_vision
copying /home/tasc/AN_WS/build/nova_vision/build/lib/nova_vision/gps_node.py -> /home/tasc/AN_WS/install/nova_vision/lib/python3.10/site-packages/nova_vision
copying /home/tasc/AN_WS/build/nova_vision/build/lib/nova_vision/multi_camera_publisher.py -> /home/tasc/AN_WS/install/nova_vision/lib/python3.10/site-packages/nova_vision
copying /home/tasc/AN_WS/build/nova_vision/build/lib/nova_vision/line_follower.py -> /home/tasc/AN_WS/install/nova_vision/lib/python3.10/site-packages/nova_vision
copying /home/tasc/AN_WS/build/nova_vision/build/lib/nova_vision/object_tracker.py -> /home/tasc/AN_WS/install/nova_vision/lib/python3.10/site-packages/nova_vision
copying /home/tasc/AN_WS/build/nova_vision/build/lib/nova_vision/aruco_detect.py -> /home/tasc/AN_WS/install/nova_vision/lib/python3.10/site-packages/nova_vision
copying /home/tasc/AN_WS/build/nova_vision/build/lib/nova_vision/camera_publisher.py -> /home/tasc/AN_WS/install/nova_vision/lib/python3.10/site-packages/nova_vision
copying /home/tasc/AN_WS/build/nova_vision/build/lib/nova_vision/__init__.py -> /home/tasc/AN_WS/install/nova_vision/lib/python3.10/site-packages/nova_vision
copying /home/tasc/AN_WS/build/nova_vision/build/lib/nova_vision/advanced_line_follower.py -> /home/tasc/AN_WS/install/nova_vision/lib/python3.10/site-packages/nova_vision
copying /home/tasc/AN_WS/build/nova_vision/build/lib/nova_vision/camera_subscriber.py -> /home/tasc/AN_WS/install/nova_vision/lib/python3.10/site-packages/nova_vision
byte-compiling /home/tasc/AN_WS/install/nova_vision/lib/python3.10/site-packages/nova_vision/gps_aruco.py to gps_aruco.cpython-310.pyc
byte-compiling /home/tasc/AN_WS/install/nova_vision/lib/python3.10/site-packages/nova_vision/gps_display.py to gps_display.cpython-310.pyc
byte-compiling /home/tasc/AN_WS/install/nova_vision/lib/python3.10/site-packages/nova_vision/gps_node.py to gps_node.cpython-310.pyc
byte-compiling /home/tasc/AN_WS/install/nova_vision/lib/python3.10/site-packages/nova_vision/multi_camera_publisher.py to multi_camera_publisher.cpython-310.pyc
byte-compiling /home/tasc/AN_WS/install/nova_vision/lib/python3.10/site-packages/nova_vision/line_follower.py to line_follower.cpython-310.pyc
byte-compiling /home/tasc/AN_WS/install/nova_vision/lib/python3.10/site-packages/nova_vision/object_tracker.py to object_tracker.cpython-310.pyc
byte-compiling /home/tasc/AN_WS/install/nova_vision/lib/python3.10/site-packages/nova_vision/aruco_detect.py to aruco_detect.cpython-310.pyc
byte-compiling /home/tasc/AN_WS/install/nova_vision/lib/python3.10/site-packages/nova_vision/camera_publisher.py to camera_publisher.cpython-310.pyc
byte-compiling /home/tasc/AN_WS/install/nova_vision/lib/python3.10/site-packages/nova_vision/__init__.py to __init__.cpython-310.pyc
byte-compiling /home/tasc/AN_WS/install/nova_vision/lib/python3.10/site-packages/nova_vision/advanced_line_follower.py to advanced_line_follower.cpython-310.pyc
byte-compiling /home/tasc/AN_WS/install/nova_vision/lib/python3.10/site-packages/nova_vision/camera_subscriber.py to camera_subscriber.cpython-310.pyc
running install_data
creating /home/tasc/AN_WS/install/nova_vision/share/ament_index
creating /home/tasc/AN_WS/install/nova_vision/share/ament_index/resource_index
creating /home/tasc/AN_WS/install/nova_vision/share/ament_index/resource_index/packages
copying resource/nova_vision -> /home/tasc/AN_WS/install/nova_vision/share/ament_index/resource_index/packages
copying package.xml -> /home/tasc/AN_WS/install/nova_vision/share/nova_vision
creating /home/tasc/AN_WS/install/nova_vision/share/nova_vision/launch
copying launch/dual_cameras.launch.py -> /home/tasc/AN_WS/install/nova_vision/share/nova_vision/launch
copying launch/gps_cameras.launch.py -> /home/tasc/AN_WS/install/nova_vision/share/nova_vision/launch
running install_egg_info
Copying ../build/nova_vision/nova_vision.egg-info to /home/tasc/AN_WS/install/nova_vision/lib/python3.10/site-packages/nova_vision-0.0.0-py3.10.egg-info
running install_scripts
Installing aruco_detect script to /home/tasc/AN_WS/install/nova_vision/lib/nova_vision
Installing camera_publisher script to /home/tasc/AN_WS/install/nova_vision/lib/nova_vision
Installing camera_subscriber script to /home/tasc/AN_WS/install/nova_vision/lib/nova_vision
Installing gps_aruco script to /home/tasc/AN_WS/install/nova_vision/lib/nova_vision
Installing gps_display script to /home/tasc/AN_WS/install/nova_vision/lib/nova_vision
Installing gps_node script to /home/tasc/AN_WS/install/nova_vision/lib/nova_vision
Installing multi_camera_publisher script to /home/tasc/AN_WS/install/nova_vision/lib/nova_vision
Installing object_tracker script to /home/tasc/AN_WS/install/nova_vision/lib/nova_vision
writing list of installed files to '/home/tasc/AN_WS/build/nova_vision/install.log'
