[2.520s] Invoking command in '/home/tasc/AN_WS/nova_vision': PYTHONPATH=/home/tasc/AN_WS/build/nova_vision/prefix_override:/usr/lib/python3/dist-packages/colcon_core/task/python/colcon_distutils_commands:/home/tasc/AN_WS/install/nova_vision/lib/python3.10/site-packages:${PYTHONPATH} /usr/bin/python3 -W ignore:setup.py install is deprecated -W ignore:easy_install command is deprecated setup.py egg_info --egg-base ../build/nova_vision build --build-base /home/tasc/AN_WS/build/nova_vision/build install --record /home/tasc/AN_WS/build/nova_vision/install.log --single-version-externally-managed install_data
[3.043s] running egg_info
[3.044s] creating ../build/nova_vision/nova_vision.egg-info
[3.045s] writing ../build/nova_vision/nova_vision.egg-info/PKG-INFO
[3.045s] writing dependency_links to ../build/nova_vision/nova_vision.egg-info/dependency_links.txt
[3.045s] writing entry points to ../build/nova_vision/nova_vision.egg-info/entry_points.txt
[3.046s] writing requirements to ../build/nova_vision/nova_vision.egg-info/requires.txt
[3.046s] writing top-level names to ../build/nova_vision/nova_vision.egg-info/top_level.txt
[3.047s] writing manifest file '../build/nova_vision/nova_vision.egg-info/SOURCES.txt'
[3.051s] reading manifest file '../build/nova_vision/nova_vision.egg-info/SOURCES.txt'
[3.051s] adding license file 'LICENSE'
[3.052s] writing manifest file '../build/nova_vision/nova_vision.egg-info/SOURCES.txt'
[3.053s] running build
[3.053s] running build_py
[3.054s] creating /home/tasc/AN_WS/build/nova_vision/build
[3.054s] creating /home/tasc/AN_WS/build/nova_vision/build/lib
[3.054s] creating /home/tasc/AN_WS/build/nova_vision/build/lib/nova_vision
[3.055s] copying nova_vision/gps_aruco.py -> /home/tasc/AN_WS/build/nova_vision/build/lib/nova_vision
[3.055s] copying nova_vision/gps_display.py -> /home/tasc/AN_WS/build/nova_vision/build/lib/nova_vision
[3.056s] copying nova_vision/gps_node.py -> /home/tasc/AN_WS/build/nova_vision/build/lib/nova_vision
[3.056s] copying nova_vision/multi_camera_publisher.py -> /home/tasc/AN_WS/build/nova_vision/build/lib/nova_vision
[3.056s] copying nova_vision/line_follower.py -> /home/tasc/AN_WS/build/nova_vision/build/lib/nova_vision
[3.056s] copying nova_vision/object_tracker.py -> /home/tasc/AN_WS/build/nova_vision/build/lib/nova_vision
[3.057s] copying nova_vision/aruco_detect.py -> /home/tasc/AN_WS/build/nova_vision/build/lib/nova_vision
[3.057s] copying nova_vision/camera_publisher.py -> /home/tasc/AN_WS/build/nova_vision/build/lib/nova_vision
[3.058s] copying nova_vision/__init__.py -> /home/tasc/AN_WS/build/nova_vision/build/lib/nova_vision
[3.058s] copying nova_vision/advanced_line_follower.py -> /home/tasc/AN_WS/build/nova_vision/build/lib/nova_vision
[3.058s] copying nova_vision/camera_subscriber.py -> /home/tasc/AN_WS/build/nova_vision/build/lib/nova_vision
[3.058s] running install
[3.059s] running install_lib
[3.060s] creating /home/tasc/AN_WS/install/nova_vision/lib/python3.10/site-packages/nova_vision
[3.060s] copying /home/tasc/AN_WS/build/nova_vision/build/lib/nova_vision/gps_aruco.py -> /home/tasc/AN_WS/install/nova_vision/lib/python3.10/site-packages/nova_vision
[3.060s] copying /home/tasc/AN_WS/build/nova_vision/build/lib/nova_vision/gps_display.py -> /home/tasc/AN_WS/install/nova_vision/lib/python3.10/site-packages/nova_vision
[3.061s] copying /home/tasc/AN_WS/build/nova_vision/build/lib/nova_vision/gps_node.py -> /home/tasc/AN_WS/install/nova_vision/lib/python3.10/site-packages/nova_vision
[3.061s] copying /home/tasc/AN_WS/build/nova_vision/build/lib/nova_vision/multi_camera_publisher.py -> /home/tasc/AN_WS/install/nova_vision/lib/python3.10/site-packages/nova_vision
[3.061s] copying /home/tasc/AN_WS/build/nova_vision/build/lib/nova_vision/line_follower.py -> /home/tasc/AN_WS/install/nova_vision/lib/python3.10/site-packages/nova_vision
[3.062s] copying /home/tasc/AN_WS/build/nova_vision/build/lib/nova_vision/object_tracker.py -> /home/tasc/AN_WS/install/nova_vision/lib/python3.10/site-packages/nova_vision
[3.062s] copying /home/tasc/AN_WS/build/nova_vision/build/lib/nova_vision/aruco_detect.py -> /home/tasc/AN_WS/install/nova_vision/lib/python3.10/site-packages/nova_vision
[3.063s] copying /home/tasc/AN_WS/build/nova_vision/build/lib/nova_vision/camera_publisher.py -> /home/tasc/AN_WS/install/nova_vision/lib/python3.10/site-packages/nova_vision
[3.063s] copying /home/tasc/AN_WS/build/nova_vision/build/lib/nova_vision/__init__.py -> /home/tasc/AN_WS/install/nova_vision/lib/python3.10/site-packages/nova_vision
[3.063s] copying /home/tasc/AN_WS/build/nova_vision/build/lib/nova_vision/advanced_line_follower.py -> /home/tasc/AN_WS/install/nova_vision/lib/python3.10/site-packages/nova_vision
[3.063s] copying /home/tasc/AN_WS/build/nova_vision/build/lib/nova_vision/camera_subscriber.py -> /home/tasc/AN_WS/install/nova_vision/lib/python3.10/site-packages/nova_vision
[3.064s] byte-compiling /home/tasc/AN_WS/install/nova_vision/lib/python3.10/site-packages/nova_vision/gps_aruco.py to gps_aruco.cpython-310.pyc
[3.066s] byte-compiling /home/tasc/AN_WS/install/nova_vision/lib/python3.10/site-packages/nova_vision/gps_display.py to gps_display.cpython-310.pyc
[3.067s] byte-compiling /home/tasc/AN_WS/install/nova_vision/lib/python3.10/site-packages/nova_vision/gps_node.py to gps_node.cpython-310.pyc
[3.069s] byte-compiling /home/tasc/AN_WS/install/nova_vision/lib/python3.10/site-packages/nova_vision/multi_camera_publisher.py to multi_camera_publisher.cpython-310.pyc
[3.070s] byte-compiling /home/tasc/AN_WS/install/nova_vision/lib/python3.10/site-packages/nova_vision/line_follower.py to line_follower.cpython-310.pyc
[3.071s] byte-compiling /home/tasc/AN_WS/install/nova_vision/lib/python3.10/site-packages/nova_vision/object_tracker.py to object_tracker.cpython-310.pyc
[3.072s] byte-compiling /home/tasc/AN_WS/install/nova_vision/lib/python3.10/site-packages/nova_vision/aruco_detect.py to aruco_detect.cpython-310.pyc
[3.074s] byte-compiling /home/tasc/AN_WS/install/nova_vision/lib/python3.10/site-packages/nova_vision/camera_publisher.py to camera_publisher.cpython-310.pyc
[3.075s] byte-compiling /home/tasc/AN_WS/install/nova_vision/lib/python3.10/site-packages/nova_vision/__init__.py to __init__.cpython-310.pyc
[3.075s] byte-compiling /home/tasc/AN_WS/install/nova_vision/lib/python3.10/site-packages/nova_vision/advanced_line_follower.py to advanced_line_follower.cpython-310.pyc
[3.076s] byte-compiling /home/tasc/AN_WS/install/nova_vision/lib/python3.10/site-packages/nova_vision/camera_subscriber.py to camera_subscriber.cpython-310.pyc
[3.077s] running install_data
[3.078s] creating /home/tasc/AN_WS/install/nova_vision/share/ament_index
[3.078s] creating /home/tasc/AN_WS/install/nova_vision/share/ament_index/resource_index
[3.078s] creating /home/tasc/AN_WS/install/nova_vision/share/ament_index/resource_index/packages
[3.078s] copying resource/nova_vision -> /home/tasc/AN_WS/install/nova_vision/share/ament_index/resource_index/packages
[3.078s] copying package.xml -> /home/tasc/AN_WS/install/nova_vision/share/nova_vision
[3.079s] creating /home/tasc/AN_WS/install/nova_vision/share/nova_vision/launch
[3.079s] copying launch/dual_cameras.launch.py -> /home/tasc/AN_WS/install/nova_vision/share/nova_vision/launch
[3.079s] copying launch/gps_cameras.launch.py -> /home/tasc/AN_WS/install/nova_vision/share/nova_vision/launch
[3.079s] running install_egg_info
[3.084s] Copying ../build/nova_vision/nova_vision.egg-info to /home/tasc/AN_WS/install/nova_vision/lib/python3.10/site-packages/nova_vision-0.0.0-py3.10.egg-info
[3.086s] running install_scripts
[3.136s] Installing aruco_detect script to /home/tasc/AN_WS/install/nova_vision/lib/nova_vision
[3.136s] Installing camera_publisher script to /home/tasc/AN_WS/install/nova_vision/lib/nova_vision
[3.136s] Installing camera_subscriber script to /home/tasc/AN_WS/install/nova_vision/lib/nova_vision
[3.136s] Installing gps_aruco script to /home/tasc/AN_WS/install/nova_vision/lib/nova_vision
[3.137s] Installing gps_display script to /home/tasc/AN_WS/install/nova_vision/lib/nova_vision
[3.137s] Installing gps_node script to /home/tasc/AN_WS/install/nova_vision/lib/nova_vision
[3.137s] Installing multi_camera_publisher script to /home/tasc/AN_WS/install/nova_vision/lib/nova_vision
[3.137s] Installing object_tracker script to /home/tasc/AN_WS/install/nova_vision/lib/nova_vision
[3.138s] writing list of installed files to '/home/tasc/AN_WS/build/nova_vision/install.log'
[3.224s] Invoked command in '/home/tasc/AN_WS/nova_vision' returned '0': PYTHONPATH=/home/tasc/AN_WS/build/nova_vision/prefix_override:/usr/lib/python3/dist-packages/colcon_core/task/python/colcon_distutils_commands:/home/tasc/AN_WS/install/nova_vision/lib/python3.10/site-packages:${PYTHONPATH} /usr/bin/python3 -W ignore:setup.py install is deprecated -W ignore:easy_install command is deprecated setup.py egg_info --egg-base ../build/nova_vision build --build-base /home/tasc/AN_WS/build/nova_vision/build install --record /home/tasc/AN_WS/build/nova_vision/install.log --single-version-externally-managed install_data
