[3.167s] Invoking command in '/home/tasc/AN_WS-1/nova_sensors': PYTHONPATH=/home/tasc/AN_WS-1/build/nova_sensors/prefix_override:/usr/lib/python3/dist-packages/colcon_core/task/python/colcon_distutils_commands:/home/tasc/AN_WS-1/install/nova_sensors/lib/python3.10/site-packages:${PYTHONPATH} /usr/bin/python3 -W ignore:setup.py install is deprecated -W ignore:easy_install command is deprecated setup.py egg_info --egg-base ../build/nova_sensors build --build-base /home/tasc/AN_WS-1/build/nova_sensors/build install --record /home/tasc/AN_WS-1/build/nova_sensors/install.log --single-version-externally-managed install_data
[3.704s] running egg_info
[3.707s] creating ../build/nova_sensors/nova_sensors.egg-info
[3.708s] writing ../build/nova_sensors/nova_sensors.egg-info/PKG-INFO
[3.709s] writing dependency_links to ../build/nova_sensors/nova_sensors.egg-info/dependency_links.txt
[3.710s] writing entry points to ../build/nova_sensors/nova_sensors.egg-info/entry_points.txt
[3.710s] writing requirements to ../build/nova_sensors/nova_sensors.egg-info/requires.txt
[3.710s] writing top-level names to ../build/nova_sensors/nova_sensors.egg-info/top_level.txt
[3.711s] writing manifest file '../build/nova_sensors/nova_sensors.egg-info/SOURCES.txt'
[3.715s] reading manifest file '../build/nova_sensors/nova_sensors.egg-info/SOURCES.txt'
[3.716s] writing manifest file '../build/nova_sensors/nova_sensors.egg-info/SOURCES.txt'
[3.717s] running build
[3.717s] running build_py
[3.718s] creating /home/tasc/AN_WS-1/build/nova_sensors/build
[3.718s] creating /home/tasc/AN_WS-1/build/nova_sensors/build/lib
[3.718s] creating /home/tasc/AN_WS-1/build/nova_sensors/build/lib/nova_sensors
[3.719s] copying nova_sensors/gps_node.py -> /home/tasc/AN_WS-1/build/nova_sensors/build/lib/nova_sensors
[3.720s] copying nova_sensors/imu_node.py -> /home/tasc/AN_WS-1/build/nova_sensors/build/lib/nova_sensors
[3.721s] copying nova_sensors/gps_node_old.py -> /home/tasc/AN_WS-1/build/nova_sensors/build/lib/nova_sensors
[3.722s] copying nova_sensors/__init__.py -> /home/tasc/AN_WS-1/build/nova_sensors/build/lib/nova_sensors
[3.722s] running install
[3.723s] running install_lib
[3.723s] creating /home/tasc/AN_WS-1/install/nova_sensors/lib/python3.10/site-packages/nova_sensors
[3.723s] copying /home/tasc/AN_WS-1/build/nova_sensors/build/lib/nova_sensors/gps_node.py -> /home/tasc/AN_WS-1/install/nova_sensors/lib/python3.10/site-packages/nova_sensors
[3.723s] copying /home/tasc/AN_WS-1/build/nova_sensors/build/lib/nova_sensors/imu_node.py -> /home/tasc/AN_WS-1/install/nova_sensors/lib/python3.10/site-packages/nova_sensors
[3.723s] copying /home/tasc/AN_WS-1/build/nova_sensors/build/lib/nova_sensors/gps_node_old.py -> /home/tasc/AN_WS-1/install/nova_sensors/lib/python3.10/site-packages/nova_sensors
[3.724s] copying /home/tasc/AN_WS-1/build/nova_sensors/build/lib/nova_sensors/__init__.py -> /home/tasc/AN_WS-1/install/nova_sensors/lib/python3.10/site-packages/nova_sensors
[3.724s] byte-compiling /home/tasc/AN_WS-1/install/nova_sensors/lib/python3.10/site-packages/nova_sensors/gps_node.py to gps_node.cpython-310.pyc
[3.725s] byte-compiling /home/tasc/AN_WS-1/install/nova_sensors/lib/python3.10/site-packages/nova_sensors/imu_node.py to imu_node.cpython-310.pyc
[3.726s] byte-compiling /home/tasc/AN_WS-1/install/nova_sensors/lib/python3.10/site-packages/nova_sensors/gps_node_old.py to gps_node_old.cpython-310.pyc
[3.726s] byte-compiling /home/tasc/AN_WS-1/install/nova_sensors/lib/python3.10/site-packages/nova_sensors/__init__.py to __init__.cpython-310.pyc
[3.730s] running install_data
[3.730s] creating /home/tasc/AN_WS-1/install/nova_sensors/share/ament_index
[3.730s] creating /home/tasc/AN_WS-1/install/nova_sensors/share/ament_index/resource_index
[3.730s] creating /home/tasc/AN_WS-1/install/nova_sensors/share/ament_index/resource_index/packages
[3.734s] copying resource/nova_sensors -> /home/tasc/AN_WS-1/install/nova_sensors/share/ament_index/resource_index/packages
[3.734s] copying package.xml -> /home/tasc/AN_WS-1/install/nova_sensors/share/nova_sensors
[3.734s] running install_egg_info
[3.736s] Copying ../build/nova_sensors/nova_sensors.egg-info to /home/tasc/AN_WS-1/install/nova_sensors/lib/python3.10/site-packages/nova_sensors-0.0.0-py3.10.egg-info
[3.737s] running install_scripts
[3.785s] Installing gps_node = nova_sensors.gps_node:mainimu_node script to /home/tasc/AN_WS-1/install/nova_sensors/lib/nova_sensors
[3.786s] writing list of installed files to '/home/tasc/AN_WS-1/build/nova_sensors/install.log'
[3.897s] Invoked command in '/home/tasc/AN_WS-1/nova_sensors' returned '0': PYTHONPATH=/home/tasc/AN_WS-1/build/nova_sensors/prefix_override:/usr/lib/python3/dist-packages/colcon_core/task/python/colcon_distutils_commands:/home/tasc/AN_WS-1/install/nova_sensors/lib/python3.10/site-packages:${PYTHONPATH} /usr/bin/python3 -W ignore:setup.py install is deprecated -W ignore:easy_install command is deprecated setup.py egg_info --egg-base ../build/nova_sensors build --build-base /home/tasc/AN_WS-1/build/nova_sensors/build install --record /home/tasc/AN_WS-1/build/nova_sensors/install.log --single-version-externally-managed install_data
