[0.268s] DEBUG:colcon:Command line arguments: ['/usr/bin/colcon', 'build']
[0.269s] DEBUG:colcon:Parsed command line arguments: Namespace(log_base=None, log_level=None, verb_name='build', build_base='build', install_base='install', merge_install=False, symlink_install=False, test_result_base=None, continue_on_error=False, executor='parallel', parallel_workers=6, event_handlers=None, ignore_user_meta=False, metas=['./colcon.meta'], base_paths=['.'], packages_ignore=None, packages_ignore_regex=None, paths=None, packages_up_to=None, packages_up_to_regex=None, packages_above=None, packages_above_and_dependencies=None, packages_above_depth=None, packages_select_by_dep=None, packages_skip_by_dep=None, packages_skip_up_to=None, packages_select_build_failed=False, packages_skip_build_finished=False, packages_select_test_failures=False, packages_skip_test_passed=False, packages_select=None, packages_skip=None, packages_select_regex=None, packages_skip_regex=None, packages_start=None, packages_end=None, allow_overriding=[], cmake_args=None, cmake_target=None, cmake_target_skip_unavailable=False, cmake_clean_cache=False, cmake_clean_first=False, cmake_force_configure=False, ament_cmake_args=None, catkin_cmake_args=None, catkin_skip_building_tests=False, mixin_files=None, mixin=None, verb_parser=<colcon_mixin.mixin.mixin_argument.MixinArgumentDecorator object at 0xffffaa30ae90>, verb_extension=<colcon_core.verb.build.BuildVerb object at 0xffffaa4bfdc0>, main=<bound method BuildVerb.main of <colcon_core.verb.build.BuildVerb object at 0xffffaa4bfdc0>>, mixin_verb=('build',))
[0.670s] Level 1:colcon.colcon_core.package_discovery:discover_packages(colcon_meta) check parameters
[0.671s] Level 1:colcon.colcon_core.package_discovery:discover_packages(recursive) check parameters
[0.671s] Level 1:colcon.colcon_core.package_discovery:discover_packages(ignore) check parameters
[0.671s] Level 1:colcon.colcon_core.package_discovery:discover_packages(path) check parameters
[0.671s] Level 1:colcon.colcon_core.package_discovery:discover_packages(colcon_meta) discover
[0.671s] Level 1:colcon.colcon_core.package_discovery:discover_packages(recursive) discover
[0.672s] INFO:colcon.colcon_core.package_discovery:Crawling recursively for packages in '/home/tasc/AN_WS-1'
[0.672s] Level 1:colcon.colcon_core.package_identification:_identify(.) by extensions ['ignore', 'ignore_ament_install']
[0.672s] Level 1:colcon.colcon_core.package_identification:_identify(.) by extension 'ignore'
[0.672s] Level 1:colcon.colcon_core.package_identification:_identify(.) by extension 'ignore_ament_install'
[0.672s] Level 1:colcon.colcon_core.package_identification:_identify(.) by extensions ['colcon_pkg']
[0.673s] Level 1:colcon.colcon_core.package_identification:_identify(.) by extension 'colcon_pkg'
[0.673s] Level 1:colcon.colcon_core.package_identification:_identify(.) by extensions ['colcon_meta']
[0.673s] Level 1:colcon.colcon_core.package_identification:_identify(.) by extension 'colcon_meta'
[0.673s] Level 1:colcon.colcon_core.package_identification:_identify(.) by extensions ['ros']
[0.673s] Level 1:colcon.colcon_core.package_identification:_identify(.) by extension 'ros'
[0.699s] Level 1:colcon.colcon_core.package_identification:_identify(.) by extensions ['cmake', 'python']
[0.699s] Level 1:colcon.colcon_core.package_identification:_identify(.) by extension 'cmake'
[0.699s] Level 1:colcon.colcon_core.package_identification:_identify(.) by extension 'python'
[0.699s] Level 1:colcon.colcon_core.package_identification:_identify(.) by extensions ['python_setup_py']
[0.699s] Level 1:colcon.colcon_core.package_identification:_identify(.) by extension 'python_setup_py'
[0.700s] Level 1:colcon.colcon_core.package_identification:_identify(build) by extensions ['ignore', 'ignore_ament_install']
[0.700s] Level 1:colcon.colcon_core.package_identification:_identify(build) by extension 'ignore'
[0.700s] Level 1:colcon.colcon_core.package_identification:_identify(build) ignored
[0.700s] Level 1:colcon.colcon_core.package_identification:_identify(install) by extensions ['ignore', 'ignore_ament_install']
[0.701s] Level 1:colcon.colcon_core.package_identification:_identify(install) by extension 'ignore'
[0.701s] Level 1:colcon.colcon_core.package_identification:_identify(install) ignored
[0.701s] Level 1:colcon.colcon_core.package_identification:_identify(log) by extensions ['ignore', 'ignore_ament_install']
[0.701s] Level 1:colcon.colcon_core.package_identification:_identify(log) by extension 'ignore'
[0.701s] Level 1:colcon.colcon_core.package_identification:_identify(log) ignored
[0.702s] Level 1:colcon.colcon_core.package_identification:_identify(nova_sensors) by extensions ['ignore', 'ignore_ament_install']
[0.702s] Level 1:colcon.colcon_core.package_identification:_identify(nova_sensors) by extension 'ignore'
[0.702s] Level 1:colcon.colcon_core.package_identification:_identify(nova_sensors) by extension 'ignore_ament_install'
[0.702s] Level 1:colcon.colcon_core.package_identification:_identify(nova_sensors) by extensions ['colcon_pkg']
[0.702s] Level 1:colcon.colcon_core.package_identification:_identify(nova_sensors) by extension 'colcon_pkg'
[0.702s] Level 1:colcon.colcon_core.package_identification:_identify(nova_sensors) by extensions ['colcon_meta']
[0.702s] Level 1:colcon.colcon_core.package_identification:_identify(nova_sensors) by extension 'colcon_meta'
[0.702s] Level 1:colcon.colcon_core.package_identification:_identify(nova_sensors) by extensions ['ros']
[0.703s] Level 1:colcon.colcon_core.package_identification:_identify(nova_sensors) by extension 'ros'
[0.708s] DEBUG:colcon.colcon_core.package_identification:Package 'nova_sensors' with type 'ros.ament_python' and name 'nova_sensors'
[0.709s] Level 1:colcon.colcon_core.package_identification:_identify(nova_vision) by extensions ['ignore', 'ignore_ament_install']
[0.709s] Level 1:colcon.colcon_core.package_identification:_identify(nova_vision) by extension 'ignore'
[0.710s] Level 1:colcon.colcon_core.package_identification:_identify(nova_vision) by extension 'ignore_ament_install'
[0.710s] Level 1:colcon.colcon_core.package_identification:_identify(nova_vision) by extensions ['colcon_pkg']
[0.710s] Level 1:colcon.colcon_core.package_identification:_identify(nova_vision) by extension 'colcon_pkg'
[0.710s] Level 1:colcon.colcon_core.package_identification:_identify(nova_vision) by extensions ['colcon_meta']
[0.710s] Level 1:colcon.colcon_core.package_identification:_identify(nova_vision) by extension 'colcon_meta'
[0.710s] Level 1:colcon.colcon_core.package_identification:_identify(nova_vision) by extensions ['ros']
[0.710s] Level 1:colcon.colcon_core.package_identification:_identify(nova_vision) by extension 'ros'
[0.712s] DEBUG:colcon.colcon_core.package_identification:Package 'nova_vision' with type 'ros.ament_python' and name 'nova_vision'
[0.712s] Level 1:colcon.colcon_core.package_identification:_identify(src) by extensions ['ignore', 'ignore_ament_install']
[0.712s] Level 1:colcon.colcon_core.package_identification:_identify(src) by extension 'ignore'
[0.713s] Level 1:colcon.colcon_core.package_identification:_identify(src) by extension 'ignore_ament_install'
[0.713s] Level 1:colcon.colcon_core.package_identification:_identify(src) by extensions ['colcon_pkg']
[0.713s] Level 1:colcon.colcon_core.package_identification:_identify(src) by extension 'colcon_pkg'
[0.713s] Level 1:colcon.colcon_core.package_identification:_identify(src) by extensions ['colcon_meta']
[0.713s] Level 1:colcon.colcon_core.package_identification:_identify(src) by extension 'colcon_meta'
[0.713s] Level 1:colcon.colcon_core.package_identification:_identify(src) by extensions ['ros']
[0.713s] Level 1:colcon.colcon_core.package_identification:_identify(src) by extension 'ros'
[0.713s] Level 1:colcon.colcon_core.package_identification:_identify(src) by extensions ['cmake', 'python']
[0.713s] Level 1:colcon.colcon_core.package_identification:_identify(src) by extension 'cmake'
[0.714s] Level 1:colcon.colcon_core.package_identification:_identify(src) by extension 'python'
[0.714s] Level 1:colcon.colcon_core.package_identification:_identify(src) by extensions ['python_setup_py']
[0.714s] Level 1:colcon.colcon_core.package_identification:_identify(src) by extension 'python_setup_py'
[0.714s] Level 1:colcon.colcon_core.package_identification:_identify(src/cam_stream) by extensions ['ignore', 'ignore_ament_install']
[0.714s] Level 1:colcon.colcon_core.package_identification:_identify(src/cam_stream) by extension 'ignore'
[0.714s] Level 1:colcon.colcon_core.package_identification:_identify(src/cam_stream) by extension 'ignore_ament_install'
[0.715s] Level 1:colcon.colcon_core.package_identification:_identify(src/cam_stream) by extensions ['colcon_pkg']
[0.715s] Level 1:colcon.colcon_core.package_identification:_identify(src/cam_stream) by extension 'colcon_pkg'
[0.715s] Level 1:colcon.colcon_core.package_identification:_identify(src/cam_stream) by extensions ['colcon_meta']
[0.715s] Level 1:colcon.colcon_core.package_identification:_identify(src/cam_stream) by extension 'colcon_meta'
[0.715s] Level 1:colcon.colcon_core.package_identification:_identify(src/cam_stream) by extensions ['ros']
[0.715s] Level 1:colcon.colcon_core.package_identification:_identify(src/cam_stream) by extension 'ros'
[0.718s] DEBUG:colcon.colcon_core.package_identification:Package 'src/cam_stream' with type 'ros.ament_python' and name 'cam_stream'
[0.718s] Level 1:colcon.colcon_core.package_identification:_identify(src/navigation) by extensions ['ignore', 'ignore_ament_install']
[0.718s] Level 1:colcon.colcon_core.package_identification:_identify(src/navigation) by extension 'ignore'
[0.718s] Level 1:colcon.colcon_core.package_identification:_identify(src/navigation) by extension 'ignore_ament_install'
[0.719s] Level 1:colcon.colcon_core.package_identification:_identify(src/navigation) by extensions ['colcon_pkg']
[0.719s] Level 1:colcon.colcon_core.package_identification:_identify(src/navigation) by extension 'colcon_pkg'
[0.719s] Level 1:colcon.colcon_core.package_identification:_identify(src/navigation) by extensions ['colcon_meta']
[0.719s] Level 1:colcon.colcon_core.package_identification:_identify(src/navigation) by extension 'colcon_meta'
[0.719s] Level 1:colcon.colcon_core.package_identification:_identify(src/navigation) by extensions ['ros']
[0.719s] Level 1:colcon.colcon_core.package_identification:_identify(src/navigation) by extension 'ros'
[0.721s] DEBUG:colcon.colcon_core.package_identification:Package 'src/navigation' with type 'ros.ament_python' and name 'navigation'
[0.722s] Level 1:colcon.colcon_core.package_identification:_identify(test_scripts) by extensions ['ignore', 'ignore_ament_install']
[0.722s] Level 1:colcon.colcon_core.package_identification:_identify(test_scripts) by extension 'ignore'
[0.722s] Level 1:colcon.colcon_core.package_identification:_identify(test_scripts) ignored
[0.722s] Level 1:colcon.colcon_core.package_discovery:discover_packages(recursive) using defaults
[0.722s] Level 1:colcon.colcon_core.package_discovery:discover_packages(ignore) discover
[0.722s] Level 1:colcon.colcon_core.package_discovery:discover_packages(ignore) using defaults
[0.722s] Level 1:colcon.colcon_core.package_discovery:discover_packages(path) discover
[0.722s] Level 1:colcon.colcon_core.package_discovery:discover_packages(path) using defaults
[0.804s] Level 1:colcon.colcon_core.package_discovery:discover_packages(prefix_path) check parameters
[0.804s] Level 1:colcon.colcon_core.package_discovery:discover_packages(prefix_path) discover
[0.808s] DEBUG:colcon.colcon_installed_package_information.package_discovery:Found 4 installed packages in /home/tasc/AN_WS-1/install
[0.811s] DEBUG:colcon.colcon_installed_package_information.package_discovery:Found 271 installed packages in /opt/ros/humble
[0.814s] Level 1:colcon.colcon_core.package_discovery:discover_packages(prefix_path) using defaults
[0.904s] Level 5:colcon.colcon_core.verb:set package 'cam_stream' build argument 'cmake_args' from command line to 'None'
[0.904s] Level 5:colcon.colcon_core.verb:set package 'cam_stream' build argument 'cmake_target' from command line to 'None'
[0.904s] Level 5:colcon.colcon_core.verb:set package 'cam_stream' build argument 'cmake_target_skip_unavailable' from command line to 'False'
[0.904s] Level 5:colcon.colcon_core.verb:set package 'cam_stream' build argument 'cmake_clean_cache' from command line to 'False'
[0.904s] Level 5:colcon.colcon_core.verb:set package 'cam_stream' build argument 'cmake_clean_first' from command line to 'False'
[0.904s] Level 5:colcon.colcon_core.verb:set package 'cam_stream' build argument 'cmake_force_configure' from command line to 'False'
[0.904s] Level 5:colcon.colcon_core.verb:set package 'cam_stream' build argument 'ament_cmake_args' from command line to 'None'
[0.904s] Level 5:colcon.colcon_core.verb:set package 'cam_stream' build argument 'catkin_cmake_args' from command line to 'None'
[0.905s] Level 5:colcon.colcon_core.verb:set package 'cam_stream' build argument 'catkin_skip_building_tests' from command line to 'False'
[0.905s] DEBUG:colcon.colcon_core.verb:Building package 'cam_stream' with the following arguments: {'ament_cmake_args': None, 'build_base': '/home/tasc/AN_WS-1/build/cam_stream', 'catkin_cmake_args': None, 'catkin_skip_building_tests': False, 'cmake_args': None, 'cmake_clean_cache': False, 'cmake_clean_first': False, 'cmake_force_configure': False, 'cmake_target': None, 'cmake_target_skip_unavailable': False, 'install_base': '/home/tasc/AN_WS-1/install/cam_stream', 'merge_install': False, 'path': '/home/tasc/AN_WS-1/src/cam_stream', 'symlink_install': False, 'test_result_base': None}
[0.906s] Level 5:colcon.colcon_core.verb:set package 'navigation' build argument 'cmake_args' from command line to 'None'
[0.906s] Level 5:colcon.colcon_core.verb:set package 'navigation' build argument 'cmake_target' from command line to 'None'
[0.906s] Level 5:colcon.colcon_core.verb:set package 'navigation' build argument 'cmake_target_skip_unavailable' from command line to 'False'
[0.906s] Level 5:colcon.colcon_core.verb:set package 'navigation' build argument 'cmake_clean_cache' from command line to 'False'
[0.906s] Level 5:colcon.colcon_core.verb:set package 'navigation' build argument 'cmake_clean_first' from command line to 'False'
[0.906s] Level 5:colcon.colcon_core.verb:set package 'navigation' build argument 'cmake_force_configure' from command line to 'False'
[0.906s] Level 5:colcon.colcon_core.verb:set package 'navigation' build argument 'ament_cmake_args' from command line to 'None'
[0.906s] Level 5:colcon.colcon_core.verb:set package 'navigation' build argument 'catkin_cmake_args' from command line to 'None'
[0.906s] Level 5:colcon.colcon_core.verb:set package 'navigation' build argument 'catkin_skip_building_tests' from command line to 'False'
[0.906s] DEBUG:colcon.colcon_core.verb:Building package 'navigation' with the following arguments: {'ament_cmake_args': None, 'build_base': '/home/tasc/AN_WS-1/build/navigation', 'catkin_cmake_args': None, 'catkin_skip_building_tests': False, 'cmake_args': None, 'cmake_clean_cache': False, 'cmake_clean_first': False, 'cmake_force_configure': False, 'cmake_target': None, 'cmake_target_skip_unavailable': False, 'install_base': '/home/tasc/AN_WS-1/install/navigation', 'merge_install': False, 'path': '/home/tasc/AN_WS-1/src/navigation', 'symlink_install': False, 'test_result_base': None}
[0.907s] Level 5:colcon.colcon_core.verb:set package 'nova_sensors' build argument 'cmake_args' from command line to 'None'
[0.907s] Level 5:colcon.colcon_core.verb:set package 'nova_sensors' build argument 'cmake_target' from command line to 'None'
[0.907s] Level 5:colcon.colcon_core.verb:set package 'nova_sensors' build argument 'cmake_target_skip_unavailable' from command line to 'False'
[0.907s] Level 5:colcon.colcon_core.verb:set package 'nova_sensors' build argument 'cmake_clean_cache' from command line to 'False'
[0.907s] Level 5:colcon.colcon_core.verb:set package 'nova_sensors' build argument 'cmake_clean_first' from command line to 'False'
[0.907s] Level 5:colcon.colcon_core.verb:set package 'nova_sensors' build argument 'cmake_force_configure' from command line to 'False'
[0.907s] Level 5:colcon.colcon_core.verb:set package 'nova_sensors' build argument 'ament_cmake_args' from command line to 'None'
[0.907s] Level 5:colcon.colcon_core.verb:set package 'nova_sensors' build argument 'catkin_cmake_args' from command line to 'None'
[0.908s] Level 5:colcon.colcon_core.verb:set package 'nova_sensors' build argument 'catkin_skip_building_tests' from command line to 'False'
[0.908s] DEBUG:colcon.colcon_core.verb:Building package 'nova_sensors' with the following arguments: {'ament_cmake_args': None, 'build_base': '/home/tasc/AN_WS-1/build/nova_sensors', 'catkin_cmake_args': None, 'catkin_skip_building_tests': False, 'cmake_args': None, 'cmake_clean_cache': False, 'cmake_clean_first': False, 'cmake_force_configure': False, 'cmake_target': None, 'cmake_target_skip_unavailable': False, 'install_base': '/home/tasc/AN_WS-1/install/nova_sensors', 'merge_install': False, 'path': '/home/tasc/AN_WS-1/nova_sensors', 'symlink_install': False, 'test_result_base': None}
[0.908s] Level 5:colcon.colcon_core.verb:set package 'nova_vision' build argument 'cmake_args' from command line to 'None'
[0.908s] Level 5:colcon.colcon_core.verb:set package 'nova_vision' build argument 'cmake_target' from command line to 'None'
[0.908s] Level 5:colcon.colcon_core.verb:set package 'nova_vision' build argument 'cmake_target_skip_unavailable' from command line to 'False'
[0.909s] Level 5:colcon.colcon_core.verb:set package 'nova_vision' build argument 'cmake_clean_cache' from command line to 'False'
[0.909s] Level 5:colcon.colcon_core.verb:set package 'nova_vision' build argument 'cmake_clean_first' from command line to 'False'
[0.909s] Level 5:colcon.colcon_core.verb:set package 'nova_vision' build argument 'cmake_force_configure' from command line to 'False'
[0.909s] Level 5:colcon.colcon_core.verb:set package 'nova_vision' build argument 'ament_cmake_args' from command line to 'None'
[0.909s] Level 5:colcon.colcon_core.verb:set package 'nova_vision' build argument 'catkin_cmake_args' from command line to 'None'
[0.909s] Level 5:colcon.colcon_core.verb:set package 'nova_vision' build argument 'catkin_skip_building_tests' from command line to 'False'
[0.909s] DEBUG:colcon.colcon_core.verb:Building package 'nova_vision' with the following arguments: {'ament_cmake_args': None, 'build_base': '/home/tasc/AN_WS-1/build/nova_vision', 'catkin_cmake_args': None, 'catkin_skip_building_tests': False, 'cmake_args': None, 'cmake_clean_cache': False, 'cmake_clean_first': False, 'cmake_force_configure': False, 'cmake_target': None, 'cmake_target_skip_unavailable': False, 'install_base': '/home/tasc/AN_WS-1/install/nova_vision', 'merge_install': False, 'path': '/home/tasc/AN_WS-1/nova_vision', 'symlink_install': False, 'test_result_base': None}
[0.909s] INFO:colcon.colcon_core.executor:Executing jobs using 'parallel' executor
[0.912s] DEBUG:colcon.colcon_parallel_executor.executor.parallel:run_until_complete
[0.913s] INFO:colcon.colcon_ros.task.ament_python.build:Building ROS package in '/home/tasc/AN_WS-1/src/cam_stream' with build type 'ament_python'
[0.913s] Level 1:colcon.colcon_core.shell:create_environment_hook('cam_stream', 'ament_prefix_path')
[0.918s] INFO:colcon.colcon_core.plugin_system:Skipping extension 'colcon_core.shell.bat': Not used on non-Windows systems
[0.918s] INFO:colcon.colcon_core.shell:Creating environment hook '/home/tasc/AN_WS-1/install/cam_stream/share/cam_stream/hook/ament_prefix_path.ps1'
[0.921s] INFO:colcon.colcon_core.shell:Creating environment descriptor '/home/tasc/AN_WS-1/install/cam_stream/share/cam_stream/hook/ament_prefix_path.dsv'
[0.922s] INFO:colcon.colcon_core.shell:Creating environment hook '/home/tasc/AN_WS-1/install/cam_stream/share/cam_stream/hook/ament_prefix_path.sh'
[0.924s] INFO:colcon.colcon_core.shell:Skip shell extension 'powershell' for command environment: Not usable outside of PowerShell
[0.924s] DEBUG:colcon.colcon_core.shell:Skip shell extension 'dsv' for command environment
[0.937s] INFO:colcon.colcon_ros.task.ament_python.build:Building ROS package in '/home/tasc/AN_WS-1/src/navigation' with build type 'ament_python'
[0.938s] Level 1:colcon.colcon_core.shell:create_environment_hook('navigation', 'ament_prefix_path')
[0.938s] INFO:colcon.colcon_core.shell:Creating environment hook '/home/tasc/AN_WS-1/install/navigation/share/navigation/hook/ament_prefix_path.ps1'
[0.940s] INFO:colcon.colcon_core.shell:Creating environment descriptor '/home/tasc/AN_WS-1/install/navigation/share/navigation/hook/ament_prefix_path.dsv'
[0.941s] INFO:colcon.colcon_core.shell:Creating environment hook '/home/tasc/AN_WS-1/install/navigation/share/navigation/hook/ament_prefix_path.sh'
[0.943s] INFO:colcon.colcon_core.shell:Skip shell extension 'powershell' for command environment: Not usable outside of PowerShell
[0.943s] DEBUG:colcon.colcon_core.shell:Skip shell extension 'dsv' for command environment
[0.961s] INFO:colcon.colcon_ros.task.ament_python.build:Building ROS package in '/home/tasc/AN_WS-1/nova_sensors' with build type 'ament_python'
[0.962s] Level 1:colcon.colcon_core.shell:create_environment_hook('nova_sensors', 'ament_prefix_path')
[0.963s] INFO:colcon.colcon_core.shell:Creating environment hook '/home/tasc/AN_WS-1/install/nova_sensors/share/nova_sensors/hook/ament_prefix_path.ps1'
[0.964s] INFO:colcon.colcon_core.shell:Creating environment descriptor '/home/tasc/AN_WS-1/install/nova_sensors/share/nova_sensors/hook/ament_prefix_path.dsv'
[0.965s] INFO:colcon.colcon_core.shell:Creating environment hook '/home/tasc/AN_WS-1/install/nova_sensors/share/nova_sensors/hook/ament_prefix_path.sh'
[0.967s] INFO:colcon.colcon_core.shell:Skip shell extension 'powershell' for command environment: Not usable outside of PowerShell
[0.967s] DEBUG:colcon.colcon_core.shell:Skip shell extension 'dsv' for command environment
[0.979s] INFO:colcon.colcon_ros.task.ament_python.build:Building ROS package in '/home/tasc/AN_WS-1/nova_vision' with build type 'ament_python'
[0.980s] Level 1:colcon.colcon_core.shell:create_environment_hook('nova_vision', 'ament_prefix_path')
[0.981s] INFO:colcon.colcon_core.shell:Creating environment hook '/home/tasc/AN_WS-1/install/nova_vision/share/nova_vision/hook/ament_prefix_path.ps1'
[0.984s] INFO:colcon.colcon_core.shell:Creating environment descriptor '/home/tasc/AN_WS-1/install/nova_vision/share/nova_vision/hook/ament_prefix_path.dsv'
[0.985s] INFO:colcon.colcon_core.shell:Creating environment hook '/home/tasc/AN_WS-1/install/nova_vision/share/nova_vision/hook/ament_prefix_path.sh'
[0.987s] INFO:colcon.colcon_core.shell:Skip shell extension 'powershell' for command environment: Not usable outside of PowerShell
[0.987s] DEBUG:colcon.colcon_core.shell:Skip shell extension 'dsv' for command environment
[1.686s] INFO:colcon.colcon_core.task.python.build:Building Python package in '/home/tasc/AN_WS-1/src/cam_stream'
[1.687s] INFO:colcon.colcon_core.shell:Skip shell extension 'powershell' for command environment: Not usable outside of PowerShell
[1.687s] DEBUG:colcon.colcon_core.shell:Skip shell extension 'dsv' for command environment
[2.328s] INFO:colcon.colcon_core.task.python.build:Building Python package in '/home/tasc/AN_WS-1/src/navigation'
[2.330s] INFO:colcon.colcon_core.shell:Skip shell extension 'powershell' for command environment: Not usable outside of PowerShell
[2.330s] DEBUG:colcon.colcon_core.shell:Skip shell extension 'dsv' for command environment
[2.950s] INFO:colcon.colcon_core.task.python.build:Building Python package in '/home/tasc/AN_WS-1/nova_sensors'
[2.952s] INFO:colcon.colcon_core.shell:Skip shell extension 'powershell' for command environment: Not usable outside of PowerShell
[2.952s] DEBUG:colcon.colcon_core.shell:Skip shell extension 'dsv' for command environment
[3.592s] INFO:colcon.colcon_core.task.python.build:Building Python package in '/home/tasc/AN_WS-1/nova_vision'
[3.593s] INFO:colcon.colcon_core.shell:Skip shell extension 'powershell' for command environment: Not usable outside of PowerShell
[3.593s] DEBUG:colcon.colcon_core.shell:Skip shell extension 'dsv' for command environment
[4.462s] DEBUG:colcon.colcon_core.event_handler.log_command:Invoking command in '/home/tasc/AN_WS-1/nova_sensors': PYTHONPATH=/home/tasc/AN_WS-1/build/nova_sensors/prefix_override:/usr/lib/python3/dist-packages/colcon_core/task/python/colcon_distutils_commands:/home/tasc/AN_WS-1/install/nova_sensors/lib/python3.10/site-packages:${PYTHONPATH} /usr/bin/python3 -W ignore:setup.py install is deprecated -W ignore:easy_install command is deprecated setup.py egg_info --egg-base ../build/nova_sensors build --build-base /home/tasc/AN_WS-1/build/nova_sensors/build install --record /home/tasc/AN_WS-1/build/nova_sensors/install.log --single-version-externally-managed install_data
[4.483s] DEBUG:colcon.colcon_core.event_handler.log_command:Invoking command in '/home/tasc/AN_WS-1/nova_vision': PYTHONPATH=/home/tasc/AN_WS-1/build/nova_vision/prefix_override:/usr/lib/python3/dist-packages/colcon_core/task/python/colcon_distutils_commands:/home/tasc/AN_WS-1/install/nova_vision/lib/python3.10/site-packages:${PYTHONPATH} /usr/bin/python3 -W ignore:setup.py install is deprecated -W ignore:easy_install command is deprecated setup.py egg_info --egg-base ../build/nova_vision build --build-base /home/tasc/AN_WS-1/build/nova_vision/build install --record /home/tasc/AN_WS-1/build/nova_vision/install.log --single-version-externally-managed install_data
[4.525s] DEBUG:colcon.colcon_core.event_handler.log_command:Invoking command in '/home/tasc/AN_WS-1/src/navigation': PYTHONPATH=/home/tasc/AN_WS-1/build/navigation/prefix_override:/usr/lib/python3/dist-packages/colcon_core/task/python/colcon_distutils_commands:/home/tasc/AN_WS-1/install/navigation/lib/python3.10/site-packages:${PYTHONPATH} /usr/bin/python3 -W ignore:setup.py install is deprecated -W ignore:easy_install command is deprecated setup.py egg_info --egg-base ../../build/navigation build --build-base /home/tasc/AN_WS-1/build/navigation/build install --record /home/tasc/AN_WS-1/build/navigation/install.log --single-version-externally-managed install_data
[4.559s] DEBUG:colcon.colcon_core.event_handler.log_command:Invoking command in '/home/tasc/AN_WS-1/src/cam_stream': PYTHONPATH=/home/tasc/AN_WS-1/build/cam_stream/prefix_override:/usr/lib/python3/dist-packages/colcon_core/task/python/colcon_distutils_commands:/home/tasc/AN_WS-1/install/cam_stream/lib/python3.10/site-packages:${PYTHONPATH} /usr/bin/python3 -W ignore:setup.py install is deprecated -W ignore:easy_install command is deprecated setup.py egg_info --egg-base ../../build/cam_stream build --build-base /home/tasc/AN_WS-1/build/cam_stream/build install --record /home/tasc/AN_WS-1/build/cam_stream/install.log --single-version-externally-managed install_data
[5.210s] DEBUG:colcon.colcon_core.event_handler.log_command:Invoked command in '/home/tasc/AN_WS-1/nova_sensors' returned '0': PYTHONPATH=/home/tasc/AN_WS-1/build/nova_sensors/prefix_override:/usr/lib/python3/dist-packages/colcon_core/task/python/colcon_distutils_commands:/home/tasc/AN_WS-1/install/nova_sensors/lib/python3.10/site-packages:${PYTHONPATH} /usr/bin/python3 -W ignore:setup.py install is deprecated -W ignore:easy_install command is deprecated setup.py egg_info --egg-base ../build/nova_sensors build --build-base /home/tasc/AN_WS-1/build/nova_sensors/build install --record /home/tasc/AN_WS-1/build/nova_sensors/install.log --single-version-externally-managed install_data
[5.215s] Level 1:colcon.colcon_core.environment:checking '/home/tasc/AN_WS-1/install/nova_sensors' for CMake module files
[5.217s] Level 1:colcon.colcon_core.environment:checking '/home/tasc/AN_WS-1/install/nova_sensors' for CMake config files
[5.218s] Level 1:colcon.colcon_core.environment:checking '/home/tasc/AN_WS-1/install/nova_sensors/lib'
[5.219s] Level 1:colcon.colcon_core.environment:checking '/home/tasc/AN_WS-1/install/nova_sensors/bin'
[5.219s] Level 1:colcon.colcon_core.environment:checking '/home/tasc/AN_WS-1/install/nova_sensors/lib/pkgconfig/nova_sensors.pc'
[5.220s] Level 1:colcon.colcon_core.environment:checking '/home/tasc/AN_WS-1/install/nova_sensors/lib/python3.10/site-packages'
[5.220s] Level 1:colcon.colcon_core.shell:create_environment_hook('nova_sensors', 'pythonpath')
[5.221s] INFO:colcon.colcon_core.shell:Creating environment hook '/home/tasc/AN_WS-1/install/nova_sensors/share/nova_sensors/hook/pythonpath.ps1'
[5.222s] INFO:colcon.colcon_core.shell:Creating environment descriptor '/home/tasc/AN_WS-1/install/nova_sensors/share/nova_sensors/hook/pythonpath.dsv'
[5.223s] INFO:colcon.colcon_core.shell:Creating environment hook '/home/tasc/AN_WS-1/install/nova_sensors/share/nova_sensors/hook/pythonpath.sh'
[5.224s] Level 1:colcon.colcon_core.environment:checking '/home/tasc/AN_WS-1/install/nova_sensors/bin'
[5.225s] Level 1:colcon.colcon_core.environment:create_environment_scripts_only(nova_sensors)
[5.225s] INFO:colcon.colcon_core.shell:Creating package script '/home/tasc/AN_WS-1/install/nova_sensors/share/nova_sensors/package.ps1'
[5.229s] INFO:colcon.colcon_core.shell:Creating package descriptor '/home/tasc/AN_WS-1/install/nova_sensors/share/nova_sensors/package.dsv'
[5.232s] INFO:colcon.colcon_core.shell:Creating package script '/home/tasc/AN_WS-1/install/nova_sensors/share/nova_sensors/package.sh'
[5.235s] INFO:colcon.colcon_core.shell:Creating package script '/home/tasc/AN_WS-1/install/nova_sensors/share/nova_sensors/package.bash'
[5.238s] INFO:colcon.colcon_core.shell:Creating package script '/home/tasc/AN_WS-1/install/nova_sensors/share/nova_sensors/package.zsh'
[5.241s] Level 1:colcon.colcon_core.environment:create_file_with_runtime_dependencies(/home/tasc/AN_WS-1/install/nova_sensors/share/colcon-core/packages/nova_sensors)
[5.319s] Level 1:colcon.colcon_core.environment:checking '/home/tasc/AN_WS-1/install/navigation' for CMake module files
[5.321s] DEBUG:colcon.colcon_core.event_handler.log_command:Invoked command in '/home/tasc/AN_WS-1/src/navigation' returned '0': PYTHONPATH=/home/tasc/AN_WS-1/build/navigation/prefix_override:/usr/lib/python3/dist-packages/colcon_core/task/python/colcon_distutils_commands:/home/tasc/AN_WS-1/install/navigation/lib/python3.10/site-packages:${PYTHONPATH} /usr/bin/python3 -W ignore:setup.py install is deprecated -W ignore:easy_install command is deprecated setup.py egg_info --egg-base ../../build/navigation build --build-base /home/tasc/AN_WS-1/build/navigation/build install --record /home/tasc/AN_WS-1/build/navigation/install.log --single-version-externally-managed install_data
[5.321s] Level 1:colcon.colcon_core.environment:checking '/home/tasc/AN_WS-1/install/navigation' for CMake config files
[5.323s] Level 1:colcon.colcon_core.environment:checking '/home/tasc/AN_WS-1/install/navigation/lib'
[5.323s] Level 1:colcon.colcon_core.environment:checking '/home/tasc/AN_WS-1/install/navigation/bin'
[5.324s] Level 1:colcon.colcon_core.environment:checking '/home/tasc/AN_WS-1/install/navigation/lib/pkgconfig/navigation.pc'
[5.324s] Level 1:colcon.colcon_core.environment:checking '/home/tasc/AN_WS-1/install/navigation/lib/python3.10/site-packages'
[5.324s] Level 1:colcon.colcon_core.shell:create_environment_hook('navigation', 'pythonpath')
[5.325s] INFO:colcon.colcon_core.shell:Creating environment hook '/home/tasc/AN_WS-1/install/navigation/share/navigation/hook/pythonpath.ps1'
[5.326s] INFO:colcon.colcon_core.shell:Creating environment descriptor '/home/tasc/AN_WS-1/install/navigation/share/navigation/hook/pythonpath.dsv'
[5.327s] INFO:colcon.colcon_core.shell:Creating environment hook '/home/tasc/AN_WS-1/install/navigation/share/navigation/hook/pythonpath.sh'
[5.329s] Level 1:colcon.colcon_core.environment:checking '/home/tasc/AN_WS-1/install/navigation/bin'
[5.329s] Level 1:colcon.colcon_core.environment:create_environment_scripts_only(navigation)
[5.330s] INFO:colcon.colcon_core.shell:Creating package script '/home/tasc/AN_WS-1/install/navigation/share/navigation/package.ps1'
[5.331s] INFO:colcon.colcon_core.shell:Creating package descriptor '/home/tasc/AN_WS-1/install/navigation/share/navigation/package.dsv'
[5.333s] INFO:colcon.colcon_core.shell:Creating package script '/home/tasc/AN_WS-1/install/navigation/share/navigation/package.sh'
[5.334s] INFO:colcon.colcon_core.shell:Creating package script '/home/tasc/AN_WS-1/install/navigation/share/navigation/package.bash'
[5.335s] INFO:colcon.colcon_core.shell:Creating package script '/home/tasc/AN_WS-1/install/navigation/share/navigation/package.zsh'
[5.336s] Level 1:colcon.colcon_core.environment:create_file_with_runtime_dependencies(/home/tasc/AN_WS-1/install/navigation/share/colcon-core/packages/navigation)
[5.342s] Level 1:colcon.colcon_core.environment:checking '/home/tasc/AN_WS-1/install/cam_stream' for CMake module files
[5.345s] DEBUG:colcon.colcon_core.event_handler.log_command:Invoked command in '/home/tasc/AN_WS-1/src/cam_stream' returned '0': PYTHONPATH=/home/tasc/AN_WS-1/build/cam_stream/prefix_override:/usr/lib/python3/dist-packages/colcon_core/task/python/colcon_distutils_commands:/home/tasc/AN_WS-1/install/cam_stream/lib/python3.10/site-packages:${PYTHONPATH} /usr/bin/python3 -W ignore:setup.py install is deprecated -W ignore:easy_install command is deprecated setup.py egg_info --egg-base ../../build/cam_stream build --build-base /home/tasc/AN_WS-1/build/cam_stream/build install --record /home/tasc/AN_WS-1/build/cam_stream/install.log --single-version-externally-managed install_data
[5.345s] Level 1:colcon.colcon_core.environment:checking '/home/tasc/AN_WS-1/install/cam_stream' for CMake config files
[5.347s] Level 1:colcon.colcon_core.environment:checking '/home/tasc/AN_WS-1/install/cam_stream/lib'
[5.347s] Level 1:colcon.colcon_core.environment:checking '/home/tasc/AN_WS-1/install/cam_stream/bin'
[5.347s] Level 1:colcon.colcon_core.environment:checking '/home/tasc/AN_WS-1/install/cam_stream/lib/pkgconfig/cam_stream.pc'
[5.348s] Level 1:colcon.colcon_core.environment:checking '/home/tasc/AN_WS-1/install/cam_stream/lib/python3.10/site-packages'
[5.348s] Level 1:colcon.colcon_core.shell:create_environment_hook('cam_stream', 'pythonpath')
[5.349s] INFO:colcon.colcon_core.shell:Creating environment hook '/home/tasc/AN_WS-1/install/cam_stream/share/cam_stream/hook/pythonpath.ps1'
[5.350s] INFO:colcon.colcon_core.shell:Creating environment descriptor '/home/tasc/AN_WS-1/install/cam_stream/share/cam_stream/hook/pythonpath.dsv'
[5.351s] INFO:colcon.colcon_core.shell:Creating environment hook '/home/tasc/AN_WS-1/install/cam_stream/share/cam_stream/hook/pythonpath.sh'
[5.353s] Level 1:colcon.colcon_core.environment:checking '/home/tasc/AN_WS-1/install/cam_stream/bin'
[5.353s] Level 1:colcon.colcon_core.environment:create_environment_scripts_only(cam_stream)
[5.354s] INFO:colcon.colcon_core.shell:Creating package script '/home/tasc/AN_WS-1/install/cam_stream/share/cam_stream/package.ps1'
[5.355s] INFO:colcon.colcon_core.shell:Creating package descriptor '/home/tasc/AN_WS-1/install/cam_stream/share/cam_stream/package.dsv'
[5.357s] INFO:colcon.colcon_core.shell:Creating package script '/home/tasc/AN_WS-1/install/cam_stream/share/cam_stream/package.sh'
[5.358s] INFO:colcon.colcon_core.shell:Creating package script '/home/tasc/AN_WS-1/install/cam_stream/share/cam_stream/package.bash'
[5.359s] INFO:colcon.colcon_core.shell:Creating package script '/home/tasc/AN_WS-1/install/cam_stream/share/cam_stream/package.zsh'
[5.360s] Level 1:colcon.colcon_core.environment:create_file_with_runtime_dependencies(/home/tasc/AN_WS-1/install/cam_stream/share/colcon-core/packages/cam_stream)
[5.364s] Level 1:colcon.colcon_core.environment:checking '/home/tasc/AN_WS-1/install/nova_vision' for CMake module files
[5.366s] DEBUG:colcon.colcon_core.event_handler.log_command:Invoked command in '/home/tasc/AN_WS-1/nova_vision' returned '0': PYTHONPATH=/home/tasc/AN_WS-1/build/nova_vision/prefix_override:/usr/lib/python3/dist-packages/colcon_core/task/python/colcon_distutils_commands:/home/tasc/AN_WS-1/install/nova_vision/lib/python3.10/site-packages:${PYTHONPATH} /usr/bin/python3 -W ignore:setup.py install is deprecated -W ignore:easy_install command is deprecated setup.py egg_info --egg-base ../build/nova_vision build --build-base /home/tasc/AN_WS-1/build/nova_vision/build install --record /home/tasc/AN_WS-1/build/nova_vision/install.log --single-version-externally-managed install_data
[5.367s] Level 1:colcon.colcon_core.environment:checking '/home/tasc/AN_WS-1/install/nova_vision' for CMake config files
[5.370s] Level 1:colcon.colcon_core.environment:checking '/home/tasc/AN_WS-1/install/nova_vision/lib'
[5.370s] Level 1:colcon.colcon_core.environment:checking '/home/tasc/AN_WS-1/install/nova_vision/bin'
[5.370s] Level 1:colcon.colcon_core.environment:checking '/home/tasc/AN_WS-1/install/nova_vision/lib/pkgconfig/nova_vision.pc'
[5.371s] Level 1:colcon.colcon_core.environment:checking '/home/tasc/AN_WS-1/install/nova_vision/lib/python3.10/site-packages'
[5.371s] Level 1:colcon.colcon_core.shell:create_environment_hook('nova_vision', 'pythonpath')
[5.372s] INFO:colcon.colcon_core.shell:Creating environment hook '/home/tasc/AN_WS-1/install/nova_vision/share/nova_vision/hook/pythonpath.ps1'
[5.374s] INFO:colcon.colcon_core.shell:Creating environment descriptor '/home/tasc/AN_WS-1/install/nova_vision/share/nova_vision/hook/pythonpath.dsv'
[5.375s] INFO:colcon.colcon_core.shell:Creating environment hook '/home/tasc/AN_WS-1/install/nova_vision/share/nova_vision/hook/pythonpath.sh'
[5.377s] Level 1:colcon.colcon_core.environment:checking '/home/tasc/AN_WS-1/install/nova_vision/bin'
[5.377s] Level 1:colcon.colcon_core.environment:create_environment_scripts_only(nova_vision)
[5.378s] INFO:colcon.colcon_core.shell:Creating package script '/home/tasc/AN_WS-1/install/nova_vision/share/nova_vision/package.ps1'
[5.380s] INFO:colcon.colcon_core.shell:Creating package descriptor '/home/tasc/AN_WS-1/install/nova_vision/share/nova_vision/package.dsv'
[5.381s] INFO:colcon.colcon_core.shell:Creating package script '/home/tasc/AN_WS-1/install/nova_vision/share/nova_vision/package.sh'
[5.382s] INFO:colcon.colcon_core.shell:Creating package script '/home/tasc/AN_WS-1/install/nova_vision/share/nova_vision/package.bash'
[5.383s] INFO:colcon.colcon_core.shell:Creating package script '/home/tasc/AN_WS-1/install/nova_vision/share/nova_vision/package.zsh'
[5.384s] Level 1:colcon.colcon_core.environment:create_file_with_runtime_dependencies(/home/tasc/AN_WS-1/install/nova_vision/share/colcon-core/packages/nova_vision)
[5.385s] DEBUG:colcon.colcon_parallel_executor.executor.parallel:closing loop
[5.386s] DEBUG:colcon.colcon_parallel_executor.executor.parallel:loop closed
[5.386s] DEBUG:colcon.colcon_parallel_executor.executor.parallel:run_until_complete finished with '0'
[5.387s] DEBUG:colcon.colcon_core.event_reactor:joining thread
[5.406s] INFO:colcon.colcon_core.plugin_system:Skipping extension 'colcon_notification.desktop_notification.terminal_notifier': Not used on non-Darwin systems
[5.407s] INFO:colcon.colcon_core.plugin_system:Skipping extension 'colcon_notification.desktop_notification.win32': Not used on non-Windows systems
[5.408s] INFO:colcon.colcon_notification.desktop_notification:Sending desktop notification using 'notify2'
[5.440s] DEBUG:colcon.colcon_core.event_reactor:joined thread
[5.442s] INFO:colcon.colcon_core.shell:Creating prefix script '/home/tasc/AN_WS-1/install/local_setup.ps1'
[5.444s] INFO:colcon.colcon_core.shell:Creating prefix util module '/home/tasc/AN_WS-1/install/_local_setup_util_ps1.py'
[5.448s] INFO:colcon.colcon_core.shell:Creating prefix chain script '/home/tasc/AN_WS-1/install/setup.ps1'
[5.452s] INFO:colcon.colcon_core.shell:Creating prefix script '/home/tasc/AN_WS-1/install/local_setup.sh'
[5.453s] INFO:colcon.colcon_core.shell:Creating prefix util module '/home/tasc/AN_WS-1/install/_local_setup_util_sh.py'
[5.455s] INFO:colcon.colcon_core.shell:Creating prefix chain script '/home/tasc/AN_WS-1/install/setup.sh'
[5.458s] INFO:colcon.colcon_core.shell:Creating prefix script '/home/tasc/AN_WS-1/install/local_setup.bash'
[5.459s] INFO:colcon.colcon_core.shell:Creating prefix chain script '/home/tasc/AN_WS-1/install/setup.bash'
[5.463s] INFO:colcon.colcon_core.shell:Creating prefix script '/home/tasc/AN_WS-1/install/local_setup.zsh'
[5.464s] INFO:colcon.colcon_core.shell:Creating prefix chain script '/home/tasc/AN_WS-1/install/setup.zsh'
