[2.696s] Invoking command in '/home/TASC/AN_WS/src/cam_stream': PYTHONPATH=/home/TASC/AN_WS/build/cam_stream/prefix_override:/usr/lib/python3/dist-packages/colcon_core/task/python/colcon_distutils_commands:/home/TASC/AN_WS/install/cam_stream/lib/python3.10/site-packages:${PYTHONPATH} /usr/bin/python3 -W ignore:setup.py install is deprecated -W ignore:easy_install command is deprecated setup.py egg_info --egg-base ../../build/cam_stream build --build-base /home/TASC/AN_WS/build/cam_stream/build install --record /home/TASC/AN_WS/build/cam_stream/install.log --single-version-externally-managed install_data
[3.303s] running egg_info
[3.315s] writing ../../build/cam_stream/cam_stream.egg-info/PKG-INFO
[3.320s] writing dependency_links to ../../build/cam_stream/cam_stream.egg-info/dependency_links.txt
[3.327s] writing entry points to ../../build/cam_stream/cam_stream.egg-info/entry_points.txt
[3.331s] writing requirements to ../../build/cam_stream/cam_stream.egg-info/requires.txt
[3.334s] writing top-level names to ../../build/cam_stream/cam_stream.egg-info/top_level.txt
[3.344s] reading manifest file '../../build/cam_stream/cam_stream.egg-info/SOURCES.txt'
[3.352s] writing manifest file '../../build/cam_stream/cam_stream.egg-info/SOURCES.txt'
[3.355s] running build
[3.357s] running build_py
[3.357s] running install
[3.361s] running install_lib
[3.377s] running install_data
[3.377s] running install_egg_info
[3.385s] removing '/home/TASC/AN_WS/install/cam_stream/lib/python3.10/site-packages/cam_stream-0.0.0-py3.10.egg-info' (and everything under it)
[3.427s] Copying ../../build/cam_stream/cam_stream.egg-info to /home/TASC/AN_WS/install/cam_stream/lib/python3.10/site-packages/cam_stream-0.0.0-py3.10.egg-info
[3.451s] running install_scripts
[3.566s] Installing multi_camera_publisher script to /home/TASC/AN_WS/install/cam_stream/lib/cam_stream
[3.583s] Installing multi_camera_subscriber script to /home/TASC/AN_WS/install/cam_stream/lib/cam_stream
[3.583s] writing list of installed files to '/home/TASC/AN_WS/build/cam_stream/install.log'
[3.782s] Invoked command in '/home/TASC/AN_WS/src/cam_stream' returned '0': PYTHONPATH=/home/TASC/AN_WS/build/cam_stream/prefix_override:/usr/lib/python3/dist-packages/colcon_core/task/python/colcon_distutils_commands:/home/TASC/AN_WS/install/cam_stream/lib/python3.10/site-packages:${PYTHONPATH} /usr/bin/python3 -W ignore:setup.py install is deprecated -W ignore:easy_install command is deprecated setup.py egg_info --egg-base ../../build/cam_stream build --build-base /home/TASC/AN_WS/build/cam_stream/build install --record /home/TASC/AN_WS/build/cam_stream/install.log --single-version-externally-managed install_data
