[3.548s] Invoking command in '/home/tasc/AN_WS-1/nova_sensors': PYTHONPATH=/home/tasc/AN_WS-1/build/nova_sensors/prefix_override:/usr/lib/python3/dist-packages/colcon_core/task/python/colcon_distutils_commands:/home/tasc/AN_WS-1/install/nova_sensors/lib/python3.10/site-packages:${PYTHONPATH} /usr/bin/python3 -W ignore:setup.py install is deprecated -W ignore:easy_install command is deprecated setup.py egg_info --egg-base ../build/nova_sensors build --build-base /home/tasc/AN_WS-1/build/nova_sensors/build install --record /home/tasc/AN_WS-1/build/nova_sensors/install.log --single-version-externally-managed install_data
[4.217s] running egg_info
[4.219s] writing ../build/nova_sensors/nova_sensors.egg-info/PKG-INFO
[4.220s] writing dependency_links to ../build/nova_sensors/nova_sensors.egg-info/dependency_links.txt
[4.220s] writing entry points to ../build/nova_sensors/nova_sensors.egg-info/entry_points.txt
[4.223s] writing requirements to ../build/nova_sensors/nova_sensors.egg-info/requires.txt
[4.227s] writing top-level names to ../build/nova_sensors/nova_sensors.egg-info/top_level.txt
[4.227s] reading manifest file '../build/nova_sensors/nova_sensors.egg-info/SOURCES.txt'
[4.232s] writing manifest file '../build/nova_sensors/nova_sensors.egg-info/SOURCES.txt'
[4.234s] running build
[4.234s] running build_py
[4.235s] running install
[4.236s] running install_lib
[4.241s] running install_data
[4.241s] running install_egg_info
[4.242s] removing '/home/tasc/AN_WS-1/install/nova_sensors/lib/python3.10/site-packages/nova_sensors-0.0.0-py3.10.egg-info' (and everything under it)
[4.244s] Copying ../build/nova_sensors/nova_sensors.egg-info to /home/tasc/AN_WS-1/install/nova_sensors/lib/python3.10/site-packages/nova_sensors-0.0.0-py3.10.egg-info
[4.247s] running install_scripts
[4.320s] Installing gps_node = nova_sensors.gps_node:mainimu_node script to /home/tasc/AN_WS-1/install/nova_sensors/lib/nova_sensors
[4.320s] writing list of installed files to '/home/tasc/AN_WS-1/build/nova_sensors/install.log'
[4.417s] Invoked command in '/home/tasc/AN_WS-1/nova_sensors' returned '0': PYTHONPATH=/home/tasc/AN_WS-1/build/nova_sensors/prefix_override:/usr/lib/python3/dist-packages/colcon_core/task/python/colcon_distutils_commands:/home/tasc/AN_WS-1/install/nova_sensors/lib/python3.10/site-packages:${PYTHONPATH} /usr/bin/python3 -W ignore:setup.py install is deprecated -W ignore:easy_install command is deprecated setup.py egg_info --egg-base ../build/nova_sensors build --build-base /home/tasc/AN_WS-1/build/nova_sensors/build install --record /home/tasc/AN_WS-1/build/nova_sensors/install.log --single-version-externally-managed install_data
