[2.991s] Invoking command in '/home/moon/AN_WS/nova_vision': PYTHONPATH=/home/moon/AN_WS/build/nova_vision/prefix_override:/usr/lib/python3/dist-packages/colcon_core/task/python/colcon_distutils_commands:/home/moon/AN_WS/install/nova_vision/lib/python3.10/site-packages:${PYTHONPATH} /usr/bin/python3 -W ignore:setup.py install is deprecated -W ignore:easy_install command is deprecated setup.py egg_info --egg-base ../build/nova_vision build --build-base /home/moon/AN_WS/build/nova_vision/build install --record /home/moon/AN_WS/build/nova_vision/install.log --single-version-externally-managed install_data
[3.579s] running egg_info
[3.581s] writing ../build/nova_vision/nova_vision.egg-info/PKG-INFO
[3.582s] writing dependency_links to ../build/nova_vision/nova_vision.egg-info/dependency_links.txt
[3.583s] writing entry points to ../build/nova_vision/nova_vision.egg-info/entry_points.txt
[3.584s] writing requirements to ../build/nova_vision/nova_vision.egg-info/requires.txt
[3.584s] writing top-level names to ../build/nova_vision/nova_vision.egg-info/top_level.txt
[3.588s] reading manifest file '../build/nova_vision/nova_vision.egg-info/SOURCES.txt'
[3.590s] adding license file 'LICENSE'
[3.591s] writing manifest file '../build/nova_vision/nova_vision.egg-info/SOURCES.txt'
[3.591s] running build
[3.591s] running build_py
[3.593s] running install
[3.593s] running install_lib
[3.598s] running install_data
[3.599s] running install_egg_info
[3.603s] removing '/home/moon/AN_WS/install/nova_vision/lib/python3.10/site-packages/nova_vision-0.0.0-py3.10.egg-info' (and everything under it)
[3.604s] Copying ../build/nova_vision/nova_vision.egg-info to /home/moon/AN_WS/install/nova_vision/lib/python3.10/site-packages/nova_vision-0.0.0-py3.10.egg-info
[3.606s] running install_scripts
[3.643s] Installing aruco_detect script to /home/moon/AN_WS/install/nova_vision/lib/nova_vision
[3.643s] Installing camera_publisher script to /home/moon/AN_WS/install/nova_vision/lib/nova_vision
[3.643s] Installing camera_subscriber script to /home/moon/AN_WS/install/nova_vision/lib/nova_vision
[3.643s] Installing gps_aruco script to /home/moon/AN_WS/install/nova_vision/lib/nova_vision
[3.649s] Installing gps_display script to /home/moon/AN_WS/install/nova_vision/lib/nova_vision
[3.650s] Installing gps_node script to /home/moon/AN_WS/install/nova_vision/lib/nova_vision
[3.650s] Installing multi_camera_publisher script to /home/moon/AN_WS/install/nova_vision/lib/nova_vision
[3.650s] Installing object_tracker script to /home/moon/AN_WS/install/nova_vision/lib/nova_vision
[3.653s] writing list of installed files to '/home/moon/AN_WS/build/nova_vision/install.log'
[3.701s] Invoked command in '/home/moon/AN_WS/nova_vision' returned '0': PYTHONPATH=/home/moon/AN_WS/build/nova_vision/prefix_override:/usr/lib/python3/dist-packages/colcon_core/task/python/colcon_distutils_commands:/home/moon/AN_WS/install/nova_vision/lib/python3.10/site-packages:${PYTHONPATH} /usr/bin/python3 -W ignore:setup.py install is deprecated -W ignore:easy_install command is deprecated setup.py egg_info --egg-base ../build/nova_vision build --build-base /home/moon/AN_WS/build/nova_vision/build install --record /home/moon/AN_WS/build/nova_vision/install.log --single-version-externally-managed install_data
