[7.031s] Invoking command in '/home/moon/AN_WS/src/navigation': PYTHONPATH=/home/moon/AN_WS/build/navigation/prefix_override:/usr/lib/python3/dist-packages/colcon_core/task/python/colcon_distutils_commands:/home/moon/AN_WS/install/navigation/lib/python3.10/site-packages:${PYTHONPATH} /usr/bin/python3 -W ignore:setup.py install is deprecated -W ignore:easy_install command is deprecated setup.py egg_info --egg-base ../../build/navigation build --build-base /home/moon/AN_WS/build/navigation/build install --record /home/moon/AN_WS/build/navigation/install.log --single-version-externally-managed install_data
[8.627s] running egg_info
[8.627s] writing ../../build/navigation/navigation.egg-info/PKG-INFO
[8.628s] writing dependency_links to ../../build/navigation/navigation.egg-info/dependency_links.txt
[8.628s] writing entry points to ../../build/navigation/navigation.egg-info/entry_points.txt
[8.629s] writing requirements to ../../build/navigation/navigation.egg-info/requires.txt
[8.639s] writing top-level names to ../../build/navigation/navigation.egg-info/top_level.txt
[8.658s] reading manifest file '../../build/navigation/navigation.egg-info/SOURCES.txt'
[8.672s] adding license file 'LICENSE'
[8.672s] writing manifest file '../../build/navigation/navigation.egg-info/SOURCES.txt'
[8.673s] running build
[8.673s] running build_py
[8.680s] running install
[8.680s] running install_lib
[8.699s] running install_data
[8.699s] running install_egg_info
[8.718s] removing '/home/moon/AN_WS/install/navigation/lib/python3.10/site-packages/navigation-0.0.0-py3.10.egg-info' (and everything under it)
[8.731s] Copying ../../build/navigation/navigation.egg-info to /home/moon/AN_WS/install/navigation/lib/python3.10/site-packages/navigation-0.0.0-py3.10.egg-info
[8.742s] running install_scripts
[8.839s] Installing aruco_marker_publisher script to /home/moon/AN_WS/install/navigation/lib/navigation
[8.840s] Installing camera_publisher script to /home/moon/AN_WS/install/navigation/lib/navigation
[8.840s] Installing camera_subscriber script to /home/moon/AN_WS/install/navigation/lib/navigation
[8.840s] Installing combined_gps_aruco script to /home/moon/AN_WS/install/navigation/lib/navigation
[8.847s] Installing gps_display script to /home/moon/AN_WS/install/navigation/lib/navigation
[8.850s] Installing gps_node script to /home/moon/AN_WS/install/navigation/lib/navigation
[8.851s] Installing gst_pub script to /home/moon/AN_WS/install/navigation/lib/navigation
[8.863s] Installing multi_camera_publisher script to /home/moon/AN_WS/install/navigation/lib/navigation
[8.867s] Installing multi_camera_publisher_gst script to /home/moon/AN_WS/install/navigation/lib/navigation
[8.867s] Installing multi_camera_subscriber_gst script to /home/moon/AN_WS/install/navigation/lib/navigation
[8.867s] writing list of installed files to '/home/moon/AN_WS/build/navigation/install.log'
[8.977s] Invoked command in '/home/moon/AN_WS/src/navigation' returned '0': PYTHONPATH=/home/moon/AN_WS/build/navigation/prefix_override:/usr/lib/python3/dist-packages/colcon_core/task/python/colcon_distutils_commands:/home/moon/AN_WS/install/navigation/lib/python3.10/site-packages:${PYTHONPATH} /usr/bin/python3 -W ignore:setup.py install is deprecated -W ignore:easy_install command is deprecated setup.py egg_info --egg-base ../../build/navigation build --build-base /home/moon/AN_WS/build/navigation/build install --record /home/moon/AN_WS/build/navigation/install.log --single-version-externally-managed install_data
