[3.815s] Invoking command in '/home/tasc/AN_WS/nova_vision': PYTHONPATH=/home/tasc/AN_WS/build/nova_vision/prefix_override:/usr/lib/python3/dist-packages/colcon_core/task/python/colcon_distutils_commands:/home/tasc/AN_WS/install/nova_vision/lib/python3.10/site-packages:${PYTHONPATH} /usr/bin/python3 -W ignore:setup.py install is deprecated -W ignore:easy_install command is deprecated setup.py egg_info --egg-base ../build/nova_vision build --build-base /home/tasc/AN_WS/build/nova_vision/build install --record /home/tasc/AN_WS/build/nova_vision/install.log --single-version-externally-managed install_data
[4.413s] running egg_info
[4.414s] writing ../build/nova_vision/nova_vision.egg-info/PKG-INFO
[4.414s] writing dependency_links to ../build/nova_vision/nova_vision.egg-info/dependency_links.txt
[4.415s] writing entry points to ../build/nova_vision/nova_vision.egg-info/entry_points.txt
[4.416s] writing requirements to ../build/nova_vision/nova_vision.egg-info/requires.txt
[4.416s] writing top-level names to ../build/nova_vision/nova_vision.egg-info/top_level.txt
[4.416s] reading manifest file '../build/nova_vision/nova_vision.egg-info/SOURCES.txt'
[4.416s] adding license file 'LICENSE'
[4.421s] writing manifest file '../build/nova_vision/nova_vision.egg-info/SOURCES.txt'
[4.421s] running build
[4.421s] running build_py
[4.422s] running install
[4.422s] running install_lib
[4.431s] running install_data
[4.431s] running install_egg_info
[4.432s] removing '/home/tasc/AN_WS/install/nova_vision/lib/python3.10/site-packages/nova_vision-0.0.0-py3.10.egg-info' (and everything under it)
[4.446s] Copying ../build/nova_vision/nova_vision.egg-info to /home/tasc/AN_WS/install/nova_vision/lib/python3.10/site-packages/nova_vision-0.0.0-py3.10.egg-info
[4.448s] running install_scripts
[4.476s] Installing aruco_detect script to /home/tasc/AN_WS/install/nova_vision/lib/nova_vision
[4.476s] Installing camera_publisher script to /home/tasc/AN_WS/install/nova_vision/lib/nova_vision
[4.477s] Installing camera_subscriber script to /home/tasc/AN_WS/install/nova_vision/lib/nova_vision
[4.477s] Installing gps_aruco script to /home/tasc/AN_WS/install/nova_vision/lib/nova_vision
[4.478s] Installing gps_display script to /home/tasc/AN_WS/install/nova_vision/lib/nova_vision
[4.478s] Installing gps_node script to /home/tasc/AN_WS/install/nova_vision/lib/nova_vision
[4.479s] Installing multi_camera_publisher script to /home/tasc/AN_WS/install/nova_vision/lib/nova_vision
[4.479s] Installing object_tracker script to /home/tasc/AN_WS/install/nova_vision/lib/nova_vision
[4.481s] writing list of installed files to '/home/tasc/AN_WS/build/nova_vision/install.log'
[4.622s] Invoked command in '/home/tasc/AN_WS/nova_vision' returned '0': PYTHONPATH=/home/tasc/AN_WS/build/nova_vision/prefix_override:/usr/lib/python3/dist-packages/colcon_core/task/python/colcon_distutils_commands:/home/tasc/AN_WS/install/nova_vision/lib/python3.10/site-packages:${PYTHONPATH} /usr/bin/python3 -W ignore:setup.py install is deprecated -W ignore:easy_install command is deprecated setup.py egg_info --egg-base ../build/nova_vision build --build-base /home/tasc/AN_WS/build/nova_vision/build install --record /home/tasc/AN_WS/build/nova_vision/install.log --single-version-externally-managed install_data
