[2.793s] Invoking command in '/home/TASC/AN_WS/src/navigation': PYTHONPATH=/home/TASC/AN_WS/build/navigation/prefix_override:/usr/lib/python3/dist-packages/colcon_core/task/python/colcon_distutils_commands:/home/TASC/AN_WS/install/navigation/lib/python3.10/site-packages:${PYTHONPATH} /usr/bin/python3 -W ignore:setup.py install is deprecated -W ignore:easy_install command is deprecated setup.py egg_info --egg-base ../../build/navigation build --build-base /home/TASC/AN_WS/build/navigation/build install --record /home/TASC/AN_WS/build/navigation/install.log --single-version-externally-managed install_data
[3.327s] running egg_info
[3.359s] writing ../../build/navigation/navigation.egg-info/PKG-INFO
[3.373s] writing dependency_links to ../../build/navigation/navigation.egg-info/dependency_links.txt
[3.396s] writing entry points to ../../build/navigation/navigation.egg-info/entry_points.txt
[3.396s] writing requirements to ../../build/navigation/navigation.egg-info/requires.txt
[3.408s] writing top-level names to ../../build/navigation/navigation.egg-info/top_level.txt
[3.413s] reading manifest file '../../build/navigation/navigation.egg-info/SOURCES.txt'
[3.413s] adding license file 'LICENSE'
[3.414s] writing manifest file '../../build/navigation/navigation.egg-info/SOURCES.txt'
[3.424s] running build
[3.424s] running build_py
[3.425s] running install
[3.426s] running install_lib
[3.430s] running install_data
[3.430s] running install_egg_info
[3.441s] removing '/home/TASC/AN_WS/install/navigation/lib/python3.10/site-packages/navigation-0.0.0-py3.10.egg-info' (and everything under it)
[3.485s] Copying ../../build/navigation/navigation.egg-info to /home/TASC/AN_WS/install/navigation/lib/python3.10/site-packages/navigation-0.0.0-py3.10.egg-info
[3.485s] running install_scripts
[3.557s] Installing aruco_marker_publisher script to /home/TASC/AN_WS/install/navigation/lib/navigation
[3.569s] Installing camera_publisher script to /home/TASC/AN_WS/install/navigation/lib/navigation
[3.576s] Installing camera_subscriber script to /home/TASC/AN_WS/install/navigation/lib/navigation
[3.585s] Installing combined_gps_aruco script to /home/TASC/AN_WS/install/navigation/lib/navigation
[3.588s] Installing gps_display script to /home/TASC/AN_WS/install/navigation/lib/navigation
[3.590s] Installing gps_node script to /home/TASC/AN_WS/install/navigation/lib/navigation
[3.603s] Installing gst_pub script to /home/TASC/AN_WS/install/navigation/lib/navigation
[3.603s] Installing multi_camera_publisher script to /home/TASC/AN_WS/install/navigation/lib/navigation
[3.603s] Installing multi_camera_publisher_gst script to /home/TASC/AN_WS/install/navigation/lib/navigation
[3.610s] Installing multi_camera_publisher_test script to /home/TASC/AN_WS/install/navigation/lib/navigation
[3.610s] Installing multi_camera_subscriber_gst script to /home/TASC/AN_WS/install/navigation/lib/navigation
[3.614s] writing list of installed files to '/home/TASC/AN_WS/build/navigation/install.log'
[3.814s] Invoked command in '/home/TASC/AN_WS/src/navigation' returned '0': PYTHONPATH=/home/TASC/AN_WS/build/navigation/prefix_override:/usr/lib/python3/dist-packages/colcon_core/task/python/colcon_distutils_commands:/home/TASC/AN_WS/install/navigation/lib/python3.10/site-packages:${PYTHONPATH} /usr/bin/python3 -W ignore:setup.py install is deprecated -W ignore:easy_install command is deprecated setup.py egg_info --egg-base ../../build/navigation build --build-base /home/TASC/AN_WS/build/navigation/build install --record /home/TASC/AN_WS/build/navigation/install.log --single-version-externally-managed install_data
