/home/tasc/AN_WS-1/install/navigation/lib/python3.10/site-packages/navigation/gps_display_old.py
/home/tasc/AN_WS-1/install/navigation/lib/python3.10/site-packages/navigation/gps_display.py
/home/tasc/AN_WS-1/install/navigation/lib/python3.10/site-packages/navigation/gps_node.py
/home/tasc/AN_WS-1/install/navigation/lib/python3.10/site-packages/navigation/multi_camera_publisher.py
/home/tasc/AN_WS-1/install/navigation/lib/python3.10/site-packages/navigation/gst_pub.py
/home/tasc/AN_WS-1/install/navigation/lib/python3.10/site-packages/navigation/aruco_marker_publisher.py
/home/tasc/AN_WS-1/install/navigation/lib/python3.10/site-packages/navigation/multi_camera_publisher_previous.py
/home/tasc/AN_WS-1/install/navigation/lib/python3.10/site-packages/navigation/camera_publisher.py
/home/tasc/AN_WS-1/install/navigation/lib/python3.10/site-packages/navigation/__init__.py
/home/tasc/AN_WS-1/install/navigation/lib/python3.10/site-packages/navigation/combined_gps_aruco_node.py
/home/tasc/AN_WS-1/install/navigation/lib/python3.10/site-packages/navigation/multi_camera_publisher_old.py
/home/tasc/AN_WS-1/install/navigation/lib/python3.10/site-packages/navigation/multi_camera_subscriber_gst.py
/home/tasc/AN_WS-1/install/navigation/lib/python3.10/site-packages/navigation/multi_camera_publisher_gst.py
/home/tasc/AN_WS-1/install/navigation/lib/python3.10/site-packages/navigation/camera_subscriber.py
/home/tasc/AN_WS-1/install/navigation/lib/python3.10/site-packages/navigation/__pycache__/gps_display_old.cpython-310.pyc
/home/tasc/AN_WS-1/install/navigation/lib/python3.10/site-packages/navigation/__pycache__/gps_display.cpython-310.pyc
/home/tasc/AN_WS-1/install/navigation/lib/python3.10/site-packages/navigation/__pycache__/gps_node.cpython-310.pyc
/home/tasc/AN_WS-1/install/navigation/lib/python3.10/site-packages/navigation/__pycache__/multi_camera_publisher.cpython-310.pyc
/home/tasc/AN_WS-1/install/navigation/lib/python3.10/site-packages/navigation/__pycache__/gst_pub.cpython-310.pyc
/home/tasc/AN_WS-1/install/navigation/lib/python3.10/site-packages/navigation/__pycache__/aruco_marker_publisher.cpython-310.pyc
/home/tasc/AN_WS-1/install/navigation/lib/python3.10/site-packages/navigation/__pycache__/multi_camera_publisher_previous.cpython-310.pyc
/home/tasc/AN_WS-1/install/navigation/lib/python3.10/site-packages/navigation/__pycache__/camera_publisher.cpython-310.pyc
/home/tasc/AN_WS-1/install/navigation/lib/python3.10/site-packages/navigation/__pycache__/__init__.cpython-310.pyc
/home/tasc/AN_WS-1/install/navigation/lib/python3.10/site-packages/navigation/__pycache__/combined_gps_aruco_node.cpython-310.pyc
/home/tasc/AN_WS-1/install/navigation/lib/python3.10/site-packages/navigation/__pycache__/multi_camera_publisher_old.cpython-310.pyc
/home/tasc/AN_WS-1/install/navigation/lib/python3.10/site-packages/navigation/__pycache__/multi_camera_subscriber_gst.cpython-310.pyc
/home/tasc/AN_WS-1/install/navigation/lib/python3.10/site-packages/navigation/__pycache__/multi_camera_publisher_gst.cpython-310.pyc
/home/tasc/AN_WS-1/install/navigation/lib/python3.10/site-packages/navigation/__pycache__/camera_subscriber.cpython-310.pyc
/home/tasc/AN_WS-1/install/navigation/share/ament_index/resource_index/packages/navigation
/home/tasc/AN_WS-1/install/navigation/share/navigation/package.xml
/home/tasc/AN_WS-1/install/navigation/share/navigation/launch/multi_cameras.launch.py
/home/tasc/AN_WS-1/install/navigation/share/navigation/launch/gps_cameras.launch.py
/home/tasc/AN_WS-1/install/navigation/lib/python3.10/site-packages/navigation-0.0.0-py3.10.egg-info/top_level.txt
/home/tasc/AN_WS-1/install/navigation/lib/python3.10/site-packages/navigation-0.0.0-py3.10.egg-info/zip-safe
/home/tasc/AN_WS-1/install/navigation/lib/python3.10/site-packages/navigation-0.0.0-py3.10.egg-info/PKG-INFO
/home/tasc/AN_WS-1/install/navigation/lib/python3.10/site-packages/navigation-0.0.0-py3.10.egg-info/entry_points.txt
/home/tasc/AN_WS-1/install/navigation/lib/python3.10/site-packages/navigation-0.0.0-py3.10.egg-info/requires.txt
/home/tasc/AN_WS-1/install/navigation/lib/python3.10/site-packages/navigation-0.0.0-py3.10.egg-info/SOURCES.txt
/home/tasc/AN_WS-1/install/navigation/lib/python3.10/site-packages/navigation-0.0.0-py3.10.egg-info/dependency_links.txt
/home/tasc/AN_WS-1/install/navigation/lib/navigation/aruco_marker_publisher
/home/tasc/AN_WS-1/install/navigation/lib/navigation/camera_publisher
/home/tasc/AN_WS-1/install/navigation/lib/navigation/camera_subscriber
/home/tasc/AN_WS-1/install/navigation/lib/navigation/combined_gps_aruco
/home/tasc/AN_WS-1/install/navigation/lib/navigation/gps_display
/home/tasc/AN_WS-1/install/navigation/lib/navigation/gps_node
/home/tasc/AN_WS-1/install/navigation/lib/navigation/gst_pub
/home/tasc/AN_WS-1/install/navigation/lib/navigation/multi_camera_publisher
/home/tasc/AN_WS-1/install/navigation/lib/navigation/multi_camera_publisher_gst
/home/tasc/AN_WS-1/install/navigation/lib/navigation/multi_camera_subscriber_gst
