[3.862s] Invoking command in '/home/tasc/AN_WS/src/cams': PYTHONPATH=/home/tasc/AN_WS/build/cams/prefix_override:/usr/lib/python3/dist-packages/colcon_core/task/python/colcon_distutils_commands:/home/tasc/AN_WS/install/cams/lib/python3.10/site-packages:${PYTHONPATH} /usr/bin/python3 -W ignore:setup.py install is deprecated -W ignore:easy_install command is deprecated setup.py egg_info --egg-base ../../build/cams build --build-base /home/tasc/AN_WS/build/cams/build install --record /home/tasc/AN_WS/build/cams/install.log --single-version-externally-managed install_data
[4.455s] running egg_info
[4.462s] writing ../../build/cams/cams.egg-info/PKG-INFO
[4.462s] writing dependency_links to ../../build/cams/cams.egg-info/dependency_links.txt
[4.463s] writing entry points to ../../build/cams/cams.egg-info/entry_points.txt
[4.463s] writing requirements to ../../build/cams/cams.egg-info/requires.txt
[4.463s] writing top-level names to ../../build/cams/cams.egg-info/top_level.txt
[4.464s] reading manifest file '../../build/cams/cams.egg-info/SOURCES.txt'
[4.464s] adding license file 'LICENSE'
[4.465s] writing manifest file '../../build/cams/cams.egg-info/SOURCES.txt'
[4.465s] running build
[4.465s] running build_py
[4.465s] running install
[4.473s] running install_lib
[4.478s] running install_data
[4.479s] running install_egg_info
[4.485s] removing '/home/tasc/AN_WS/install/cams/lib/python3.10/site-packages/cams-0.0.0-py3.10.egg-info' (and everything under it)
[4.485s] Copying ../../build/cams/cams.egg-info to /home/tasc/AN_WS/install/cams/lib/python3.10/site-packages/cams-0.0.0-py3.10.egg-info
[4.486s] running install_scripts
[4.520s] Installing multi_camera_publisher script to /home/tasc/AN_WS/install/cams/lib/cams
[4.520s] Installing multi_camera_subscriber script to /home/tasc/AN_WS/install/cams/lib/cams
[4.521s] writing list of installed files to '/home/tasc/AN_WS/build/cams/install.log'
[4.631s] Invoked command in '/home/tasc/AN_WS/src/cams' returned '0': PYTHONPATH=/home/tasc/AN_WS/build/cams/prefix_override:/usr/lib/python3/dist-packages/colcon_core/task/python/colcon_distutils_commands:/home/tasc/AN_WS/install/cams/lib/python3.10/site-packages:${PYTHONPATH} /usr/bin/python3 -W ignore:setup.py install is deprecated -W ignore:easy_install command is deprecated setup.py egg_info --egg-base ../../build/cams build --build-base /home/tasc/AN_WS/build/cams/build install --record /home/tasc/AN_WS/build/cams/install.log --single-version-externally-managed install_data
