[3.622s] Invoking command in '/home/tasc/AN_WS-1/src/cam_stream': PYTHONPATH=/home/tasc/AN_WS-1/build/cam_stream/prefix_override:/usr/lib/python3/dist-packages/colcon_core/task/python/colcon_distutils_commands:/home/tasc/AN_WS-1/install/cam_stream/lib/python3.10/site-packages:${PYTHONPATH} /usr/bin/python3 -W ignore:setup.py install is deprecated -W ignore:easy_install command is deprecated setup.py egg_info --egg-base ../../build/cam_stream build --build-base /home/tasc/AN_WS-1/build/cam_stream/build install --record /home/tasc/AN_WS-1/build/cam_stream/install.log --single-version-externally-managed install_data
[4.204s] running egg_info
[4.210s] writing ../../build/cam_stream/cam_stream.egg-info/PKG-INFO
[4.210s] writing dependency_links to ../../build/cam_stream/cam_stream.egg-info/dependency_links.txt
[4.211s] writing entry points to ../../build/cam_stream/cam_stream.egg-info/entry_points.txt
[4.211s] writing requirements to ../../build/cam_stream/cam_stream.egg-info/requires.txt
[4.212s] writing top-level names to ../../build/cam_stream/cam_stream.egg-info/top_level.txt
[4.212s] reading manifest file '../../build/cam_stream/cam_stream.egg-info/SOURCES.txt'
[4.214s] writing manifest file '../../build/cam_stream/cam_stream.egg-info/SOURCES.txt'
[4.214s] running build
[4.214s] running build_py
[4.215s] running install
[4.217s] running install_lib
[4.221s] running install_data
[4.221s] running install_egg_info
[4.228s] removing '/home/tasc/AN_WS-1/install/cam_stream/lib/python3.10/site-packages/cam_stream-0.0.0-py3.10.egg-info' (and everything under it)
[4.229s] Copying ../../build/cam_stream/cam_stream.egg-info to /home/tasc/AN_WS-1/install/cam_stream/lib/python3.10/site-packages/cam_stream-0.0.0-py3.10.egg-info
[4.231s] running install_scripts
[4.282s] Installing multi_cam_gps_aruco = cam_stream.multi_camera_subscriber:maingps_node script to /home/tasc/AN_WS-1/install/cam_stream/lib/cam_stream
[4.283s] Installing multi_camera_publisher script to /home/tasc/AN_WS-1/install/cam_stream/lib/cam_stream
[4.283s] Installing multi_camera_subscriber script to /home/tasc/AN_WS-1/install/cam_stream/lib/cam_stream
[4.284s] writing list of installed files to '/home/tasc/AN_WS-1/build/cam_stream/install.log'
[4.407s] Invoked command in '/home/tasc/AN_WS-1/src/cam_stream' returned '0': PYTHONPATH=/home/tasc/AN_WS-1/build/cam_stream/prefix_override:/usr/lib/python3/dist-packages/colcon_core/task/python/colcon_distutils_commands:/home/tasc/AN_WS-1/install/cam_stream/lib/python3.10/site-packages:${PYTHONPATH} /usr/bin/python3 -W ignore:setup.py install is deprecated -W ignore:easy_install command is deprecated setup.py egg_info --egg-base ../../build/cam_stream build --build-base /home/tasc/AN_WS-1/build/cam_stream/build install --record /home/tasc/AN_WS-1/build/cam_stream/install.log --single-version-externally-managed install_data
