/home/TASC/AN_WS/install/nova_vision/lib/python3.10/site-packages/nova_vision/camera_publisher.py
/home/TASC/AN_WS/install/nova_vision/lib/python3.10/site-packages/nova_vision/advanced_line_follower.py
/home/TASC/AN_WS/install/nova_vision/lib/python3.10/site-packages/nova_vision/object_tracker.py
/home/TASC/AN_WS/install/nova_vision/lib/python3.10/site-packages/nova_vision/line_follower.py
/home/TASC/AN_WS/install/nova_vision/lib/python3.10/site-packages/nova_vision/aruco_detect.py
/home/TASC/AN_WS/install/nova_vision/lib/python3.10/site-packages/nova_vision/multi_camera_publisher.py
/home/TASC/AN_WS/install/nova_vision/lib/python3.10/site-packages/nova_vision/gps_node.py
/home/TASC/AN_WS/install/nova_vision/lib/python3.10/site-packages/nova_vision/__init__.py
/home/TASC/AN_WS/install/nova_vision/lib/python3.10/site-packages/nova_vision/gps_display.py
/home/TASC/AN_WS/install/nova_vision/lib/python3.10/site-packages/nova_vision/gps_aruco.py
/home/TASC/AN_WS/install/nova_vision/lib/python3.10/site-packages/nova_vision/camera_subscriber.py
/home/TASC/AN_WS/install/nova_vision/lib/python3.10/site-packages/nova_vision/__pycache__/camera_publisher.cpython-310.pyc
/home/TASC/AN_WS/install/nova_vision/lib/python3.10/site-packages/nova_vision/__pycache__/advanced_line_follower.cpython-310.pyc
/home/TASC/AN_WS/install/nova_vision/lib/python3.10/site-packages/nova_vision/__pycache__/object_tracker.cpython-310.pyc
/home/TASC/AN_WS/install/nova_vision/lib/python3.10/site-packages/nova_vision/__pycache__/line_follower.cpython-310.pyc
/home/TASC/AN_WS/install/nova_vision/lib/python3.10/site-packages/nova_vision/__pycache__/aruco_detect.cpython-310.pyc
/home/TASC/AN_WS/install/nova_vision/lib/python3.10/site-packages/nova_vision/__pycache__/multi_camera_publisher.cpython-310.pyc
/home/TASC/AN_WS/install/nova_vision/lib/python3.10/site-packages/nova_vision/__pycache__/gps_node.cpython-310.pyc
/home/TASC/AN_WS/install/nova_vision/lib/python3.10/site-packages/nova_vision/__pycache__/__init__.cpython-310.pyc
/home/TASC/AN_WS/install/nova_vision/lib/python3.10/site-packages/nova_vision/__pycache__/gps_display.cpython-310.pyc
/home/TASC/AN_WS/install/nova_vision/lib/python3.10/site-packages/nova_vision/__pycache__/gps_aruco.cpython-310.pyc
/home/TASC/AN_WS/install/nova_vision/lib/python3.10/site-packages/nova_vision/__pycache__/camera_subscriber.cpython-310.pyc
/home/TASC/AN_WS/install/nova_vision/share/ament_index/resource_index/packages/nova_vision
/home/TASC/AN_WS/install/nova_vision/share/nova_vision/package.xml
/home/TASC/AN_WS/install/nova_vision/share/nova_vision/launch/dual_cameras.launch.py
/home/TASC/AN_WS/install/nova_vision/share/nova_vision/launch/gps_cameras.launch.py
/home/TASC/AN_WS/install/nova_vision/lib/python3.10/site-packages/nova_vision-0.0.0-py3.10.egg-info/dependency_links.txt
/home/TASC/AN_WS/install/nova_vision/lib/python3.10/site-packages/nova_vision-0.0.0-py3.10.egg-info/PKG-INFO
/home/TASC/AN_WS/install/nova_vision/lib/python3.10/site-packages/nova_vision-0.0.0-py3.10.egg-info/entry_points.txt
/home/TASC/AN_WS/install/nova_vision/lib/python3.10/site-packages/nova_vision-0.0.0-py3.10.egg-info/requires.txt
/home/TASC/AN_WS/install/nova_vision/lib/python3.10/site-packages/nova_vision-0.0.0-py3.10.egg-info/top_level.txt
/home/TASC/AN_WS/install/nova_vision/lib/python3.10/site-packages/nova_vision-0.0.0-py3.10.egg-info/zip-safe
/home/TASC/AN_WS/install/nova_vision/lib/python3.10/site-packages/nova_vision-0.0.0-py3.10.egg-info/SOURCES.txt
/home/TASC/AN_WS/install/nova_vision/lib/nova_vision/aruco_detect
/home/TASC/AN_WS/install/nova_vision/lib/nova_vision/camera_publisher
/home/TASC/AN_WS/install/nova_vision/lib/nova_vision/camera_subscriber
/home/TASC/AN_WS/install/nova_vision/lib/nova_vision/gps_aruco
/home/TASC/AN_WS/install/nova_vision/lib/nova_vision/gps_display
/home/TASC/AN_WS/install/nova_vision/lib/nova_vision/gps_node
/home/TASC/AN_WS/install/nova_vision/lib/nova_vision/multi_camera_publisher
/home/TASC/AN_WS/install/nova_vision/lib/nova_vision/object_tracker
