running egg_info
creating ../build/nova_sensors/nova_sensors.egg-info
writing ../build/nova_sensors/nova_sensors.egg-info/PKG-INFO
writing dependency_links to ../build/nova_sensors/nova_sensors.egg-info/dependency_links.txt
writing entry points to ../build/nova_sensors/nova_sensors.egg-info/entry_points.txt
writing requirements to ../build/nova_sensors/nova_sensors.egg-info/requires.txt
writing top-level names to ../build/nova_sensors/nova_sensors.egg-info/top_level.txt
writing manifest file '../build/nova_sensors/nova_sensors.egg-info/SOURCES.txt'
reading manifest file '../build/nova_sensors/nova_sensors.egg-info/SOURCES.txt'
writing manifest file '../build/nova_sensors/nova_sensors.egg-info/SOURCES.txt'
running build
running build_py
creating /home/tasc/AN_WS/build/nova_sensors/build
creating /home/tasc/AN_WS/build/nova_sensors/build/lib
creating /home/tasc/AN_WS/build/nova_sensors/build/lib/nova_sensors
copying nova_sensors/gps_node.py -> /home/tasc/AN_WS/build/nova_sensors/build/lib/nova_sensors
copying nova_sensors/imu_node.py -> /home/tasc/AN_WS/build/nova_sensors/build/lib/nova_sensors
copying nova_sensors/gps_node_old.py -> /home/tasc/AN_WS/build/nova_sensors/build/lib/nova_sensors
copying nova_sensors/__init__.py -> /home/tasc/AN_WS/build/nova_sensors/build/lib/nova_sensors
running install
running install_lib
creating /home/tasc/AN_WS/install/nova_sensors/lib/python3.10/site-packages/nova_sensors
copying /home/tasc/AN_WS/build/nova_sensors/build/lib/nova_sensors/gps_node.py -> /home/tasc/AN_WS/install/nova_sensors/lib/python3.10/site-packages/nova_sensors
copying /home/tasc/AN_WS/build/nova_sensors/build/lib/nova_sensors/imu_node.py -> /home/tasc/AN_WS/install/nova_sensors/lib/python3.10/site-packages/nova_sensors
copying /home/tasc/AN_WS/build/nova_sensors/build/lib/nova_sensors/gps_node_old.py -> /home/tasc/AN_WS/install/nova_sensors/lib/python3.10/site-packages/nova_sensors
copying /home/tasc/AN_WS/build/nova_sensors/build/lib/nova_sensors/__init__.py -> /home/tasc/AN_WS/install/nova_sensors/lib/python3.10/site-packages/nova_sensors
byte-compiling /home/tasc/AN_WS/install/nova_sensors/lib/python3.10/site-packages/nova_sensors/gps_node.py to gps_node.cpython-310.pyc
byte-compiling /home/tasc/AN_WS/install/nova_sensors/lib/python3.10/site-packages/nova_sensors/imu_node.py to imu_node.cpython-310.pyc
byte-compiling /home/tasc/AN_WS/install/nova_sensors/lib/python3.10/site-packages/nova_sensors/gps_node_old.py to gps_node_old.cpython-310.pyc
byte-compiling /home/tasc/AN_WS/install/nova_sensors/lib/python3.10/site-packages/nova_sensors/__init__.py to __init__.cpython-310.pyc
running install_data
creating /home/tasc/AN_WS/install/nova_sensors/share/ament_index
creating /home/tasc/AN_WS/install/nova_sensors/share/ament_index/resource_index
creating /home/tasc/AN_WS/install/nova_sensors/share/ament_index/resource_index/packages
copying resource/nova_sensors -> /home/tasc/AN_WS/install/nova_sensors/share/ament_index/resource_index/packages
copying package.xml -> /home/tasc/AN_WS/install/nova_sensors/share/nova_sensors
running install_egg_info
Copying ../build/nova_sensors/nova_sensors.egg-info to /home/tasc/AN_WS/install/nova_sensors/lib/python3.10/site-packages/nova_sensors-0.0.0-py3.10.egg-info
running install_scripts
Installing gps_node = nova_sensors.gps_node:mainimu_node script to /home/tasc/AN_WS/install/nova_sensors/lib/nova_sensors
writing list of installed files to '/home/tasc/AN_WS/build/nova_sensors/install.log'
