[2.509s] Invoking command in '/home/tasc/AN_WS/nova_sensors': PYTHONPATH=/home/tasc/AN_WS/build/nova_sensors/prefix_override:/usr/lib/python3/dist-packages/colcon_core/task/python/colcon_distutils_commands:/home/tasc/AN_WS/install/nova_sensors/lib/python3.10/site-packages:${PYTHONPATH} /usr/bin/python3 -W ignore:setup.py install is deprecated -W ignore:easy_install command is deprecated setup.py egg_info --egg-base ../build/nova_sensors build --build-base /home/tasc/AN_WS/build/nova_sensors/build install --record /home/tasc/AN_WS/build/nova_sensors/install.log --single-version-externally-managed install_data
[3.028s] running egg_info
[3.029s] creating ../build/nova_sensors/nova_sensors.egg-info
[3.030s] writing ../build/nova_sensors/nova_sensors.egg-info/PKG-INFO
[3.031s] writing dependency_links to ../build/nova_sensors/nova_sensors.egg-info/dependency_links.txt
[3.032s] writing entry points to ../build/nova_sensors/nova_sensors.egg-info/entry_points.txt
[3.032s] writing requirements to ../build/nova_sensors/nova_sensors.egg-info/requires.txt
[3.032s] writing top-level names to ../build/nova_sensors/nova_sensors.egg-info/top_level.txt
[3.032s] writing manifest file '../build/nova_sensors/nova_sensors.egg-info/SOURCES.txt'
[3.036s] reading manifest file '../build/nova_sensors/nova_sensors.egg-info/SOURCES.txt'
[3.037s] writing manifest file '../build/nova_sensors/nova_sensors.egg-info/SOURCES.txt'
[3.038s] running build
[3.038s] running build_py
[3.038s] creating /home/tasc/AN_WS/build/nova_sensors/build
[3.038s] creating /home/tasc/AN_WS/build/nova_sensors/build/lib
[3.039s] creating /home/tasc/AN_WS/build/nova_sensors/build/lib/nova_sensors
[3.039s] copying nova_sensors/gps_node.py -> /home/tasc/AN_WS/build/nova_sensors/build/lib/nova_sensors
[3.039s] copying nova_sensors/imu_node.py -> /home/tasc/AN_WS/build/nova_sensors/build/lib/nova_sensors
[3.039s] copying nova_sensors/gps_node_old.py -> /home/tasc/AN_WS/build/nova_sensors/build/lib/nova_sensors
[3.040s] copying nova_sensors/__init__.py -> /home/tasc/AN_WS/build/nova_sensors/build/lib/nova_sensors
[3.040s] running install
[3.041s] running install_lib
[3.042s] creating /home/tasc/AN_WS/install/nova_sensors/lib/python3.10/site-packages/nova_sensors
[3.043s] copying /home/tasc/AN_WS/build/nova_sensors/build/lib/nova_sensors/gps_node.py -> /home/tasc/AN_WS/install/nova_sensors/lib/python3.10/site-packages/nova_sensors
[3.043s] copying /home/tasc/AN_WS/build/nova_sensors/build/lib/nova_sensors/imu_node.py -> /home/tasc/AN_WS/install/nova_sensors/lib/python3.10/site-packages/nova_sensors
[3.043s] copying /home/tasc/AN_WS/build/nova_sensors/build/lib/nova_sensors/gps_node_old.py -> /home/tasc/AN_WS/install/nova_sensors/lib/python3.10/site-packages/nova_sensors
[3.043s] copying /home/tasc/AN_WS/build/nova_sensors/build/lib/nova_sensors/__init__.py -> /home/tasc/AN_WS/install/nova_sensors/lib/python3.10/site-packages/nova_sensors
[3.045s] byte-compiling /home/tasc/AN_WS/install/nova_sensors/lib/python3.10/site-packages/nova_sensors/gps_node.py to gps_node.cpython-310.pyc
[3.047s] byte-compiling /home/tasc/AN_WS/install/nova_sensors/lib/python3.10/site-packages/nova_sensors/imu_node.py to imu_node.cpython-310.pyc
[3.049s] byte-compiling /home/tasc/AN_WS/install/nova_sensors/lib/python3.10/site-packages/nova_sensors/gps_node_old.py to gps_node_old.cpython-310.pyc
[3.051s] byte-compiling /home/tasc/AN_WS/install/nova_sensors/lib/python3.10/site-packages/nova_sensors/__init__.py to __init__.cpython-310.pyc
[3.051s] running install_data
[3.052s] creating /home/tasc/AN_WS/install/nova_sensors/share/ament_index
[3.052s] creating /home/tasc/AN_WS/install/nova_sensors/share/ament_index/resource_index
[3.052s] creating /home/tasc/AN_WS/install/nova_sensors/share/ament_index/resource_index/packages
[3.053s] copying resource/nova_sensors -> /home/tasc/AN_WS/install/nova_sensors/share/ament_index/resource_index/packages
[3.053s] copying package.xml -> /home/tasc/AN_WS/install/nova_sensors/share/nova_sensors
[3.053s] running install_egg_info
[3.057s] Copying ../build/nova_sensors/nova_sensors.egg-info to /home/tasc/AN_WS/install/nova_sensors/lib/python3.10/site-packages/nova_sensors-0.0.0-py3.10.egg-info
[3.059s] running install_scripts
[3.107s] Installing gps_node = nova_sensors.gps_node:mainimu_node script to /home/tasc/AN_WS/install/nova_sensors/lib/nova_sensors
[3.108s] writing list of installed files to '/home/tasc/AN_WS/build/nova_sensors/install.log'
[3.181s] Invoked command in '/home/tasc/AN_WS/nova_sensors' returned '0': PYTHONPATH=/home/tasc/AN_WS/build/nova_sensors/prefix_override:/usr/lib/python3/dist-packages/colcon_core/task/python/colcon_distutils_commands:/home/tasc/AN_WS/install/nova_sensors/lib/python3.10/site-packages:${PYTHONPATH} /usr/bin/python3 -W ignore:setup.py install is deprecated -W ignore:easy_install command is deprecated setup.py egg_info --egg-base ../build/nova_sensors build --build-base /home/tasc/AN_WS/build/nova_sensors/build install --record /home/tasc/AN_WS/build/nova_sensors/install.log --single-version-externally-managed install_data
