[3.364s] Invoking command in '/home/tasc/AN_WS-1/src/navigation': PYTHONPATH=/home/tasc/AN_WS-1/build/navigation/prefix_override:/usr/lib/python3/dist-packages/colcon_core/task/python/colcon_distutils_commands:/home/tasc/AN_WS-1/install/navigation/lib/python3.10/site-packages:${PYTHONPATH} /usr/bin/python3 -W ignore:setup.py install is deprecated -W ignore:easy_install command is deprecated setup.py egg_info --egg-base ../../build/navigation build --build-base /home/tasc/AN_WS-1/build/navigation/build install --record /home/tasc/AN_WS-1/build/navigation/install.log --single-version-externally-managed install_data
[3.953s] running egg_info
[3.957s] writing ../../build/navigation/navigation.egg-info/PKG-INFO
[3.957s] writing dependency_links to ../../build/navigation/navigation.egg-info/dependency_links.txt
[3.957s] writing entry points to ../../build/navigation/navigation.egg-info/entry_points.txt
[3.957s] writing requirements to ../../build/navigation/navigation.egg-info/requires.txt
[3.957s] writing top-level names to ../../build/navigation/navigation.egg-info/top_level.txt
[3.961s] reading manifest file '../../build/navigation/navigation.egg-info/SOURCES.txt'
[3.961s] adding license file 'LICENSE'
[3.962s] writing manifest file '../../build/navigation/navigation.egg-info/SOURCES.txt'
[3.962s] running build
[3.963s] running build_py
[3.965s] running install
[3.965s] running install_lib
[3.970s] running install_data
[3.970s] running install_egg_info
[3.978s] removing '/home/tasc/AN_WS-1/install/navigation/lib/python3.10/site-packages/navigation-0.0.0-py3.10.egg-info' (and everything under it)
[3.979s] Copying ../../build/navigation/navigation.egg-info to /home/tasc/AN_WS-1/install/navigation/lib/python3.10/site-packages/navigation-0.0.0-py3.10.egg-info
[3.981s] running install_scripts
[4.032s] Installing aruco_marker_publisher script to /home/tasc/AN_WS-1/install/navigation/lib/navigation
[4.033s] Installing camera_publisher script to /home/tasc/AN_WS-1/install/navigation/lib/navigation
[4.033s] Installing camera_subscriber script to /home/tasc/AN_WS-1/install/navigation/lib/navigation
[4.034s] Installing combined_gps_aruco script to /home/tasc/AN_WS-1/install/navigation/lib/navigation
[4.034s] Installing gps_display script to /home/tasc/AN_WS-1/install/navigation/lib/navigation
[4.042s] Installing gps_node script to /home/tasc/AN_WS-1/install/navigation/lib/navigation
[4.042s] Installing gst_pub script to /home/tasc/AN_WS-1/install/navigation/lib/navigation
[4.042s] Installing multi_camera_publisher script to /home/tasc/AN_WS-1/install/navigation/lib/navigation
[4.043s] Installing multi_camera_publisher_gst script to /home/tasc/AN_WS-1/install/navigation/lib/navigation
[4.043s] Installing multi_camera_subscriber_gst script to /home/tasc/AN_WS-1/install/navigation/lib/navigation
[4.043s] writing list of installed files to '/home/tasc/AN_WS-1/build/navigation/install.log'
[4.152s] Invoked command in '/home/tasc/AN_WS-1/src/navigation' returned '0': PYTHONPATH=/home/tasc/AN_WS-1/build/navigation/prefix_override:/usr/lib/python3/dist-packages/colcon_core/task/python/colcon_distutils_commands:/home/tasc/AN_WS-1/install/navigation/lib/python3.10/site-packages:${PYTHONPATH} /usr/bin/python3 -W ignore:setup.py install is deprecated -W ignore:easy_install command is deprecated setup.py egg_info --egg-base ../../build/navigation build --build-base /home/tasc/AN_WS-1/build/navigation/build install --record /home/tasc/AN_WS-1/build/navigation/install.log --single-version-externally-managed install_data
