[3.529s] Invoking command in '/home/tasc/AN_WS-1/src/navigation': PYTHONPATH=/home/tasc/AN_WS-1/build/navigation/prefix_override:/usr/lib/python3/dist-packages/colcon_core/task/python/colcon_distutils_commands:/home/tasc/AN_WS-1/install/navigation/lib/python3.10/site-packages:${PYTHONPATH} /usr/bin/python3 -W ignore:setup.py install is deprecated -W ignore:easy_install command is deprecated setup.py egg_info --egg-base ../../build/navigation build --build-base /home/tasc/AN_WS-1/build/navigation/build install --record /home/tasc/AN_WS-1/build/navigation/install.log --single-version-externally-managed install_data
[4.213s] running egg_info
[4.216s] writing ../../build/navigation/navigation.egg-info/PKG-INFO
[4.216s] writing dependency_links to ../../build/navigation/navigation.egg-info/dependency_links.txt
[4.217s] writing entry points to ../../build/navigation/navigation.egg-info/entry_points.txt
[4.217s] writing requirements to ../../build/navigation/navigation.egg-info/requires.txt
[4.218s] writing top-level names to ../../build/navigation/navigation.egg-info/top_level.txt
[4.223s] reading manifest file '../../build/navigation/navigation.egg-info/SOURCES.txt'
[4.223s] adding license file 'LICENSE'
[4.226s] writing manifest file '../../build/navigation/navigation.egg-info/SOURCES.txt'
[4.227s] running build
[4.228s] running build_py
[4.228s] running install
[4.229s] running install_lib
[4.237s] running install_data
[4.238s] running install_egg_info
[4.243s] removing '/home/tasc/AN_WS-1/install/navigation/lib/python3.10/site-packages/navigation-0.0.0-py3.10.egg-info' (and everything under it)
[4.246s] Copying ../../build/navigation/navigation.egg-info to /home/tasc/AN_WS-1/install/navigation/lib/python3.10/site-packages/navigation-0.0.0-py3.10.egg-info
[4.246s] running install_scripts
[4.292s] Installing aruco_marker_publisher script to /home/tasc/AN_WS-1/install/navigation/lib/navigation
[4.293s] Installing camera_publisher script to /home/tasc/AN_WS-1/install/navigation/lib/navigation
[4.294s] Installing camera_subscriber script to /home/tasc/AN_WS-1/install/navigation/lib/navigation
[4.294s] Installing combined_gps_aruco script to /home/tasc/AN_WS-1/install/navigation/lib/navigation
[4.295s] Installing gps_display script to /home/tasc/AN_WS-1/install/navigation/lib/navigation
[4.295s] Installing gps_node script to /home/tasc/AN_WS-1/install/navigation/lib/navigation
[4.296s] Installing gst_pub script to /home/tasc/AN_WS-1/install/navigation/lib/navigation
[4.296s] Installing multi_camera_publisher script to /home/tasc/AN_WS-1/install/navigation/lib/navigation
[4.297s] Installing multi_camera_publisher_gst script to /home/tasc/AN_WS-1/install/navigation/lib/navigation
[4.298s] Installing multi_camera_subscriber_gst script to /home/tasc/AN_WS-1/install/navigation/lib/navigation
[4.298s] writing list of installed files to '/home/tasc/AN_WS-1/build/navigation/install.log'
[4.372s] Invoked command in '/home/tasc/AN_WS-1/src/navigation' returned '0': PYTHONPATH=/home/tasc/AN_WS-1/build/navigation/prefix_override:/usr/lib/python3/dist-packages/colcon_core/task/python/colcon_distutils_commands:/home/tasc/AN_WS-1/install/navigation/lib/python3.10/site-packages:${PYTHONPATH} /usr/bin/python3 -W ignore:setup.py install is deprecated -W ignore:easy_install command is deprecated setup.py egg_info --egg-base ../../build/navigation build --build-base /home/tasc/AN_WS-1/build/navigation/build install --record /home/tasc/AN_WS-1/build/navigation/install.log --single-version-externally-managed install_data
