[2.833s] Invoking command in '/home/moon/AN_WS/nova_vision': PYTHONPATH=/home/moon/AN_WS/build/nova_vision/prefix_override:/usr/lib/python3/dist-packages/colcon_core/task/python/colcon_distutils_commands:/home/moon/AN_WS/install/nova_vision/lib/python3.10/site-packages:${PYTHONPATH} /usr/bin/python3 -W ignore:setup.py install is deprecated -W ignore:easy_install command is deprecated setup.py egg_info --egg-base ../build/nova_vision build --build-base /home/moon/AN_WS/build/nova_vision/build install --record /home/moon/AN_WS/build/nova_vision/install.log --single-version-externally-managed install_data
[3.488s] running egg_info
[3.492s] writing ../build/nova_vision/nova_vision.egg-info/PKG-INFO
[3.497s] writing dependency_links to ../build/nova_vision/nova_vision.egg-info/dependency_links.txt
[3.497s] writing entry points to ../build/nova_vision/nova_vision.egg-info/entry_points.txt
[3.497s] writing requirements to ../build/nova_vision/nova_vision.egg-info/requires.txt
[3.498s] writing top-level names to ../build/nova_vision/nova_vision.egg-info/top_level.txt
[3.502s] reading manifest file '../build/nova_vision/nova_vision.egg-info/SOURCES.txt'
[3.504s] adding license file 'LICENSE'
[3.506s] writing manifest file '../build/nova_vision/nova_vision.egg-info/SOURCES.txt'
[3.507s] running build
[3.507s] running build_py
[3.509s] running install
[3.510s] running install_lib
[3.514s] running install_data
[3.515s] running install_egg_info
[3.528s] removing '/home/moon/AN_WS/install/nova_vision/lib/python3.10/site-packages/nova_vision-0.0.0-py3.10.egg-info' (and everything under it)
[3.528s] Copying ../build/nova_vision/nova_vision.egg-info to /home/moon/AN_WS/install/nova_vision/lib/python3.10/site-packages/nova_vision-0.0.0-py3.10.egg-info
[3.533s] running install_scripts
[3.606s] Installing aruco_detect script to /home/moon/AN_WS/install/nova_vision/lib/nova_vision
[3.607s] Installing camera_publisher script to /home/moon/AN_WS/install/nova_vision/lib/nova_vision
[3.610s] Installing camera_subscriber script to /home/moon/AN_WS/install/nova_vision/lib/nova_vision
[3.611s] Installing gps_aruco script to /home/moon/AN_WS/install/nova_vision/lib/nova_vision
[3.611s] Installing gps_display script to /home/moon/AN_WS/install/nova_vision/lib/nova_vision
[3.611s] Installing gps_node script to /home/moon/AN_WS/install/nova_vision/lib/nova_vision
[3.611s] Installing multi_camera_publisher script to /home/moon/AN_WS/install/nova_vision/lib/nova_vision
[3.611s] Installing object_tracker script to /home/moon/AN_WS/install/nova_vision/lib/nova_vision
[3.612s] writing list of installed files to '/home/moon/AN_WS/build/nova_vision/install.log'
[3.655s] Invoked command in '/home/moon/AN_WS/nova_vision' returned '0': PYTHONPATH=/home/moon/AN_WS/build/nova_vision/prefix_override:/usr/lib/python3/dist-packages/colcon_core/task/python/colcon_distutils_commands:/home/moon/AN_WS/install/nova_vision/lib/python3.10/site-packages:${PYTHONPATH} /usr/bin/python3 -W ignore:setup.py install is deprecated -W ignore:easy_install command is deprecated setup.py egg_info --egg-base ../build/nova_vision build --build-base /home/moon/AN_WS/build/nova_vision/build install --record /home/moon/AN_WS/build/nova_vision/install.log --single-version-externally-managed install_data
