[3.851s] Invoking command in '/home/TASC/AN_WS/nova_vision': PYTHONPATH=/home/TASC/AN_WS/build/nova_vision/prefix_override:/usr/lib/python3/dist-packages/colcon_core/task/python/colcon_distutils_commands:/home/TASC/AN_WS/install/nova_vision/lib/python3.10/site-packages:${PYTHONPATH} /usr/bin/python3 -W ignore:setup.py install is deprecated -W ignore:easy_install command is deprecated setup.py egg_info --egg-base ../build/nova_vision build --build-base /home/TASC/AN_WS/build/nova_vision/build install --record /home/TASC/AN_WS/build/nova_vision/install.log --single-version-externally-managed install_data
[4.294s] running egg_info
[4.295s] writing ../build/nova_vision/nova_vision.egg-info/PKG-INFO
[4.295s] writing dependency_links to ../build/nova_vision/nova_vision.egg-info/dependency_links.txt
[4.297s] writing entry points to ../build/nova_vision/nova_vision.egg-info/entry_points.txt
[4.300s] writing requirements to ../build/nova_vision/nova_vision.egg-info/requires.txt
[4.300s] writing top-level names to ../build/nova_vision/nova_vision.egg-info/top_level.txt
[4.305s] reading manifest file '../build/nova_vision/nova_vision.egg-info/SOURCES.txt'
[4.313s] adding license file 'LICENSE'
[4.318s] writing manifest file '../build/nova_vision/nova_vision.egg-info/SOURCES.txt'
[4.318s] running build
[4.318s] running build_py
[4.318s] running install
[4.318s] running install_lib
[4.325s] running install_data
[4.329s] running install_egg_info
[4.329s] removing '/home/TASC/AN_WS/install/nova_vision/lib/python3.10/site-packages/nova_vision-0.0.0-py3.10.egg-info' (and everything under it)
[4.329s] Copying ../build/nova_vision/nova_vision.egg-info to /home/TASC/AN_WS/install/nova_vision/lib/python3.10/site-packages/nova_vision-0.0.0-py3.10.egg-info
[4.332s] running install_scripts
[4.400s] Installing aruco_detect script to /home/TASC/AN_WS/install/nova_vision/lib/nova_vision
[4.400s] Installing camera_publisher script to /home/TASC/AN_WS/install/nova_vision/lib/nova_vision
[4.400s] Installing camera_subscriber script to /home/TASC/AN_WS/install/nova_vision/lib/nova_vision
[4.409s] Installing gps_aruco script to /home/TASC/AN_WS/install/nova_vision/lib/nova_vision
[4.410s] Installing gps_display script to /home/TASC/AN_WS/install/nova_vision/lib/nova_vision
[4.416s] Installing gps_node script to /home/TASC/AN_WS/install/nova_vision/lib/nova_vision
[4.416s] Installing multi_camera_publisher script to /home/TASC/AN_WS/install/nova_vision/lib/nova_vision
[4.416s] Installing object_tracker script to /home/TASC/AN_WS/install/nova_vision/lib/nova_vision
[4.421s] writing list of installed files to '/home/TASC/AN_WS/build/nova_vision/install.log'
[4.568s] Invoked command in '/home/TASC/AN_WS/nova_vision' returned '0': PYTHONPATH=/home/TASC/AN_WS/build/nova_vision/prefix_override:/usr/lib/python3/dist-packages/colcon_core/task/python/colcon_distutils_commands:/home/TASC/AN_WS/install/nova_vision/lib/python3.10/site-packages:${PYTHONPATH} /usr/bin/python3 -W ignore:setup.py install is deprecated -W ignore:easy_install command is deprecated setup.py egg_info --egg-base ../build/nova_vision build --build-base /home/TASC/AN_WS/build/nova_vision/build install --record /home/TASC/AN_WS/build/nova_vision/install.log --single-version-externally-managed install_data
