running egg_info
writing ../../build/navigation/navigation.egg-info/PKG-INFO
writing dependency_links to ../../build/navigation/navigation.egg-info/dependency_links.txt
writing entry points to ../../build/navigation/navigation.egg-info/entry_points.txt
writing requirements to ../../build/navigation/navigation.egg-info/requires.txt
writing top-level names to ../../build/navigation/navigation.egg-info/top_level.txt
reading manifest file '../../build/navigation/navigation.egg-info/SOURCES.txt'
adding license file 'LICENSE'
writing manifest file '../../build/navigation/navigation.egg-info/SOURCES.txt'
running build
running build_py
copying navigation/multi_camera_publisher_test.py -> /home/TASC/AN_WS/build/navigation/build/lib/navigation
running install
running install_lib
copying /home/TASC/AN_WS/build/navigation/build/lib/navigation/multi_camera_publisher_test.py -> /home/TASC/AN_WS/install/navigation/lib/python3.10/site-packages/navigation
byte-compiling /home/TASC/AN_WS/install/navigation/lib/python3.10/site-packages/navigation/multi_camera_publisher_test.py to multi_camera_publisher_test.cpython-310.pyc
running install_data
running install_egg_info
removing '/home/TASC/AN_WS/install/navigation/lib/python3.10/site-packages/navigation-0.0.0-py3.10.egg-info' (and everything under it)
Copying ../../build/navigation/navigation.egg-info to /home/TASC/AN_WS/install/navigation/lib/python3.10/site-packages/navigation-0.0.0-py3.10.egg-info
running install_scripts
Installing aruco_marker_publisher script to /home/TASC/AN_WS/install/navigation/lib/navigation
Installing camera_publisher script to /home/TASC/AN_WS/install/navigation/lib/navigation
Installing camera_subscriber script to /home/TASC/AN_WS/install/navigation/lib/navigation
Installing combined_gps_aruco script to /home/TASC/AN_WS/install/navigation/lib/navigation
Installing gps_display script to /home/TASC/AN_WS/install/navigation/lib/navigation
Installing gps_node script to /home/TASC/AN_WS/install/navigation/lib/navigation
Installing gst_pub script to /home/TASC/AN_WS/install/navigation/lib/navigation
Installing multi_camera_publisher script to /home/TASC/AN_WS/install/navigation/lib/navigation
Installing multi_camera_publisher_gst script to /home/TASC/AN_WS/install/navigation/lib/navigation
Installing multi_camera_subscriber_gst script to /home/TASC/AN_WS/install/navigation/lib/navigation
writing list of installed files to '/home/TASC/AN_WS/build/navigation/install.log'
