[3.761s] Invoking command in '/home/TASC/AN_WS/src/navigation': PYTHONPATH=/home/TASC/AN_WS/build/navigation/prefix_override:/usr/lib/python3/dist-packages/colcon_core/task/python/colcon_distutils_commands:/home/TASC/AN_WS/install/navigation/lib/python3.10/site-packages: /usr/bin/python3 -W ignore:setup.py install is deprecated -W ignore:easy_install command is deprecated setup.py egg_info --egg-base ../../build/navigation build --build-base /home/TASC/AN_WS/build/navigation/build install --record /home/TASC/AN_WS/build/navigation/install.log --single-version-externally-managed install_data
[4.595s] running egg_info
[4.603s] writing ../../build/navigation/navigation.egg-info/PKG-INFO
[4.603s] writing dependency_links to ../../build/navigation/navigation.egg-info/dependency_links.txt
[4.612s] writing entry points to ../../build/navigation/navigation.egg-info/entry_points.txt
[4.612s] writing requirements to ../../build/navigation/navigation.egg-info/requires.txt
[4.612s] writing top-level names to ../../build/navigation/navigation.egg-info/top_level.txt
[4.625s] reading manifest file '../../build/navigation/navigation.egg-info/SOURCES.txt'
[4.625s] adding license file 'LICENSE'
[4.631s] writing manifest file '../../build/navigation/navigation.egg-info/SOURCES.txt'
[4.632s] running build
[4.632s] running build_py
[4.632s] running install
[4.640s] running install_lib
[4.644s] running install_data
[4.646s] running install_egg_info
[4.652s] removing '/home/TASC/AN_WS/install/navigation/lib/python3.10/site-packages/navigation-0.0.0-py3.10.egg-info' (and everything under it)
[4.658s] Copying ../../build/navigation/navigation.egg-info to /home/TASC/AN_WS/install/navigation/lib/python3.10/site-packages/navigation-0.0.0-py3.10.egg-info
[4.682s] running install_scripts
[4.741s] Installing aruco_marker_publisher script to /home/TASC/AN_WS/install/navigation/lib/navigation
[4.743s] Installing camera_publisher script to /home/TASC/AN_WS/install/navigation/lib/navigation
[4.745s] Installing camera_subscriber script to /home/TASC/AN_WS/install/navigation/lib/navigation
[4.747s] Installing combined_gps_aruco script to /home/TASC/AN_WS/install/navigation/lib/navigation
[4.749s] Installing gps_display script to /home/TASC/AN_WS/install/navigation/lib/navigation
[4.749s] Installing gps_node script to /home/TASC/AN_WS/install/navigation/lib/navigation
[4.750s] Installing gst_pub script to /home/TASC/AN_WS/install/navigation/lib/navigation
[4.750s] Installing multi_camera_publisher script to /home/TASC/AN_WS/install/navigation/lib/navigation
[4.750s] Installing multi_camera_publisher_gst script to /home/TASC/AN_WS/install/navigation/lib/navigation
[4.750s] Installing multi_camera_publisher_test script to /home/TASC/AN_WS/install/navigation/lib/navigation
[4.750s] Installing multi_camera_subscriber_gst script to /home/TASC/AN_WS/install/navigation/lib/navigation
[4.750s] writing list of installed files to '/home/TASC/AN_WS/build/navigation/install.log'
[4.851s] Invoked command in '/home/TASC/AN_WS/src/navigation' returned '0': PYTHONPATH=/home/TASC/AN_WS/build/navigation/prefix_override:/usr/lib/python3/dist-packages/colcon_core/task/python/colcon_distutils_commands:/home/TASC/AN_WS/install/navigation/lib/python3.10/site-packages: /usr/bin/python3 -W ignore:setup.py install is deprecated -W ignore:easy_install command is deprecated setup.py egg_info --egg-base ../../build/navigation build --build-base /home/TASC/AN_WS/build/navigation/build install --record /home/TASC/AN_WS/build/navigation/install.log --single-version-externally-managed install_data
