[0.289s] DEBUG:colcon:Command line arguments: ['/usr/bin/colcon', 'build']
[0.289s] DEBUG:colcon:Parsed command line arguments: Namespace(log_base=None, log_level=None, verb_name='build', build_base='build', install_base='install', merge_install=False, symlink_install=False, test_result_base=None, continue_on_error=False, executor='parallel', parallel_workers=6, event_handlers=None, ignore_user_meta=False, metas=['./colcon.meta'], base_paths=['.'], packages_ignore=None, packages_ignore_regex=None, paths=None, packages_up_to=None, packages_up_to_regex=None, packages_above=None, packages_above_and_dependencies=None, packages_above_depth=None, packages_select_by_dep=None, packages_skip_by_dep=None, packages_skip_up_to=None, packages_select_build_failed=False, packages_skip_build_finished=False, packages_select_test_failures=False, packages_skip_test_passed=False, packages_select=None, packages_skip=None, packages_select_regex=None, packages_skip_regex=None, packages_start=None, packages_end=None, allow_overriding=[], cmake_args=None, cmake_target=None, cmake_target_skip_unavailable=False, cmake_clean_cache=False, cmake_clean_first=False, cmake_force_configure=False, ament_cmake_args=None, catkin_cmake_args=None, catkin_skip_building_tests=False, verb_parser=<colcon_defaults.argument_parser.defaults.DefaultArgumentsDecorator object at 0xffffa9f8c790>, verb_extension=<colcon_core.verb.build.BuildVerb object at 0xffffaa211f00>, main=<bound method BuildVerb.main of <colcon_core.verb.build.BuildVerb object at 0xffffaa211f00>>)
[0.662s] Level 1:colcon.colcon_core.package_discovery:discover_packages(colcon_meta) check parameters
[0.662s] Level 1:colcon.colcon_core.package_discovery:discover_packages(recursive) check parameters
[0.662s] Level 1:colcon.colcon_core.package_discovery:discover_packages(ignore) check parameters
[0.662s] Level 1:colcon.colcon_core.package_discovery:discover_packages(path) check parameters
[0.662s] Level 1:colcon.colcon_core.package_discovery:discover_packages(colcon_meta) discover
[0.662s] Level 1:colcon.colcon_core.package_discovery:discover_packages(recursive) discover
[0.663s] INFO:colcon.colcon_core.package_discovery:Crawling recursively for packages in '/home/tasc/AN_WS'
[0.663s] Level 1:colcon.colcon_core.package_identification:_identify(.) by extensions ['ignore', 'ignore_ament_install']
[0.663s] Level 1:colcon.colcon_core.package_identification:_identify(.) by extension 'ignore'
[0.664s] Level 1:colcon.colcon_core.package_identification:_identify(.) by extension 'ignore_ament_install'
[0.664s] Level 1:colcon.colcon_core.package_identification:_identify(.) by extensions ['colcon_pkg']
[0.664s] Level 1:colcon.colcon_core.package_identification:_identify(.) by extension 'colcon_pkg'
[0.664s] Level 1:colcon.colcon_core.package_identification:_identify(.) by extensions ['colcon_meta']
[0.664s] Level 1:colcon.colcon_core.package_identification:_identify(.) by extension 'colcon_meta'
[0.664s] Level 1:colcon.colcon_core.package_identification:_identify(.) by extensions ['ros']
[0.664s] Level 1:colcon.colcon_core.package_identification:_identify(.) by extension 'ros'
[0.718s] Level 1:colcon.colcon_core.package_identification:_identify(.) by extensions ['cmake', 'python']
[0.719s] Level 1:colcon.colcon_core.package_identification:_identify(.) by extension 'cmake'
[0.719s] Level 1:colcon.colcon_core.package_identification:_identify(.) by extension 'python'
[0.719s] Level 1:colcon.colcon_core.package_identification:_identify(.) by extensions ['python_setup_py']
[0.719s] Level 1:colcon.colcon_core.package_identification:_identify(.) by extension 'python_setup_py'
[0.719s] Level 1:colcon.colcon_core.package_identification:_identify(build) by extensions ['ignore', 'ignore_ament_install']
[0.720s] Level 1:colcon.colcon_core.package_identification:_identify(build) by extension 'ignore'
[0.720s] Level 1:colcon.colcon_core.package_identification:_identify(build) ignored
[0.720s] Level 1:colcon.colcon_core.package_identification:_identify(install) by extensions ['ignore', 'ignore_ament_install']
[0.720s] Level 1:colcon.colcon_core.package_identification:_identify(install) by extension 'ignore'
[0.721s] Level 1:colcon.colcon_core.package_identification:_identify(install) ignored
[0.721s] Level 1:colcon.colcon_core.package_identification:_identify(log) by extensions ['ignore', 'ignore_ament_install']
[0.721s] Level 1:colcon.colcon_core.package_identification:_identify(log) by extension 'ignore'
[0.721s] Level 1:colcon.colcon_core.package_identification:_identify(log) ignored
[0.721s] Level 1:colcon.colcon_core.package_identification:_identify(nova_sensors) by extensions ['ignore', 'ignore_ament_install']
[0.722s] Level 1:colcon.colcon_core.package_identification:_identify(nova_sensors) by extension 'ignore'
[0.722s] Level 1:colcon.colcon_core.package_identification:_identify(nova_sensors) by extension 'ignore_ament_install'
[0.722s] Level 1:colcon.colcon_core.package_identification:_identify(nova_sensors) by extensions ['colcon_pkg']
[0.722s] Level 1:colcon.colcon_core.package_identification:_identify(nova_sensors) by extension 'colcon_pkg'
[0.722s] Level 1:colcon.colcon_core.package_identification:_identify(nova_sensors) by extensions ['colcon_meta']
[0.722s] Level 1:colcon.colcon_core.package_identification:_identify(nova_sensors) by extension 'colcon_meta'
[0.722s] Level 1:colcon.colcon_core.package_identification:_identify(nova_sensors) by extensions ['ros']
[0.722s] Level 1:colcon.colcon_core.package_identification:_identify(nova_sensors) by extension 'ros'
[0.729s] DEBUG:colcon.colcon_core.package_identification:Package 'nova_sensors' with type 'ros.ament_python' and name 'nova_sensors'
[0.729s] Level 1:colcon.colcon_core.package_identification:_identify(nova_vision) by extensions ['ignore', 'ignore_ament_install']
[0.729s] Level 1:colcon.colcon_core.package_identification:_identify(nova_vision) by extension 'ignore'
[0.729s] Level 1:colcon.colcon_core.package_identification:_identify(nova_vision) by extension 'ignore_ament_install'
[0.730s] Level 1:colcon.colcon_core.package_identification:_identify(nova_vision) by extensions ['colcon_pkg']
[0.730s] Level 1:colcon.colcon_core.package_identification:_identify(nova_vision) by extension 'colcon_pkg'
[0.730s] Level 1:colcon.colcon_core.package_identification:_identify(nova_vision) by extensions ['colcon_meta']
[0.730s] Level 1:colcon.colcon_core.package_identification:_identify(nova_vision) by extension 'colcon_meta'
[0.730s] Level 1:colcon.colcon_core.package_identification:_identify(nova_vision) by extensions ['ros']
[0.730s] Level 1:colcon.colcon_core.package_identification:_identify(nova_vision) by extension 'ros'
[0.731s] DEBUG:colcon.colcon_core.package_identification:Package 'nova_vision' with type 'ros.ament_python' and name 'nova_vision'
[0.732s] Level 1:colcon.colcon_core.package_identification:_identify(src) by extensions ['ignore', 'ignore_ament_install']
[0.732s] Level 1:colcon.colcon_core.package_identification:_identify(src) by extension 'ignore'
[0.732s] Level 1:colcon.colcon_core.package_identification:_identify(src) by extension 'ignore_ament_install'
[0.732s] Level 1:colcon.colcon_core.package_identification:_identify(src) by extensions ['colcon_pkg']
[0.732s] Level 1:colcon.colcon_core.package_identification:_identify(src) by extension 'colcon_pkg'
[0.732s] Level 1:colcon.colcon_core.package_identification:_identify(src) by extensions ['colcon_meta']
[0.732s] Level 1:colcon.colcon_core.package_identification:_identify(src) by extension 'colcon_meta'
[0.733s] Level 1:colcon.colcon_core.package_identification:_identify(src) by extensions ['ros']
[0.733s] Level 1:colcon.colcon_core.package_identification:_identify(src) by extension 'ros'
[0.733s] Level 1:colcon.colcon_core.package_identification:_identify(src) by extensions ['cmake', 'python']
[0.733s] Level 1:colcon.colcon_core.package_identification:_identify(src) by extension 'cmake'
[0.733s] Level 1:colcon.colcon_core.package_identification:_identify(src) by extension 'python'
[0.733s] Level 1:colcon.colcon_core.package_identification:_identify(src) by extensions ['python_setup_py']
[0.733s] Level 1:colcon.colcon_core.package_identification:_identify(src) by extension 'python_setup_py'
[0.734s] Level 1:colcon.colcon_core.package_identification:_identify(src/navigation) by extensions ['ignore', 'ignore_ament_install']
[0.734s] Level 1:colcon.colcon_core.package_identification:_identify(src/navigation) by extension 'ignore'
[0.734s] Level 1:colcon.colcon_core.package_identification:_identify(src/navigation) by extension 'ignore_ament_install'
[0.734s] Level 1:colcon.colcon_core.package_identification:_identify(src/navigation) by extensions ['colcon_pkg']
[0.734s] Level 1:colcon.colcon_core.package_identification:_identify(src/navigation) by extension 'colcon_pkg'
[0.734s] Level 1:colcon.colcon_core.package_identification:_identify(src/navigation) by extensions ['colcon_meta']
[0.734s] Level 1:colcon.colcon_core.package_identification:_identify(src/navigation) by extension 'colcon_meta'
[0.734s] Level 1:colcon.colcon_core.package_identification:_identify(src/navigation) by extensions ['ros']
[0.734s] Level 1:colcon.colcon_core.package_identification:_identify(src/navigation) by extension 'ros'
[0.737s] DEBUG:colcon.colcon_core.package_identification:Package 'src/navigation' with type 'ros.ament_python' and name 'navigation'
[0.737s] Level 1:colcon.colcon_core.package_identification:_identify(test_scripts) by extensions ['ignore', 'ignore_ament_install']
[0.737s] Level 1:colcon.colcon_core.package_identification:_identify(test_scripts) by extension 'ignore'
[0.737s] Level 1:colcon.colcon_core.package_identification:_identify(test_scripts) ignored
[0.737s] Level 1:colcon.colcon_core.package_discovery:discover_packages(recursive) using defaults
[0.737s] Level 1:colcon.colcon_core.package_discovery:discover_packages(ignore) discover
[0.737s] Level 1:colcon.colcon_core.package_discovery:discover_packages(ignore) using defaults
[0.737s] Level 1:colcon.colcon_core.package_discovery:discover_packages(path) discover
[0.738s] Level 1:colcon.colcon_core.package_discovery:discover_packages(path) using defaults
[0.781s] Level 1:colcon.colcon_core.package_discovery:discover_packages(prefix_path) check parameters
[0.781s] Level 1:colcon.colcon_core.package_discovery:discover_packages(prefix_path) discover
[0.785s] DEBUG:colcon.colcon_installed_package_information.package_discovery:Found 3 installed packages in /home/tasc/AN_WS/install
[0.788s] DEBUG:colcon.colcon_installed_package_information.package_discovery:Found 271 installed packages in /opt/ros/humble
[0.790s] Level 1:colcon.colcon_core.package_discovery:discover_packages(prefix_path) using defaults
[0.874s] Level 5:colcon.colcon_core.verb:set package 'navigation' build argument 'cmake_args' from command line to 'None'
[0.874s] Level 5:colcon.colcon_core.verb:set package 'navigation' build argument 'cmake_target' from command line to 'None'
[0.874s] Level 5:colcon.colcon_core.verb:set package 'navigation' build argument 'cmake_target_skip_unavailable' from command line to 'False'
[0.874s] Level 5:colcon.colcon_core.verb:set package 'navigation' build argument 'cmake_clean_cache' from command line to 'False'
[0.874s] Level 5:colcon.colcon_core.verb:set package 'navigation' build argument 'cmake_clean_first' from command line to 'False'
[0.874s] Level 5:colcon.colcon_core.verb:set package 'navigation' build argument 'cmake_force_configure' from command line to 'False'
[0.874s] Level 5:colcon.colcon_core.verb:set package 'navigation' build argument 'ament_cmake_args' from command line to 'None'
[0.874s] Level 5:colcon.colcon_core.verb:set package 'navigation' build argument 'catkin_cmake_args' from command line to 'None'
[0.874s] Level 5:colcon.colcon_core.verb:set package 'navigation' build argument 'catkin_skip_building_tests' from command line to 'False'
[0.875s] DEBUG:colcon.colcon_core.verb:Building package 'navigation' with the following arguments: {'ament_cmake_args': None, 'build_base': '/home/tasc/AN_WS/build/navigation', 'catkin_cmake_args': None, 'catkin_skip_building_tests': False, 'cmake_args': None, 'cmake_clean_cache': False, 'cmake_clean_first': False, 'cmake_force_configure': False, 'cmake_target': None, 'cmake_target_skip_unavailable': False, 'install_base': '/home/tasc/AN_WS/install/navigation', 'merge_install': False, 'path': '/home/tasc/AN_WS/src/navigation', 'symlink_install': False, 'test_result_base': None}
[0.875s] Level 5:colcon.colcon_core.verb:set package 'nova_sensors' build argument 'cmake_args' from command line to 'None'
[0.875s] Level 5:colcon.colcon_core.verb:set package 'nova_sensors' build argument 'cmake_target' from command line to 'None'
[0.876s] Level 5:colcon.colcon_core.verb:set package 'nova_sensors' build argument 'cmake_target_skip_unavailable' from command line to 'False'
[0.876s] Level 5:colcon.colcon_core.verb:set package 'nova_sensors' build argument 'cmake_clean_cache' from command line to 'False'
[0.876s] Level 5:colcon.colcon_core.verb:set package 'nova_sensors' build argument 'cmake_clean_first' from command line to 'False'
[0.876s] Level 5:colcon.colcon_core.verb:set package 'nova_sensors' build argument 'cmake_force_configure' from command line to 'False'
[0.876s] Level 5:colcon.colcon_core.verb:set package 'nova_sensors' build argument 'ament_cmake_args' from command line to 'None'
[0.876s] Level 5:colcon.colcon_core.verb:set package 'nova_sensors' build argument 'catkin_cmake_args' from command line to 'None'
[0.876s] Level 5:colcon.colcon_core.verb:set package 'nova_sensors' build argument 'catkin_skip_building_tests' from command line to 'False'
[0.876s] DEBUG:colcon.colcon_core.verb:Building package 'nova_sensors' with the following arguments: {'ament_cmake_args': None, 'build_base': '/home/tasc/AN_WS/build/nova_sensors', 'catkin_cmake_args': None, 'catkin_skip_building_tests': False, 'cmake_args': None, 'cmake_clean_cache': False, 'cmake_clean_first': False, 'cmake_force_configure': False, 'cmake_target': None, 'cmake_target_skip_unavailable': False, 'install_base': '/home/tasc/AN_WS/install/nova_sensors', 'merge_install': False, 'path': '/home/tasc/AN_WS/nova_sensors', 'symlink_install': False, 'test_result_base': None}
[0.877s] Level 5:colcon.colcon_core.verb:set package 'nova_vision' build argument 'cmake_args' from command line to 'None'
[0.877s] Level 5:colcon.colcon_core.verb:set package 'nova_vision' build argument 'cmake_target' from command line to 'None'
[0.877s] Level 5:colcon.colcon_core.verb:set package 'nova_vision' build argument 'cmake_target_skip_unavailable' from command line to 'False'
[0.877s] Level 5:colcon.colcon_core.verb:set package 'nova_vision' build argument 'cmake_clean_cache' from command line to 'False'
[0.877s] Level 5:colcon.colcon_core.verb:set package 'nova_vision' build argument 'cmake_clean_first' from command line to 'False'
[0.877s] Level 5:colcon.colcon_core.verb:set package 'nova_vision' build argument 'cmake_force_configure' from command line to 'False'
[0.877s] Level 5:colcon.colcon_core.verb:set package 'nova_vision' build argument 'ament_cmake_args' from command line to 'None'
[0.877s] Level 5:colcon.colcon_core.verb:set package 'nova_vision' build argument 'catkin_cmake_args' from command line to 'None'
[0.877s] Level 5:colcon.colcon_core.verb:set package 'nova_vision' build argument 'catkin_skip_building_tests' from command line to 'False'
[0.877s] DEBUG:colcon.colcon_core.verb:Building package 'nova_vision' with the following arguments: {'ament_cmake_args': None, 'build_base': '/home/tasc/AN_WS/build/nova_vision', 'catkin_cmake_args': None, 'catkin_skip_building_tests': False, 'cmake_args': None, 'cmake_clean_cache': False, 'cmake_clean_first': False, 'cmake_force_configure': False, 'cmake_target': None, 'cmake_target_skip_unavailable': False, 'install_base': '/home/tasc/AN_WS/install/nova_vision', 'merge_install': False, 'path': '/home/tasc/AN_WS/nova_vision', 'symlink_install': False, 'test_result_base': None}
[0.877s] INFO:colcon.colcon_core.executor:Executing jobs using 'parallel' executor
[0.880s] DEBUG:colcon.colcon_parallel_executor.executor.parallel:run_until_complete
[0.880s] INFO:colcon.colcon_ros.task.ament_python.build:Building ROS package in '/home/tasc/AN_WS/src/navigation' with build type 'ament_python'
[0.881s] Level 1:colcon.colcon_core.shell:create_environment_hook('navigation', 'ament_prefix_path')
[0.885s] INFO:colcon.colcon_core.plugin_system:Skipping extension 'colcon_core.shell.bat': Not used on non-Windows systems
[0.886s] INFO:colcon.colcon_core.shell:Creating environment hook '/home/tasc/AN_WS/install/navigation/share/navigation/hook/ament_prefix_path.ps1'
[0.887s] INFO:colcon.colcon_core.shell:Creating environment descriptor '/home/tasc/AN_WS/install/navigation/share/navigation/hook/ament_prefix_path.dsv'
[0.888s] INFO:colcon.colcon_core.shell:Creating environment hook '/home/tasc/AN_WS/install/navigation/share/navigation/hook/ament_prefix_path.sh'
[0.890s] INFO:colcon.colcon_core.shell:Skip shell extension 'powershell' for command environment: Not usable outside of PowerShell
[0.890s] DEBUG:colcon.colcon_core.shell:Skip shell extension 'dsv' for command environment
[0.897s] INFO:colcon.colcon_ros.task.ament_python.build:Building ROS package in '/home/tasc/AN_WS/nova_sensors' with build type 'ament_python'
[0.898s] Level 1:colcon.colcon_core.shell:create_environment_hook('nova_sensors', 'ament_prefix_path')
[0.898s] INFO:colcon.colcon_core.shell:Creating environment hook '/home/tasc/AN_WS/install/nova_sensors/share/nova_sensors/hook/ament_prefix_path.ps1'
[0.900s] INFO:colcon.colcon_core.shell:Creating environment descriptor '/home/tasc/AN_WS/install/nova_sensors/share/nova_sensors/hook/ament_prefix_path.dsv'
[0.901s] INFO:colcon.colcon_core.shell:Creating environment hook '/home/tasc/AN_WS/install/nova_sensors/share/nova_sensors/hook/ament_prefix_path.sh'
[0.902s] INFO:colcon.colcon_core.shell:Skip shell extension 'powershell' for command environment: Not usable outside of PowerShell
[0.902s] DEBUG:colcon.colcon_core.shell:Skip shell extension 'dsv' for command environment
[0.908s] INFO:colcon.colcon_ros.task.ament_python.build:Building ROS package in '/home/tasc/AN_WS/nova_vision' with build type 'ament_python'
[0.908s] Level 1:colcon.colcon_core.shell:create_environment_hook('nova_vision', 'ament_prefix_path')
[0.909s] INFO:colcon.colcon_core.shell:Creating environment hook '/home/tasc/AN_WS/install/nova_vision/share/nova_vision/hook/ament_prefix_path.ps1'
[0.910s] INFO:colcon.colcon_core.shell:Creating environment descriptor '/home/tasc/AN_WS/install/nova_vision/share/nova_vision/hook/ament_prefix_path.dsv'
[0.911s] INFO:colcon.colcon_core.shell:Creating environment hook '/home/tasc/AN_WS/install/nova_vision/share/nova_vision/hook/ament_prefix_path.sh'
[0.912s] INFO:colcon.colcon_core.shell:Skip shell extension 'powershell' for command environment: Not usable outside of PowerShell
[0.913s] DEBUG:colcon.colcon_core.shell:Skip shell extension 'dsv' for command environment
[1.501s] INFO:colcon.colcon_core.task.python.build:Building Python package in '/home/tasc/AN_WS/src/navigation'
[1.502s] INFO:colcon.colcon_core.shell:Skip shell extension 'powershell' for command environment: Not usable outside of PowerShell
[1.502s] DEBUG:colcon.colcon_core.shell:Skip shell extension 'dsv' for command environment
[2.091s] INFO:colcon.colcon_core.task.python.build:Building Python package in '/home/tasc/AN_WS/nova_sensors'
[2.092s] INFO:colcon.colcon_core.shell:Skip shell extension 'powershell' for command environment: Not usable outside of PowerShell
[2.093s] DEBUG:colcon.colcon_core.shell:Skip shell extension 'dsv' for command environment
[2.677s] INFO:colcon.colcon_core.task.python.build:Building Python package in '/home/tasc/AN_WS/nova_vision'
[2.678s] INFO:colcon.colcon_core.shell:Skip shell extension 'powershell' for command environment: Not usable outside of PowerShell
[2.678s] DEBUG:colcon.colcon_core.shell:Skip shell extension 'dsv' for command environment
[3.474s] DEBUG:colcon.colcon_core.event_handler.log_command:Invoking command in '/home/tasc/AN_WS/nova_sensors': PYTHONPATH=/home/tasc/AN_WS/build/nova_sensors/prefix_override:/usr/lib/python3/dist-packages/colcon_core/task/python/colcon_distutils_commands:/home/tasc/AN_WS/install/nova_sensors/lib/python3.10/site-packages:${PYTHONPATH} /usr/bin/python3 -W ignore:setup.py install is deprecated -W ignore:easy_install command is deprecated setup.py egg_info --egg-base ../build/nova_sensors build --build-base /home/tasc/AN_WS/build/nova_sensors/build install --record /home/tasc/AN_WS/build/nova_sensors/install.log --single-version-externally-managed install_data
[3.488s] DEBUG:colcon.colcon_core.event_handler.log_command:Invoking command in '/home/tasc/AN_WS/nova_vision': PYTHONPATH=/home/tasc/AN_WS/build/nova_vision/prefix_override:/usr/lib/python3/dist-packages/colcon_core/task/python/colcon_distutils_commands:/home/tasc/AN_WS/install/nova_vision/lib/python3.10/site-packages:${PYTHONPATH} /usr/bin/python3 -W ignore:setup.py install is deprecated -W ignore:easy_install command is deprecated setup.py egg_info --egg-base ../build/nova_vision build --build-base /home/tasc/AN_WS/build/nova_vision/build install --record /home/tasc/AN_WS/build/nova_vision/install.log --single-version-externally-managed install_data
[3.493s] DEBUG:colcon.colcon_core.event_handler.log_command:Invoking command in '/home/tasc/AN_WS/src/navigation': PYTHONPATH=/home/tasc/AN_WS/build/navigation/prefix_override:/usr/lib/python3/dist-packages/colcon_core/task/python/colcon_distutils_commands:/home/tasc/AN_WS/install/navigation/lib/python3.10/site-packages:${PYTHONPATH} /usr/bin/python3 -W ignore:setup.py install is deprecated -W ignore:easy_install command is deprecated setup.py egg_info --egg-base ../../build/navigation build --build-base /home/tasc/AN_WS/build/navigation/build install --record /home/tasc/AN_WS/build/navigation/install.log --single-version-externally-managed install_data
[4.164s] DEBUG:colcon.colcon_core.event_handler.log_command:Invoked command in '/home/tasc/AN_WS/nova_sensors' returned '0': PYTHONPATH=/home/tasc/AN_WS/build/nova_sensors/prefix_override:/usr/lib/python3/dist-packages/colcon_core/task/python/colcon_distutils_commands:/home/tasc/AN_WS/install/nova_sensors/lib/python3.10/site-packages:${PYTHONPATH} /usr/bin/python3 -W ignore:setup.py install is deprecated -W ignore:easy_install command is deprecated setup.py egg_info --egg-base ../build/nova_sensors build --build-base /home/tasc/AN_WS/build/nova_sensors/build install --record /home/tasc/AN_WS/build/nova_sensors/install.log --single-version-externally-managed install_data
[4.169s] Level 1:colcon.colcon_core.environment:checking '/home/tasc/AN_WS/install/nova_sensors' for CMake module files
[4.170s] Level 1:colcon.colcon_core.environment:checking '/home/tasc/AN_WS/install/nova_sensors' for CMake config files
[4.172s] Level 1:colcon.colcon_core.environment:checking '/home/tasc/AN_WS/install/nova_sensors/lib'
[4.173s] Level 1:colcon.colcon_core.environment:checking '/home/tasc/AN_WS/install/nova_sensors/bin'
[4.174s] Level 1:colcon.colcon_core.environment:checking '/home/tasc/AN_WS/install/nova_sensors/lib/pkgconfig/nova_sensors.pc'
[4.174s] Level 1:colcon.colcon_core.environment:checking '/home/tasc/AN_WS/install/nova_sensors/lib/python3.10/site-packages'
[4.175s] Level 1:colcon.colcon_core.shell:create_environment_hook('nova_sensors', 'pythonpath')
[4.175s] INFO:colcon.colcon_core.shell:Creating environment hook '/home/tasc/AN_WS/install/nova_sensors/share/nova_sensors/hook/pythonpath.ps1'
[4.177s] INFO:colcon.colcon_core.shell:Creating environment descriptor '/home/tasc/AN_WS/install/nova_sensors/share/nova_sensors/hook/pythonpath.dsv'
[4.178s] INFO:colcon.colcon_core.shell:Creating environment hook '/home/tasc/AN_WS/install/nova_sensors/share/nova_sensors/hook/pythonpath.sh'
[4.180s] Level 1:colcon.colcon_core.environment:checking '/home/tasc/AN_WS/install/nova_sensors/bin'
[4.180s] Level 1:colcon.colcon_core.environment:create_environment_scripts_only(nova_sensors)
[4.181s] INFO:colcon.colcon_core.shell:Creating package script '/home/tasc/AN_WS/install/nova_sensors/share/nova_sensors/package.ps1'
[4.184s] INFO:colcon.colcon_core.shell:Creating package descriptor '/home/tasc/AN_WS/install/nova_sensors/share/nova_sensors/package.dsv'
[4.185s] INFO:colcon.colcon_core.shell:Creating package script '/home/tasc/AN_WS/install/nova_sensors/share/nova_sensors/package.sh'
[4.188s] INFO:colcon.colcon_core.shell:Creating package script '/home/tasc/AN_WS/install/nova_sensors/share/nova_sensors/package.bash'
[4.190s] INFO:colcon.colcon_core.shell:Creating package script '/home/tasc/AN_WS/install/nova_sensors/share/nova_sensors/package.zsh'
[4.191s] Level 1:colcon.colcon_core.environment:create_file_with_runtime_dependencies(/home/tasc/AN_WS/install/nova_sensors/share/colcon-core/packages/nova_sensors)
[4.203s] Level 1:colcon.colcon_core.environment:checking '/home/tasc/AN_WS/install/nova_vision' for CMake module files
[4.204s] DEBUG:colcon.colcon_core.event_handler.log_command:Invoked command in '/home/tasc/AN_WS/nova_vision' returned '0': PYTHONPATH=/home/tasc/AN_WS/build/nova_vision/prefix_override:/usr/lib/python3/dist-packages/colcon_core/task/python/colcon_distutils_commands:/home/tasc/AN_WS/install/nova_vision/lib/python3.10/site-packages:${PYTHONPATH} /usr/bin/python3 -W ignore:setup.py install is deprecated -W ignore:easy_install command is deprecated setup.py egg_info --egg-base ../build/nova_vision build --build-base /home/tasc/AN_WS/build/nova_vision/build install --record /home/tasc/AN_WS/build/nova_vision/install.log --single-version-externally-managed install_data
[4.205s] Level 1:colcon.colcon_core.environment:checking '/home/tasc/AN_WS/install/nova_vision' for CMake config files
[4.207s] Level 1:colcon.colcon_core.environment:checking '/home/tasc/AN_WS/install/nova_vision/lib'
[4.207s] Level 1:colcon.colcon_core.environment:checking '/home/tasc/AN_WS/install/nova_vision/bin'
[4.207s] Level 1:colcon.colcon_core.environment:checking '/home/tasc/AN_WS/install/nova_vision/lib/pkgconfig/nova_vision.pc'
[4.208s] Level 1:colcon.colcon_core.environment:checking '/home/tasc/AN_WS/install/nova_vision/lib/python3.10/site-packages'
[4.208s] Level 1:colcon.colcon_core.shell:create_environment_hook('nova_vision', 'pythonpath')
[4.209s] INFO:colcon.colcon_core.shell:Creating environment hook '/home/tasc/AN_WS/install/nova_vision/share/nova_vision/hook/pythonpath.ps1'
[4.210s] INFO:colcon.colcon_core.shell:Creating environment descriptor '/home/tasc/AN_WS/install/nova_vision/share/nova_vision/hook/pythonpath.dsv'
[4.211s] INFO:colcon.colcon_core.shell:Creating environment hook '/home/tasc/AN_WS/install/nova_vision/share/nova_vision/hook/pythonpath.sh'
[4.214s] Level 1:colcon.colcon_core.environment:checking '/home/tasc/AN_WS/install/nova_vision/bin'
[4.214s] Level 1:colcon.colcon_core.environment:create_environment_scripts_only(nova_vision)
[4.215s] INFO:colcon.colcon_core.shell:Creating package script '/home/tasc/AN_WS/install/nova_vision/share/nova_vision/package.ps1'
[4.218s] INFO:colcon.colcon_core.shell:Creating package descriptor '/home/tasc/AN_WS/install/nova_vision/share/nova_vision/package.dsv'
[4.221s] INFO:colcon.colcon_core.shell:Creating package script '/home/tasc/AN_WS/install/nova_vision/share/nova_vision/package.sh'
[4.222s] INFO:colcon.colcon_core.shell:Creating package script '/home/tasc/AN_WS/install/nova_vision/share/nova_vision/package.bash'
[4.223s] INFO:colcon.colcon_core.shell:Creating package script '/home/tasc/AN_WS/install/nova_vision/share/nova_vision/package.zsh'
[4.224s] Level 1:colcon.colcon_core.environment:create_file_with_runtime_dependencies(/home/tasc/AN_WS/install/nova_vision/share/colcon-core/packages/nova_vision)
[4.228s] Level 1:colcon.colcon_core.environment:checking '/home/tasc/AN_WS/install/navigation' for CMake module files
[4.230s] DEBUG:colcon.colcon_core.event_handler.log_command:Invoked command in '/home/tasc/AN_WS/src/navigation' returned '0': PYTHONPATH=/home/tasc/AN_WS/build/navigation/prefix_override:/usr/lib/python3/dist-packages/colcon_core/task/python/colcon_distutils_commands:/home/tasc/AN_WS/install/navigation/lib/python3.10/site-packages:${PYTHONPATH} /usr/bin/python3 -W ignore:setup.py install is deprecated -W ignore:easy_install command is deprecated setup.py egg_info --egg-base ../../build/navigation build --build-base /home/tasc/AN_WS/build/navigation/build install --record /home/tasc/AN_WS/build/navigation/install.log --single-version-externally-managed install_data
[4.231s] Level 1:colcon.colcon_core.environment:checking '/home/tasc/AN_WS/install/navigation' for CMake config files
[4.232s] Level 1:colcon.colcon_core.environment:checking '/home/tasc/AN_WS/install/navigation/lib'
[4.232s] Level 1:colcon.colcon_core.environment:checking '/home/tasc/AN_WS/install/navigation/bin'
[4.233s] Level 1:colcon.colcon_core.environment:checking '/home/tasc/AN_WS/install/navigation/lib/pkgconfig/navigation.pc'
[4.233s] Level 1:colcon.colcon_core.environment:checking '/home/tasc/AN_WS/install/navigation/lib/python3.10/site-packages'
[4.233s] Level 1:colcon.colcon_core.shell:create_environment_hook('navigation', 'pythonpath')
[4.234s] INFO:colcon.colcon_core.shell:Creating environment hook '/home/tasc/AN_WS/install/navigation/share/navigation/hook/pythonpath.ps1'
[4.235s] INFO:colcon.colcon_core.shell:Creating environment descriptor '/home/tasc/AN_WS/install/navigation/share/navigation/hook/pythonpath.dsv'
[4.236s] INFO:colcon.colcon_core.shell:Creating environment hook '/home/tasc/AN_WS/install/navigation/share/navigation/hook/pythonpath.sh'
[4.238s] Level 1:colcon.colcon_core.environment:checking '/home/tasc/AN_WS/install/navigation/bin'
[4.238s] Level 1:colcon.colcon_core.environment:create_environment_scripts_only(navigation)
[4.239s] INFO:colcon.colcon_core.shell:Creating package script '/home/tasc/AN_WS/install/navigation/share/navigation/package.ps1'
[4.240s] INFO:colcon.colcon_core.shell:Creating package descriptor '/home/tasc/AN_WS/install/navigation/share/navigation/package.dsv'
[4.241s] INFO:colcon.colcon_core.shell:Creating package script '/home/tasc/AN_WS/install/navigation/share/navigation/package.sh'
[4.242s] INFO:colcon.colcon_core.shell:Creating package script '/home/tasc/AN_WS/install/navigation/share/navigation/package.bash'
[4.243s] INFO:colcon.colcon_core.shell:Creating package script '/home/tasc/AN_WS/install/navigation/share/navigation/package.zsh'
[4.244s] Level 1:colcon.colcon_core.environment:create_file_with_runtime_dependencies(/home/tasc/AN_WS/install/navigation/share/colcon-core/packages/navigation)
[4.245s] DEBUG:colcon.colcon_parallel_executor.executor.parallel:closing loop
[4.246s] DEBUG:colcon.colcon_parallel_executor.executor.parallel:loop closed
[4.246s] DEBUG:colcon.colcon_parallel_executor.executor.parallel:run_until_complete finished with '0'
[4.246s] DEBUG:colcon.colcon_core.event_reactor:joining thread
[4.258s] INFO:colcon.colcon_core.plugin_system:Skipping extension 'colcon_notification.desktop_notification.terminal_notifier': Not used on non-Darwin systems
[4.259s] INFO:colcon.colcon_core.plugin_system:Skipping extension 'colcon_notification.desktop_notification.win32': Not used on non-Windows systems
[4.259s] INFO:colcon.colcon_notification.desktop_notification:Sending desktop notification using 'notify2'
[4.307s] DEBUG:colcon.colcon_core.event_reactor:joined thread
[4.308s] INFO:colcon.colcon_core.shell:Creating prefix script '/home/tasc/AN_WS/install/local_setup.ps1'
[4.311s] INFO:colcon.colcon_core.shell:Creating prefix util module '/home/tasc/AN_WS/install/_local_setup_util_ps1.py'
[4.314s] INFO:colcon.colcon_core.shell:Creating prefix chain script '/home/tasc/AN_WS/install/setup.ps1'
[4.317s] INFO:colcon.colcon_core.shell:Creating prefix script '/home/tasc/AN_WS/install/local_setup.sh'
[4.319s] INFO:colcon.colcon_core.shell:Creating prefix util module '/home/tasc/AN_WS/install/_local_setup_util_sh.py'
[4.322s] INFO:colcon.colcon_core.shell:Creating prefix chain script '/home/tasc/AN_WS/install/setup.sh'
[4.325s] INFO:colcon.colcon_core.shell:Creating prefix script '/home/tasc/AN_WS/install/local_setup.bash'
[4.326s] INFO:colcon.colcon_core.shell:Creating prefix chain script '/home/tasc/AN_WS/install/setup.bash'
[4.328s] INFO:colcon.colcon_core.shell:Creating prefix script '/home/tasc/AN_WS/install/local_setup.zsh'
[4.330s] INFO:colcon.colcon_core.shell:Creating prefix chain script '/home/tasc/AN_WS/install/setup.zsh'
