running egg_info
writing ../build/nova_vision/nova_vision.egg-info/PKG-INFO
writing dependency_links to ../build/nova_vision/nova_vision.egg-info/dependency_links.txt
writing entry points to ../build/nova_vision/nova_vision.egg-info/entry_points.txt
writing requirements to ../build/nova_vision/nova_vision.egg-info/requires.txt
writing top-level names to ../build/nova_vision/nova_vision.egg-info/top_level.txt
reading manifest file '../build/nova_vision/nova_vision.egg-info/SOURCES.txt'
adding license file 'LICENSE'
writing manifest file '../build/nova_vision/nova_vision.egg-info/SOURCES.txt'
running build
running build_py
running install
running install_lib
running install_data
running install_egg_info
removing '/home/tasc/AN_WS-1/install/nova_vision/lib/python3.10/site-packages/nova_vision-0.0.0-py3.10.egg-info' (and everything under it)
Copying ../build/nova_vision/nova_vision.egg-info to /home/tasc/AN_WS-1/install/nova_vision/lib/python3.10/site-packages/nova_vision-0.0.0-py3.10.egg-info
running install_scripts
Installing aruco_detect script to /home/tasc/AN_WS-1/install/nova_vision/lib/nova_vision
Installing camera_publisher script to /home/tasc/AN_WS-1/install/nova_vision/lib/nova_vision
Installing camera_subscriber script to /home/tasc/AN_WS-1/install/nova_vision/lib/nova_vision
Installing gps_aruco script to /home/tasc/AN_WS-1/install/nova_vision/lib/nova_vision
Installing gps_display script to /home/tasc/AN_WS-1/install/nova_vision/lib/nova_vision
Installing gps_node script to /home/tasc/AN_WS-1/install/nova_vision/lib/nova_vision
Installing multi_camera_publisher script to /home/tasc/AN_WS-1/install/nova_vision/lib/nova_vision
Installing object_tracker script to /home/tasc/AN_WS-1/install/nova_vision/lib/nova_vision
writing list of installed files to '/home/tasc/AN_WS-1/build/nova_vision/install.log'
