[3.445s] Invoking command in '/home/tasc/AN_WS-1/nova_vision': PYTHONPATH=/home/tasc/AN_WS-1/build/nova_vision/prefix_override:/usr/lib/python3/dist-packages/colcon_core/task/python/colcon_distutils_commands:/home/tasc/AN_WS-1/install/nova_vision/lib/python3.10/site-packages:${PYTHONPATH} /usr/bin/python3 -W ignore:setup.py install is deprecated -W ignore:easy_install command is deprecated setup.py egg_info --egg-base ../build/nova_vision build --build-base /home/tasc/AN_WS-1/build/nova_vision/build install --record /home/tasc/AN_WS-1/build/nova_vision/install.log --single-version-externally-managed install_data
[4.062s] running egg_info
[4.064s] writing ../build/nova_vision/nova_vision.egg-info/PKG-INFO
[4.065s] writing dependency_links to ../build/nova_vision/nova_vision.egg-info/dependency_links.txt
[4.065s] writing entry points to ../build/nova_vision/nova_vision.egg-info/entry_points.txt
[4.066s] writing requirements to ../build/nova_vision/nova_vision.egg-info/requires.txt
[4.066s] writing top-level names to ../build/nova_vision/nova_vision.egg-info/top_level.txt
[4.071s] reading manifest file '../build/nova_vision/nova_vision.egg-info/SOURCES.txt'
[4.071s] adding license file 'LICENSE'
[4.074s] writing manifest file '../build/nova_vision/nova_vision.egg-info/SOURCES.txt'
[4.074s] running build
[4.074s] running build_py
[4.076s] running install
[4.077s] running install_lib
[4.082s] running install_data
[4.082s] running install_egg_info
[4.092s] removing '/home/tasc/AN_WS-1/install/nova_vision/lib/python3.10/site-packages/nova_vision-0.0.0-py3.10.egg-info' (and everything under it)
[4.092s] Copying ../build/nova_vision/nova_vision.egg-info to /home/tasc/AN_WS-1/install/nova_vision/lib/python3.10/site-packages/nova_vision-0.0.0-py3.10.egg-info
[4.093s] running install_scripts
[4.149s] Installing aruco_detect script to /home/tasc/AN_WS-1/install/nova_vision/lib/nova_vision
[4.149s] Installing camera_publisher script to /home/tasc/AN_WS-1/install/nova_vision/lib/nova_vision
[4.150s] Installing camera_subscriber script to /home/tasc/AN_WS-1/install/nova_vision/lib/nova_vision
[4.150s] Installing gps_aruco script to /home/tasc/AN_WS-1/install/nova_vision/lib/nova_vision
[4.150s] Installing gps_display script to /home/tasc/AN_WS-1/install/nova_vision/lib/nova_vision
[4.151s] Installing gps_node script to /home/tasc/AN_WS-1/install/nova_vision/lib/nova_vision
[4.151s] Installing multi_camera_publisher script to /home/tasc/AN_WS-1/install/nova_vision/lib/nova_vision
[4.151s] Installing object_tracker script to /home/tasc/AN_WS-1/install/nova_vision/lib/nova_vision
[4.152s] writing list of installed files to '/home/tasc/AN_WS-1/build/nova_vision/install.log'
[4.228s] Invoked command in '/home/tasc/AN_WS-1/nova_vision' returned '0': PYTHONPATH=/home/tasc/AN_WS-1/build/nova_vision/prefix_override:/usr/lib/python3/dist-packages/colcon_core/task/python/colcon_distutils_commands:/home/tasc/AN_WS-1/install/nova_vision/lib/python3.10/site-packages:${PYTHONPATH} /usr/bin/python3 -W ignore:setup.py install is deprecated -W ignore:easy_install command is deprecated setup.py egg_info --egg-base ../build/nova_vision build --build-base /home/tasc/AN_WS-1/build/nova_vision/build install --record /home/tasc/AN_WS-1/build/nova_vision/install.log --single-version-externally-managed install_data
