[4.220s] Invoking command in '/home/TASC/AN_WS/nova_vision': PYTHONPATH=/home/TASC/AN_WS/build/nova_vision/prefix_override:/usr/lib/python3/dist-packages/colcon_core/task/python/colcon_distutils_commands:/home/TASC/AN_WS/install/nova_vision/lib/python3.10/site-packages:${PYTHONPATH} /usr/bin/python3 -W ignore:setup.py install is deprecated -W ignore:easy_install command is deprecated setup.py egg_info --egg-base ../build/nova_vision build --build-base /home/TASC/AN_WS/build/nova_vision/build install --record /home/TASC/AN_WS/build/nova_vision/install.log --single-version-externally-managed install_data
[5.352s] running egg_info
[5.352s] writing ../build/nova_vision/nova_vision.egg-info/PKG-INFO
[5.352s] writing dependency_links to ../build/nova_vision/nova_vision.egg-info/dependency_links.txt
[5.365s] writing entry points to ../build/nova_vision/nova_vision.egg-info/entry_points.txt
[5.365s] writing requirements to ../build/nova_vision/nova_vision.egg-info/requires.txt
[5.365s] writing top-level names to ../build/nova_vision/nova_vision.egg-info/top_level.txt
[5.365s] reading manifest file '../build/nova_vision/nova_vision.egg-info/SOURCES.txt'
[5.366s] adding license file 'LICENSE'
[5.369s] writing manifest file '../build/nova_vision/nova_vision.egg-info/SOURCES.txt'
[5.373s] running build
[5.373s] running build_py
[5.373s] running install
[5.377s] running install_lib
[5.393s] running install_data
[5.395s] running install_egg_info
[5.397s] removing '/home/TASC/AN_WS/install/nova_vision/lib/python3.10/site-packages/nova_vision-0.0.0-py3.10.egg-info' (and everything under it)
[5.398s] Copying ../build/nova_vision/nova_vision.egg-info to /home/TASC/AN_WS/install/nova_vision/lib/python3.10/site-packages/nova_vision-0.0.0-py3.10.egg-info
[5.411s] running install_scripts
[5.482s] Installing aruco_detect script to /home/TASC/AN_WS/install/nova_vision/lib/nova_vision
[5.484s] Installing camera_publisher script to /home/TASC/AN_WS/install/nova_vision/lib/nova_vision
[5.485s] Installing camera_subscriber script to /home/TASC/AN_WS/install/nova_vision/lib/nova_vision
[5.485s] Installing gps_aruco script to /home/TASC/AN_WS/install/nova_vision/lib/nova_vision
[5.485s] Installing gps_display script to /home/TASC/AN_WS/install/nova_vision/lib/nova_vision
[5.489s] Installing gps_node script to /home/TASC/AN_WS/install/nova_vision/lib/nova_vision
[5.492s] Installing multi_camera_publisher script to /home/TASC/AN_WS/install/nova_vision/lib/nova_vision
[5.492s] Installing object_tracker script to /home/TASC/AN_WS/install/nova_vision/lib/nova_vision
[5.493s] writing list of installed files to '/home/TASC/AN_WS/build/nova_vision/install.log'
[5.642s] Invoked command in '/home/TASC/AN_WS/nova_vision' returned '0': PYTHONPATH=/home/TASC/AN_WS/build/nova_vision/prefix_override:/usr/lib/python3/dist-packages/colcon_core/task/python/colcon_distutils_commands:/home/TASC/AN_WS/install/nova_vision/lib/python3.10/site-packages:${PYTHONPATH} /usr/bin/python3 -W ignore:setup.py install is deprecated -W ignore:easy_install command is deprecated setup.py egg_info --egg-base ../build/nova_vision build --build-base /home/TASC/AN_WS/build/nova_vision/build install --record /home/TASC/AN_WS/build/nova_vision/install.log --single-version-externally-managed install_data
