[3.249s] Invoking command in '/home/tasc/AN_WS/nova_vision': PYTHONPATH=/home/tasc/AN_WS/build/nova_vision/prefix_override:/usr/lib/python3/dist-packages/colcon_core/task/python/colcon_distutils_commands:/home/tasc/AN_WS/install/nova_vision/lib/python3.10/site-packages:${PYTHONPATH} /usr/bin/python3 -W ignore:setup.py install is deprecated -W ignore:easy_install command is deprecated setup.py egg_info --egg-base ../build/nova_vision build --build-base /home/tasc/AN_WS/build/nova_vision/build install --record /home/tasc/AN_WS/build/nova_vision/install.log --single-version-externally-managed install_data
[3.814s] running egg_info
[3.816s] writing ../build/nova_vision/nova_vision.egg-info/PKG-INFO
[3.816s] writing dependency_links to ../build/nova_vision/nova_vision.egg-info/dependency_links.txt
[3.816s] writing entry points to ../build/nova_vision/nova_vision.egg-info/entry_points.txt
[3.816s] writing requirements to ../build/nova_vision/nova_vision.egg-info/requires.txt
[3.817s] writing top-level names to ../build/nova_vision/nova_vision.egg-info/top_level.txt
[3.819s] reading manifest file '../build/nova_vision/nova_vision.egg-info/SOURCES.txt'
[3.819s] adding license file 'LICENSE'
[3.821s] writing manifest file '../build/nova_vision/nova_vision.egg-info/SOURCES.txt'
[3.821s] running build
[3.821s] running build_py
[3.826s] running install
[3.826s] running install_lib
[3.828s] running install_data
[3.829s] running install_egg_info
[3.833s] removing '/home/tasc/AN_WS/install/nova_vision/lib/python3.10/site-packages/nova_vision-0.0.0-py3.10.egg-info' (and everything under it)
[3.834s] Copying ../build/nova_vision/nova_vision.egg-info to /home/tasc/AN_WS/install/nova_vision/lib/python3.10/site-packages/nova_vision-0.0.0-py3.10.egg-info
[3.837s] running install_scripts
[3.889s] Installing aruco_detect script to /home/tasc/AN_WS/install/nova_vision/lib/nova_vision
[3.890s] Installing camera_publisher script to /home/tasc/AN_WS/install/nova_vision/lib/nova_vision
[3.890s] Installing camera_subscriber script to /home/tasc/AN_WS/install/nova_vision/lib/nova_vision
[3.890s] Installing gps_aruco script to /home/tasc/AN_WS/install/nova_vision/lib/nova_vision
[3.891s] Installing gps_display script to /home/tasc/AN_WS/install/nova_vision/lib/nova_vision
[3.891s] Installing gps_node script to /home/tasc/AN_WS/install/nova_vision/lib/nova_vision
[3.891s] Installing multi_camera_publisher script to /home/tasc/AN_WS/install/nova_vision/lib/nova_vision
[3.892s] Installing object_tracker script to /home/tasc/AN_WS/install/nova_vision/lib/nova_vision
[3.893s] writing list of installed files to '/home/tasc/AN_WS/build/nova_vision/install.log'
[4.032s] Invoked command in '/home/tasc/AN_WS/nova_vision' returned '0': PYTHONPATH=/home/tasc/AN_WS/build/nova_vision/prefix_override:/usr/lib/python3/dist-packages/colcon_core/task/python/colcon_distutils_commands:/home/tasc/AN_WS/install/nova_vision/lib/python3.10/site-packages:${PYTHONPATH} /usr/bin/python3 -W ignore:setup.py install is deprecated -W ignore:easy_install command is deprecated setup.py egg_info --egg-base ../build/nova_vision build --build-base /home/tasc/AN_WS/build/nova_vision/build install --record /home/tasc/AN_WS/build/nova_vision/install.log --single-version-externally-managed install_data
