[7.524s] Invoking command in '/home/moon/AN_WS/src/cam_stream': PYTHONPATH=/home/moon/AN_WS/build/cam_stream/prefix_override:/usr/lib/python3/dist-packages/colcon_core/task/python/colcon_distutils_commands:/home/moon/AN_WS/install/cam_stream/lib/python3.10/site-packages:${PYTHONPATH} /usr/bin/python3 -W ignore:setup.py install is deprecated -W ignore:easy_install command is deprecated setup.py egg_info --egg-base ../../build/cam_stream build --build-base /home/moon/AN_WS/build/cam_stream/build install --record /home/moon/AN_WS/build/cam_stream/install.log --single-version-externally-managed install_data
[9.744s] running egg_info
[9.750s] writing ../../build/cam_stream/cam_stream.egg-info/PKG-INFO
[9.753s] writing dependency_links to ../../build/cam_stream/cam_stream.egg-info/dependency_links.txt
[9.782s] writing entry points to ../../build/cam_stream/cam_stream.egg-info/entry_points.txt
[9.789s] writing requirements to ../../build/cam_stream/cam_stream.egg-info/requires.txt
[9.804s] writing top-level names to ../../build/cam_stream/cam_stream.egg-info/top_level.txt
[9.907s] reading manifest file '../../build/cam_stream/cam_stream.egg-info/SOURCES.txt'
[9.908s] writing manifest file '../../build/cam_stream/cam_stream.egg-info/SOURCES.txt'
[9.908s] running build
[9.908s] running build_py
[9.919s] copying cam_stream/multi_cam_gps_aruco.py -> /home/moon/AN_WS/build/cam_stream/build/lib/cam_stream
[9.920s] running install
[9.920s] running install_lib
[9.920s] copying /home/moon/AN_WS/build/cam_stream/build/lib/cam_stream/multi_cam_gps_aruco.py -> /home/moon/AN_WS/install/cam_stream/lib/python3.10/site-packages/cam_stream
[9.949s] byte-compiling /home/moon/AN_WS/install/cam_stream/lib/python3.10/site-packages/cam_stream/multi_cam_gps_aruco.py to multi_cam_gps_aruco.cpython-310.pyc
[10.029s] running install_data
[10.031s] running install_egg_info
[10.132s] removing '/home/moon/AN_WS/install/cam_stream/lib/python3.10/site-packages/cam_stream-0.0.0-py3.10.egg-info' (and everything under it)
[10.148s] Copying ../../build/cam_stream/cam_stream.egg-info to /home/moon/AN_WS/install/cam_stream/lib/python3.10/site-packages/cam_stream-0.0.0-py3.10.egg-info
[10.180s] running install_scripts
[10.252s] Installing gps_node script to /home/moon/AN_WS/install/cam_stream/lib/cam_stream
[10.252s] Installing multi_cam_gps_aruco script to /home/moon/AN_WS/install/cam_stream/lib/cam_stream
[10.252s] Installing multi_camera_publisher script to /home/moon/AN_WS/install/cam_stream/lib/cam_stream
[10.257s] Installing multi_camera_subscriber script to /home/moon/AN_WS/install/cam_stream/lib/cam_stream
[10.258s] writing list of installed files to '/home/moon/AN_WS/build/cam_stream/install.log'
[10.474s] Invoked command in '/home/moon/AN_WS/src/cam_stream' returned '0': PYTHONPATH=/home/moon/AN_WS/build/cam_stream/prefix_override:/usr/lib/python3/dist-packages/colcon_core/task/python/colcon_distutils_commands:/home/moon/AN_WS/install/cam_stream/lib/python3.10/site-packages:${PYTHONPATH} /usr/bin/python3 -W ignore:setup.py install is deprecated -W ignore:easy_install command is deprecated setup.py egg_info --egg-base ../../build/cam_stream build --build-base /home/moon/AN_WS/build/cam_stream/build install --record /home/moon/AN_WS/build/cam_stream/install.log --single-version-externally-managed install_data
