[5.438s] Invoking command in '/home/moon/AN_WS/nova_vision': PYTHONPATH=/home/moon/AN_WS/build/nova_vision/prefix_override:/usr/lib/python3/dist-packages/colcon_core/task/python/colcon_distutils_commands:/home/moon/AN_WS/install/nova_vision/lib/python3.10/site-packages:${PYTHONPATH} /usr/bin/python3 -W ignore:setup.py install is deprecated -W ignore:easy_install command is deprecated setup.py egg_info --egg-base ../build/nova_vision build --build-base /home/moon/AN_WS/build/nova_vision/build install --record /home/moon/AN_WS/build/nova_vision/install.log --single-version-externally-managed install_data
[8.770s] running egg_info
[8.770s] writing ../build/nova_vision/nova_vision.egg-info/PKG-INFO
[8.771s] writing dependency_links to ../build/nova_vision/nova_vision.egg-info/dependency_links.txt
[8.771s] writing entry points to ../build/nova_vision/nova_vision.egg-info/entry_points.txt
[8.771s] writing requirements to ../build/nova_vision/nova_vision.egg-info/requires.txt
[8.771s] writing top-level names to ../build/nova_vision/nova_vision.egg-info/top_level.txt
[8.797s] reading manifest file '../build/nova_vision/nova_vision.egg-info/SOURCES.txt'
[8.800s] adding license file 'LICENSE'
[8.809s] writing manifest file '../build/nova_vision/nova_vision.egg-info/SOURCES.txt'
[8.815s] running build
[8.816s] running build_py
[8.816s] running install
[8.816s] running install_lib
[8.816s] running install_data
[8.817s] running install_egg_info
[8.829s] removing '/home/moon/AN_WS/install/nova_vision/lib/python3.10/site-packages/nova_vision-0.0.0-py3.10.egg-info' (and everything under it)
[8.829s] Copying ../build/nova_vision/nova_vision.egg-info to /home/moon/AN_WS/install/nova_vision/lib/python3.10/site-packages/nova_vision-0.0.0-py3.10.egg-info
[8.832s] running install_scripts
[8.899s] Installing aruco_detect script to /home/moon/AN_WS/install/nova_vision/lib/nova_vision
[8.902s] Installing camera_publisher script to /home/moon/AN_WS/install/nova_vision/lib/nova_vision
[8.903s] Installing camera_subscriber script to /home/moon/AN_WS/install/nova_vision/lib/nova_vision
[8.905s] Installing gps_aruco script to /home/moon/AN_WS/install/nova_vision/lib/nova_vision
[8.909s] Installing gps_display script to /home/moon/AN_WS/install/nova_vision/lib/nova_vision
[8.909s] Installing gps_node script to /home/moon/AN_WS/install/nova_vision/lib/nova_vision
[8.910s] Installing multi_camera_publisher script to /home/moon/AN_WS/install/nova_vision/lib/nova_vision
[8.910s] Installing object_tracker script to /home/moon/AN_WS/install/nova_vision/lib/nova_vision
[8.911s] writing list of installed files to '/home/moon/AN_WS/build/nova_vision/install.log'
[9.040s] Invoked command in '/home/moon/AN_WS/nova_vision' returned '0': PYTHONPATH=/home/moon/AN_WS/build/nova_vision/prefix_override:/usr/lib/python3/dist-packages/colcon_core/task/python/colcon_distutils_commands:/home/moon/AN_WS/install/nova_vision/lib/python3.10/site-packages:${PYTHONPATH} /usr/bin/python3 -W ignore:setup.py install is deprecated -W ignore:easy_install command is deprecated setup.py egg_info --egg-base ../build/nova_vision build --build-base /home/moon/AN_WS/build/nova_vision/build install --record /home/moon/AN_WS/build/nova_vision/install.log --single-version-externally-managed install_data
