[3.368s] Invoking command in '/home/moon/AN_WS/src/navigation': PYTHONPATH=/home/moon/AN_WS/build/navigation/prefix_override:/usr/lib/python3/dist-packages/colcon_core/task/python/colcon_distutils_commands:/home/moon/AN_WS/install/navigation/lib/python3.10/site-packages:${PYTHONPATH} /usr/bin/python3 -W ignore:setup.py install is deprecated -W ignore:easy_install command is deprecated setup.py egg_info --egg-base ../../build/navigation build --build-base /home/moon/AN_WS/build/navigation/build install --record /home/moon/AN_WS/build/navigation/install.log --single-version-externally-managed install_data
[4.179s] running egg_info
[4.197s] writing ../../build/navigation/navigation.egg-info/PKG-INFO
[4.198s] writing dependency_links to ../../build/navigation/navigation.egg-info/dependency_links.txt
[4.198s] writing entry points to ../../build/navigation/navigation.egg-info/entry_points.txt
[4.198s] writing requirements to ../../build/navigation/navigation.egg-info/requires.txt
[4.208s] writing top-level names to ../../build/navigation/navigation.egg-info/top_level.txt
[4.220s] reading manifest file '../../build/navigation/navigation.egg-info/SOURCES.txt'
[4.230s] adding license file 'LICENSE'
[4.231s] writing manifest file '../../build/navigation/navigation.egg-info/SOURCES.txt'
[4.231s] running build
[4.231s] running build_py
[4.231s] running install
[4.232s] running install_lib
[4.236s] running install_data
[4.236s] running install_egg_info
[4.237s] removing '/home/moon/AN_WS/install/navigation/lib/python3.10/site-packages/navigation-0.0.0-py3.10.egg-info' (and everything under it)
[4.237s] Copying ../../build/navigation/navigation.egg-info to /home/moon/AN_WS/install/navigation/lib/python3.10/site-packages/navigation-0.0.0-py3.10.egg-info
[4.237s] running install_scripts
[4.291s] Installing aruco_marker_publisher script to /home/moon/AN_WS/install/navigation/lib/navigation
[4.295s] Installing camera_publisher script to /home/moon/AN_WS/install/navigation/lib/navigation
[4.296s] Installing camera_subscriber script to /home/moon/AN_WS/install/navigation/lib/navigation
[4.297s] Installing combined_gps_aruco script to /home/moon/AN_WS/install/navigation/lib/navigation
[4.297s] Installing gps_display script to /home/moon/AN_WS/install/navigation/lib/navigation
[4.301s] Installing gps_node script to /home/moon/AN_WS/install/navigation/lib/navigation
[4.311s] Installing gst_pub script to /home/moon/AN_WS/install/navigation/lib/navigation
[4.312s] Installing multi_camera_publisher script to /home/moon/AN_WS/install/navigation/lib/navigation
[4.313s] Installing multi_camera_publisher_gst script to /home/moon/AN_WS/install/navigation/lib/navigation
[4.317s] Installing multi_camera_subscriber_gst script to /home/moon/AN_WS/install/navigation/lib/navigation
[4.318s] writing list of installed files to '/home/moon/AN_WS/build/navigation/install.log'
[4.354s] Invoked command in '/home/moon/AN_WS/src/navigation' returned '0': PYTHONPATH=/home/moon/AN_WS/build/navigation/prefix_override:/usr/lib/python3/dist-packages/colcon_core/task/python/colcon_distutils_commands:/home/moon/AN_WS/install/navigation/lib/python3.10/site-packages:${PYTHONPATH} /usr/bin/python3 -W ignore:setup.py install is deprecated -W ignore:easy_install command is deprecated setup.py egg_info --egg-base ../../build/navigation build --build-base /home/moon/AN_WS/build/navigation/build install --record /home/moon/AN_WS/build/navigation/install.log --single-version-externally-managed install_data
