[3.044s] Invoking command in '/home/moon/AN_WS/src/navigation': PYTHONPATH=/home/moon/AN_WS/build/navigation/prefix_override:/usr/lib/python3/dist-packages/colcon_core/task/python/colcon_distutils_commands:/home/moon/AN_WS/install/navigation/lib/python3.10/site-packages:${PYTHONPATH} /usr/bin/python3 -W ignore:setup.py install is deprecated -W ignore:easy_install command is deprecated setup.py egg_info --egg-base ../../build/navigation build --build-base /home/moon/AN_WS/build/navigation/build install --record /home/moon/AN_WS/build/navigation/install.log --single-version-externally-managed install_data
[3.583s] running egg_info
[3.587s] writing ../../build/navigation/navigation.egg-info/PKG-INFO
[3.587s] writing dependency_links to ../../build/navigation/navigation.egg-info/dependency_links.txt
[3.588s] writing entry points to ../../build/navigation/navigation.egg-info/entry_points.txt
[3.590s] writing requirements to ../../build/navigation/navigation.egg-info/requires.txt
[3.595s] writing top-level names to ../../build/navigation/navigation.egg-info/top_level.txt
[3.599s] reading manifest file '../../build/navigation/navigation.egg-info/SOURCES.txt'
[3.608s] adding license file 'LICENSE'
[3.611s] writing manifest file '../../build/navigation/navigation.egg-info/SOURCES.txt'
[3.612s] running build
[3.612s] running build_py
[3.612s] running install
[3.614s] running install_lib
[3.625s] running install_data
[3.626s] running install_egg_info
[3.638s] removing '/home/moon/AN_WS/install/navigation/lib/python3.10/site-packages/navigation-0.0.0-py3.10.egg-info' (and everything under it)
[3.645s] Copying ../../build/navigation/navigation.egg-info to /home/moon/AN_WS/install/navigation/lib/python3.10/site-packages/navigation-0.0.0-py3.10.egg-info
[3.668s] running install_scripts
[3.713s] Installing aruco_marker_publisher script to /home/moon/AN_WS/install/navigation/lib/navigation
[3.713s] Installing camera_publisher script to /home/moon/AN_WS/install/navigation/lib/navigation
[3.715s] Installing camera_subscriber script to /home/moon/AN_WS/install/navigation/lib/navigation
[3.719s] Installing combined_gps_aruco script to /home/moon/AN_WS/install/navigation/lib/navigation
[3.720s] Installing gps_display script to /home/moon/AN_WS/install/navigation/lib/navigation
[3.721s] Installing gps_node script to /home/moon/AN_WS/install/navigation/lib/navigation
[3.721s] Installing gst_pub script to /home/moon/AN_WS/install/navigation/lib/navigation
[3.721s] Installing multi_camera_publisher script to /home/moon/AN_WS/install/navigation/lib/navigation
[3.721s] Installing multi_camera_publisher_gst script to /home/moon/AN_WS/install/navigation/lib/navigation
[3.724s] Installing multi_camera_subscriber_gst script to /home/moon/AN_WS/install/navigation/lib/navigation
[3.724s] writing list of installed files to '/home/moon/AN_WS/build/navigation/install.log'
[3.757s] Invoked command in '/home/moon/AN_WS/src/navigation' returned '0': PYTHONPATH=/home/moon/AN_WS/build/navigation/prefix_override:/usr/lib/python3/dist-packages/colcon_core/task/python/colcon_distutils_commands:/home/moon/AN_WS/install/navigation/lib/python3.10/site-packages:${PYTHONPATH} /usr/bin/python3 -W ignore:setup.py install is deprecated -W ignore:easy_install command is deprecated setup.py egg_info --egg-base ../../build/navigation build --build-base /home/moon/AN_WS/build/navigation/build install --record /home/moon/AN_WS/build/navigation/install.log --single-version-externally-managed install_data
