[2.677s] Invoking command in '/home/tasc/AN_WS/src/navigation': PYTHONPATH=/home/tasc/AN_WS/build/navigation/prefix_override:/usr/lib/python3/dist-packages/colcon_core/task/python/colcon_distutils_commands:/home/tasc/AN_WS/install/navigation/lib/python3.10/site-packages:${PYTHONPATH} /usr/bin/python3 -W ignore:setup.py install is deprecated -W ignore:easy_install command is deprecated setup.py egg_info --egg-base ../../build/navigation build --build-base /home/tasc/AN_WS/build/navigation/build install --record /home/tasc/AN_WS/build/navigation/install.log --single-version-externally-managed install_data
[3.225s] running egg_info
[3.227s] writing ../../build/navigation/navigation.egg-info/PKG-INFO
[3.227s] writing dependency_links to ../../build/navigation/navigation.egg-info/dependency_links.txt
[3.228s] writing entry points to ../../build/navigation/navigation.egg-info/entry_points.txt
[3.228s] writing requirements to ../../build/navigation/navigation.egg-info/requires.txt
[3.229s] writing top-level names to ../../build/navigation/navigation.egg-info/top_level.txt
[3.233s] reading manifest file '../../build/navigation/navigation.egg-info/SOURCES.txt'
[3.233s] adding license file 'LICENSE'
[3.235s] writing manifest file '../../build/navigation/navigation.egg-info/SOURCES.txt'
[3.235s] running build
[3.235s] running build_py
[3.237s] copying navigation/multi_camera_subscriber_gst.py -> /home/tasc/AN_WS/build/navigation/build/lib/navigation
[3.237s] copying navigation/multi_camera_publisher_gst.py -> /home/tasc/AN_WS/build/navigation/build/lib/navigation
[3.238s] running install
[3.239s] running install_lib
[3.241s] copying /home/tasc/AN_WS/build/navigation/build/lib/navigation/multi_camera_subscriber_gst.py -> /home/tasc/AN_WS/install/navigation/lib/python3.10/site-packages/navigation
[3.242s] copying /home/tasc/AN_WS/build/navigation/build/lib/navigation/multi_camera_publisher_gst.py -> /home/tasc/AN_WS/install/navigation/lib/python3.10/site-packages/navigation
[3.244s] byte-compiling /home/tasc/AN_WS/install/navigation/lib/python3.10/site-packages/navigation/multi_camera_subscriber_gst.py to multi_camera_subscriber_gst.cpython-310.pyc
[3.245s] byte-compiling /home/tasc/AN_WS/install/navigation/lib/python3.10/site-packages/navigation/multi_camera_publisher_gst.py to multi_camera_publisher_gst.cpython-310.pyc
[3.247s] running install_data
[3.247s] running install_egg_info
[3.252s] removing '/home/tasc/AN_WS/install/navigation/lib/python3.10/site-packages/navigation-0.0.0-py3.10.egg-info' (and everything under it)
[3.252s] Copying ../../build/navigation/navigation.egg-info to /home/tasc/AN_WS/install/navigation/lib/python3.10/site-packages/navigation-0.0.0-py3.10.egg-info
[3.255s] running install_scripts
[3.305s] Installing aruco_marker_publisher script to /home/tasc/AN_WS/install/navigation/lib/navigation
[3.305s] Installing camera_publisher script to /home/tasc/AN_WS/install/navigation/lib/navigation
[3.306s] Installing camera_subscriber script to /home/tasc/AN_WS/install/navigation/lib/navigation
[3.306s] Installing combined_gps_aruco script to /home/tasc/AN_WS/install/navigation/lib/navigation
[3.306s] Installing gps_display script to /home/tasc/AN_WS/install/navigation/lib/navigation
[3.307s] Installing gps_node script to /home/tasc/AN_WS/install/navigation/lib/navigation
[3.307s] Installing gst_pub script to /home/tasc/AN_WS/install/navigation/lib/navigation
[3.307s] Installing multi_camera_publisher script to /home/tasc/AN_WS/install/navigation/lib/navigation
[3.307s] Installing multi_camera_publisher_gst script to /home/tasc/AN_WS/install/navigation/lib/navigation
[3.308s] Installing multi_camera_subscriber_gst script to /home/tasc/AN_WS/install/navigation/lib/navigation
[3.309s] writing list of installed files to '/home/tasc/AN_WS/build/navigation/install.log'
[3.406s] Invoked command in '/home/tasc/AN_WS/src/navigation' returned '0': PYTHONPATH=/home/tasc/AN_WS/build/navigation/prefix_override:/usr/lib/python3/dist-packages/colcon_core/task/python/colcon_distutils_commands:/home/tasc/AN_WS/install/navigation/lib/python3.10/site-packages:${PYTHONPATH} /usr/bin/python3 -W ignore:setup.py install is deprecated -W ignore:easy_install command is deprecated setup.py egg_info --egg-base ../../build/navigation build --build-base /home/tasc/AN_WS/build/navigation/build install --record /home/tasc/AN_WS/build/navigation/install.log --single-version-externally-managed install_data
