[3.439s] Invoking command in '/home/tasc/AN_WS-1/nova_vision': PYTHONPATH=/home/tasc/AN_WS-1/build/nova_vision/prefix_override:/usr/lib/python3/dist-packages/colcon_core/task/python/colcon_distutils_commands:/home/tasc/AN_WS-1/install/nova_vision/lib/python3.10/site-packages:${PYTHONPATH} /usr/bin/python3 -W ignore:setup.py install is deprecated -W ignore:easy_install command is deprecated setup.py egg_info --egg-base ../build/nova_vision build --build-base /home/tasc/AN_WS-1/build/nova_vision/build install --record /home/tasc/AN_WS-1/build/nova_vision/install.log --single-version-externally-managed install_data
[4.026s] running egg_info
[4.028s] writing ../build/nova_vision/nova_vision.egg-info/PKG-INFO
[4.029s] writing dependency_links to ../build/nova_vision/nova_vision.egg-info/dependency_links.txt
[4.029s] writing entry points to ../build/nova_vision/nova_vision.egg-info/entry_points.txt
[4.030s] writing requirements to ../build/nova_vision/nova_vision.egg-info/requires.txt
[4.030s] writing top-level names to ../build/nova_vision/nova_vision.egg-info/top_level.txt
[4.034s] reading manifest file '../build/nova_vision/nova_vision.egg-info/SOURCES.txt'
[4.035s] adding license file 'LICENSE'
[4.037s] writing manifest file '../build/nova_vision/nova_vision.egg-info/SOURCES.txt'
[4.037s] running build
[4.037s] running build_py
[4.039s] running install
[4.040s] running install_lib
[4.044s] running install_data
[4.044s] running install_egg_info
[4.052s] removing '/home/tasc/AN_WS-1/install/nova_vision/lib/python3.10/site-packages/nova_vision-0.0.0-py3.10.egg-info' (and everything under it)
[4.053s] Copying ../build/nova_vision/nova_vision.egg-info to /home/tasc/AN_WS-1/install/nova_vision/lib/python3.10/site-packages/nova_vision-0.0.0-py3.10.egg-info
[4.056s] running install_scripts
[4.107s] Installing aruco_detect script to /home/tasc/AN_WS-1/install/nova_vision/lib/nova_vision
[4.107s] Installing camera_publisher script to /home/tasc/AN_WS-1/install/nova_vision/lib/nova_vision
[4.108s] Installing camera_subscriber script to /home/tasc/AN_WS-1/install/nova_vision/lib/nova_vision
[4.108s] Installing gps_aruco script to /home/tasc/AN_WS-1/install/nova_vision/lib/nova_vision
[4.108s] Installing gps_display script to /home/tasc/AN_WS-1/install/nova_vision/lib/nova_vision
[4.111s] Installing gps_node script to /home/tasc/AN_WS-1/install/nova_vision/lib/nova_vision
[4.111s] Installing multi_camera_publisher script to /home/tasc/AN_WS-1/install/nova_vision/lib/nova_vision
[4.111s] Installing object_tracker script to /home/tasc/AN_WS-1/install/nova_vision/lib/nova_vision
[4.111s] writing list of installed files to '/home/tasc/AN_WS-1/build/nova_vision/install.log'
[4.236s] Invoked command in '/home/tasc/AN_WS-1/nova_vision' returned '0': PYTHONPATH=/home/tasc/AN_WS-1/build/nova_vision/prefix_override:/usr/lib/python3/dist-packages/colcon_core/task/python/colcon_distutils_commands:/home/tasc/AN_WS-1/install/nova_vision/lib/python3.10/site-packages:${PYTHONPATH} /usr/bin/python3 -W ignore:setup.py install is deprecated -W ignore:easy_install command is deprecated setup.py egg_info --egg-base ../build/nova_vision build --build-base /home/tasc/AN_WS-1/build/nova_vision/build install --record /home/tasc/AN_WS-1/build/nova_vision/install.log --single-version-externally-managed install_data
