[2.690s] Invoking command in '/home/tasc/AN_WS/src/navigation': PYTHONPATH=/home/tasc/AN_WS/build/navigation/prefix_override:/usr/lib/python3/dist-packages/colcon_core/task/python/colcon_distutils_commands:/home/tasc/AN_WS/install/navigation/lib/python3.10/site-packages:${PYTHONPATH} /usr/bin/python3 -W ignore:setup.py install is deprecated -W ignore:easy_install command is deprecated setup.py egg_info --egg-base ../../build/navigation build --build-base /home/tasc/AN_WS/build/navigation/build install --record /home/tasc/AN_WS/build/navigation/install.log --single-version-externally-managed install_data
[3.258s] running egg_info
[3.259s] writing ../../build/navigation/navigation.egg-info/PKG-INFO
[3.260s] writing dependency_links to ../../build/navigation/navigation.egg-info/dependency_links.txt
[3.261s] writing entry points to ../../build/navigation/navigation.egg-info/entry_points.txt
[3.261s] writing requirements to ../../build/navigation/navigation.egg-info/requires.txt
[3.262s] writing top-level names to ../../build/navigation/navigation.egg-info/top_level.txt
[3.266s] reading manifest file '../../build/navigation/navigation.egg-info/SOURCES.txt'
[3.267s] adding license file 'LICENSE'
[3.268s] writing manifest file '../../build/navigation/navigation.egg-info/SOURCES.txt'
[3.269s] running build
[3.269s] running build_py
[3.270s] copying navigation/multi_camera_subscriber_gst.py -> /home/tasc/AN_WS/build/navigation/build/lib/navigation
[3.271s] running install
[3.272s] running install_lib
[3.275s] copying /home/tasc/AN_WS/build/navigation/build/lib/navigation/multi_camera_subscriber_gst.py -> /home/tasc/AN_WS/install/navigation/lib/python3.10/site-packages/navigation
[3.277s] byte-compiling /home/tasc/AN_WS/install/navigation/lib/python3.10/site-packages/navigation/multi_camera_subscriber_gst.py to multi_camera_subscriber_gst.cpython-310.pyc
[3.279s] running install_data
[3.280s] running install_egg_info
[3.284s] removing '/home/tasc/AN_WS/install/navigation/lib/python3.10/site-packages/navigation-0.0.0-py3.10.egg-info' (and everything under it)
[3.285s] Copying ../../build/navigation/navigation.egg-info to /home/tasc/AN_WS/install/navigation/lib/python3.10/site-packages/navigation-0.0.0-py3.10.egg-info
[3.289s] running install_scripts
[3.338s] Installing aruco_marker_publisher script to /home/tasc/AN_WS/install/navigation/lib/navigation
[3.339s] Installing camera_publisher script to /home/tasc/AN_WS/install/navigation/lib/navigation
[3.339s] Installing camera_subscriber script to /home/tasc/AN_WS/install/navigation/lib/navigation
[3.339s] Installing combined_gps_aruco script to /home/tasc/AN_WS/install/navigation/lib/navigation
[3.339s] Installing gps_display script to /home/tasc/AN_WS/install/navigation/lib/navigation
[3.340s] Installing gps_node script to /home/tasc/AN_WS/install/navigation/lib/navigation
[3.340s] Installing gst_pub script to /home/tasc/AN_WS/install/navigation/lib/navigation
[3.340s] Installing multi_camera_publisher script to /home/tasc/AN_WS/install/navigation/lib/navigation
[3.340s] Installing multi_camera_publisher_gst script to /home/tasc/AN_WS/install/navigation/lib/navigation
[3.341s] Installing multi_camera_subscriber_gst script to /home/tasc/AN_WS/install/navigation/lib/navigation
[3.342s] writing list of installed files to '/home/tasc/AN_WS/build/navigation/install.log'
[3.425s] Invoked command in '/home/tasc/AN_WS/src/navigation' returned '0': PYTHONPATH=/home/tasc/AN_WS/build/navigation/prefix_override:/usr/lib/python3/dist-packages/colcon_core/task/python/colcon_distutils_commands:/home/tasc/AN_WS/install/navigation/lib/python3.10/site-packages:${PYTHONPATH} /usr/bin/python3 -W ignore:setup.py install is deprecated -W ignore:easy_install command is deprecated setup.py egg_info --egg-base ../../build/navigation build --build-base /home/tasc/AN_WS/build/navigation/build install --record /home/tasc/AN_WS/build/navigation/install.log --single-version-externally-managed install_data
