[3.379s] Invoking command in '/home/tasc/AN_WS-1/src/navigation': PYTHONPATH=/home/tasc/AN_WS-1/build/navigation/prefix_override:/usr/lib/python3/dist-packages/colcon_core/task/python/colcon_distutils_commands:/home/tasc/AN_WS-1/install/navigation/lib/python3.10/site-packages:${PYTHONPATH} /usr/bin/python3 -W ignore:setup.py install is deprecated -W ignore:easy_install command is deprecated setup.py egg_info --egg-base ../../build/navigation build --build-base /home/tasc/AN_WS-1/build/navigation/build install --record /home/tasc/AN_WS-1/build/navigation/install.log --single-version-externally-managed install_data
[3.996s] running egg_info
[3.997s] writing ../../build/navigation/navigation.egg-info/PKG-INFO
[3.998s] writing dependency_links to ../../build/navigation/navigation.egg-info/dependency_links.txt
[3.998s] writing entry points to ../../build/navigation/navigation.egg-info/entry_points.txt
[3.999s] writing requirements to ../../build/navigation/navigation.egg-info/requires.txt
[3.999s] writing top-level names to ../../build/navigation/navigation.egg-info/top_level.txt
[4.004s] reading manifest file '../../build/navigation/navigation.egg-info/SOURCES.txt'
[4.005s] adding license file 'LICENSE'
[4.008s] writing manifest file '../../build/navigation/navigation.egg-info/SOURCES.txt'
[4.009s] running build
[4.009s] running build_py
[4.009s] running install
[4.010s] running install_lib
[4.015s] running install_data
[4.015s] running install_egg_info
[4.023s] removing '/home/tasc/AN_WS-1/install/navigation/lib/python3.10/site-packages/navigation-0.0.0-py3.10.egg-info' (and everything under it)
[4.024s] Copying ../../build/navigation/navigation.egg-info to /home/tasc/AN_WS-1/install/navigation/lib/python3.10/site-packages/navigation-0.0.0-py3.10.egg-info
[4.027s] running install_scripts
[4.090s] Installing aruco_marker_publisher script to /home/tasc/AN_WS-1/install/navigation/lib/navigation
[4.090s] Installing camera_publisher script to /home/tasc/AN_WS-1/install/navigation/lib/navigation
[4.090s] Installing camera_subscriber script to /home/tasc/AN_WS-1/install/navigation/lib/navigation
[4.091s] Installing combined_gps_aruco script to /home/tasc/AN_WS-1/install/navigation/lib/navigation
[4.092s] Installing gps_display script to /home/tasc/AN_WS-1/install/navigation/lib/navigation
[4.092s] Installing gps_node script to /home/tasc/AN_WS-1/install/navigation/lib/navigation
[4.093s] Installing gst_pub script to /home/tasc/AN_WS-1/install/navigation/lib/navigation
[4.093s] Installing multi_camera_publisher script to /home/tasc/AN_WS-1/install/navigation/lib/navigation
[4.094s] Installing multi_camera_publisher_gst script to /home/tasc/AN_WS-1/install/navigation/lib/navigation
[4.094s] Installing multi_camera_subscriber_gst script to /home/tasc/AN_WS-1/install/navigation/lib/navigation
[4.094s] writing list of installed files to '/home/tasc/AN_WS-1/build/navigation/install.log'
[4.210s] Invoked command in '/home/tasc/AN_WS-1/src/navigation' returned '0': PYTHONPATH=/home/tasc/AN_WS-1/build/navigation/prefix_override:/usr/lib/python3/dist-packages/colcon_core/task/python/colcon_distutils_commands:/home/tasc/AN_WS-1/install/navigation/lib/python3.10/site-packages:${PYTHONPATH} /usr/bin/python3 -W ignore:setup.py install is deprecated -W ignore:easy_install command is deprecated setup.py egg_info --egg-base ../../build/navigation build --build-base /home/tasc/AN_WS-1/build/navigation/build install --record /home/tasc/AN_WS-1/build/navigation/install.log --single-version-externally-managed install_data
