[3.307s] Invoking command in '/home/moon/AN_WS/nova_vision': PYTHONPATH=/home/moon/AN_WS/build/nova_vision/prefix_override:/usr/lib/python3/dist-packages/colcon_core/task/python/colcon_distutils_commands:/home/moon/AN_WS/install/nova_vision/lib/python3.10/site-packages:${PYTHONPATH} /usr/bin/python3 -W ignore:setup.py install is deprecated -W ignore:easy_install command is deprecated setup.py egg_info --egg-base ../build/nova_vision build --build-base /home/moon/AN_WS/build/nova_vision/build install --record /home/moon/AN_WS/build/nova_vision/install.log --single-version-externally-managed install_data
[4.014s] running egg_info
[4.016s] writing ../build/nova_vision/nova_vision.egg-info/PKG-INFO
[4.016s] writing dependency_links to ../build/nova_vision/nova_vision.egg-info/dependency_links.txt
[4.019s] writing entry points to ../build/nova_vision/nova_vision.egg-info/entry_points.txt
[4.019s] writing requirements to ../build/nova_vision/nova_vision.egg-info/requires.txt
[4.019s] writing top-level names to ../build/nova_vision/nova_vision.egg-info/top_level.txt
[4.023s] reading manifest file '../build/nova_vision/nova_vision.egg-info/SOURCES.txt'
[4.026s] adding license file 'LICENSE'
[4.026s] writing manifest file '../build/nova_vision/nova_vision.egg-info/SOURCES.txt'
[4.027s] running build
[4.027s] running build_py
[4.029s] running install
[4.030s] running install_lib
[4.034s] running install_data
[4.035s] running install_egg_info
[4.041s] removing '/home/moon/AN_WS/install/nova_vision/lib/python3.10/site-packages/nova_vision-0.0.0-py3.10.egg-info' (and everything under it)
[4.045s] Copying ../build/nova_vision/nova_vision.egg-info to /home/moon/AN_WS/install/nova_vision/lib/python3.10/site-packages/nova_vision-0.0.0-py3.10.egg-info
[4.049s] running install_scripts
[4.093s] Installing aruco_detect script to /home/moon/AN_WS/install/nova_vision/lib/nova_vision
[4.095s] Installing camera_publisher script to /home/moon/AN_WS/install/nova_vision/lib/nova_vision
[4.097s] Installing camera_subscriber script to /home/moon/AN_WS/install/nova_vision/lib/nova_vision
[4.097s] Installing gps_aruco script to /home/moon/AN_WS/install/nova_vision/lib/nova_vision
[4.097s] Installing gps_display script to /home/moon/AN_WS/install/nova_vision/lib/nova_vision
[4.098s] Installing gps_node script to /home/moon/AN_WS/install/nova_vision/lib/nova_vision
[4.098s] Installing multi_camera_publisher script to /home/moon/AN_WS/install/nova_vision/lib/nova_vision
[4.101s] Installing object_tracker script to /home/moon/AN_WS/install/nova_vision/lib/nova_vision
[4.102s] writing list of installed files to '/home/moon/AN_WS/build/nova_vision/install.log'
[4.150s] Invoked command in '/home/moon/AN_WS/nova_vision' returned '0': PYTHONPATH=/home/moon/AN_WS/build/nova_vision/prefix_override:/usr/lib/python3/dist-packages/colcon_core/task/python/colcon_distutils_commands:/home/moon/AN_WS/install/nova_vision/lib/python3.10/site-packages:${PYTHONPATH} /usr/bin/python3 -W ignore:setup.py install is deprecated -W ignore:easy_install command is deprecated setup.py egg_info --egg-base ../build/nova_vision build --build-base /home/moon/AN_WS/build/nova_vision/build install --record /home/moon/AN_WS/build/nova_vision/install.log --single-version-externally-managed install_data
