[6.801s] Invoking command in '/home/moon/AN_WS/nova_vision': PYTHONPATH=/home/moon/AN_WS/build/nova_vision/prefix_override:/usr/lib/python3/dist-packages/colcon_core/task/python/colcon_distutils_commands:/home/moon/AN_WS/install/nova_vision/lib/python3.10/site-packages:${PYTHONPATH} /usr/bin/python3 -W ignore:setup.py install is deprecated -W ignore:easy_install command is deprecated setup.py egg_info --egg-base ../build/nova_vision build --build-base /home/moon/AN_WS/build/nova_vision/build install --record /home/moon/AN_WS/build/nova_vision/install.log --single-version-externally-managed install_data
[9.228s] running egg_info
[9.253s] writing ../build/nova_vision/nova_vision.egg-info/PKG-INFO
[9.254s] writing dependency_links to ../build/nova_vision/nova_vision.egg-info/dependency_links.txt
[9.257s] writing entry points to ../build/nova_vision/nova_vision.egg-info/entry_points.txt
[9.258s] writing requirements to ../build/nova_vision/nova_vision.egg-info/requires.txt
[9.265s] writing top-level names to ../build/nova_vision/nova_vision.egg-info/top_level.txt
[9.277s] reading manifest file '../build/nova_vision/nova_vision.egg-info/SOURCES.txt'
[9.293s] adding license file 'LICENSE'
[9.300s] writing manifest file '../build/nova_vision/nova_vision.egg-info/SOURCES.txt'
[9.302s] running build
[9.303s] running build_py
[9.318s] running install
[9.319s] running install_lib
[9.362s] running install_data
[9.363s] running install_egg_info
[9.391s] removing '/home/moon/AN_WS/install/nova_vision/lib/python3.10/site-packages/nova_vision-0.0.0-py3.10.egg-info' (and everything under it)
[9.400s] Copying ../build/nova_vision/nova_vision.egg-info to /home/moon/AN_WS/install/nova_vision/lib/python3.10/site-packages/nova_vision-0.0.0-py3.10.egg-info
[9.405s] running install_scripts
[10.008s] Installing aruco_detect script to /home/moon/AN_WS/install/nova_vision/lib/nova_vision
[10.014s] Installing camera_publisher script to /home/moon/AN_WS/install/nova_vision/lib/nova_vision
[10.018s] Installing camera_subscriber script to /home/moon/AN_WS/install/nova_vision/lib/nova_vision
[10.019s] Installing gps_aruco script to /home/moon/AN_WS/install/nova_vision/lib/nova_vision
[10.031s] Installing gps_display script to /home/moon/AN_WS/install/nova_vision/lib/nova_vision
[10.031s] Installing gps_node script to /home/moon/AN_WS/install/nova_vision/lib/nova_vision
[10.031s] Installing multi_camera_publisher script to /home/moon/AN_WS/install/nova_vision/lib/nova_vision
[10.047s] Installing object_tracker script to /home/moon/AN_WS/install/nova_vision/lib/nova_vision
[10.048s] writing list of installed files to '/home/moon/AN_WS/build/nova_vision/install.log'
[10.165s] Invoked command in '/home/moon/AN_WS/nova_vision' returned '0': PYTHONPATH=/home/moon/AN_WS/build/nova_vision/prefix_override:/usr/lib/python3/dist-packages/colcon_core/task/python/colcon_distutils_commands:/home/moon/AN_WS/install/nova_vision/lib/python3.10/site-packages:${PYTHONPATH} /usr/bin/python3 -W ignore:setup.py install is deprecated -W ignore:easy_install command is deprecated setup.py egg_info --egg-base ../build/nova_vision build --build-base /home/moon/AN_WS/build/nova_vision/build install --record /home/moon/AN_WS/build/nova_vision/install.log --single-version-externally-managed install_data
