[3.980s] Invoking command in '/home/TASC/AN_WS/src/cam_stream': PYTHONPATH=/home/TASC/AN_WS/build/cam_stream/prefix_override:/usr/lib/python3/dist-packages/colcon_core/task/python/colcon_distutils_commands:/home/TASC/AN_WS/install/cam_stream/lib/python3.10/site-packages:${PYTHONPATH} /usr/bin/python3 -W ignore:setup.py install is deprecated -W ignore:easy_install command is deprecated setup.py egg_info --egg-base ../../build/cam_stream build --build-base /home/TASC/AN_WS/build/cam_stream/build install --record /home/TASC/AN_WS/build/cam_stream/install.log --single-version-externally-managed install_data
[5.039s] running egg_info
[5.044s] writing ../../build/cam_stream/cam_stream.egg-info/PKG-INFO
[5.067s] writing dependency_links to ../../build/cam_stream/cam_stream.egg-info/dependency_links.txt
[5.068s] writing entry points to ../../build/cam_stream/cam_stream.egg-info/entry_points.txt
[5.068s] writing requirements to ../../build/cam_stream/cam_stream.egg-info/requires.txt
[5.071s] writing top-level names to ../../build/cam_stream/cam_stream.egg-info/top_level.txt
[5.086s] reading manifest file '../../build/cam_stream/cam_stream.egg-info/SOURCES.txt'
[5.100s] writing manifest file '../../build/cam_stream/cam_stream.egg-info/SOURCES.txt'
[5.101s] running build
[5.104s] running build_py
[5.108s] running install
[5.109s] running install_lib
[5.109s] running install_data
[5.110s] running install_egg_info
[5.124s] removing '/home/TASC/AN_WS/install/cam_stream/lib/python3.10/site-packages/cam_stream-0.0.0-py3.10.egg-info' (and everything under it)
[5.131s] Copying ../../build/cam_stream/cam_stream.egg-info to /home/TASC/AN_WS/install/cam_stream/lib/python3.10/site-packages/cam_stream-0.0.0-py3.10.egg-info
[5.144s] running install_scripts
[5.238s] Installing multi_camera_publisher script to /home/TASC/AN_WS/install/cam_stream/lib/cam_stream
[5.241s] Installing multi_camera_subscriber script to /home/TASC/AN_WS/install/cam_stream/lib/cam_stream
[5.245s] writing list of installed files to '/home/TASC/AN_WS/build/cam_stream/install.log'
[5.387s] Invoked command in '/home/TASC/AN_WS/src/cam_stream' returned '0': PYTHONPATH=/home/TASC/AN_WS/build/cam_stream/prefix_override:/usr/lib/python3/dist-packages/colcon_core/task/python/colcon_distutils_commands:/home/TASC/AN_WS/install/cam_stream/lib/python3.10/site-packages:${PYTHONPATH} /usr/bin/python3 -W ignore:setup.py install is deprecated -W ignore:easy_install command is deprecated setup.py egg_info --egg-base ../../build/cam_stream build --build-base /home/TASC/AN_WS/build/cam_stream/build install --record /home/TASC/AN_WS/build/cam_stream/install.log --single-version-externally-managed install_data
