[3.118s] Invoking command in '/home/tasc/AN_WS/src/navigation': PYTHONPATH=/home/tasc/AN_WS/build/navigation/prefix_override:/usr/lib/python3/dist-packages/colcon_core/task/python/colcon_distutils_commands:/home/tasc/AN_WS/install/navigation/lib/python3.10/site-packages:${PYTHONPATH} /usr/bin/python3 -W ignore:setup.py install is deprecated -W ignore:easy_install command is deprecated setup.py egg_info --egg-base ../../build/navigation build --build-base /home/tasc/AN_WS/build/navigation/build install --record /home/tasc/AN_WS/build/navigation/install.log --single-version-externally-managed install_data
[3.654s] running egg_info
[3.659s] writing ../../build/navigation/navigation.egg-info/PKG-INFO
[3.659s] writing dependency_links to ../../build/navigation/navigation.egg-info/dependency_links.txt
[3.660s] writing entry points to ../../build/navigation/navigation.egg-info/entry_points.txt
[3.660s] writing requirements to ../../build/navigation/navigation.egg-info/requires.txt
[3.661s] writing top-level names to ../../build/navigation/navigation.egg-info/top_level.txt
[3.666s] reading manifest file '../../build/navigation/navigation.egg-info/SOURCES.txt'
[3.666s] adding license file 'LICENSE'
[3.666s] writing manifest file '../../build/navigation/navigation.egg-info/SOURCES.txt'
[3.667s] running build
[3.667s] running build_py
[3.668s] running install
[3.669s] running install_lib
[3.671s] running install_data
[3.671s] running install_egg_info
[3.693s] removing '/home/tasc/AN_WS/install/navigation/lib/python3.10/site-packages/navigation-0.0.0-py3.10.egg-info' (and everything under it)
[3.694s] Copying ../../build/navigation/navigation.egg-info to /home/tasc/AN_WS/install/navigation/lib/python3.10/site-packages/navigation-0.0.0-py3.10.egg-info
[3.694s] running install_scripts
[3.730s] Installing aruco_marker_publisher script to /home/tasc/AN_WS/install/navigation/lib/navigation
[3.733s] Installing camera_publisher script to /home/tasc/AN_WS/install/navigation/lib/navigation
[3.733s] Installing camera_subscriber script to /home/tasc/AN_WS/install/navigation/lib/navigation
[3.734s] Installing combined_gps_aruco script to /home/tasc/AN_WS/install/navigation/lib/navigation
[3.734s] Installing gps_display script to /home/tasc/AN_WS/install/navigation/lib/navigation
[3.734s] Installing gps_node script to /home/tasc/AN_WS/install/navigation/lib/navigation
[3.735s] Installing gst_pub script to /home/tasc/AN_WS/install/navigation/lib/navigation
[3.735s] Installing multi_camera_publisher script to /home/tasc/AN_WS/install/navigation/lib/navigation
[3.743s] Installing multi_camera_publisher_gst script to /home/tasc/AN_WS/install/navigation/lib/navigation
[3.743s] Installing multi_camera_subscriber_gst script to /home/tasc/AN_WS/install/navigation/lib/navigation
[3.743s] writing list of installed files to '/home/tasc/AN_WS/build/navigation/install.log'
[3.863s] Invoked command in '/home/tasc/AN_WS/src/navigation' returned '0': PYTHONPATH=/home/tasc/AN_WS/build/navigation/prefix_override:/usr/lib/python3/dist-packages/colcon_core/task/python/colcon_distutils_commands:/home/tasc/AN_WS/install/navigation/lib/python3.10/site-packages:${PYTHONPATH} /usr/bin/python3 -W ignore:setup.py install is deprecated -W ignore:easy_install command is deprecated setup.py egg_info --egg-base ../../build/navigation build --build-base /home/tasc/AN_WS/build/navigation/build install --record /home/tasc/AN_WS/build/navigation/install.log --single-version-externally-managed install_data
