[5.521s] Invoking command in '/home/moon/AN_WS/nova_sensors': PYTHONPATH=/home/moon/AN_WS/build/nova_sensors/prefix_override:/usr/lib/python3/dist-packages/colcon_core/task/python/colcon_distutils_commands:/home/moon/AN_WS/install/nova_sensors/lib/python3.10/site-packages:${PYTHONPATH} /usr/bin/python3 -W ignore:setup.py install is deprecated -W ignore:easy_install command is deprecated setup.py egg_info --egg-base ../build/nova_sensors build --build-base /home/moon/AN_WS/build/nova_sensors/build install --record /home/moon/AN_WS/build/nova_sensors/install.log --single-version-externally-managed install_data
[7.066s] running egg_info
[7.077s] writing ../build/nova_sensors/nova_sensors.egg-info/PKG-INFO
[7.080s] writing dependency_links to ../build/nova_sensors/nova_sensors.egg-info/dependency_links.txt
[7.080s] writing entry points to ../build/nova_sensors/nova_sensors.egg-info/entry_points.txt
[7.081s] writing requirements to ../build/nova_sensors/nova_sensors.egg-info/requires.txt
[7.082s] writing top-level names to ../build/nova_sensors/nova_sensors.egg-info/top_level.txt
[7.117s] reading manifest file '../build/nova_sensors/nova_sensors.egg-info/SOURCES.txt'
[7.117s] writing manifest file '../build/nova_sensors/nova_sensors.egg-info/SOURCES.txt'
[7.117s] running build
[7.118s] running build_py
[7.128s] running install
[7.129s] running install_lib
[7.143s] running install_data
[7.145s] running install_egg_info
[7.168s] removing '/home/moon/AN_WS/install/nova_sensors/lib/python3.10/site-packages/nova_sensors-0.0.0-py3.10.egg-info' (and everything under it)
[7.178s] Copying ../build/nova_sensors/nova_sensors.egg-info to /home/moon/AN_WS/install/nova_sensors/lib/python3.10/site-packages/nova_sensors-0.0.0-py3.10.egg-info
[7.215s] running install_scripts
[7.423s] Installing gps_node = nova_sensors.gps_node:mainimu_node script to /home/moon/AN_WS/install/nova_sensors/lib/nova_sensors
[7.439s] writing list of installed files to '/home/moon/AN_WS/build/nova_sensors/install.log'
[7.578s] Invoked command in '/home/moon/AN_WS/nova_sensors' returned '0': PYTHONPATH=/home/moon/AN_WS/build/nova_sensors/prefix_override:/usr/lib/python3/dist-packages/colcon_core/task/python/colcon_distutils_commands:/home/moon/AN_WS/install/nova_sensors/lib/python3.10/site-packages:${PYTHONPATH} /usr/bin/python3 -W ignore:setup.py install is deprecated -W ignore:easy_install command is deprecated setup.py egg_info --egg-base ../build/nova_sensors build --build-base /home/moon/AN_WS/build/nova_sensors/build install --record /home/moon/AN_WS/build/nova_sensors/install.log --single-version-externally-managed install_data
