[3.377s] Invoking command in '/home/tasc/AN_WS-1/src/navigation': PYTHONPATH=/home/tasc/AN_WS-1/build/navigation/prefix_override:/usr/lib/python3/dist-packages/colcon_core/task/python/colcon_distutils_commands:/home/tasc/AN_WS-1/install/navigation/lib/python3.10/site-packages:${PYTHONPATH} /usr/bin/python3 -W ignore:setup.py install is deprecated -W ignore:easy_install command is deprecated setup.py egg_info --egg-base ../../build/navigation build --build-base /home/tasc/AN_WS-1/build/navigation/build install --record /home/tasc/AN_WS-1/build/navigation/install.log --single-version-externally-managed install_data
[3.961s] running egg_info
[3.965s] writing ../../build/navigation/navigation.egg-info/PKG-INFO
[3.965s] writing dependency_links to ../../build/navigation/navigation.egg-info/dependency_links.txt
[3.966s] writing entry points to ../../build/navigation/navigation.egg-info/entry_points.txt
[3.966s] writing requirements to ../../build/navigation/navigation.egg-info/requires.txt
[3.966s] writing top-level names to ../../build/navigation/navigation.egg-info/top_level.txt
[3.971s] reading manifest file '../../build/navigation/navigation.egg-info/SOURCES.txt'
[3.972s] adding license file 'LICENSE'
[3.973s] writing manifest file '../../build/navigation/navigation.egg-info/SOURCES.txt'
[3.973s] running build
[3.974s] running build_py
[3.975s] running install
[3.976s] running install_lib
[3.980s] running install_data
[3.981s] running install_egg_info
[3.988s] removing '/home/tasc/AN_WS-1/install/navigation/lib/python3.10/site-packages/navigation-0.0.0-py3.10.egg-info' (and everything under it)
[3.989s] Copying ../../build/navigation/navigation.egg-info to /home/tasc/AN_WS-1/install/navigation/lib/python3.10/site-packages/navigation-0.0.0-py3.10.egg-info
[3.991s] running install_scripts
[4.046s] Installing aruco_marker_publisher script to /home/tasc/AN_WS-1/install/navigation/lib/navigation
[4.046s] Installing camera_publisher script to /home/tasc/AN_WS-1/install/navigation/lib/navigation
[4.047s] Installing camera_subscriber script to /home/tasc/AN_WS-1/install/navigation/lib/navigation
[4.048s] Installing combined_gps_aruco script to /home/tasc/AN_WS-1/install/navigation/lib/navigation
[4.049s] Installing gps_display script to /home/tasc/AN_WS-1/install/navigation/lib/navigation
[4.049s] Installing gps_node script to /home/tasc/AN_WS-1/install/navigation/lib/navigation
[4.050s] Installing gst_pub script to /home/tasc/AN_WS-1/install/navigation/lib/navigation
[4.050s] Installing multi_camera_publisher script to /home/tasc/AN_WS-1/install/navigation/lib/navigation
[4.050s] Installing multi_camera_publisher_gst script to /home/tasc/AN_WS-1/install/navigation/lib/navigation
[4.051s] Installing multi_camera_subscriber_gst script to /home/tasc/AN_WS-1/install/navigation/lib/navigation
[4.054s] writing list of installed files to '/home/tasc/AN_WS-1/build/navigation/install.log'
[4.187s] Invoked command in '/home/tasc/AN_WS-1/src/navigation' returned '0': PYTHONPATH=/home/tasc/AN_WS-1/build/navigation/prefix_override:/usr/lib/python3/dist-packages/colcon_core/task/python/colcon_distutils_commands:/home/tasc/AN_WS-1/install/navigation/lib/python3.10/site-packages:${PYTHONPATH} /usr/bin/python3 -W ignore:setup.py install is deprecated -W ignore:easy_install command is deprecated setup.py egg_info --egg-base ../../build/navigation build --build-base /home/tasc/AN_WS-1/build/navigation/build install --record /home/tasc/AN_WS-1/build/navigation/install.log --single-version-externally-managed install_data
