[3.315s] Invoking command in '/home/TASC/AN_WS/src/navigation': PYTHONPATH=/home/TASC/AN_WS/build/navigation/prefix_override:/usr/lib/python3/dist-packages/colcon_core/task/python/colcon_distutils_commands:/home/TASC/AN_WS/install/navigation/lib/python3.10/site-packages:${PYTHONPATH} /usr/bin/python3 -W ignore:setup.py install is deprecated -W ignore:easy_install command is deprecated setup.py egg_info --egg-base ../../build/navigation build --build-base /home/TASC/AN_WS/build/navigation/build install --record /home/TASC/AN_WS/build/navigation/install.log --single-version-externally-managed install_data
[3.961s] running egg_info
[3.978s] writing ../../build/navigation/navigation.egg-info/PKG-INFO
[3.982s] writing dependency_links to ../../build/navigation/navigation.egg-info/dependency_links.txt
[3.985s] writing entry points to ../../build/navigation/navigation.egg-info/entry_points.txt
[3.993s] writing requirements to ../../build/navigation/navigation.egg-info/requires.txt
[3.996s] writing top-level names to ../../build/navigation/navigation.egg-info/top_level.txt
[4.011s] reading manifest file '../../build/navigation/navigation.egg-info/SOURCES.txt'
[4.017s] adding license file 'LICENSE'
[4.020s] writing manifest file '../../build/navigation/navigation.egg-info/SOURCES.txt'
[4.023s] running build
[4.023s] running build_py
[4.028s] running install
[4.029s] running install_lib
[4.037s] running install_data
[4.038s] running install_egg_info
[4.049s] removing '/home/TASC/AN_WS/install/navigation/lib/python3.10/site-packages/navigation-0.0.0-py3.10.egg-info' (and everything under it)
[4.070s] Copying ../../build/navigation/navigation.egg-info to /home/TASC/AN_WS/install/navigation/lib/python3.10/site-packages/navigation-0.0.0-py3.10.egg-info
[4.072s] running install_scripts
[4.197s] Installing aruco_marker_publisher script to /home/TASC/AN_WS/install/navigation/lib/navigation
[4.212s] Installing camera_publisher script to /home/TASC/AN_WS/install/navigation/lib/navigation
[4.214s] Installing camera_subscriber script to /home/TASC/AN_WS/install/navigation/lib/navigation
[4.240s] Installing combined_gps_aruco script to /home/TASC/AN_WS/install/navigation/lib/navigation
[4.241s] Installing gps_display script to /home/TASC/AN_WS/install/navigation/lib/navigation
[4.241s] Installing gps_node script to /home/TASC/AN_WS/install/navigation/lib/navigation
[4.245s] Installing gst_pub script to /home/TASC/AN_WS/install/navigation/lib/navigation
[4.246s] Installing multi_camera_publisher script to /home/TASC/AN_WS/install/navigation/lib/navigation
[4.247s] Installing multi_camera_publisher_gst script to /home/TASC/AN_WS/install/navigation/lib/navigation
[4.247s] Installing multi_camera_publisher_test script to /home/TASC/AN_WS/install/navigation/lib/navigation
[4.255s] Installing multi_camera_subscriber_gst script to /home/TASC/AN_WS/install/navigation/lib/navigation
[4.261s] writing list of installed files to '/home/TASC/AN_WS/build/navigation/install.log'
[4.481s] Invoked command in '/home/TASC/AN_WS/src/navigation' returned '0': PYTHONPATH=/home/TASC/AN_WS/build/navigation/prefix_override:/usr/lib/python3/dist-packages/colcon_core/task/python/colcon_distutils_commands:/home/TASC/AN_WS/install/navigation/lib/python3.10/site-packages:${PYTHONPATH} /usr/bin/python3 -W ignore:setup.py install is deprecated -W ignore:easy_install command is deprecated setup.py egg_info --egg-base ../../build/navigation build --build-base /home/TASC/AN_WS/build/navigation/build install --record /home/TASC/AN_WS/build/navigation/install.log --single-version-externally-managed install_data
