[4.601s] Invoking command in '/home/TASC/AN_WS/src/navigation': PYTHONPATH=/home/TASC/AN_WS/build/navigation/prefix_override:/usr/lib/python3/dist-packages/colcon_core/task/python/colcon_distutils_commands:/home/TASC/AN_WS/install/navigation/lib/python3.10/site-packages:${PYTHONPATH} /usr/bin/python3 -W ignore:setup.py install is deprecated -W ignore:easy_install command is deprecated setup.py egg_info --egg-base ../../build/navigation build --build-base /home/TASC/AN_WS/build/navigation/build install --record /home/TASC/AN_WS/build/navigation/install.log --single-version-externally-managed install_data
[5.082s] running egg_info
[5.085s] writing ../../build/navigation/navigation.egg-info/PKG-INFO
[5.085s] writing dependency_links to ../../build/navigation/navigation.egg-info/dependency_links.txt
[5.090s] writing entry points to ../../build/navigation/navigation.egg-info/entry_points.txt
[5.090s] writing requirements to ../../build/navigation/navigation.egg-info/requires.txt
[5.090s] writing top-level names to ../../build/navigation/navigation.egg-info/top_level.txt
[5.094s] reading manifest file '../../build/navigation/navigation.egg-info/SOURCES.txt'
[5.098s] adding license file 'LICENSE'
[5.098s] writing manifest file '../../build/navigation/navigation.egg-info/SOURCES.txt'
[5.100s] running build
[5.100s] running build_py
[5.100s] running install
[5.100s] running install_lib
[5.105s] running install_data
[5.108s] running install_egg_info
[5.112s] removing '/home/TASC/AN_WS/install/navigation/lib/python3.10/site-packages/navigation-0.0.0-py3.10.egg-info' (and everything under it)
[5.112s] Copying ../../build/navigation/navigation.egg-info to /home/TASC/AN_WS/install/navigation/lib/python3.10/site-packages/navigation-0.0.0-py3.10.egg-info
[5.113s] running install_scripts
[5.175s] Installing aruco_marker_publisher script to /home/TASC/AN_WS/install/navigation/lib/navigation
[5.178s] Installing camera_publisher script to /home/TASC/AN_WS/install/navigation/lib/navigation
[5.180s] Installing camera_subscriber script to /home/TASC/AN_WS/install/navigation/lib/navigation
[5.186s] Installing combined_gps_aruco script to /home/TASC/AN_WS/install/navigation/lib/navigation
[5.188s] Installing gps_display script to /home/TASC/AN_WS/install/navigation/lib/navigation
[5.188s] Installing gps_node script to /home/TASC/AN_WS/install/navigation/lib/navigation
[5.193s] Installing gst_pub script to /home/TASC/AN_WS/install/navigation/lib/navigation
[5.194s] Installing multi_camera_publisher script to /home/TASC/AN_WS/install/navigation/lib/navigation
[5.196s] Installing multi_camera_publisher_gst script to /home/TASC/AN_WS/install/navigation/lib/navigation
[5.197s] Installing multi_camera_publisher_test script to /home/TASC/AN_WS/install/navigation/lib/navigation
[5.201s] Installing multi_camera_subscriber_gst script to /home/TASC/AN_WS/install/navigation/lib/navigation
[5.204s] writing list of installed files to '/home/TASC/AN_WS/build/navigation/install.log'
[5.340s] Invoked command in '/home/TASC/AN_WS/src/navigation' returned '0': PYTHONPATH=/home/TASC/AN_WS/build/navigation/prefix_override:/usr/lib/python3/dist-packages/colcon_core/task/python/colcon_distutils_commands:/home/TASC/AN_WS/install/navigation/lib/python3.10/site-packages:${PYTHONPATH} /usr/bin/python3 -W ignore:setup.py install is deprecated -W ignore:easy_install command is deprecated setup.py egg_info --egg-base ../../build/navigation build --build-base /home/TASC/AN_WS/build/navigation/build install --record /home/TASC/AN_WS/build/navigation/install.log --single-version-externally-managed install_data
