[2.540s] Invoking command in '/home/tasc/AN_WS/src/navigation': PYTHONPATH=/home/tasc/AN_WS/build/navigation/prefix_override:/usr/lib/python3/dist-packages/colcon_core/task/python/colcon_distutils_commands:/home/tasc/AN_WS/install/navigation/lib/python3.10/site-packages:${PYTHONPATH} /usr/bin/python3 -W ignore:setup.py install is deprecated -W ignore:easy_install command is deprecated setup.py egg_info --egg-base ../../build/navigation build --build-base /home/tasc/AN_WS/build/navigation/build install --record /home/tasc/AN_WS/build/navigation/install.log --single-version-externally-managed install_data
[3.068s] running egg_info
[3.069s] creating ../../build/navigation/navigation.egg-info
[3.070s] writing ../../build/navigation/navigation.egg-info/PKG-INFO
[3.070s] writing dependency_links to ../../build/navigation/navigation.egg-info/dependency_links.txt
[3.071s] writing entry points to ../../build/navigation/navigation.egg-info/entry_points.txt
[3.071s] writing requirements to ../../build/navigation/navigation.egg-info/requires.txt
[3.071s] writing top-level names to ../../build/navigation/navigation.egg-info/top_level.txt
[3.072s] writing manifest file '../../build/navigation/navigation.egg-info/SOURCES.txt'
[3.076s] reading manifest file '../../build/navigation/navigation.egg-info/SOURCES.txt'
[3.076s] adding license file 'LICENSE'
[3.077s] writing manifest file '../../build/navigation/navigation.egg-info/SOURCES.txt'
[3.078s] running build
[3.078s] running build_py
[3.079s] creating /home/tasc/AN_WS/build/navigation/build
[3.079s] creating /home/tasc/AN_WS/build/navigation/build/lib
[3.079s] creating /home/tasc/AN_WS/build/navigation/build/lib/navigation
[3.080s] copying navigation/gps_display_old.py -> /home/tasc/AN_WS/build/navigation/build/lib/navigation
[3.080s] copying navigation/gps_display.py -> /home/tasc/AN_WS/build/navigation/build/lib/navigation
[3.081s] copying navigation/gps_node.py -> /home/tasc/AN_WS/build/navigation/build/lib/navigation
[3.081s] copying navigation/multi_camera_publisher.py -> /home/tasc/AN_WS/build/navigation/build/lib/navigation
[3.081s] copying navigation/aruco_marker_publisher.py -> /home/tasc/AN_WS/build/navigation/build/lib/navigation
[3.082s] copying navigation/multi_camera_publisher_previous.py -> /home/tasc/AN_WS/build/navigation/build/lib/navigation
[3.082s] copying navigation/camera_publisher.py -> /home/tasc/AN_WS/build/navigation/build/lib/navigation
[3.082s] copying navigation/__init__.py -> /home/tasc/AN_WS/build/navigation/build/lib/navigation
[3.083s] copying navigation/combined_gps_aruco_node.py -> /home/tasc/AN_WS/build/navigation/build/lib/navigation
[3.083s] copying navigation/multi_camera_publisher_old.py -> /home/tasc/AN_WS/build/navigation/build/lib/navigation
[3.083s] copying navigation/camera_subscriber.py -> /home/tasc/AN_WS/build/navigation/build/lib/navigation
[3.084s] running install
[3.084s] running install_lib
[3.084s] creating /home/tasc/AN_WS/install/navigation/lib/python3.10/site-packages/navigation
[3.085s] copying /home/tasc/AN_WS/build/navigation/build/lib/navigation/gps_display_old.py -> /home/tasc/AN_WS/install/navigation/lib/python3.10/site-packages/navigation
[3.085s] copying /home/tasc/AN_WS/build/navigation/build/lib/navigation/gps_display.py -> /home/tasc/AN_WS/install/navigation/lib/python3.10/site-packages/navigation
[3.086s] copying /home/tasc/AN_WS/build/navigation/build/lib/navigation/gps_node.py -> /home/tasc/AN_WS/install/navigation/lib/python3.10/site-packages/navigation
[3.086s] copying /home/tasc/AN_WS/build/navigation/build/lib/navigation/multi_camera_publisher.py -> /home/tasc/AN_WS/install/navigation/lib/python3.10/site-packages/navigation
[3.087s] copying /home/tasc/AN_WS/build/navigation/build/lib/navigation/aruco_marker_publisher.py -> /home/tasc/AN_WS/install/navigation/lib/python3.10/site-packages/navigation
[3.087s] copying /home/tasc/AN_WS/build/navigation/build/lib/navigation/multi_camera_publisher_previous.py -> /home/tasc/AN_WS/install/navigation/lib/python3.10/site-packages/navigation
[3.087s] copying /home/tasc/AN_WS/build/navigation/build/lib/navigation/camera_publisher.py -> /home/tasc/AN_WS/install/navigation/lib/python3.10/site-packages/navigation
[3.088s] copying /home/tasc/AN_WS/build/navigation/build/lib/navigation/__init__.py -> /home/tasc/AN_WS/install/navigation/lib/python3.10/site-packages/navigation
[3.088s] copying /home/tasc/AN_WS/build/navigation/build/lib/navigation/combined_gps_aruco_node.py -> /home/tasc/AN_WS/install/navigation/lib/python3.10/site-packages/navigation
[3.088s] copying /home/tasc/AN_WS/build/navigation/build/lib/navigation/multi_camera_publisher_old.py -> /home/tasc/AN_WS/install/navigation/lib/python3.10/site-packages/navigation
[3.089s] copying /home/tasc/AN_WS/build/navigation/build/lib/navigation/camera_subscriber.py -> /home/tasc/AN_WS/install/navigation/lib/python3.10/site-packages/navigation
[3.089s] byte-compiling /home/tasc/AN_WS/install/navigation/lib/python3.10/site-packages/navigation/gps_display_old.py to gps_display_old.cpython-310.pyc
[3.091s] byte-compiling /home/tasc/AN_WS/install/navigation/lib/python3.10/site-packages/navigation/gps_display.py to gps_display.cpython-310.pyc
[3.092s] byte-compiling /home/tasc/AN_WS/install/navigation/lib/python3.10/site-packages/navigation/gps_node.py to gps_node.cpython-310.pyc
[3.094s] byte-compiling /home/tasc/AN_WS/install/navigation/lib/python3.10/site-packages/navigation/multi_camera_publisher.py to multi_camera_publisher.cpython-310.pyc
[3.096s] byte-compiling /home/tasc/AN_WS/install/navigation/lib/python3.10/site-packages/navigation/aruco_marker_publisher.py to aruco_marker_publisher.cpython-310.pyc
[3.098s] byte-compiling /home/tasc/AN_WS/install/navigation/lib/python3.10/site-packages/navigation/multi_camera_publisher_previous.py to multi_camera_publisher_previous.cpython-310.pyc
[3.099s] byte-compiling /home/tasc/AN_WS/install/navigation/lib/python3.10/site-packages/navigation/camera_publisher.py to camera_publisher.cpython-310.pyc
[3.100s] byte-compiling /home/tasc/AN_WS/install/navigation/lib/python3.10/site-packages/navigation/__init__.py to __init__.cpython-310.pyc
[3.100s] byte-compiling /home/tasc/AN_WS/install/navigation/lib/python3.10/site-packages/navigation/combined_gps_aruco_node.py to combined_gps_aruco_node.cpython-310.pyc
[3.103s] byte-compiling /home/tasc/AN_WS/install/navigation/lib/python3.10/site-packages/navigation/multi_camera_publisher_old.py to multi_camera_publisher_old.cpython-310.pyc
[3.105s] byte-compiling /home/tasc/AN_WS/install/navigation/lib/python3.10/site-packages/navigation/camera_subscriber.py to camera_subscriber.cpython-310.pyc
[3.106s] running install_data
[3.106s] creating /home/tasc/AN_WS/install/navigation/share/ament_index
[3.106s] creating /home/tasc/AN_WS/install/navigation/share/ament_index/resource_index
[3.106s] creating /home/tasc/AN_WS/install/navigation/share/ament_index/resource_index/packages
[3.107s] copying resource/navigation -> /home/tasc/AN_WS/install/navigation/share/ament_index/resource_index/packages
[3.107s] copying package.xml -> /home/tasc/AN_WS/install/navigation/share/navigation
[3.107s] creating /home/tasc/AN_WS/install/navigation/share/navigation/launch
[3.107s] copying launch/multi_cameras.launch.py -> /home/tasc/AN_WS/install/navigation/share/navigation/launch
[3.107s] copying launch/gps_cameras.launch.py -> /home/tasc/AN_WS/install/navigation/share/navigation/launch
[3.108s] running install_egg_info
[3.112s] Copying ../../build/navigation/navigation.egg-info to /home/tasc/AN_WS/install/navigation/lib/python3.10/site-packages/navigation-0.0.0-py3.10.egg-info
[3.114s] running install_scripts
[3.164s] Installing aruco_marker_publisher script to /home/tasc/AN_WS/install/navigation/lib/navigation
[3.164s] Installing camera_publisher script to /home/tasc/AN_WS/install/navigation/lib/navigation
[3.165s] Installing camera_subscriber script to /home/tasc/AN_WS/install/navigation/lib/navigation
[3.165s] Installing combined_gps_aruco script to /home/tasc/AN_WS/install/navigation/lib/navigation
[3.165s] Installing gps_display script to /home/tasc/AN_WS/install/navigation/lib/navigation
[3.165s] Installing gps_node script to /home/tasc/AN_WS/install/navigation/lib/navigation
[3.166s] Installing multi_camera_publisher script to /home/tasc/AN_WS/install/navigation/lib/navigation
[3.167s] writing list of installed files to '/home/tasc/AN_WS/build/navigation/install.log'
[3.272s] Invoked command in '/home/tasc/AN_WS/src/navigation' returned '0': PYTHONPATH=/home/tasc/AN_WS/build/navigation/prefix_override:/usr/lib/python3/dist-packages/colcon_core/task/python/colcon_distutils_commands:/home/tasc/AN_WS/install/navigation/lib/python3.10/site-packages:${PYTHONPATH} /usr/bin/python3 -W ignore:setup.py install is deprecated -W ignore:easy_install command is deprecated setup.py egg_info --egg-base ../../build/navigation build --build-base /home/tasc/AN_WS/build/navigation/build install --record /home/tasc/AN_WS/build/navigation/install.log --single-version-externally-managed install_data
