[3.596s] Invoking command in '/home/tasc/AN_WS-1/nova_vision': PYTHONPATH=/home/tasc/AN_WS-1/build/nova_vision/prefix_override:/usr/lib/python3/dist-packages/colcon_core/task/python/colcon_distutils_commands:/home/tasc/AN_WS-1/install/nova_vision/lib/python3.10/site-packages:${PYTHONPATH} /usr/bin/python3 -W ignore:setup.py install is deprecated -W ignore:easy_install command is deprecated setup.py egg_info --egg-base ../build/nova_vision build --build-base /home/tasc/AN_WS-1/build/nova_vision/build install --record /home/tasc/AN_WS-1/build/nova_vision/install.log --single-version-externally-managed install_data
[4.318s] running egg_info
[4.319s] writing ../build/nova_vision/nova_vision.egg-info/PKG-INFO
[4.320s] writing dependency_links to ../build/nova_vision/nova_vision.egg-info/dependency_links.txt
[4.320s] writing entry points to ../build/nova_vision/nova_vision.egg-info/entry_points.txt
[4.321s] writing requirements to ../build/nova_vision/nova_vision.egg-info/requires.txt
[4.322s] writing top-level names to ../build/nova_vision/nova_vision.egg-info/top_level.txt
[4.331s] reading manifest file '../build/nova_vision/nova_vision.egg-info/SOURCES.txt'
[4.332s] adding license file 'LICENSE'
[4.335s] writing manifest file '../build/nova_vision/nova_vision.egg-info/SOURCES.txt'
[4.335s] running build
[4.336s] running build_py
[4.336s] running install
[4.337s] running install_lib
[4.341s] running install_data
[4.342s] running install_egg_info
[4.348s] removing '/home/tasc/AN_WS-1/install/nova_vision/lib/python3.10/site-packages/nova_vision-0.0.0-py3.10.egg-info' (and everything under it)
[4.348s] Copying ../build/nova_vision/nova_vision.egg-info to /home/tasc/AN_WS-1/install/nova_vision/lib/python3.10/site-packages/nova_vision-0.0.0-py3.10.egg-info
[4.351s] running install_scripts
[4.403s] Installing aruco_detect script to /home/tasc/AN_WS-1/install/nova_vision/lib/nova_vision
[4.403s] Installing camera_publisher script to /home/tasc/AN_WS-1/install/nova_vision/lib/nova_vision
[4.403s] Installing camera_subscriber script to /home/tasc/AN_WS-1/install/nova_vision/lib/nova_vision
[4.404s] Installing gps_aruco script to /home/tasc/AN_WS-1/install/nova_vision/lib/nova_vision
[4.404s] Installing gps_display script to /home/tasc/AN_WS-1/install/nova_vision/lib/nova_vision
[4.404s] Installing gps_node script to /home/tasc/AN_WS-1/install/nova_vision/lib/nova_vision
[4.404s] Installing multi_camera_publisher script to /home/tasc/AN_WS-1/install/nova_vision/lib/nova_vision
[4.405s] Installing object_tracker script to /home/tasc/AN_WS-1/install/nova_vision/lib/nova_vision
[4.406s] writing list of installed files to '/home/tasc/AN_WS-1/build/nova_vision/install.log'
[4.483s] Invoked command in '/home/tasc/AN_WS-1/nova_vision' returned '0': PYTHONPATH=/home/tasc/AN_WS-1/build/nova_vision/prefix_override:/usr/lib/python3/dist-packages/colcon_core/task/python/colcon_distutils_commands:/home/tasc/AN_WS-1/install/nova_vision/lib/python3.10/site-packages:${PYTHONPATH} /usr/bin/python3 -W ignore:setup.py install is deprecated -W ignore:easy_install command is deprecated setup.py egg_info --egg-base ../build/nova_vision build --build-base /home/tasc/AN_WS-1/build/nova_vision/build install --record /home/tasc/AN_WS-1/build/nova_vision/install.log --single-version-externally-managed install_data
