[3.503s] Invoking command in '/home/tasc/AN_WS-1/src/cam_stream': PYTHONPATH=/home/tasc/AN_WS-1/build/cam_stream/prefix_override:/usr/lib/python3/dist-packages/colcon_core/task/python/colcon_distutils_commands:/home/tasc/AN_WS-1/install/cam_stream/lib/python3.10/site-packages:${PYTHONPATH} /usr/bin/python3 -W ignore:setup.py install is deprecated -W ignore:easy_install command is deprecated setup.py egg_info --egg-base ../../build/cam_stream build --build-base /home/tasc/AN_WS-1/build/cam_stream/build install --record /home/tasc/AN_WS-1/build/cam_stream/install.log --single-version-externally-managed install_data
[4.142s] running egg_info
[4.144s] writing ../../build/cam_stream/cam_stream.egg-info/PKG-INFO
[4.145s] writing dependency_links to ../../build/cam_stream/cam_stream.egg-info/dependency_links.txt
[4.145s] writing entry points to ../../build/cam_stream/cam_stream.egg-info/entry_points.txt
[4.146s] writing requirements to ../../build/cam_stream/cam_stream.egg-info/requires.txt
[4.146s] writing top-level names to ../../build/cam_stream/cam_stream.egg-info/top_level.txt
[4.152s] reading manifest file '../../build/cam_stream/cam_stream.egg-info/SOURCES.txt'
[4.157s] writing manifest file '../../build/cam_stream/cam_stream.egg-info/SOURCES.txt'
[4.157s] running build
[4.157s] running build_py
[4.158s] copying cam_stream/multi_camera_publisher.py -> /home/tasc/AN_WS-1/build/cam_stream/build/lib/cam_stream
[4.158s] running install
[4.159s] running install_lib
[4.169s] copying /home/tasc/AN_WS-1/build/cam_stream/build/lib/cam_stream/multi_camera_publisher.py -> /home/tasc/AN_WS-1/install/cam_stream/lib/python3.10/site-packages/cam_stream
[4.169s] byte-compiling /home/tasc/AN_WS-1/install/cam_stream/lib/python3.10/site-packages/cam_stream/multi_camera_publisher.py to multi_camera_publisher.cpython-310.pyc
[4.172s] running install_data
[4.172s] running install_egg_info
[4.179s] removing '/home/tasc/AN_WS-1/install/cam_stream/lib/python3.10/site-packages/cam_stream-0.0.0-py3.10.egg-info' (and everything under it)
[4.180s] Copying ../../build/cam_stream/cam_stream.egg-info to /home/tasc/AN_WS-1/install/cam_stream/lib/python3.10/site-packages/cam_stream-0.0.0-py3.10.egg-info
[4.185s] running install_scripts
[4.231s] Installing multi_camera_publisher script to /home/tasc/AN_WS-1/install/cam_stream/lib/cam_stream
[4.232s] Installing multi_camera_subscriber script to /home/tasc/AN_WS-1/install/cam_stream/lib/cam_stream
[4.233s] writing list of installed files to '/home/tasc/AN_WS-1/build/cam_stream/install.log'
[4.306s] Invoked command in '/home/tasc/AN_WS-1/src/cam_stream' returned '0': PYTHONPATH=/home/tasc/AN_WS-1/build/cam_stream/prefix_override:/usr/lib/python3/dist-packages/colcon_core/task/python/colcon_distutils_commands:/home/tasc/AN_WS-1/install/cam_stream/lib/python3.10/site-packages:${PYTHONPATH} /usr/bin/python3 -W ignore:setup.py install is deprecated -W ignore:easy_install command is deprecated setup.py egg_info --egg-base ../../build/cam_stream build --build-base /home/tasc/AN_WS-1/build/cam_stream/build install --record /home/tasc/AN_WS-1/build/cam_stream/install.log --single-version-externally-managed install_data
