[3.796s] Invoking command in '/home/TASC/AN_WS/nova_vision': PYTHONPATH=/home/TASC/AN_WS/build/nova_vision/prefix_override:/usr/lib/python3/dist-packages/colcon_core/task/python/colcon_distutils_commands:/home/TASC/AN_WS/install/nova_vision/lib/python3.10/site-packages:${PYTHONPATH} /usr/bin/python3 -W ignore:setup.py install is deprecated -W ignore:easy_install command is deprecated setup.py egg_info --egg-base ../build/nova_vision build --build-base /home/TASC/AN_WS/build/nova_vision/build install --record /home/TASC/AN_WS/build/nova_vision/install.log --single-version-externally-managed install_data
[4.936s] running egg_info
[4.942s] writing ../build/nova_vision/nova_vision.egg-info/PKG-INFO
[4.945s] writing dependency_links to ../build/nova_vision/nova_vision.egg-info/dependency_links.txt
[4.950s] writing entry points to ../build/nova_vision/nova_vision.egg-info/entry_points.txt
[4.950s] writing requirements to ../build/nova_vision/nova_vision.egg-info/requires.txt
[4.950s] writing top-level names to ../build/nova_vision/nova_vision.egg-info/top_level.txt
[4.957s] reading manifest file '../build/nova_vision/nova_vision.egg-info/SOURCES.txt'
[4.957s] adding license file 'LICENSE'
[4.965s] writing manifest file '../build/nova_vision/nova_vision.egg-info/SOURCES.txt'
[4.967s] running build
[4.968s] running build_py
[4.968s] running install
[4.973s] running install_lib
[4.983s] running install_data
[4.984s] running install_egg_info
[5.000s] removing '/home/TASC/AN_WS/install/nova_vision/lib/python3.10/site-packages/nova_vision-0.0.0-py3.10.egg-info' (and everything under it)
[5.004s] Copying ../build/nova_vision/nova_vision.egg-info to /home/TASC/AN_WS/install/nova_vision/lib/python3.10/site-packages/nova_vision-0.0.0-py3.10.egg-info
[5.018s] running install_scripts
[5.139s] Installing aruco_detect script to /home/TASC/AN_WS/install/nova_vision/lib/nova_vision
[5.141s] Installing camera_publisher script to /home/TASC/AN_WS/install/nova_vision/lib/nova_vision
[5.141s] Installing camera_subscriber script to /home/TASC/AN_WS/install/nova_vision/lib/nova_vision
[5.141s] Installing gps_aruco script to /home/TASC/AN_WS/install/nova_vision/lib/nova_vision
[5.142s] Installing gps_display script to /home/TASC/AN_WS/install/nova_vision/lib/nova_vision
[5.143s] Installing gps_node script to /home/TASC/AN_WS/install/nova_vision/lib/nova_vision
[5.143s] Installing multi_camera_publisher script to /home/TASC/AN_WS/install/nova_vision/lib/nova_vision
[5.143s] Installing object_tracker script to /home/TASC/AN_WS/install/nova_vision/lib/nova_vision
[5.147s] writing list of installed files to '/home/TASC/AN_WS/build/nova_vision/install.log'
[5.457s] Invoked command in '/home/TASC/AN_WS/nova_vision' returned '0': PYTHONPATH=/home/TASC/AN_WS/build/nova_vision/prefix_override:/usr/lib/python3/dist-packages/colcon_core/task/python/colcon_distutils_commands:/home/TASC/AN_WS/install/nova_vision/lib/python3.10/site-packages:${PYTHONPATH} /usr/bin/python3 -W ignore:setup.py install is deprecated -W ignore:easy_install command is deprecated setup.py egg_info --egg-base ../build/nova_vision build --build-base /home/TASC/AN_WS/build/nova_vision/build install --record /home/TASC/AN_WS/build/nova_vision/install.log --single-version-externally-managed install_data
