[3.047s] Invoking command in '/home/moon/AN_WS/src/cam_stream': PYTHONPATH=/home/moon/AN_WS/build/cam_stream/prefix_override:/usr/lib/python3/dist-packages/colcon_core/task/python/colcon_distutils_commands:/home/moon/AN_WS/install/cam_stream/lib/python3.10/site-packages:${PYTHONPATH} /usr/bin/python3 -W ignore:setup.py install is deprecated -W ignore:easy_install command is deprecated setup.py egg_info --egg-base ../../build/cam_stream build --build-base /home/moon/AN_WS/build/cam_stream/build install --record /home/moon/AN_WS/build/cam_stream/install.log --single-version-externally-managed install_data
[3.585s] running egg_info
[3.588s] writing ../../build/cam_stream/cam_stream.egg-info/PKG-INFO
[3.589s] writing dependency_links to ../../build/cam_stream/cam_stream.egg-info/dependency_links.txt
[3.591s] writing entry points to ../../build/cam_stream/cam_stream.egg-info/entry_points.txt
[3.592s] writing requirements to ../../build/cam_stream/cam_stream.egg-info/requires.txt
[3.594s] writing top-level names to ../../build/cam_stream/cam_stream.egg-info/top_level.txt
[3.601s] reading manifest file '../../build/cam_stream/cam_stream.egg-info/SOURCES.txt'
[3.603s] writing manifest file '../../build/cam_stream/cam_stream.egg-info/SOURCES.txt'
[3.605s] running build
[3.605s] running build_py
[3.606s] copying cam_stream/multi_camera_publisher.py -> /home/moon/AN_WS/build/cam_stream/build/lib/cam_stream
[3.609s] copying cam_stream/multi_camera_subscriber.py -> /home/moon/AN_WS/build/cam_stream/build/lib/cam_stream
[3.609s] running install
[3.612s] running install_lib
[3.613s] copying /home/moon/AN_WS/build/cam_stream/build/lib/cam_stream/multi_camera_publisher.py -> /home/moon/AN_WS/install/cam_stream/lib/python3.10/site-packages/cam_stream
[3.614s] copying /home/moon/AN_WS/build/cam_stream/build/lib/cam_stream/multi_camera_subscriber.py -> /home/moon/AN_WS/install/cam_stream/lib/python3.10/site-packages/cam_stream
[3.629s] byte-compiling /home/moon/AN_WS/install/cam_stream/lib/python3.10/site-packages/cam_stream/multi_camera_publisher.py to multi_camera_publisher.cpython-310.pyc
[3.631s] byte-compiling /home/moon/AN_WS/install/cam_stream/lib/python3.10/site-packages/cam_stream/multi_camera_subscriber.py to multi_camera_subscriber.cpython-310.pyc
[3.637s] running install_data
[3.639s] running install_egg_info
[3.653s] removing '/home/moon/AN_WS/install/cam_stream/lib/python3.10/site-packages/cam_stream-0.0.0-py3.10.egg-info' (and everything under it)
[3.655s] Copying ../../build/cam_stream/cam_stream.egg-info to /home/moon/AN_WS/install/cam_stream/lib/python3.10/site-packages/cam_stream-0.0.0-py3.10.egg-info
[3.658s] running install_scripts
[3.744s] Installing multi_camera_publisher script to /home/moon/AN_WS/install/cam_stream/lib/cam_stream
[3.744s] Installing multi_camera_subscriber script to /home/moon/AN_WS/install/cam_stream/lib/cam_stream
[3.751s] writing list of installed files to '/home/moon/AN_WS/build/cam_stream/install.log'
[3.808s] Invoked command in '/home/moon/AN_WS/src/cam_stream' returned '0': PYTHONPATH=/home/moon/AN_WS/build/cam_stream/prefix_override:/usr/lib/python3/dist-packages/colcon_core/task/python/colcon_distutils_commands:/home/moon/AN_WS/install/cam_stream/lib/python3.10/site-packages:${PYTHONPATH} /usr/bin/python3 -W ignore:setup.py install is deprecated -W ignore:easy_install command is deprecated setup.py egg_info --egg-base ../../build/cam_stream build --build-base /home/moon/AN_WS/build/cam_stream/build install --record /home/moon/AN_WS/build/cam_stream/install.log --single-version-externally-managed install_data
