[3.572s] Invoking command in '/home/moon/AN_WS/nova_vision': PYTHONPATH=/home/moon/AN_WS/build/nova_vision/prefix_override:/usr/lib/python3/dist-packages/colcon_core/task/python/colcon_distutils_commands:/home/moon/AN_WS/install/nova_vision/lib/python3.10/site-packages:${PYTHONPATH} /usr/bin/python3 -W ignore:setup.py install is deprecated -W ignore:easy_install command is deprecated setup.py egg_info --egg-base ../build/nova_vision build --build-base /home/moon/AN_WS/build/nova_vision/build install --record /home/moon/AN_WS/build/nova_vision/install.log --single-version-externally-managed install_data
[4.395s] running egg_info
[4.395s] writing ../build/nova_vision/nova_vision.egg-info/PKG-INFO
[4.395s] writing dependency_links to ../build/nova_vision/nova_vision.egg-info/dependency_links.txt
[4.395s] writing entry points to ../build/nova_vision/nova_vision.egg-info/entry_points.txt
[4.396s] writing requirements to ../build/nova_vision/nova_vision.egg-info/requires.txt
[4.396s] writing top-level names to ../build/nova_vision/nova_vision.egg-info/top_level.txt
[4.401s] reading manifest file '../build/nova_vision/nova_vision.egg-info/SOURCES.txt'
[4.417s] adding license file 'LICENSE'
[4.417s] writing manifest file '../build/nova_vision/nova_vision.egg-info/SOURCES.txt'
[4.417s] running build
[4.417s] running build_py
[4.418s] running install
[4.418s] running install_lib
[4.432s] running install_data
[4.434s] running install_egg_info
[4.434s] removing '/home/moon/AN_WS/install/nova_vision/lib/python3.10/site-packages/nova_vision-0.0.0-py3.10.egg-info' (and everything under it)
[4.434s] Copying ../build/nova_vision/nova_vision.egg-info to /home/moon/AN_WS/install/nova_vision/lib/python3.10/site-packages/nova_vision-0.0.0-py3.10.egg-info
[4.448s] running install_scripts
[4.507s] Installing aruco_detect script to /home/moon/AN_WS/install/nova_vision/lib/nova_vision
[4.508s] Installing camera_publisher script to /home/moon/AN_WS/install/nova_vision/lib/nova_vision
[4.510s] Installing camera_subscriber script to /home/moon/AN_WS/install/nova_vision/lib/nova_vision
[4.511s] Installing gps_aruco script to /home/moon/AN_WS/install/nova_vision/lib/nova_vision
[4.513s] Installing gps_display script to /home/moon/AN_WS/install/nova_vision/lib/nova_vision
[4.514s] Installing gps_node script to /home/moon/AN_WS/install/nova_vision/lib/nova_vision
[4.514s] Installing multi_camera_publisher script to /home/moon/AN_WS/install/nova_vision/lib/nova_vision
[4.516s] Installing object_tracker script to /home/moon/AN_WS/install/nova_vision/lib/nova_vision
[4.516s] writing list of installed files to '/home/moon/AN_WS/build/nova_vision/install.log'
[4.642s] Invoked command in '/home/moon/AN_WS/nova_vision' returned '0': PYTHONPATH=/home/moon/AN_WS/build/nova_vision/prefix_override:/usr/lib/python3/dist-packages/colcon_core/task/python/colcon_distutils_commands:/home/moon/AN_WS/install/nova_vision/lib/python3.10/site-packages:${PYTHONPATH} /usr/bin/python3 -W ignore:setup.py install is deprecated -W ignore:easy_install command is deprecated setup.py egg_info --egg-base ../build/nova_vision build --build-base /home/moon/AN_WS/build/nova_vision/build install --record /home/moon/AN_WS/build/nova_vision/install.log --single-version-externally-managed install_data
