[3.617s] Invoking command in '/home/moon/AN_WS/src/cam_stream': PYTHONPATH=/home/moon/AN_WS/build/cam_stream/prefix_override:/usr/lib/python3/dist-packages/colcon_core/task/python/colcon_distutils_commands:/home/moon/AN_WS/install/cam_stream/lib/python3.10/site-packages:${PYTHONPATH} /usr/bin/python3 -W ignore:setup.py install is deprecated -W ignore:easy_install command is deprecated setup.py egg_info --egg-base ../../build/cam_stream build --build-base /home/moon/AN_WS/build/cam_stream/build install --record /home/moon/AN_WS/build/cam_stream/install.log --single-version-externally-managed install_data
[4.154s] running egg_info
[4.155s] writing ../../build/cam_stream/cam_stream.egg-info/PKG-INFO
[4.156s] writing dependency_links to ../../build/cam_stream/cam_stream.egg-info/dependency_links.txt
[4.157s] writing entry points to ../../build/cam_stream/cam_stream.egg-info/entry_points.txt
[4.162s] writing requirements to ../../build/cam_stream/cam_stream.egg-info/requires.txt
[4.163s] writing top-level names to ../../build/cam_stream/cam_stream.egg-info/top_level.txt
[4.164s] reading manifest file '../../build/cam_stream/cam_stream.egg-info/SOURCES.txt'
[4.167s] writing manifest file '../../build/cam_stream/cam_stream.egg-info/SOURCES.txt'
[4.167s] running build
[4.167s] running build_py
[4.170s] copying cam_stream/multi_camera_publisher.py -> /home/moon/AN_WS/build/cam_stream/build/lib/cam_stream
[4.175s] running install
[4.175s] running install_lib
[4.177s] copying /home/moon/AN_WS/build/cam_stream/build/lib/cam_stream/multi_camera_publisher.py -> /home/moon/AN_WS/install/cam_stream/lib/python3.10/site-packages/cam_stream
[4.180s] byte-compiling /home/moon/AN_WS/install/cam_stream/lib/python3.10/site-packages/cam_stream/multi_camera_publisher.py to multi_camera_publisher.cpython-310.pyc
[4.181s] running install_data
[4.181s] running install_egg_info
[4.185s] removing '/home/moon/AN_WS/install/cam_stream/lib/python3.10/site-packages/cam_stream-0.0.0-py3.10.egg-info' (and everything under it)
[4.191s] Copying ../../build/cam_stream/cam_stream.egg-info to /home/moon/AN_WS/install/cam_stream/lib/python3.10/site-packages/cam_stream-0.0.0-py3.10.egg-info
[4.196s] running install_scripts
[4.234s] Installing multi_camera_publisher script to /home/moon/AN_WS/install/cam_stream/lib/cam_stream
[4.246s] Installing multi_camera_subscriber script to /home/moon/AN_WS/install/cam_stream/lib/cam_stream
[4.247s] writing list of installed files to '/home/moon/AN_WS/build/cam_stream/install.log'
[4.332s] Invoked command in '/home/moon/AN_WS/src/cam_stream' returned '0': PYTHONPATH=/home/moon/AN_WS/build/cam_stream/prefix_override:/usr/lib/python3/dist-packages/colcon_core/task/python/colcon_distutils_commands:/home/moon/AN_WS/install/cam_stream/lib/python3.10/site-packages:${PYTHONPATH} /usr/bin/python3 -W ignore:setup.py install is deprecated -W ignore:easy_install command is deprecated setup.py egg_info --egg-base ../../build/cam_stream build --build-base /home/moon/AN_WS/build/cam_stream/build install --record /home/moon/AN_WS/build/cam_stream/install.log --single-version-externally-managed install_data
