[3.778s] Invoking command in '/home/TASC/AN_WS/src/navigation': PYTHONPATH=/home/TASC/AN_WS/build/navigation/prefix_override:/usr/lib/python3/dist-packages/colcon_core/task/python/colcon_distutils_commands:/home/TASC/AN_WS/install/navigation/lib/python3.10/site-packages:${PYTHONPATH} /usr/bin/python3 -W ignore:setup.py install is deprecated -W ignore:easy_install command is deprecated setup.py egg_info --egg-base ../../build/navigation build --build-base /home/TASC/AN_WS/build/navigation/build install --record /home/TASC/AN_WS/build/navigation/install.log --single-version-externally-managed install_data
[4.851s] running egg_info
[4.852s] writing ../../build/navigation/navigation.egg-info/PKG-INFO
[4.852s] writing dependency_links to ../../build/navigation/navigation.egg-info/dependency_links.txt
[4.855s] writing entry points to ../../build/navigation/navigation.egg-info/entry_points.txt
[4.856s] writing requirements to ../../build/navigation/navigation.egg-info/requires.txt
[4.856s] writing top-level names to ../../build/navigation/navigation.egg-info/top_level.txt
[4.860s] reading manifest file '../../build/navigation/navigation.egg-info/SOURCES.txt'
[4.862s] adding license file 'LICENSE'
[4.864s] writing manifest file '../../build/navigation/navigation.egg-info/SOURCES.txt'
[4.865s] running build
[4.866s] running build_py
[4.866s] copying navigation/combined_gps_aruco_node.py -> /home/TASC/AN_WS/build/navigation/build/lib/navigation
[4.870s] running install
[4.871s] running install_lib
[4.873s] copying /home/TASC/AN_WS/build/navigation/build/lib/navigation/combined_gps_aruco_node.py -> /home/TASC/AN_WS/install/navigation/lib/python3.10/site-packages/navigation
[4.874s] byte-compiling /home/TASC/AN_WS/install/navigation/lib/python3.10/site-packages/navigation/combined_gps_aruco_node.py to combined_gps_aruco_node.cpython-310.pyc
[4.881s] running install_data
[4.881s] running install_egg_info
[4.890s] removing '/home/TASC/AN_WS/install/navigation/lib/python3.10/site-packages/navigation-0.0.0-py3.10.egg-info' (and everything under it)
[4.893s] Copying ../../build/navigation/navigation.egg-info to /home/TASC/AN_WS/install/navigation/lib/python3.10/site-packages/navigation-0.0.0-py3.10.egg-info
[4.897s] running install_scripts
[4.978s] Installing aruco_marker_publisher script to /home/TASC/AN_WS/install/navigation/lib/navigation
[4.979s] Installing camera_publisher script to /home/TASC/AN_WS/install/navigation/lib/navigation
[4.979s] Installing camera_subscriber script to /home/TASC/AN_WS/install/navigation/lib/navigation
[4.979s] Installing combined_gps_aruco script to /home/TASC/AN_WS/install/navigation/lib/navigation
[4.979s] Installing gps_display script to /home/TASC/AN_WS/install/navigation/lib/navigation
[4.980s] Installing gps_node script to /home/TASC/AN_WS/install/navigation/lib/navigation
[4.980s] Installing gst_pub script to /home/TASC/AN_WS/install/navigation/lib/navigation
[4.980s] Installing multi_camera_publisher script to /home/TASC/AN_WS/install/navigation/lib/navigation
[4.984s] Installing multi_camera_publisher_gst script to /home/TASC/AN_WS/install/navigation/lib/navigation
[4.984s] Installing multi_camera_subscriber_gst script to /home/TASC/AN_WS/install/navigation/lib/navigation
[4.985s] writing list of installed files to '/home/TASC/AN_WS/build/navigation/install.log'
[5.123s] Invoked command in '/home/TASC/AN_WS/src/navigation' returned '0': PYTHONPATH=/home/TASC/AN_WS/build/navigation/prefix_override:/usr/lib/python3/dist-packages/colcon_core/task/python/colcon_distutils_commands:/home/TASC/AN_WS/install/navigation/lib/python3.10/site-packages:${PYTHONPATH} /usr/bin/python3 -W ignore:setup.py install is deprecated -W ignore:easy_install command is deprecated setup.py egg_info --egg-base ../../build/navigation build --build-base /home/TASC/AN_WS/build/navigation/build install --record /home/TASC/AN_WS/build/navigation/install.log --single-version-externally-managed install_data
