[3.600s] Invoking command in '/home/TASC/AN_WS/nova_vision': PYTHONPATH=/home/TASC/AN_WS/build/nova_vision/prefix_override:/usr/lib/python3/dist-packages/colcon_core/task/python/colcon_distutils_commands:/home/TASC/AN_WS/install/nova_vision/lib/python3.10/site-packages:${PYTHONPATH} /usr/bin/python3 -W ignore:setup.py install is deprecated -W ignore:easy_install command is deprecated setup.py egg_info --egg-base ../build/nova_vision build --build-base /home/TASC/AN_WS/build/nova_vision/build install --record /home/TASC/AN_WS/build/nova_vision/install.log --single-version-externally-managed install_data
[4.884s] running egg_info
[4.890s] writing ../build/nova_vision/nova_vision.egg-info/PKG-INFO
[4.891s] writing dependency_links to ../build/nova_vision/nova_vision.egg-info/dependency_links.txt
[4.893s] writing entry points to ../build/nova_vision/nova_vision.egg-info/entry_points.txt
[4.894s] writing requirements to ../build/nova_vision/nova_vision.egg-info/requires.txt
[4.894s] writing top-level names to ../build/nova_vision/nova_vision.egg-info/top_level.txt
[4.911s] reading manifest file '../build/nova_vision/nova_vision.egg-info/SOURCES.txt'
[4.912s] adding license file 'LICENSE'
[4.915s] writing manifest file '../build/nova_vision/nova_vision.egg-info/SOURCES.txt'
[4.916s] running build
[4.916s] running build_py
[4.916s] running install
[4.916s] running install_lib
[4.952s] running install_data
[4.953s] running install_egg_info
[4.958s] removing '/home/TASC/AN_WS/install/nova_vision/lib/python3.10/site-packages/nova_vision-0.0.0-py3.10.egg-info' (and everything under it)
[4.980s] Copying ../build/nova_vision/nova_vision.egg-info to /home/TASC/AN_WS/install/nova_vision/lib/python3.10/site-packages/nova_vision-0.0.0-py3.10.egg-info
[5.000s] running install_scripts
[5.082s] Installing aruco_detect script to /home/TASC/AN_WS/install/nova_vision/lib/nova_vision
[5.083s] Installing camera_publisher script to /home/TASC/AN_WS/install/nova_vision/lib/nova_vision
[5.084s] Installing camera_subscriber script to /home/TASC/AN_WS/install/nova_vision/lib/nova_vision
[5.087s] Installing gps_aruco script to /home/TASC/AN_WS/install/nova_vision/lib/nova_vision
[5.088s] Installing gps_display script to /home/TASC/AN_WS/install/nova_vision/lib/nova_vision
[5.088s] Installing gps_node script to /home/TASC/AN_WS/install/nova_vision/lib/nova_vision
[5.088s] Installing multi_camera_publisher script to /home/TASC/AN_WS/install/nova_vision/lib/nova_vision
[5.095s] Installing object_tracker script to /home/TASC/AN_WS/install/nova_vision/lib/nova_vision
[5.096s] writing list of installed files to '/home/TASC/AN_WS/build/nova_vision/install.log'
[5.229s] Invoked command in '/home/TASC/AN_WS/nova_vision' returned '0': PYTHONPATH=/home/TASC/AN_WS/build/nova_vision/prefix_override:/usr/lib/python3/dist-packages/colcon_core/task/python/colcon_distutils_commands:/home/TASC/AN_WS/install/nova_vision/lib/python3.10/site-packages:${PYTHONPATH} /usr/bin/python3 -W ignore:setup.py install is deprecated -W ignore:easy_install command is deprecated setup.py egg_info --egg-base ../build/nova_vision build --build-base /home/TASC/AN_WS/build/nova_vision/build install --record /home/TASC/AN_WS/build/nova_vision/install.log --single-version-externally-managed install_data
