[2.664s] Invoking command in '/home/moon/AN_WS/nova_vision': PYTHONPATH=/home/moon/AN_WS/build/nova_vision/prefix_override:/usr/lib/python3/dist-packages/colcon_core/task/python/colcon_distutils_commands:/home/moon/AN_WS/install/nova_vision/lib/python3.10/site-packages:${PYTHONPATH} /usr/bin/python3 -W ignore:setup.py install is deprecated -W ignore:easy_install command is deprecated setup.py egg_info --egg-base ../build/nova_vision build --build-base /home/moon/AN_WS/build/nova_vision/build install --record /home/moon/AN_WS/build/nova_vision/install.log --single-version-externally-managed install_data
[3.186s] running egg_info
[3.187s] writing ../build/nova_vision/nova_vision.egg-info/PKG-INFO
[3.187s] writing dependency_links to ../build/nova_vision/nova_vision.egg-info/dependency_links.txt
[3.191s] writing entry points to ../build/nova_vision/nova_vision.egg-info/entry_points.txt
[3.192s] writing requirements to ../build/nova_vision/nova_vision.egg-info/requires.txt
[3.192s] writing top-level names to ../build/nova_vision/nova_vision.egg-info/top_level.txt
[3.192s] reading manifest file '../build/nova_vision/nova_vision.egg-info/SOURCES.txt'
[3.200s] adding license file 'LICENSE'
[3.200s] writing manifest file '../build/nova_vision/nova_vision.egg-info/SOURCES.txt'
[3.210s] running build
[3.211s] running build_py
[3.211s] running install
[3.212s] running install_lib
[3.212s] running install_data
[3.212s] running install_egg_info
[3.213s] removing '/home/moon/AN_WS/install/nova_vision/lib/python3.10/site-packages/nova_vision-0.0.0-py3.10.egg-info' (and everything under it)
[3.213s] Copying ../build/nova_vision/nova_vision.egg-info to /home/moon/AN_WS/install/nova_vision/lib/python3.10/site-packages/nova_vision-0.0.0-py3.10.egg-info
[3.213s] running install_scripts
[3.251s] Installing aruco_detect script to /home/moon/AN_WS/install/nova_vision/lib/nova_vision
[3.253s] Installing camera_publisher script to /home/moon/AN_WS/install/nova_vision/lib/nova_vision
[3.254s] Installing camera_subscriber script to /home/moon/AN_WS/install/nova_vision/lib/nova_vision
[3.254s] Installing gps_aruco script to /home/moon/AN_WS/install/nova_vision/lib/nova_vision
[3.256s] Installing gps_display script to /home/moon/AN_WS/install/nova_vision/lib/nova_vision
[3.257s] Installing gps_node script to /home/moon/AN_WS/install/nova_vision/lib/nova_vision
[3.257s] Installing multi_camera_publisher script to /home/moon/AN_WS/install/nova_vision/lib/nova_vision
[3.257s] Installing object_tracker script to /home/moon/AN_WS/install/nova_vision/lib/nova_vision
[3.257s] writing list of installed files to '/home/moon/AN_WS/build/nova_vision/install.log'
[3.290s] Invoked command in '/home/moon/AN_WS/nova_vision' returned '0': PYTHONPATH=/home/moon/AN_WS/build/nova_vision/prefix_override:/usr/lib/python3/dist-packages/colcon_core/task/python/colcon_distutils_commands:/home/moon/AN_WS/install/nova_vision/lib/python3.10/site-packages:${PYTHONPATH} /usr/bin/python3 -W ignore:setup.py install is deprecated -W ignore:easy_install command is deprecated setup.py egg_info --egg-base ../build/nova_vision build --build-base /home/moon/AN_WS/build/nova_vision/build install --record /home/moon/AN_WS/build/nova_vision/install.log --single-version-externally-managed install_data
