[2.018s] Invoking command in '/home/moon/AN_WS/src/cam_stream': PYTHONPATH=/home/moon/AN_WS/build/cam_stream/prefix_override:/usr/lib/python3/dist-packages/colcon_core/task/python/colcon_distutils_commands:/home/moon/AN_WS/install/cam_stream/lib/python3.10/site-packages:${PYTHONPATH} /usr/bin/python3 -W ignore:setup.py install is deprecated -W ignore:easy_install command is deprecated setup.py egg_info --egg-base ../../build/cam_stream build --build-base /home/moon/AN_WS/build/cam_stream/build install --record /home/moon/AN_WS/build/cam_stream/install.log --single-version-externally-managed install_data
[2.404s] running egg_info
[2.405s] writing ../../build/cam_stream/cam_stream.egg-info/PKG-INFO
[2.408s] writing dependency_links to ../../build/cam_stream/cam_stream.egg-info/dependency_links.txt
[2.408s] writing entry points to ../../build/cam_stream/cam_stream.egg-info/entry_points.txt
[2.408s] writing requirements to ../../build/cam_stream/cam_stream.egg-info/requires.txt
[2.408s] writing top-level names to ../../build/cam_stream/cam_stream.egg-info/top_level.txt
[2.409s] reading manifest file '../../build/cam_stream/cam_stream.egg-info/SOURCES.txt'
[2.410s] writing manifest file '../../build/cam_stream/cam_stream.egg-info/SOURCES.txt'
[2.411s] running build
[2.411s] running build_py
[2.411s] copying cam_stream/multi_camera_publisher.py -> /home/moon/AN_WS/build/cam_stream/build/lib/cam_stream
[2.412s] copying cam_stream/gps_node.py -> /home/moon/AN_WS/build/cam_stream/build/lib/cam_stream
[2.412s] copying cam_stream/multi_camera_subscriber.py -> /home/moon/AN_WS/build/cam_stream/build/lib/cam_stream
[2.413s] copying cam_stream/multi_cam_gps_aruco.py -> /home/moon/AN_WS/build/cam_stream/build/lib/cam_stream
[2.414s] running install
[2.414s] running install_lib
[2.417s] copying /home/moon/AN_WS/build/cam_stream/build/lib/cam_stream/multi_camera_publisher.py -> /home/moon/AN_WS/install/cam_stream/lib/python3.10/site-packages/cam_stream
[2.417s] copying /home/moon/AN_WS/build/cam_stream/build/lib/cam_stream/gps_node.py -> /home/moon/AN_WS/install/cam_stream/lib/python3.10/site-packages/cam_stream
[2.417s] copying /home/moon/AN_WS/build/cam_stream/build/lib/cam_stream/multi_camera_subscriber.py -> /home/moon/AN_WS/install/cam_stream/lib/python3.10/site-packages/cam_stream
[2.417s] copying /home/moon/AN_WS/build/cam_stream/build/lib/cam_stream/multi_cam_gps_aruco.py -> /home/moon/AN_WS/install/cam_stream/lib/python3.10/site-packages/cam_stream
[2.418s] byte-compiling /home/moon/AN_WS/install/cam_stream/lib/python3.10/site-packages/cam_stream/multi_camera_publisher.py to multi_camera_publisher.cpython-310.pyc
[2.419s] byte-compiling /home/moon/AN_WS/install/cam_stream/lib/python3.10/site-packages/cam_stream/gps_node.py to gps_node.cpython-310.pyc
[2.421s] byte-compiling /home/moon/AN_WS/install/cam_stream/lib/python3.10/site-packages/cam_stream/multi_camera_subscriber.py to multi_camera_subscriber.cpython-310.pyc
[2.424s] byte-compiling /home/moon/AN_WS/install/cam_stream/lib/python3.10/site-packages/cam_stream/multi_cam_gps_aruco.py to multi_cam_gps_aruco.cpython-310.pyc
[2.425s] running install_data
[2.426s] copying launch/multi.camera.launch.py -> /home/moon/AN_WS/install/cam_stream/share/cam_stream/launch
[2.428s] running install_egg_info
[2.429s] removing '/home/moon/AN_WS/install/cam_stream/lib/python3.10/site-packages/cam_stream-0.0.0-py3.10.egg-info' (and everything under it)
[2.436s] Copying ../../build/cam_stream/cam_stream.egg-info to /home/moon/AN_WS/install/cam_stream/lib/python3.10/site-packages/cam_stream-0.0.0-py3.10.egg-info
[2.437s] running install_scripts
[2.472s] Installing gps_node script to /home/moon/AN_WS/install/cam_stream/lib/cam_stream
[2.473s] Installing multi_cam_gps_aruco script to /home/moon/AN_WS/install/cam_stream/lib/cam_stream
[2.476s] Installing multi_camera_publisher script to /home/moon/AN_WS/install/cam_stream/lib/cam_stream
[2.476s] Installing multi_camera_subscriber script to /home/moon/AN_WS/install/cam_stream/lib/cam_stream
[2.477s] writing list of installed files to '/home/moon/AN_WS/build/cam_stream/install.log'
[2.508s] Invoked command in '/home/moon/AN_WS/src/cam_stream' returned '0': PYTHONPATH=/home/moon/AN_WS/build/cam_stream/prefix_override:/usr/lib/python3/dist-packages/colcon_core/task/python/colcon_distutils_commands:/home/moon/AN_WS/install/cam_stream/lib/python3.10/site-packages:${PYTHONPATH} /usr/bin/python3 -W ignore:setup.py install is deprecated -W ignore:easy_install command is deprecated setup.py egg_info --egg-base ../../build/cam_stream build --build-base /home/moon/AN_WS/build/cam_stream/build install --record /home/moon/AN_WS/build/cam_stream/install.log --single-version-externally-managed install_data
