[2.929s] Invoking command in '/home/TASC/AN_WS/nova_vision': PYTHONPATH=/home/TASC/AN_WS/build/nova_vision/prefix_override:/usr/lib/python3/dist-packages/colcon_core/task/python/colcon_distutils_commands:/home/TASC/AN_WS/install/nova_vision/lib/python3.10/site-packages:${PYTHONPATH} /usr/bin/python3 -W ignore:setup.py install is deprecated -W ignore:easy_install command is deprecated setup.py egg_info --egg-base ../build/nova_vision build --build-base /home/TASC/AN_WS/build/nova_vision/build install --record /home/TASC/AN_WS/build/nova_vision/install.log --single-version-externally-managed install_data
[3.583s] running egg_info
[3.584s] writing ../build/nova_vision/nova_vision.egg-info/PKG-INFO
[3.586s] writing dependency_links to ../build/nova_vision/nova_vision.egg-info/dependency_links.txt
[3.589s] writing entry points to ../build/nova_vision/nova_vision.egg-info/entry_points.txt
[3.590s] writing requirements to ../build/nova_vision/nova_vision.egg-info/requires.txt
[3.590s] writing top-level names to ../build/nova_vision/nova_vision.egg-info/top_level.txt
[3.605s] reading manifest file '../build/nova_vision/nova_vision.egg-info/SOURCES.txt'
[3.610s] adding license file 'LICENSE'
[3.615s] writing manifest file '../build/nova_vision/nova_vision.egg-info/SOURCES.txt'
[3.625s] running build
[3.626s] running build_py
[3.627s] running install
[3.627s] running install_lib
[3.637s] running install_data
[3.637s] running install_egg_info
[3.664s] removing '/home/TASC/AN_WS/install/nova_vision/lib/python3.10/site-packages/nova_vision-0.0.0-py3.10.egg-info' (and everything under it)
[3.664s] Copying ../build/nova_vision/nova_vision.egg-info to /home/TASC/AN_WS/install/nova_vision/lib/python3.10/site-packages/nova_vision-0.0.0-py3.10.egg-info
[3.665s] running install_scripts
[3.736s] Installing aruco_detect script to /home/TASC/AN_WS/install/nova_vision/lib/nova_vision
[3.738s] Installing camera_publisher script to /home/TASC/AN_WS/install/nova_vision/lib/nova_vision
[3.744s] Installing camera_subscriber script to /home/TASC/AN_WS/install/nova_vision/lib/nova_vision
[3.750s] Installing gps_aruco script to /home/TASC/AN_WS/install/nova_vision/lib/nova_vision
[3.754s] Installing gps_display script to /home/TASC/AN_WS/install/nova_vision/lib/nova_vision
[3.754s] Installing gps_node script to /home/TASC/AN_WS/install/nova_vision/lib/nova_vision
[3.757s] Installing multi_camera_publisher script to /home/TASC/AN_WS/install/nova_vision/lib/nova_vision
[3.758s] Installing object_tracker script to /home/TASC/AN_WS/install/nova_vision/lib/nova_vision
[3.758s] writing list of installed files to '/home/TASC/AN_WS/build/nova_vision/install.log'
[3.990s] Invoked command in '/home/TASC/AN_WS/nova_vision' returned '0': PYTHONPATH=/home/TASC/AN_WS/build/nova_vision/prefix_override:/usr/lib/python3/dist-packages/colcon_core/task/python/colcon_distutils_commands:/home/TASC/AN_WS/install/nova_vision/lib/python3.10/site-packages:${PYTHONPATH} /usr/bin/python3 -W ignore:setup.py install is deprecated -W ignore:easy_install command is deprecated setup.py egg_info --egg-base ../build/nova_vision build --build-base /home/TASC/AN_WS/build/nova_vision/build install --record /home/TASC/AN_WS/build/nova_vision/install.log --single-version-externally-managed install_data
