[3.419s] Invoking command in '/home/tasc/AN_WS-1/nova_vision': PYTHONPATH=/home/tasc/AN_WS-1/build/nova_vision/prefix_override:/usr/lib/python3/dist-packages/colcon_core/task/python/colcon_distutils_commands:/home/tasc/AN_WS-1/install/nova_vision/lib/python3.10/site-packages:${PYTHONPATH} /usr/bin/python3 -W ignore:setup.py install is deprecated -W ignore:easy_install command is deprecated setup.py egg_info --egg-base ../build/nova_vision build --build-base /home/tasc/AN_WS-1/build/nova_vision/build install --record /home/tasc/AN_WS-1/build/nova_vision/install.log --single-version-externally-managed install_data
[4.016s] running egg_info
[4.018s] writing ../build/nova_vision/nova_vision.egg-info/PKG-INFO
[4.019s] writing dependency_links to ../build/nova_vision/nova_vision.egg-info/dependency_links.txt
[4.020s] writing entry points to ../build/nova_vision/nova_vision.egg-info/entry_points.txt
[4.020s] writing requirements to ../build/nova_vision/nova_vision.egg-info/requires.txt
[4.020s] writing top-level names to ../build/nova_vision/nova_vision.egg-info/top_level.txt
[4.025s] reading manifest file '../build/nova_vision/nova_vision.egg-info/SOURCES.txt'
[4.025s] adding license file 'LICENSE'
[4.027s] writing manifest file '../build/nova_vision/nova_vision.egg-info/SOURCES.txt'
[4.027s] running build
[4.028s] running build_py
[4.029s] running install
[4.030s] running install_lib
[4.034s] running install_data
[4.035s] running install_egg_info
[4.042s] removing '/home/tasc/AN_WS-1/install/nova_vision/lib/python3.10/site-packages/nova_vision-0.0.0-py3.10.egg-info' (and everything under it)
[4.043s] Copying ../build/nova_vision/nova_vision.egg-info to /home/tasc/AN_WS-1/install/nova_vision/lib/python3.10/site-packages/nova_vision-0.0.0-py3.10.egg-info
[4.045s] running install_scripts
[4.098s] Installing aruco_detect script to /home/tasc/AN_WS-1/install/nova_vision/lib/nova_vision
[4.099s] Installing camera_publisher script to /home/tasc/AN_WS-1/install/nova_vision/lib/nova_vision
[4.101s] Installing camera_subscriber script to /home/tasc/AN_WS-1/install/nova_vision/lib/nova_vision
[4.102s] Installing gps_aruco script to /home/tasc/AN_WS-1/install/nova_vision/lib/nova_vision
[4.103s] Installing gps_display script to /home/tasc/AN_WS-1/install/nova_vision/lib/nova_vision
[4.103s] Installing gps_node script to /home/tasc/AN_WS-1/install/nova_vision/lib/nova_vision
[4.103s] Installing multi_camera_publisher script to /home/tasc/AN_WS-1/install/nova_vision/lib/nova_vision
[4.103s] Installing object_tracker script to /home/tasc/AN_WS-1/install/nova_vision/lib/nova_vision
[4.103s] writing list of installed files to '/home/tasc/AN_WS-1/build/nova_vision/install.log'
[4.199s] Invoked command in '/home/tasc/AN_WS-1/nova_vision' returned '0': PYTHONPATH=/home/tasc/AN_WS-1/build/nova_vision/prefix_override:/usr/lib/python3/dist-packages/colcon_core/task/python/colcon_distutils_commands:/home/tasc/AN_WS-1/install/nova_vision/lib/python3.10/site-packages:${PYTHONPATH} /usr/bin/python3 -W ignore:setup.py install is deprecated -W ignore:easy_install command is deprecated setup.py egg_info --egg-base ../build/nova_vision build --build-base /home/tasc/AN_WS-1/build/nova_vision/build install --record /home/tasc/AN_WS-1/build/nova_vision/install.log --single-version-externally-managed install_data
