[0.357s] DEBUG:colcon:Command line arguments: ['/usr/bin/colcon', 'build']
[0.358s] DEBUG:colcon:Parsed command line arguments: Namespace(log_base=None, log_level=None, verb_name='build', build_base='build', install_base='install', merge_install=False, symlink_install=False, test_result_base=None, continue_on_error=False, executor='parallel', parallel_workers=6, event_handlers=None, ignore_user_meta=False, metas=['./colcon.meta'], base_paths=['.'], packages_ignore=None, packages_ignore_regex=None, paths=None, packages_up_to=None, packages_up_to_regex=None, packages_above=None, packages_above_and_dependencies=None, packages_above_depth=None, packages_select_by_dep=None, packages_skip_by_dep=None, packages_skip_up_to=None, packages_select_build_failed=False, packages_skip_build_finished=False, packages_select_test_failures=False, packages_skip_test_passed=False, packages_select=None, packages_skip=None, packages_select_regex=None, packages_skip_regex=None, packages_start=None, packages_end=None, allow_overriding=[], cmake_args=None, cmake_target=None, cmake_target_skip_unavailable=False, cmake_clean_cache=False, cmake_clean_first=False, cmake_force_configure=False, ament_cmake_args=None, catkin_cmake_args=None, catkin_skip_building_tests=False, verb_parser=<colcon_defaults.argument_parser.defaults.DefaultArgumentsDecorator object at 0xffff92c8f790>, verb_extension=<colcon_core.verb.build.BuildVerb object at 0xffff92e80bb0>, main=<bound method BuildVerb.main of <colcon_core.verb.build.BuildVerb object at 0xffff92e80bb0>>)
[0.798s] Level 1:colcon.colcon_core.package_discovery:discover_packages(colcon_meta) check parameters
[0.799s] Level 1:colcon.colcon_core.package_discovery:discover_packages(recursive) check parameters
[0.799s] Level 1:colcon.colcon_core.package_discovery:discover_packages(ignore) check parameters
[0.799s] Level 1:colcon.colcon_core.package_discovery:discover_packages(path) check parameters
[0.799s] Level 1:colcon.colcon_core.package_discovery:discover_packages(colcon_meta) discover
[0.799s] Level 1:colcon.colcon_core.package_discovery:discover_packages(recursive) discover
[0.799s] INFO:colcon.colcon_core.package_discovery:Crawling recursively for packages in '/home/tasc/AN_WS-1'
[0.799s] Level 1:colcon.colcon_core.package_identification:_identify(.) by extensions ['ignore', 'ignore_ament_install']
[0.800s] Level 1:colcon.colcon_core.package_identification:_identify(.) by extension 'ignore'
[0.800s] Level 1:colcon.colcon_core.package_identification:_identify(.) by extension 'ignore_ament_install'
[0.800s] Level 1:colcon.colcon_core.package_identification:_identify(.) by extensions ['colcon_pkg']
[0.800s] Level 1:colcon.colcon_core.package_identification:_identify(.) by extension 'colcon_pkg'
[0.800s] Level 1:colcon.colcon_core.package_identification:_identify(.) by extensions ['colcon_meta']
[0.800s] Level 1:colcon.colcon_core.package_identification:_identify(.) by extension 'colcon_meta'
[0.801s] Level 1:colcon.colcon_core.package_identification:_identify(.) by extensions ['ros']
[0.801s] Level 1:colcon.colcon_core.package_identification:_identify(.) by extension 'ros'
[0.829s] Level 1:colcon.colcon_core.package_identification:_identify(.) by extensions ['cmake', 'python']
[0.829s] Level 1:colcon.colcon_core.package_identification:_identify(.) by extension 'cmake'
[0.829s] Level 1:colcon.colcon_core.package_identification:_identify(.) by extension 'python'
[0.829s] Level 1:colcon.colcon_core.package_identification:_identify(.) by extensions ['python_setup_py']
[0.829s] Level 1:colcon.colcon_core.package_identification:_identify(.) by extension 'python_setup_py'
[0.830s] Level 1:colcon.colcon_core.package_identification:_identify(build) by extensions ['ignore', 'ignore_ament_install']
[0.830s] Level 1:colcon.colcon_core.package_identification:_identify(build) by extension 'ignore'
[0.830s] Level 1:colcon.colcon_core.package_identification:_identify(build) ignored
[0.830s] Level 1:colcon.colcon_core.package_identification:_identify(install) by extensions ['ignore', 'ignore_ament_install']
[0.831s] Level 1:colcon.colcon_core.package_identification:_identify(install) by extension 'ignore'
[0.831s] Level 1:colcon.colcon_core.package_identification:_identify(install) ignored
[0.831s] Level 1:colcon.colcon_core.package_identification:_identify(log) by extensions ['ignore', 'ignore_ament_install']
[0.831s] Level 1:colcon.colcon_core.package_identification:_identify(log) by extension 'ignore'
[0.831s] Level 1:colcon.colcon_core.package_identification:_identify(log) ignored
[0.832s] Level 1:colcon.colcon_core.package_identification:_identify(nova_sensors) by extensions ['ignore', 'ignore_ament_install']
[0.832s] Level 1:colcon.colcon_core.package_identification:_identify(nova_sensors) by extension 'ignore'
[0.832s] Level 1:colcon.colcon_core.package_identification:_identify(nova_sensors) by extension 'ignore_ament_install'
[0.832s] Level 1:colcon.colcon_core.package_identification:_identify(nova_sensors) by extensions ['colcon_pkg']
[0.832s] Level 1:colcon.colcon_core.package_identification:_identify(nova_sensors) by extension 'colcon_pkg'
[0.832s] Level 1:colcon.colcon_core.package_identification:_identify(nova_sensors) by extensions ['colcon_meta']
[0.832s] Level 1:colcon.colcon_core.package_identification:_identify(nova_sensors) by extension 'colcon_meta'
[0.832s] Level 1:colcon.colcon_core.package_identification:_identify(nova_sensors) by extensions ['ros']
[0.832s] Level 1:colcon.colcon_core.package_identification:_identify(nova_sensors) by extension 'ros'
[0.839s] DEBUG:colcon.colcon_core.package_identification:Package 'nova_sensors' with type 'ros.ament_python' and name 'nova_sensors'
[0.840s] Level 1:colcon.colcon_core.package_identification:_identify(nova_vision) by extensions ['ignore', 'ignore_ament_install']
[0.840s] Level 1:colcon.colcon_core.package_identification:_identify(nova_vision) by extension 'ignore'
[0.840s] Level 1:colcon.colcon_core.package_identification:_identify(nova_vision) by extension 'ignore_ament_install'
[0.840s] Level 1:colcon.colcon_core.package_identification:_identify(nova_vision) by extensions ['colcon_pkg']
[0.840s] Level 1:colcon.colcon_core.package_identification:_identify(nova_vision) by extension 'colcon_pkg'
[0.841s] Level 1:colcon.colcon_core.package_identification:_identify(nova_vision) by extensions ['colcon_meta']
[0.841s] Level 1:colcon.colcon_core.package_identification:_identify(nova_vision) by extension 'colcon_meta'
[0.841s] Level 1:colcon.colcon_core.package_identification:_identify(nova_vision) by extensions ['ros']
[0.841s] Level 1:colcon.colcon_core.package_identification:_identify(nova_vision) by extension 'ros'
[0.842s] DEBUG:colcon.colcon_core.package_identification:Package 'nova_vision' with type 'ros.ament_python' and name 'nova_vision'
[0.843s] Level 1:colcon.colcon_core.package_identification:_identify(src) by extensions ['ignore', 'ignore_ament_install']
[0.843s] Level 1:colcon.colcon_core.package_identification:_identify(src) by extension 'ignore'
[0.843s] Level 1:colcon.colcon_core.package_identification:_identify(src) by extension 'ignore_ament_install'
[0.843s] Level 1:colcon.colcon_core.package_identification:_identify(src) by extensions ['colcon_pkg']
[0.843s] Level 1:colcon.colcon_core.package_identification:_identify(src) by extension 'colcon_pkg'
[0.843s] Level 1:colcon.colcon_core.package_identification:_identify(src) by extensions ['colcon_meta']
[0.843s] Level 1:colcon.colcon_core.package_identification:_identify(src) by extension 'colcon_meta'
[0.843s] Level 1:colcon.colcon_core.package_identification:_identify(src) by extensions ['ros']
[0.844s] Level 1:colcon.colcon_core.package_identification:_identify(src) by extension 'ros'
[0.844s] Level 1:colcon.colcon_core.package_identification:_identify(src) by extensions ['cmake', 'python']
[0.844s] Level 1:colcon.colcon_core.package_identification:_identify(src) by extension 'cmake'
[0.844s] Level 1:colcon.colcon_core.package_identification:_identify(src) by extension 'python'
[0.844s] Level 1:colcon.colcon_core.package_identification:_identify(src) by extensions ['python_setup_py']
[0.844s] Level 1:colcon.colcon_core.package_identification:_identify(src) by extension 'python_setup_py'
[0.844s] Level 1:colcon.colcon_core.package_identification:_identify(src/cam_stream) by extensions ['ignore', 'ignore_ament_install']
[0.845s] Level 1:colcon.colcon_core.package_identification:_identify(src/cam_stream) by extension 'ignore'
[0.845s] Level 1:colcon.colcon_core.package_identification:_identify(src/cam_stream) by extension 'ignore_ament_install'
[0.845s] Level 1:colcon.colcon_core.package_identification:_identify(src/cam_stream) by extensions ['colcon_pkg']
[0.845s] Level 1:colcon.colcon_core.package_identification:_identify(src/cam_stream) by extension 'colcon_pkg'
[0.845s] Level 1:colcon.colcon_core.package_identification:_identify(src/cam_stream) by extensions ['colcon_meta']
[0.845s] Level 1:colcon.colcon_core.package_identification:_identify(src/cam_stream) by extension 'colcon_meta'
[0.845s] Level 1:colcon.colcon_core.package_identification:_identify(src/cam_stream) by extensions ['ros']
[0.845s] Level 1:colcon.colcon_core.package_identification:_identify(src/cam_stream) by extension 'ros'
[0.848s] DEBUG:colcon.colcon_core.package_identification:Package 'src/cam_stream' with type 'ros.ament_python' and name 'cam_stream'
[0.849s] Level 1:colcon.colcon_core.package_identification:_identify(src/navigation) by extensions ['ignore', 'ignore_ament_install']
[0.849s] Level 1:colcon.colcon_core.package_identification:_identify(src/navigation) by extension 'ignore'
[0.849s] Level 1:colcon.colcon_core.package_identification:_identify(src/navigation) by extension 'ignore_ament_install'
[0.849s] Level 1:colcon.colcon_core.package_identification:_identify(src/navigation) by extensions ['colcon_pkg']
[0.849s] Level 1:colcon.colcon_core.package_identification:_identify(src/navigation) by extension 'colcon_pkg'
[0.849s] Level 1:colcon.colcon_core.package_identification:_identify(src/navigation) by extensions ['colcon_meta']
[0.849s] Level 1:colcon.colcon_core.package_identification:_identify(src/navigation) by extension 'colcon_meta'
[0.850s] Level 1:colcon.colcon_core.package_identification:_identify(src/navigation) by extensions ['ros']
[0.850s] Level 1:colcon.colcon_core.package_identification:_identify(src/navigation) by extension 'ros'
[0.852s] DEBUG:colcon.colcon_core.package_identification:Package 'src/navigation' with type 'ros.ament_python' and name 'navigation'
[0.852s] Level 1:colcon.colcon_core.package_identification:_identify(test_scripts) by extensions ['ignore', 'ignore_ament_install']
[0.852s] Level 1:colcon.colcon_core.package_identification:_identify(test_scripts) by extension 'ignore'
[0.852s] Level 1:colcon.colcon_core.package_identification:_identify(test_scripts) ignored
[0.853s] Level 1:colcon.colcon_core.package_discovery:discover_packages(recursive) using defaults
[0.853s] Level 1:colcon.colcon_core.package_discovery:discover_packages(ignore) discover
[0.853s] Level 1:colcon.colcon_core.package_discovery:discover_packages(ignore) using defaults
[0.853s] Level 1:colcon.colcon_core.package_discovery:discover_packages(path) discover
[0.853s] Level 1:colcon.colcon_core.package_discovery:discover_packages(path) using defaults
[0.907s] Level 1:colcon.colcon_core.package_discovery:discover_packages(prefix_path) check parameters
[0.907s] Level 1:colcon.colcon_core.package_discovery:discover_packages(prefix_path) discover
[0.914s] DEBUG:colcon.colcon_installed_package_information.package_discovery:Found 271 installed packages in /opt/ros/humble
[0.946s] Level 1:colcon.colcon_core.package_discovery:discover_packages(prefix_path) using defaults
[1.032s] Level 5:colcon.colcon_core.verb:set package 'cam_stream' build argument 'cmake_args' from command line to 'None'
[1.032s] Level 5:colcon.colcon_core.verb:set package 'cam_stream' build argument 'cmake_target' from command line to 'None'
[1.032s] Level 5:colcon.colcon_core.verb:set package 'cam_stream' build argument 'cmake_target_skip_unavailable' from command line to 'False'
[1.032s] Level 5:colcon.colcon_core.verb:set package 'cam_stream' build argument 'cmake_clean_cache' from command line to 'False'
[1.033s] Level 5:colcon.colcon_core.verb:set package 'cam_stream' build argument 'cmake_clean_first' from command line to 'False'
[1.033s] Level 5:colcon.colcon_core.verb:set package 'cam_stream' build argument 'cmake_force_configure' from command line to 'False'
[1.033s] Level 5:colcon.colcon_core.verb:set package 'cam_stream' build argument 'ament_cmake_args' from command line to 'None'
[1.033s] Level 5:colcon.colcon_core.verb:set package 'cam_stream' build argument 'catkin_cmake_args' from command line to 'None'
[1.033s] Level 5:colcon.colcon_core.verb:set package 'cam_stream' build argument 'catkin_skip_building_tests' from command line to 'False'
[1.033s] DEBUG:colcon.colcon_core.verb:Building package 'cam_stream' with the following arguments: {'ament_cmake_args': None, 'build_base': '/home/tasc/AN_WS-1/build/cam_stream', 'catkin_cmake_args': None, 'catkin_skip_building_tests': False, 'cmake_args': None, 'cmake_clean_cache': False, 'cmake_clean_first': False, 'cmake_force_configure': False, 'cmake_target': None, 'cmake_target_skip_unavailable': False, 'install_base': '/home/tasc/AN_WS-1/install/cam_stream', 'merge_install': False, 'path': '/home/tasc/AN_WS-1/src/cam_stream', 'symlink_install': False, 'test_result_base': None}
[1.034s] Level 5:colcon.colcon_core.verb:set package 'navigation' build argument 'cmake_args' from command line to 'None'
[1.034s] Level 5:colcon.colcon_core.verb:set package 'navigation' build argument 'cmake_target' from command line to 'None'
[1.034s] Level 5:colcon.colcon_core.verb:set package 'navigation' build argument 'cmake_target_skip_unavailable' from command line to 'False'
[1.034s] Level 5:colcon.colcon_core.verb:set package 'navigation' build argument 'cmake_clean_cache' from command line to 'False'
[1.034s] Level 5:colcon.colcon_core.verb:set package 'navigation' build argument 'cmake_clean_first' from command line to 'False'
[1.034s] Level 5:colcon.colcon_core.verb:set package 'navigation' build argument 'cmake_force_configure' from command line to 'False'
[1.034s] Level 5:colcon.colcon_core.verb:set package 'navigation' build argument 'ament_cmake_args' from command line to 'None'
[1.034s] Level 5:colcon.colcon_core.verb:set package 'navigation' build argument 'catkin_cmake_args' from command line to 'None'
[1.034s] Level 5:colcon.colcon_core.verb:set package 'navigation' build argument 'catkin_skip_building_tests' from command line to 'False'
[1.034s] DEBUG:colcon.colcon_core.verb:Building package 'navigation' with the following arguments: {'ament_cmake_args': None, 'build_base': '/home/tasc/AN_WS-1/build/navigation', 'catkin_cmake_args': None, 'catkin_skip_building_tests': False, 'cmake_args': None, 'cmake_clean_cache': False, 'cmake_clean_first': False, 'cmake_force_configure': False, 'cmake_target': None, 'cmake_target_skip_unavailable': False, 'install_base': '/home/tasc/AN_WS-1/install/navigation', 'merge_install': False, 'path': '/home/tasc/AN_WS-1/src/navigation', 'symlink_install': False, 'test_result_base': None}
[1.035s] Level 5:colcon.colcon_core.verb:set package 'nova_sensors' build argument 'cmake_args' from command line to 'None'
[1.035s] Level 5:colcon.colcon_core.verb:set package 'nova_sensors' build argument 'cmake_target' from command line to 'None'
[1.035s] Level 5:colcon.colcon_core.verb:set package 'nova_sensors' build argument 'cmake_target_skip_unavailable' from command line to 'False'
[1.035s] Level 5:colcon.colcon_core.verb:set package 'nova_sensors' build argument 'cmake_clean_cache' from command line to 'False'
[1.035s] Level 5:colcon.colcon_core.verb:set package 'nova_sensors' build argument 'cmake_clean_first' from command line to 'False'
[1.035s] Level 5:colcon.colcon_core.verb:set package 'nova_sensors' build argument 'cmake_force_configure' from command line to 'False'
[1.035s] Level 5:colcon.colcon_core.verb:set package 'nova_sensors' build argument 'ament_cmake_args' from command line to 'None'
[1.035s] Level 5:colcon.colcon_core.verb:set package 'nova_sensors' build argument 'catkin_cmake_args' from command line to 'None'
[1.035s] Level 5:colcon.colcon_core.verb:set package 'nova_sensors' build argument 'catkin_skip_building_tests' from command line to 'False'
[1.035s] DEBUG:colcon.colcon_core.verb:Building package 'nova_sensors' with the following arguments: {'ament_cmake_args': None, 'build_base': '/home/tasc/AN_WS-1/build/nova_sensors', 'catkin_cmake_args': None, 'catkin_skip_building_tests': False, 'cmake_args': None, 'cmake_clean_cache': False, 'cmake_clean_first': False, 'cmake_force_configure': False, 'cmake_target': None, 'cmake_target_skip_unavailable': False, 'install_base': '/home/tasc/AN_WS-1/install/nova_sensors', 'merge_install': False, 'path': '/home/tasc/AN_WS-1/nova_sensors', 'symlink_install': False, 'test_result_base': None}
[1.036s] Level 5:colcon.colcon_core.verb:set package 'nova_vision' build argument 'cmake_args' from command line to 'None'
[1.036s] Level 5:colcon.colcon_core.verb:set package 'nova_vision' build argument 'cmake_target' from command line to 'None'
[1.036s] Level 5:colcon.colcon_core.verb:set package 'nova_vision' build argument 'cmake_target_skip_unavailable' from command line to 'False'
[1.036s] Level 5:colcon.colcon_core.verb:set package 'nova_vision' build argument 'cmake_clean_cache' from command line to 'False'
[1.036s] Level 5:colcon.colcon_core.verb:set package 'nova_vision' build argument 'cmake_clean_first' from command line to 'False'
[1.036s] Level 5:colcon.colcon_core.verb:set package 'nova_vision' build argument 'cmake_force_configure' from command line to 'False'
[1.036s] Level 5:colcon.colcon_core.verb:set package 'nova_vision' build argument 'ament_cmake_args' from command line to 'None'
[1.036s] Level 5:colcon.colcon_core.verb:set package 'nova_vision' build argument 'catkin_cmake_args' from command line to 'None'
[1.037s] Level 5:colcon.colcon_core.verb:set package 'nova_vision' build argument 'catkin_skip_building_tests' from command line to 'False'
[1.037s] DEBUG:colcon.colcon_core.verb:Building package 'nova_vision' with the following arguments: {'ament_cmake_args': None, 'build_base': '/home/tasc/AN_WS-1/build/nova_vision', 'catkin_cmake_args': None, 'catkin_skip_building_tests': False, 'cmake_args': None, 'cmake_clean_cache': False, 'cmake_clean_first': False, 'cmake_force_configure': False, 'cmake_target': None, 'cmake_target_skip_unavailable': False, 'install_base': '/home/tasc/AN_WS-1/install/nova_vision', 'merge_install': False, 'path': '/home/tasc/AN_WS-1/nova_vision', 'symlink_install': False, 'test_result_base': None}
[1.037s] INFO:colcon.colcon_core.executor:Executing jobs using 'parallel' executor
[1.039s] DEBUG:colcon.colcon_parallel_executor.executor.parallel:run_until_complete
[1.040s] INFO:colcon.colcon_ros.task.ament_python.build:Building ROS package in '/home/tasc/AN_WS-1/src/cam_stream' with build type 'ament_python'
[1.040s] Level 1:colcon.colcon_core.shell:create_environment_hook('cam_stream', 'ament_prefix_path')
[1.047s] INFO:colcon.colcon_core.plugin_system:Skipping extension 'colcon_core.shell.bat': Not used on non-Windows systems
[1.048s] INFO:colcon.colcon_core.shell:Creating environment hook '/home/tasc/AN_WS-1/install/cam_stream/share/cam_stream/hook/ament_prefix_path.ps1'
[1.050s] INFO:colcon.colcon_core.shell:Creating environment descriptor '/home/tasc/AN_WS-1/install/cam_stream/share/cam_stream/hook/ament_prefix_path.dsv'
[1.052s] INFO:colcon.colcon_core.shell:Creating environment hook '/home/tasc/AN_WS-1/install/cam_stream/share/cam_stream/hook/ament_prefix_path.sh'
[1.054s] INFO:colcon.colcon_core.shell:Skip shell extension 'powershell' for command environment: Not usable outside of PowerShell
[1.055s] DEBUG:colcon.colcon_core.shell:Skip shell extension 'dsv' for command environment
[1.062s] INFO:colcon.colcon_ros.task.ament_python.build:Building ROS package in '/home/tasc/AN_WS-1/src/navigation' with build type 'ament_python'
[1.062s] Level 1:colcon.colcon_core.shell:create_environment_hook('navigation', 'ament_prefix_path')
[1.063s] INFO:colcon.colcon_core.shell:Creating environment hook '/home/tasc/AN_WS-1/install/navigation/share/navigation/hook/ament_prefix_path.ps1'
[1.064s] INFO:colcon.colcon_core.shell:Creating environment descriptor '/home/tasc/AN_WS-1/install/navigation/share/navigation/hook/ament_prefix_path.dsv'
[1.065s] INFO:colcon.colcon_core.shell:Creating environment hook '/home/tasc/AN_WS-1/install/navigation/share/navigation/hook/ament_prefix_path.sh'
[1.066s] INFO:colcon.colcon_core.shell:Skip shell extension 'powershell' for command environment: Not usable outside of PowerShell
[1.067s] DEBUG:colcon.colcon_core.shell:Skip shell extension 'dsv' for command environment
[1.072s] INFO:colcon.colcon_ros.task.ament_python.build:Building ROS package in '/home/tasc/AN_WS-1/nova_sensors' with build type 'ament_python'
[1.072s] Level 1:colcon.colcon_core.shell:create_environment_hook('nova_sensors', 'ament_prefix_path')
[1.073s] INFO:colcon.colcon_core.shell:Creating environment hook '/home/tasc/AN_WS-1/install/nova_sensors/share/nova_sensors/hook/ament_prefix_path.ps1'
[1.074s] INFO:colcon.colcon_core.shell:Creating environment descriptor '/home/tasc/AN_WS-1/install/nova_sensors/share/nova_sensors/hook/ament_prefix_path.dsv'
[1.075s] INFO:colcon.colcon_core.shell:Creating environment hook '/home/tasc/AN_WS-1/install/nova_sensors/share/nova_sensors/hook/ament_prefix_path.sh'
[1.077s] INFO:colcon.colcon_core.shell:Skip shell extension 'powershell' for command environment: Not usable outside of PowerShell
[1.077s] DEBUG:colcon.colcon_core.shell:Skip shell extension 'dsv' for command environment
[1.085s] INFO:colcon.colcon_ros.task.ament_python.build:Building ROS package in '/home/tasc/AN_WS-1/nova_vision' with build type 'ament_python'
[1.085s] Level 1:colcon.colcon_core.shell:create_environment_hook('nova_vision', 'ament_prefix_path')
[1.086s] INFO:colcon.colcon_core.shell:Creating environment hook '/home/tasc/AN_WS-1/install/nova_vision/share/nova_vision/hook/ament_prefix_path.ps1'
[1.088s] INFO:colcon.colcon_core.shell:Creating environment descriptor '/home/tasc/AN_WS-1/install/nova_vision/share/nova_vision/hook/ament_prefix_path.dsv'
[1.089s] INFO:colcon.colcon_core.shell:Creating environment hook '/home/tasc/AN_WS-1/install/nova_vision/share/nova_vision/hook/ament_prefix_path.sh'
[1.091s] INFO:colcon.colcon_core.shell:Skip shell extension 'powershell' for command environment: Not usable outside of PowerShell
[1.091s] DEBUG:colcon.colcon_core.shell:Skip shell extension 'dsv' for command environment
[1.662s] INFO:colcon.colcon_core.task.python.build:Building Python package in '/home/tasc/AN_WS-1/src/cam_stream'
[1.663s] INFO:colcon.colcon_core.shell:Skip shell extension 'powershell' for command environment: Not usable outside of PowerShell
[1.663s] DEBUG:colcon.colcon_core.shell:Skip shell extension 'dsv' for command environment
[2.240s] INFO:colcon.colcon_core.task.python.build:Building Python package in '/home/tasc/AN_WS-1/src/navigation'
[2.241s] INFO:colcon.colcon_core.shell:Skip shell extension 'powershell' for command environment: Not usable outside of PowerShell
[2.241s] DEBUG:colcon.colcon_core.shell:Skip shell extension 'dsv' for command environment
[2.813s] INFO:colcon.colcon_core.task.python.build:Building Python package in '/home/tasc/AN_WS-1/nova_sensors'
[2.814s] INFO:colcon.colcon_core.shell:Skip shell extension 'powershell' for command environment: Not usable outside of PowerShell
[2.814s] DEBUG:colcon.colcon_core.shell:Skip shell extension 'dsv' for command environment
[3.399s] INFO:colcon.colcon_core.task.python.build:Building Python package in '/home/tasc/AN_WS-1/nova_vision'
[3.400s] INFO:colcon.colcon_core.shell:Skip shell extension 'powershell' for command environment: Not usable outside of PowerShell
[3.400s] DEBUG:colcon.colcon_core.shell:Skip shell extension 'dsv' for command environment
[4.253s] DEBUG:colcon.colcon_core.event_handler.log_command:Invoking command in '/home/tasc/AN_WS-1/nova_sensors': PYTHONPATH=/home/tasc/AN_WS-1/build/nova_sensors/prefix_override:/usr/lib/python3/dist-packages/colcon_core/task/python/colcon_distutils_commands:/home/tasc/AN_WS-1/install/nova_sensors/lib/python3.10/site-packages:${PYTHONPATH} /usr/bin/python3 -W ignore:setup.py install is deprecated -W ignore:easy_install command is deprecated setup.py egg_info --egg-base ../build/nova_sensors build --build-base /home/tasc/AN_WS-1/build/nova_sensors/build install --record /home/tasc/AN_WS-1/build/nova_sensors/install.log --single-version-externally-managed install_data
[4.269s] DEBUG:colcon.colcon_core.event_handler.log_command:Invoking command in '/home/tasc/AN_WS-1/src/navigation': PYTHONPATH=/home/tasc/AN_WS-1/build/navigation/prefix_override:/usr/lib/python3/dist-packages/colcon_core/task/python/colcon_distutils_commands:/home/tasc/AN_WS-1/install/navigation/lib/python3.10/site-packages:${PYTHONPATH} /usr/bin/python3 -W ignore:setup.py install is deprecated -W ignore:easy_install command is deprecated setup.py egg_info --egg-base ../../build/navigation build --build-base /home/tasc/AN_WS-1/build/navigation/build install --record /home/tasc/AN_WS-1/build/navigation/install.log --single-version-externally-managed install_data
[4.274s] DEBUG:colcon.colcon_core.event_handler.log_command:Invoking command in '/home/tasc/AN_WS-1/nova_vision': PYTHONPATH=/home/tasc/AN_WS-1/build/nova_vision/prefix_override:/usr/lib/python3/dist-packages/colcon_core/task/python/colcon_distutils_commands:/home/tasc/AN_WS-1/install/nova_vision/lib/python3.10/site-packages:${PYTHONPATH} /usr/bin/python3 -W ignore:setup.py install is deprecated -W ignore:easy_install command is deprecated setup.py egg_info --egg-base ../build/nova_vision build --build-base /home/tasc/AN_WS-1/build/nova_vision/build install --record /home/tasc/AN_WS-1/build/nova_vision/install.log --single-version-externally-managed install_data
[4.276s] DEBUG:colcon.colcon_core.event_handler.log_command:Invoking command in '/home/tasc/AN_WS-1/src/cam_stream': PYTHONPATH=/home/tasc/AN_WS-1/build/cam_stream/prefix_override:/usr/lib/python3/dist-packages/colcon_core/task/python/colcon_distutils_commands:/home/tasc/AN_WS-1/install/cam_stream/lib/python3.10/site-packages:${PYTHONPATH} /usr/bin/python3 -W ignore:setup.py install is deprecated -W ignore:easy_install command is deprecated setup.py egg_info --egg-base ../../build/cam_stream build --build-base /home/tasc/AN_WS-1/build/cam_stream/build install --record /home/tasc/AN_WS-1/build/cam_stream/install.log --single-version-externally-managed install_data
[4.967s] DEBUG:colcon.colcon_core.event_handler.log_command:Invoked command in '/home/tasc/AN_WS-1/nova_sensors' returned '0': PYTHONPATH=/home/tasc/AN_WS-1/build/nova_sensors/prefix_override:/usr/lib/python3/dist-packages/colcon_core/task/python/colcon_distutils_commands:/home/tasc/AN_WS-1/install/nova_sensors/lib/python3.10/site-packages:${PYTHONPATH} /usr/bin/python3 -W ignore:setup.py install is deprecated -W ignore:easy_install command is deprecated setup.py egg_info --egg-base ../build/nova_sensors build --build-base /home/tasc/AN_WS-1/build/nova_sensors/build install --record /home/tasc/AN_WS-1/build/nova_sensors/install.log --single-version-externally-managed install_data
[4.977s] Level 1:colcon.colcon_core.environment:checking '/home/tasc/AN_WS-1/install/nova_sensors' for CMake module files
[4.979s] Level 1:colcon.colcon_core.environment:checking '/home/tasc/AN_WS-1/install/nova_sensors' for CMake config files
[4.982s] Level 1:colcon.colcon_core.environment:checking '/home/tasc/AN_WS-1/install/nova_sensors/lib'
[4.982s] Level 1:colcon.colcon_core.environment:checking '/home/tasc/AN_WS-1/install/nova_sensors/bin'
[4.983s] Level 1:colcon.colcon_core.environment:checking '/home/tasc/AN_WS-1/install/nova_sensors/lib/pkgconfig/nova_sensors.pc'
[4.984s] Level 1:colcon.colcon_core.environment:checking '/home/tasc/AN_WS-1/install/nova_sensors/lib/python3.10/site-packages'
[4.984s] Level 1:colcon.colcon_core.shell:create_environment_hook('nova_sensors', 'pythonpath')
[4.985s] INFO:colcon.colcon_core.shell:Creating environment hook '/home/tasc/AN_WS-1/install/nova_sensors/share/nova_sensors/hook/pythonpath.ps1'
[4.987s] INFO:colcon.colcon_core.shell:Creating environment descriptor '/home/tasc/AN_WS-1/install/nova_sensors/share/nova_sensors/hook/pythonpath.dsv'
[4.988s] INFO:colcon.colcon_core.shell:Creating environment hook '/home/tasc/AN_WS-1/install/nova_sensors/share/nova_sensors/hook/pythonpath.sh'
[4.990s] Level 1:colcon.colcon_core.environment:checking '/home/tasc/AN_WS-1/install/nova_sensors/bin'
[4.991s] Level 1:colcon.colcon_core.environment:create_environment_scripts_only(nova_sensors)
[4.992s] INFO:colcon.colcon_core.shell:Creating package script '/home/tasc/AN_WS-1/install/nova_sensors/share/nova_sensors/package.ps1'
[4.997s] INFO:colcon.colcon_core.shell:Creating package descriptor '/home/tasc/AN_WS-1/install/nova_sensors/share/nova_sensors/package.dsv'
[4.999s] INFO:colcon.colcon_core.shell:Creating package script '/home/tasc/AN_WS-1/install/nova_sensors/share/nova_sensors/package.sh'
[5.002s] INFO:colcon.colcon_core.shell:Creating package script '/home/tasc/AN_WS-1/install/nova_sensors/share/nova_sensors/package.bash'
[5.005s] INFO:colcon.colcon_core.shell:Creating package script '/home/tasc/AN_WS-1/install/nova_sensors/share/nova_sensors/package.zsh'
[5.008s] Level 1:colcon.colcon_core.environment:create_file_with_runtime_dependencies(/home/tasc/AN_WS-1/install/nova_sensors/share/colcon-core/packages/nova_sensors)
[5.013s] Level 1:colcon.colcon_core.environment:checking '/home/tasc/AN_WS-1/install/navigation' for CMake module files
[5.014s] DEBUG:colcon.colcon_core.event_handler.log_command:Invoked command in '/home/tasc/AN_WS-1/src/navigation' returned '0': PYTHONPATH=/home/tasc/AN_WS-1/build/navigation/prefix_override:/usr/lib/python3/dist-packages/colcon_core/task/python/colcon_distutils_commands:/home/tasc/AN_WS-1/install/navigation/lib/python3.10/site-packages:${PYTHONPATH} /usr/bin/python3 -W ignore:setup.py install is deprecated -W ignore:easy_install command is deprecated setup.py egg_info --egg-base ../../build/navigation build --build-base /home/tasc/AN_WS-1/build/navigation/build install --record /home/tasc/AN_WS-1/build/navigation/install.log --single-version-externally-managed install_data
[5.016s] Level 1:colcon.colcon_core.environment:checking '/home/tasc/AN_WS-1/install/navigation' for CMake config files
[5.018s] Level 1:colcon.colcon_core.environment:checking '/home/tasc/AN_WS-1/install/navigation/lib'
[5.019s] Level 1:colcon.colcon_core.environment:checking '/home/tasc/AN_WS-1/install/navigation/bin'
[5.019s] Level 1:colcon.colcon_core.environment:checking '/home/tasc/AN_WS-1/install/navigation/lib/pkgconfig/navigation.pc'
[5.020s] Level 1:colcon.colcon_core.environment:checking '/home/tasc/AN_WS-1/install/navigation/lib/python3.10/site-packages'
[5.020s] Level 1:colcon.colcon_core.shell:create_environment_hook('navigation', 'pythonpath')
[5.021s] INFO:colcon.colcon_core.shell:Creating environment hook '/home/tasc/AN_WS-1/install/navigation/share/navigation/hook/pythonpath.ps1'
[5.023s] INFO:colcon.colcon_core.shell:Creating environment descriptor '/home/tasc/AN_WS-1/install/navigation/share/navigation/hook/pythonpath.dsv'
[5.024s] INFO:colcon.colcon_core.shell:Creating environment hook '/home/tasc/AN_WS-1/install/navigation/share/navigation/hook/pythonpath.sh'
[5.026s] Level 1:colcon.colcon_core.environment:checking '/home/tasc/AN_WS-1/install/navigation/bin'
[5.026s] Level 1:colcon.colcon_core.environment:create_environment_scripts_only(navigation)
[5.028s] INFO:colcon.colcon_core.shell:Creating package script '/home/tasc/AN_WS-1/install/navigation/share/navigation/package.ps1'
[5.029s] INFO:colcon.colcon_core.shell:Creating package descriptor '/home/tasc/AN_WS-1/install/navigation/share/navigation/package.dsv'
[5.031s] INFO:colcon.colcon_core.shell:Creating package script '/home/tasc/AN_WS-1/install/navigation/share/navigation/package.sh'
[5.033s] INFO:colcon.colcon_core.shell:Creating package script '/home/tasc/AN_WS-1/install/navigation/share/navigation/package.bash'
[5.034s] INFO:colcon.colcon_core.shell:Creating package script '/home/tasc/AN_WS-1/install/navigation/share/navigation/package.zsh'
[5.036s] Level 1:colcon.colcon_core.environment:create_file_with_runtime_dependencies(/home/tasc/AN_WS-1/install/navigation/share/colcon-core/packages/navigation)
[5.037s] Level 1:colcon.colcon_core.environment:checking '/home/tasc/AN_WS-1/install/nova_vision' for CMake module files
[5.041s] DEBUG:colcon.colcon_core.event_handler.log_command:Invoked command in '/home/tasc/AN_WS-1/nova_vision' returned '0': PYTHONPATH=/home/tasc/AN_WS-1/build/nova_vision/prefix_override:/usr/lib/python3/dist-packages/colcon_core/task/python/colcon_distutils_commands:/home/tasc/AN_WS-1/install/nova_vision/lib/python3.10/site-packages:${PYTHONPATH} /usr/bin/python3 -W ignore:setup.py install is deprecated -W ignore:easy_install command is deprecated setup.py egg_info --egg-base ../build/nova_vision build --build-base /home/tasc/AN_WS-1/build/nova_vision/build install --record /home/tasc/AN_WS-1/build/nova_vision/install.log --single-version-externally-managed install_data
[5.042s] Level 1:colcon.colcon_core.environment:checking '/home/tasc/AN_WS-1/install/nova_vision' for CMake config files
[5.044s] Level 1:colcon.colcon_core.environment:checking '/home/tasc/AN_WS-1/install/nova_vision/lib'
[5.044s] Level 1:colcon.colcon_core.environment:checking '/home/tasc/AN_WS-1/install/nova_vision/bin'
[5.045s] Level 1:colcon.colcon_core.environment:checking '/home/tasc/AN_WS-1/install/nova_vision/lib/pkgconfig/nova_vision.pc'
[5.045s] Level 1:colcon.colcon_core.environment:checking '/home/tasc/AN_WS-1/install/nova_vision/lib/python3.10/site-packages'
[5.046s] Level 1:colcon.colcon_core.shell:create_environment_hook('nova_vision', 'pythonpath')
[5.046s] INFO:colcon.colcon_core.shell:Creating environment hook '/home/tasc/AN_WS-1/install/nova_vision/share/nova_vision/hook/pythonpath.ps1'
[5.048s] INFO:colcon.colcon_core.shell:Creating environment descriptor '/home/tasc/AN_WS-1/install/nova_vision/share/nova_vision/hook/pythonpath.dsv'
[5.049s] INFO:colcon.colcon_core.shell:Creating environment hook '/home/tasc/AN_WS-1/install/nova_vision/share/nova_vision/hook/pythonpath.sh'
[5.051s] Level 1:colcon.colcon_core.environment:checking '/home/tasc/AN_WS-1/install/nova_vision/bin'
[5.051s] Level 1:colcon.colcon_core.environment:create_environment_scripts_only(nova_vision)
[5.053s] INFO:colcon.colcon_core.shell:Creating package script '/home/tasc/AN_WS-1/install/nova_vision/share/nova_vision/package.ps1'
[5.054s] INFO:colcon.colcon_core.shell:Creating package descriptor '/home/tasc/AN_WS-1/install/nova_vision/share/nova_vision/package.dsv'
[5.056s] INFO:colcon.colcon_core.shell:Creating package script '/home/tasc/AN_WS-1/install/nova_vision/share/nova_vision/package.sh'
[5.057s] INFO:colcon.colcon_core.shell:Creating package script '/home/tasc/AN_WS-1/install/nova_vision/share/nova_vision/package.bash'
[5.058s] INFO:colcon.colcon_core.shell:Creating package script '/home/tasc/AN_WS-1/install/nova_vision/share/nova_vision/package.zsh'
[5.059s] Level 1:colcon.colcon_core.environment:create_file_with_runtime_dependencies(/home/tasc/AN_WS-1/install/nova_vision/share/colcon-core/packages/nova_vision)
[5.063s] Level 1:colcon.colcon_core.environment:checking '/home/tasc/AN_WS-1/install/cam_stream' for CMake module files
[5.065s] Level 1:colcon.colcon_core.environment:checking '/home/tasc/AN_WS-1/install/cam_stream' for CMake config files
[5.066s] DEBUG:colcon.colcon_core.event_handler.log_command:Invoked command in '/home/tasc/AN_WS-1/src/cam_stream' returned '0': PYTHONPATH=/home/tasc/AN_WS-1/build/cam_stream/prefix_override:/usr/lib/python3/dist-packages/colcon_core/task/python/colcon_distutils_commands:/home/tasc/AN_WS-1/install/cam_stream/lib/python3.10/site-packages:${PYTHONPATH} /usr/bin/python3 -W ignore:setup.py install is deprecated -W ignore:easy_install command is deprecated setup.py egg_info --egg-base ../../build/cam_stream build --build-base /home/tasc/AN_WS-1/build/cam_stream/build install --record /home/tasc/AN_WS-1/build/cam_stream/install.log --single-version-externally-managed install_data
[5.068s] Level 1:colcon.colcon_core.environment:checking '/home/tasc/AN_WS-1/install/cam_stream/lib'
[5.069s] Level 1:colcon.colcon_core.environment:checking '/home/tasc/AN_WS-1/install/cam_stream/bin'
[5.069s] Level 1:colcon.colcon_core.environment:checking '/home/tasc/AN_WS-1/install/cam_stream/lib/pkgconfig/cam_stream.pc'
[5.070s] Level 1:colcon.colcon_core.environment:checking '/home/tasc/AN_WS-1/install/cam_stream/lib/python3.10/site-packages'
[5.070s] Level 1:colcon.colcon_core.shell:create_environment_hook('cam_stream', 'pythonpath')
[5.071s] INFO:colcon.colcon_core.shell:Creating environment hook '/home/tasc/AN_WS-1/install/cam_stream/share/cam_stream/hook/pythonpath.ps1'
[5.072s] INFO:colcon.colcon_core.shell:Creating environment descriptor '/home/tasc/AN_WS-1/install/cam_stream/share/cam_stream/hook/pythonpath.dsv'
[5.073s] INFO:colcon.colcon_core.shell:Creating environment hook '/home/tasc/AN_WS-1/install/cam_stream/share/cam_stream/hook/pythonpath.sh'
[5.075s] Level 1:colcon.colcon_core.environment:checking '/home/tasc/AN_WS-1/install/cam_stream/bin'
[5.075s] Level 1:colcon.colcon_core.environment:create_environment_scripts_only(cam_stream)
[5.076s] INFO:colcon.colcon_core.shell:Creating package script '/home/tasc/AN_WS-1/install/cam_stream/share/cam_stream/package.ps1'
[5.078s] INFO:colcon.colcon_core.shell:Creating package descriptor '/home/tasc/AN_WS-1/install/cam_stream/share/cam_stream/package.dsv'
[5.079s] INFO:colcon.colcon_core.shell:Creating package script '/home/tasc/AN_WS-1/install/cam_stream/share/cam_stream/package.sh'
[5.080s] INFO:colcon.colcon_core.shell:Creating package script '/home/tasc/AN_WS-1/install/cam_stream/share/cam_stream/package.bash'
[5.081s] INFO:colcon.colcon_core.shell:Creating package script '/home/tasc/AN_WS-1/install/cam_stream/share/cam_stream/package.zsh'
[5.082s] Level 1:colcon.colcon_core.environment:create_file_with_runtime_dependencies(/home/tasc/AN_WS-1/install/cam_stream/share/colcon-core/packages/cam_stream)
[5.083s] DEBUG:colcon.colcon_parallel_executor.executor.parallel:closing loop
[5.084s] DEBUG:colcon.colcon_parallel_executor.executor.parallel:loop closed
[5.084s] DEBUG:colcon.colcon_parallel_executor.executor.parallel:run_until_complete finished with '0'
[5.085s] DEBUG:colcon.colcon_core.event_reactor:joining thread
[5.104s] INFO:colcon.colcon_core.plugin_system:Skipping extension 'colcon_notification.desktop_notification.terminal_notifier': Not used on non-Darwin systems
[5.105s] INFO:colcon.colcon_core.plugin_system:Skipping extension 'colcon_notification.desktop_notification.win32': Not used on non-Windows systems
[5.105s] INFO:colcon.colcon_notification.desktop_notification:Sending desktop notification using 'notify2'
[5.180s] DEBUG:colcon.colcon_core.event_reactor:joined thread
[5.182s] INFO:colcon.colcon_core.shell:Creating prefix script '/home/tasc/AN_WS-1/install/local_setup.ps1'
[5.186s] INFO:colcon.colcon_core.shell:Creating prefix util module '/home/tasc/AN_WS-1/install/_local_setup_util_ps1.py'
[5.191s] INFO:colcon.colcon_core.shell:Creating prefix chain script '/home/tasc/AN_WS-1/install/setup.ps1'
[5.195s] INFO:colcon.colcon_core.shell:Creating prefix script '/home/tasc/AN_WS-1/install/local_setup.sh'
[5.197s] INFO:colcon.colcon_core.shell:Creating prefix util module '/home/tasc/AN_WS-1/install/_local_setup_util_sh.py'
[5.199s] INFO:colcon.colcon_core.shell:Creating prefix chain script '/home/tasc/AN_WS-1/install/setup.sh'
[5.203s] INFO:colcon.colcon_core.shell:Creating prefix script '/home/tasc/AN_WS-1/install/local_setup.bash'
[5.205s] INFO:colcon.colcon_core.shell:Creating prefix chain script '/home/tasc/AN_WS-1/install/setup.bash'
[5.208s] INFO:colcon.colcon_core.shell:Creating prefix script '/home/tasc/AN_WS-1/install/local_setup.zsh'
[5.210s] INFO:colcon.colcon_core.shell:Creating prefix chain script '/home/tasc/AN_WS-1/install/setup.zsh'
