[4.196s] Invoking command in '/home/moon/AN_WS/nova_vision': PYTHONPATH=/home/moon/AN_WS/build/nova_vision/prefix_override:/usr/lib/python3/dist-packages/colcon_core/task/python/colcon_distutils_commands:/home/moon/AN_WS/install/nova_vision/lib/python3.10/site-packages:${PYTHONPATH} /usr/bin/python3 -W ignore:setup.py install is deprecated -W ignore:easy_install command is deprecated setup.py egg_info --egg-base ../build/nova_vision build --build-base /home/moon/AN_WS/build/nova_vision/build install --record /home/moon/AN_WS/build/nova_vision/install.log --single-version-externally-managed install_data
[5.633s] running egg_info
[5.638s] writing ../build/nova_vision/nova_vision.egg-info/PKG-INFO
[5.641s] writing dependency_links to ../build/nova_vision/nova_vision.egg-info/dependency_links.txt
[5.648s] writing entry points to ../build/nova_vision/nova_vision.egg-info/entry_points.txt
[5.648s] writing requirements to ../build/nova_vision/nova_vision.egg-info/requires.txt
[5.652s] writing top-level names to ../build/nova_vision/nova_vision.egg-info/top_level.txt
[5.660s] reading manifest file '../build/nova_vision/nova_vision.egg-info/SOURCES.txt'
[5.662s] adding license file 'LICENSE'
[5.669s] writing manifest file '../build/nova_vision/nova_vision.egg-info/SOURCES.txt'
[5.675s] running build
[5.675s] running build_py
[5.675s] running install
[5.675s] running install_lib
[5.685s] running install_data
[5.686s] running install_egg_info
[5.700s] removing '/home/moon/AN_WS/install/nova_vision/lib/python3.10/site-packages/nova_vision-0.0.0-py3.10.egg-info' (and everything under it)
[5.714s] Copying ../build/nova_vision/nova_vision.egg-info to /home/moon/AN_WS/install/nova_vision/lib/python3.10/site-packages/nova_vision-0.0.0-py3.10.egg-info
[5.722s] running install_scripts
[5.830s] Installing aruco_detect script to /home/moon/AN_WS/install/nova_vision/lib/nova_vision
[5.832s] Installing camera_publisher script to /home/moon/AN_WS/install/nova_vision/lib/nova_vision
[5.832s] Installing camera_subscriber script to /home/moon/AN_WS/install/nova_vision/lib/nova_vision
[5.835s] Installing gps_aruco script to /home/moon/AN_WS/install/nova_vision/lib/nova_vision
[5.835s] Installing gps_display script to /home/moon/AN_WS/install/nova_vision/lib/nova_vision
[5.836s] Installing gps_node script to /home/moon/AN_WS/install/nova_vision/lib/nova_vision
[5.836s] Installing multi_camera_publisher script to /home/moon/AN_WS/install/nova_vision/lib/nova_vision
[5.836s] Installing object_tracker script to /home/moon/AN_WS/install/nova_vision/lib/nova_vision
[5.840s] writing list of installed files to '/home/moon/AN_WS/build/nova_vision/install.log'
[5.899s] Invoked command in '/home/moon/AN_WS/nova_vision' returned '0': PYTHONPATH=/home/moon/AN_WS/build/nova_vision/prefix_override:/usr/lib/python3/dist-packages/colcon_core/task/python/colcon_distutils_commands:/home/moon/AN_WS/install/nova_vision/lib/python3.10/site-packages:${PYTHONPATH} /usr/bin/python3 -W ignore:setup.py install is deprecated -W ignore:easy_install command is deprecated setup.py egg_info --egg-base ../build/nova_vision build --build-base /home/moon/AN_WS/build/nova_vision/build install --record /home/moon/AN_WS/build/nova_vision/install.log --single-version-externally-managed install_data
