[0.399s] DEBUG:colcon:Command line arguments: ['/usr/bin/colcon', 'build']
[0.400s] DEBUG:colcon:Parsed command line arguments: Namespace(log_base=None, log_level=None, verb_name='build', build_base='build', install_base='install', merge_install=False, symlink_install=False, test_result_base=None, continue_on_error=False, executor='parallel', parallel_workers=6, event_handlers=None, ignore_user_meta=False, metas=['./colcon.meta'], base_paths=['.'], packages_ignore=None, packages_ignore_regex=None, paths=None, packages_up_to=None, packages_up_to_regex=None, packages_above=None, packages_above_and_dependencies=None, packages_above_depth=None, packages_select_by_dep=None, packages_skip_by_dep=None, packages_skip_up_to=None, packages_select_build_failed=False, packages_skip_build_finished=False, packages_select_test_failures=False, packages_skip_test_passed=False, packages_select=None, packages_skip=None, packages_select_regex=None, packages_skip_regex=None, packages_start=None, packages_end=None, allow_overriding=[], cmake_args=None, cmake_target=None, cmake_target_skip_unavailable=False, cmake_clean_cache=False, cmake_clean_first=False, cmake_force_configure=False, ament_cmake_args=None, catkin_cmake_args=None, catkin_skip_building_tests=False, mixin_files=None, mixin=None, verb_parser=<colcon_mixin.mixin.mixin_argument.MixinArgumentDecorator object at 0xffffa069d9f0>, verb_extension=<colcon_core.verb.build.BuildVerb object at 0xffffa085e920>, main=<bound method BuildVerb.main of <colcon_core.verb.build.BuildVerb object at 0xffffa085e920>>, mixin_verb=('build',))
[0.870s] Level 1:colcon.colcon_core.package_discovery:discover_packages(colcon_meta) check parameters
[0.871s] Level 1:colcon.colcon_core.package_discovery:discover_packages(recursive) check parameters
[0.871s] Level 1:colcon.colcon_core.package_discovery:discover_packages(ignore) check parameters
[0.871s] Level 1:colcon.colcon_core.package_discovery:discover_packages(path) check parameters
[0.871s] Level 1:colcon.colcon_core.package_discovery:discover_packages(colcon_meta) discover
[0.871s] Level 1:colcon.colcon_core.package_discovery:discover_packages(recursive) discover
[0.871s] INFO:colcon.colcon_core.package_discovery:Crawling recursively for packages in '/home/tasc/AN_WS-1'
[0.871s] Level 1:colcon.colcon_core.package_identification:_identify(.) by extensions ['ignore', 'ignore_ament_install']
[0.872s] Level 1:colcon.colcon_core.package_identification:_identify(.) by extension 'ignore'
[0.872s] Level 1:colcon.colcon_core.package_identification:_identify(.) by extension 'ignore_ament_install'
[0.872s] Level 1:colcon.colcon_core.package_identification:_identify(.) by extensions ['colcon_pkg']
[0.872s] Level 1:colcon.colcon_core.package_identification:_identify(.) by extension 'colcon_pkg'
[0.872s] Level 1:colcon.colcon_core.package_identification:_identify(.) by extensions ['colcon_meta']
[0.872s] Level 1:colcon.colcon_core.package_identification:_identify(.) by extension 'colcon_meta'
[0.873s] Level 1:colcon.colcon_core.package_identification:_identify(.) by extensions ['ros']
[0.873s] Level 1:colcon.colcon_core.package_identification:_identify(.) by extension 'ros'
[0.900s] Level 1:colcon.colcon_core.package_identification:_identify(.) by extensions ['cmake', 'python']
[0.900s] Level 1:colcon.colcon_core.package_identification:_identify(.) by extension 'cmake'
[0.900s] Level 1:colcon.colcon_core.package_identification:_identify(.) by extension 'python'
[0.900s] Level 1:colcon.colcon_core.package_identification:_identify(.) by extensions ['python_setup_py']
[0.900s] Level 1:colcon.colcon_core.package_identification:_identify(.) by extension 'python_setup_py'
[0.901s] Level 1:colcon.colcon_core.package_identification:_identify(build) by extensions ['ignore', 'ignore_ament_install']
[0.901s] Level 1:colcon.colcon_core.package_identification:_identify(build) by extension 'ignore'
[0.901s] Level 1:colcon.colcon_core.package_identification:_identify(build) ignored
[0.901s] Level 1:colcon.colcon_core.package_identification:_identify(install) by extensions ['ignore', 'ignore_ament_install']
[0.902s] Level 1:colcon.colcon_core.package_identification:_identify(install) by extension 'ignore'
[0.902s] Level 1:colcon.colcon_core.package_identification:_identify(install) ignored
[0.902s] Level 1:colcon.colcon_core.package_identification:_identify(log) by extensions ['ignore', 'ignore_ament_install']
[0.902s] Level 1:colcon.colcon_core.package_identification:_identify(log) by extension 'ignore'
[0.902s] Level 1:colcon.colcon_core.package_identification:_identify(log) ignored
[0.903s] Level 1:colcon.colcon_core.package_identification:_identify(nova_sensors) by extensions ['ignore', 'ignore_ament_install']
[0.903s] Level 1:colcon.colcon_core.package_identification:_identify(nova_sensors) by extension 'ignore'
[0.903s] Level 1:colcon.colcon_core.package_identification:_identify(nova_sensors) by extension 'ignore_ament_install'
[0.903s] Level 1:colcon.colcon_core.package_identification:_identify(nova_sensors) by extensions ['colcon_pkg']
[0.903s] Level 1:colcon.colcon_core.package_identification:_identify(nova_sensors) by extension 'colcon_pkg'
[0.903s] Level 1:colcon.colcon_core.package_identification:_identify(nova_sensors) by extensions ['colcon_meta']
[0.903s] Level 1:colcon.colcon_core.package_identification:_identify(nova_sensors) by extension 'colcon_meta'
[0.903s] Level 1:colcon.colcon_core.package_identification:_identify(nova_sensors) by extensions ['ros']
[0.904s] Level 1:colcon.colcon_core.package_identification:_identify(nova_sensors) by extension 'ros'
[0.910s] DEBUG:colcon.colcon_core.package_identification:Package 'nova_sensors' with type 'ros.ament_python' and name 'nova_sensors'
[0.911s] Level 1:colcon.colcon_core.package_identification:_identify(nova_vision) by extensions ['ignore', 'ignore_ament_install']
[0.911s] Level 1:colcon.colcon_core.package_identification:_identify(nova_vision) by extension 'ignore'
[0.911s] Level 1:colcon.colcon_core.package_identification:_identify(nova_vision) by extension 'ignore_ament_install'
[0.911s] Level 1:colcon.colcon_core.package_identification:_identify(nova_vision) by extensions ['colcon_pkg']
[0.912s] Level 1:colcon.colcon_core.package_identification:_identify(nova_vision) by extension 'colcon_pkg'
[0.912s] Level 1:colcon.colcon_core.package_identification:_identify(nova_vision) by extensions ['colcon_meta']
[0.912s] Level 1:colcon.colcon_core.package_identification:_identify(nova_vision) by extension 'colcon_meta'
[0.912s] Level 1:colcon.colcon_core.package_identification:_identify(nova_vision) by extensions ['ros']
[0.912s] Level 1:colcon.colcon_core.package_identification:_identify(nova_vision) by extension 'ros'
[0.913s] DEBUG:colcon.colcon_core.package_identification:Package 'nova_vision' with type 'ros.ament_python' and name 'nova_vision'
[0.914s] Level 1:colcon.colcon_core.package_identification:_identify(src) by extensions ['ignore', 'ignore_ament_install']
[0.914s] Level 1:colcon.colcon_core.package_identification:_identify(src) by extension 'ignore'
[0.914s] Level 1:colcon.colcon_core.package_identification:_identify(src) by extension 'ignore_ament_install'
[0.914s] Level 1:colcon.colcon_core.package_identification:_identify(src) by extensions ['colcon_pkg']
[0.914s] Level 1:colcon.colcon_core.package_identification:_identify(src) by extension 'colcon_pkg'
[0.914s] Level 1:colcon.colcon_core.package_identification:_identify(src) by extensions ['colcon_meta']
[0.915s] Level 1:colcon.colcon_core.package_identification:_identify(src) by extension 'colcon_meta'
[0.915s] Level 1:colcon.colcon_core.package_identification:_identify(src) by extensions ['ros']
[0.915s] Level 1:colcon.colcon_core.package_identification:_identify(src) by extension 'ros'
[0.915s] Level 1:colcon.colcon_core.package_identification:_identify(src) by extensions ['cmake', 'python']
[0.915s] Level 1:colcon.colcon_core.package_identification:_identify(src) by extension 'cmake'
[0.915s] Level 1:colcon.colcon_core.package_identification:_identify(src) by extension 'python'
[0.915s] Level 1:colcon.colcon_core.package_identification:_identify(src) by extensions ['python_setup_py']
[0.915s] Level 1:colcon.colcon_core.package_identification:_identify(src) by extension 'python_setup_py'
[0.916s] Level 1:colcon.colcon_core.package_identification:_identify(src/cam_stream) by extensions ['ignore', 'ignore_ament_install']
[0.916s] Level 1:colcon.colcon_core.package_identification:_identify(src/cam_stream) by extension 'ignore'
[0.916s] Level 1:colcon.colcon_core.package_identification:_identify(src/cam_stream) by extension 'ignore_ament_install'
[0.916s] Level 1:colcon.colcon_core.package_identification:_identify(src/cam_stream) by extensions ['colcon_pkg']
[0.916s] Level 1:colcon.colcon_core.package_identification:_identify(src/cam_stream) by extension 'colcon_pkg'
[0.916s] Level 1:colcon.colcon_core.package_identification:_identify(src/cam_stream) by extensions ['colcon_meta']
[0.916s] Level 1:colcon.colcon_core.package_identification:_identify(src/cam_stream) by extension 'colcon_meta'
[0.917s] Level 1:colcon.colcon_core.package_identification:_identify(src/cam_stream) by extensions ['ros']
[0.917s] Level 1:colcon.colcon_core.package_identification:_identify(src/cam_stream) by extension 'ros'
[0.920s] DEBUG:colcon.colcon_core.package_identification:Package 'src/cam_stream' with type 'ros.ament_python' and name 'cam_stream'
[0.920s] Level 1:colcon.colcon_core.package_identification:_identify(src/navigation) by extensions ['ignore', 'ignore_ament_install']
[0.920s] Level 1:colcon.colcon_core.package_identification:_identify(src/navigation) by extension 'ignore'
[0.920s] Level 1:colcon.colcon_core.package_identification:_identify(src/navigation) by extension 'ignore_ament_install'
[0.921s] Level 1:colcon.colcon_core.package_identification:_identify(src/navigation) by extensions ['colcon_pkg']
[0.921s] Level 1:colcon.colcon_core.package_identification:_identify(src/navigation) by extension 'colcon_pkg'
[0.921s] Level 1:colcon.colcon_core.package_identification:_identify(src/navigation) by extensions ['colcon_meta']
[0.921s] Level 1:colcon.colcon_core.package_identification:_identify(src/navigation) by extension 'colcon_meta'
[0.921s] Level 1:colcon.colcon_core.package_identification:_identify(src/navigation) by extensions ['ros']
[0.921s] Level 1:colcon.colcon_core.package_identification:_identify(src/navigation) by extension 'ros'
[0.923s] DEBUG:colcon.colcon_core.package_identification:Package 'src/navigation' with type 'ros.ament_python' and name 'navigation'
[0.924s] Level 1:colcon.colcon_core.package_identification:_identify(test_scripts) by extensions ['ignore', 'ignore_ament_install']
[0.924s] Level 1:colcon.colcon_core.package_identification:_identify(test_scripts) by extension 'ignore'
[0.924s] Level 1:colcon.colcon_core.package_identification:_identify(test_scripts) ignored
[0.924s] Level 1:colcon.colcon_core.package_discovery:discover_packages(recursive) using defaults
[0.924s] Level 1:colcon.colcon_core.package_discovery:discover_packages(ignore) discover
[0.924s] Level 1:colcon.colcon_core.package_discovery:discover_packages(ignore) using defaults
[0.924s] Level 1:colcon.colcon_core.package_discovery:discover_packages(path) discover
[0.925s] Level 1:colcon.colcon_core.package_discovery:discover_packages(path) using defaults
[1.009s] Level 1:colcon.colcon_core.package_discovery:discover_packages(prefix_path) check parameters
[1.010s] Level 1:colcon.colcon_core.package_discovery:discover_packages(prefix_path) discover
[1.016s] DEBUG:colcon.colcon_installed_package_information.package_discovery:Found 271 installed packages in /opt/ros/humble
[1.019s] Level 1:colcon.colcon_core.package_discovery:discover_packages(prefix_path) using defaults
[1.105s] Level 5:colcon.colcon_core.verb:set package 'cam_stream' build argument 'cmake_args' from command line to 'None'
[1.105s] Level 5:colcon.colcon_core.verb:set package 'cam_stream' build argument 'cmake_target' from command line to 'None'
[1.105s] Level 5:colcon.colcon_core.verb:set package 'cam_stream' build argument 'cmake_target_skip_unavailable' from command line to 'False'
[1.105s] Level 5:colcon.colcon_core.verb:set package 'cam_stream' build argument 'cmake_clean_cache' from command line to 'False'
[1.105s] Level 5:colcon.colcon_core.verb:set package 'cam_stream' build argument 'cmake_clean_first' from command line to 'False'
[1.105s] Level 5:colcon.colcon_core.verb:set package 'cam_stream' build argument 'cmake_force_configure' from command line to 'False'
[1.105s] Level 5:colcon.colcon_core.verb:set package 'cam_stream' build argument 'ament_cmake_args' from command line to 'None'
[1.106s] Level 5:colcon.colcon_core.verb:set package 'cam_stream' build argument 'catkin_cmake_args' from command line to 'None'
[1.106s] Level 5:colcon.colcon_core.verb:set package 'cam_stream' build argument 'catkin_skip_building_tests' from command line to 'False'
[1.106s] DEBUG:colcon.colcon_core.verb:Building package 'cam_stream' with the following arguments: {'ament_cmake_args': None, 'build_base': '/home/tasc/AN_WS-1/build/cam_stream', 'catkin_cmake_args': None, 'catkin_skip_building_tests': False, 'cmake_args': None, 'cmake_clean_cache': False, 'cmake_clean_first': False, 'cmake_force_configure': False, 'cmake_target': None, 'cmake_target_skip_unavailable': False, 'install_base': '/home/tasc/AN_WS-1/install/cam_stream', 'merge_install': False, 'path': '/home/tasc/AN_WS-1/src/cam_stream', 'symlink_install': False, 'test_result_base': None}
[1.107s] Level 5:colcon.colcon_core.verb:set package 'navigation' build argument 'cmake_args' from command line to 'None'
[1.107s] Level 5:colcon.colcon_core.verb:set package 'navigation' build argument 'cmake_target' from command line to 'None'
[1.107s] Level 5:colcon.colcon_core.verb:set package 'navigation' build argument 'cmake_target_skip_unavailable' from command line to 'False'
[1.107s] Level 5:colcon.colcon_core.verb:set package 'navigation' build argument 'cmake_clean_cache' from command line to 'False'
[1.107s] Level 5:colcon.colcon_core.verb:set package 'navigation' build argument 'cmake_clean_first' from command line to 'False'
[1.107s] Level 5:colcon.colcon_core.verb:set package 'navigation' build argument 'cmake_force_configure' from command line to 'False'
[1.107s] Level 5:colcon.colcon_core.verb:set package 'navigation' build argument 'ament_cmake_args' from command line to 'None'
[1.107s] Level 5:colcon.colcon_core.verb:set package 'navigation' build argument 'catkin_cmake_args' from command line to 'None'
[1.107s] Level 5:colcon.colcon_core.verb:set package 'navigation' build argument 'catkin_skip_building_tests' from command line to 'False'
[1.107s] DEBUG:colcon.colcon_core.verb:Building package 'navigation' with the following arguments: {'ament_cmake_args': None, 'build_base': '/home/tasc/AN_WS-1/build/navigation', 'catkin_cmake_args': None, 'catkin_skip_building_tests': False, 'cmake_args': None, 'cmake_clean_cache': False, 'cmake_clean_first': False, 'cmake_force_configure': False, 'cmake_target': None, 'cmake_target_skip_unavailable': False, 'install_base': '/home/tasc/AN_WS-1/install/navigation', 'merge_install': False, 'path': '/home/tasc/AN_WS-1/src/navigation', 'symlink_install': False, 'test_result_base': None}
[1.108s] Level 5:colcon.colcon_core.verb:set package 'nova_sensors' build argument 'cmake_args' from command line to 'None'
[1.108s] Level 5:colcon.colcon_core.verb:set package 'nova_sensors' build argument 'cmake_target' from command line to 'None'
[1.108s] Level 5:colcon.colcon_core.verb:set package 'nova_sensors' build argument 'cmake_target_skip_unavailable' from command line to 'False'
[1.108s] Level 5:colcon.colcon_core.verb:set package 'nova_sensors' build argument 'cmake_clean_cache' from command line to 'False'
[1.108s] Level 5:colcon.colcon_core.verb:set package 'nova_sensors' build argument 'cmake_clean_first' from command line to 'False'
[1.108s] Level 5:colcon.colcon_core.verb:set package 'nova_sensors' build argument 'cmake_force_configure' from command line to 'False'
[1.108s] Level 5:colcon.colcon_core.verb:set package 'nova_sensors' build argument 'ament_cmake_args' from command line to 'None'
[1.108s] Level 5:colcon.colcon_core.verb:set package 'nova_sensors' build argument 'catkin_cmake_args' from command line to 'None'
[1.109s] Level 5:colcon.colcon_core.verb:set package 'nova_sensors' build argument 'catkin_skip_building_tests' from command line to 'False'
[1.109s] DEBUG:colcon.colcon_core.verb:Building package 'nova_sensors' with the following arguments: {'ament_cmake_args': None, 'build_base': '/home/tasc/AN_WS-1/build/nova_sensors', 'catkin_cmake_args': None, 'catkin_skip_building_tests': False, 'cmake_args': None, 'cmake_clean_cache': False, 'cmake_clean_first': False, 'cmake_force_configure': False, 'cmake_target': None, 'cmake_target_skip_unavailable': False, 'install_base': '/home/tasc/AN_WS-1/install/nova_sensors', 'merge_install': False, 'path': '/home/tasc/AN_WS-1/nova_sensors', 'symlink_install': False, 'test_result_base': None}
[1.109s] Level 5:colcon.colcon_core.verb:set package 'nova_vision' build argument 'cmake_args' from command line to 'None'
[1.109s] Level 5:colcon.colcon_core.verb:set package 'nova_vision' build argument 'cmake_target' from command line to 'None'
[1.109s] Level 5:colcon.colcon_core.verb:set package 'nova_vision' build argument 'cmake_target_skip_unavailable' from command line to 'False'
[1.110s] Level 5:colcon.colcon_core.verb:set package 'nova_vision' build argument 'cmake_clean_cache' from command line to 'False'
[1.110s] Level 5:colcon.colcon_core.verb:set package 'nova_vision' build argument 'cmake_clean_first' from command line to 'False'
[1.110s] Level 5:colcon.colcon_core.verb:set package 'nova_vision' build argument 'cmake_force_configure' from command line to 'False'
[1.110s] Level 5:colcon.colcon_core.verb:set package 'nova_vision' build argument 'ament_cmake_args' from command line to 'None'
[1.110s] Level 5:colcon.colcon_core.verb:set package 'nova_vision' build argument 'catkin_cmake_args' from command line to 'None'
[1.110s] Level 5:colcon.colcon_core.verb:set package 'nova_vision' build argument 'catkin_skip_building_tests' from command line to 'False'
[1.110s] DEBUG:colcon.colcon_core.verb:Building package 'nova_vision' with the following arguments: {'ament_cmake_args': None, 'build_base': '/home/tasc/AN_WS-1/build/nova_vision', 'catkin_cmake_args': None, 'catkin_skip_building_tests': False, 'cmake_args': None, 'cmake_clean_cache': False, 'cmake_clean_first': False, 'cmake_force_configure': False, 'cmake_target': None, 'cmake_target_skip_unavailable': False, 'install_base': '/home/tasc/AN_WS-1/install/nova_vision', 'merge_install': False, 'path': '/home/tasc/AN_WS-1/nova_vision', 'symlink_install': False, 'test_result_base': None}
[1.110s] INFO:colcon.colcon_core.executor:Executing jobs using 'parallel' executor
[1.113s] DEBUG:colcon.colcon_parallel_executor.executor.parallel:run_until_complete
[1.113s] INFO:colcon.colcon_ros.task.ament_python.build:Building ROS package in '/home/tasc/AN_WS-1/src/cam_stream' with build type 'ament_python'
[1.114s] Level 1:colcon.colcon_core.shell:create_environment_hook('cam_stream', 'ament_prefix_path')
[1.121s] INFO:colcon.colcon_core.plugin_system:Skipping extension 'colcon_core.shell.bat': Not used on non-Windows systems
[1.121s] INFO:colcon.colcon_core.shell:Creating environment hook '/home/tasc/AN_WS-1/install/cam_stream/share/cam_stream/hook/ament_prefix_path.ps1'
[1.124s] INFO:colcon.colcon_core.shell:Creating environment descriptor '/home/tasc/AN_WS-1/install/cam_stream/share/cam_stream/hook/ament_prefix_path.dsv'
[1.125s] INFO:colcon.colcon_core.shell:Creating environment hook '/home/tasc/AN_WS-1/install/cam_stream/share/cam_stream/hook/ament_prefix_path.sh'
[1.127s] INFO:colcon.colcon_core.shell:Skip shell extension 'powershell' for command environment: Not usable outside of PowerShell
[1.127s] DEBUG:colcon.colcon_core.shell:Skip shell extension 'dsv' for command environment
[1.133s] INFO:colcon.colcon_ros.task.ament_python.build:Building ROS package in '/home/tasc/AN_WS-1/src/navigation' with build type 'ament_python'
[1.133s] Level 1:colcon.colcon_core.shell:create_environment_hook('navigation', 'ament_prefix_path')
[1.134s] INFO:colcon.colcon_core.shell:Creating environment hook '/home/tasc/AN_WS-1/install/navigation/share/navigation/hook/ament_prefix_path.ps1'
[1.135s] INFO:colcon.colcon_core.shell:Creating environment descriptor '/home/tasc/AN_WS-1/install/navigation/share/navigation/hook/ament_prefix_path.dsv'
[1.136s] INFO:colcon.colcon_core.shell:Creating environment hook '/home/tasc/AN_WS-1/install/navigation/share/navigation/hook/ament_prefix_path.sh'
[1.137s] INFO:colcon.colcon_core.shell:Skip shell extension 'powershell' for command environment: Not usable outside of PowerShell
[1.138s] DEBUG:colcon.colcon_core.shell:Skip shell extension 'dsv' for command environment
[1.143s] INFO:colcon.colcon_ros.task.ament_python.build:Building ROS package in '/home/tasc/AN_WS-1/nova_sensors' with build type 'ament_python'
[1.143s] Level 1:colcon.colcon_core.shell:create_environment_hook('nova_sensors', 'ament_prefix_path')
[1.144s] INFO:colcon.colcon_core.shell:Creating environment hook '/home/tasc/AN_WS-1/install/nova_sensors/share/nova_sensors/hook/ament_prefix_path.ps1'
[1.145s] INFO:colcon.colcon_core.shell:Creating environment descriptor '/home/tasc/AN_WS-1/install/nova_sensors/share/nova_sensors/hook/ament_prefix_path.dsv'
[1.146s] INFO:colcon.colcon_core.shell:Creating environment hook '/home/tasc/AN_WS-1/install/nova_sensors/share/nova_sensors/hook/ament_prefix_path.sh'
[1.147s] INFO:colcon.colcon_core.shell:Skip shell extension 'powershell' for command environment: Not usable outside of PowerShell
[1.148s] DEBUG:colcon.colcon_core.shell:Skip shell extension 'dsv' for command environment
[1.153s] INFO:colcon.colcon_ros.task.ament_python.build:Building ROS package in '/home/tasc/AN_WS-1/nova_vision' with build type 'ament_python'
[1.153s] Level 1:colcon.colcon_core.shell:create_environment_hook('nova_vision', 'ament_prefix_path')
[1.154s] INFO:colcon.colcon_core.shell:Creating environment hook '/home/tasc/AN_WS-1/install/nova_vision/share/nova_vision/hook/ament_prefix_path.ps1'
[1.155s] INFO:colcon.colcon_core.shell:Creating environment descriptor '/home/tasc/AN_WS-1/install/nova_vision/share/nova_vision/hook/ament_prefix_path.dsv'
[1.156s] INFO:colcon.colcon_core.shell:Creating environment hook '/home/tasc/AN_WS-1/install/nova_vision/share/nova_vision/hook/ament_prefix_path.sh'
[1.157s] INFO:colcon.colcon_core.shell:Skip shell extension 'powershell' for command environment: Not usable outside of PowerShell
[1.157s] DEBUG:colcon.colcon_core.shell:Skip shell extension 'dsv' for command environment
[1.786s] INFO:colcon.colcon_core.task.python.build:Building Python package in '/home/tasc/AN_WS-1/src/cam_stream'
[1.787s] INFO:colcon.colcon_core.shell:Skip shell extension 'powershell' for command environment: Not usable outside of PowerShell
[1.788s] DEBUG:colcon.colcon_core.shell:Skip shell extension 'dsv' for command environment
[2.386s] INFO:colcon.colcon_core.task.python.build:Building Python package in '/home/tasc/AN_WS-1/src/navigation'
[2.387s] INFO:colcon.colcon_core.shell:Skip shell extension 'powershell' for command environment: Not usable outside of PowerShell
[2.387s] DEBUG:colcon.colcon_core.shell:Skip shell extension 'dsv' for command environment
[2.988s] INFO:colcon.colcon_core.task.python.build:Building Python package in '/home/tasc/AN_WS-1/nova_sensors'
[2.989s] INFO:colcon.colcon_core.shell:Skip shell extension 'powershell' for command environment: Not usable outside of PowerShell
[2.990s] DEBUG:colcon.colcon_core.shell:Skip shell extension 'dsv' for command environment
[3.625s] INFO:colcon.colcon_core.task.python.build:Building Python package in '/home/tasc/AN_WS-1/nova_vision'
[3.626s] INFO:colcon.colcon_core.shell:Skip shell extension 'powershell' for command environment: Not usable outside of PowerShell
[3.627s] DEBUG:colcon.colcon_core.shell:Skip shell extension 'dsv' for command environment
[4.493s] DEBUG:colcon.colcon_core.event_handler.log_command:Invoking command in '/home/tasc/AN_WS-1/nova_vision': PYTHONPATH=/home/tasc/AN_WS-1/build/nova_vision/prefix_override:/usr/lib/python3/dist-packages/colcon_core/task/python/colcon_distutils_commands:/home/tasc/AN_WS-1/install/nova_vision/lib/python3.10/site-packages:${PYTHONPATH} /usr/bin/python3 -W ignore:setup.py install is deprecated -W ignore:easy_install command is deprecated setup.py egg_info --egg-base ../build/nova_vision build --build-base /home/tasc/AN_WS-1/build/nova_vision/build install --record /home/tasc/AN_WS-1/build/nova_vision/install.log --single-version-externally-managed install_data
[4.507s] DEBUG:colcon.colcon_core.event_handler.log_command:Invoking command in '/home/tasc/AN_WS-1/nova_sensors': PYTHONPATH=/home/tasc/AN_WS-1/build/nova_sensors/prefix_override:/usr/lib/python3/dist-packages/colcon_core/task/python/colcon_distutils_commands:/home/tasc/AN_WS-1/install/nova_sensors/lib/python3.10/site-packages:${PYTHONPATH} /usr/bin/python3 -W ignore:setup.py install is deprecated -W ignore:easy_install command is deprecated setup.py egg_info --egg-base ../build/nova_sensors build --build-base /home/tasc/AN_WS-1/build/nova_sensors/build install --record /home/tasc/AN_WS-1/build/nova_sensors/install.log --single-version-externally-managed install_data
[4.511s] DEBUG:colcon.colcon_core.event_handler.log_command:Invoking command in '/home/tasc/AN_WS-1/src/navigation': PYTHONPATH=/home/tasc/AN_WS-1/build/navigation/prefix_override:/usr/lib/python3/dist-packages/colcon_core/task/python/colcon_distutils_commands:/home/tasc/AN_WS-1/install/navigation/lib/python3.10/site-packages:${PYTHONPATH} /usr/bin/python3 -W ignore:setup.py install is deprecated -W ignore:easy_install command is deprecated setup.py egg_info --egg-base ../../build/navigation build --build-base /home/tasc/AN_WS-1/build/navigation/build install --record /home/tasc/AN_WS-1/build/navigation/install.log --single-version-externally-managed install_data
[4.519s] DEBUG:colcon.colcon_core.event_handler.log_command:Invoking command in '/home/tasc/AN_WS-1/src/cam_stream': PYTHONPATH=/home/tasc/AN_WS-1/build/cam_stream/prefix_override:/usr/lib/python3/dist-packages/colcon_core/task/python/colcon_distutils_commands:/home/tasc/AN_WS-1/install/cam_stream/lib/python3.10/site-packages:${PYTHONPATH} /usr/bin/python3 -W ignore:setup.py install is deprecated -W ignore:easy_install command is deprecated setup.py egg_info --egg-base ../../build/cam_stream build --build-base /home/tasc/AN_WS-1/build/cam_stream/build install --record /home/tasc/AN_WS-1/build/cam_stream/install.log --single-version-externally-managed install_data
[5.222s] DEBUG:colcon.colcon_core.event_handler.log_command:Invoked command in '/home/tasc/AN_WS-1/nova_sensors' returned '0': PYTHONPATH=/home/tasc/AN_WS-1/build/nova_sensors/prefix_override:/usr/lib/python3/dist-packages/colcon_core/task/python/colcon_distutils_commands:/home/tasc/AN_WS-1/install/nova_sensors/lib/python3.10/site-packages:${PYTHONPATH} /usr/bin/python3 -W ignore:setup.py install is deprecated -W ignore:easy_install command is deprecated setup.py egg_info --egg-base ../build/nova_sensors build --build-base /home/tasc/AN_WS-1/build/nova_sensors/build install --record /home/tasc/AN_WS-1/build/nova_sensors/install.log --single-version-externally-managed install_data
[5.233s] Level 1:colcon.colcon_core.environment:checking '/home/tasc/AN_WS-1/install/nova_sensors' for CMake module files
[5.234s] Level 1:colcon.colcon_core.environment:checking '/home/tasc/AN_WS-1/install/nova_sensors' for CMake config files
[5.236s] Level 1:colcon.colcon_core.environment:checking '/home/tasc/AN_WS-1/install/nova_sensors/lib'
[5.236s] Level 1:colcon.colcon_core.environment:checking '/home/tasc/AN_WS-1/install/nova_sensors/bin'
[5.236s] Level 1:colcon.colcon_core.environment:checking '/home/tasc/AN_WS-1/install/nova_sensors/lib/pkgconfig/nova_sensors.pc'
[5.237s] Level 1:colcon.colcon_core.environment:checking '/home/tasc/AN_WS-1/install/nova_sensors/lib/python3.10/site-packages'
[5.237s] Level 1:colcon.colcon_core.shell:create_environment_hook('nova_sensors', 'pythonpath')
[5.238s] INFO:colcon.colcon_core.shell:Creating environment hook '/home/tasc/AN_WS-1/install/nova_sensors/share/nova_sensors/hook/pythonpath.ps1'
[5.240s] INFO:colcon.colcon_core.shell:Creating environment descriptor '/home/tasc/AN_WS-1/install/nova_sensors/share/nova_sensors/hook/pythonpath.dsv'
[5.242s] INFO:colcon.colcon_core.shell:Creating environment hook '/home/tasc/AN_WS-1/install/nova_sensors/share/nova_sensors/hook/pythonpath.sh'
[5.244s] Level 1:colcon.colcon_core.environment:checking '/home/tasc/AN_WS-1/install/nova_sensors/bin'
[5.244s] Level 1:colcon.colcon_core.environment:create_environment_scripts_only(nova_sensors)
[5.245s] INFO:colcon.colcon_core.shell:Creating package script '/home/tasc/AN_WS-1/install/nova_sensors/share/nova_sensors/package.ps1'
[5.247s] INFO:colcon.colcon_core.shell:Creating package descriptor '/home/tasc/AN_WS-1/install/nova_sensors/share/nova_sensors/package.dsv'
[5.249s] INFO:colcon.colcon_core.shell:Creating package script '/home/tasc/AN_WS-1/install/nova_sensors/share/nova_sensors/package.sh'
[5.252s] INFO:colcon.colcon_core.shell:Creating package script '/home/tasc/AN_WS-1/install/nova_sensors/share/nova_sensors/package.bash'
[5.255s] INFO:colcon.colcon_core.shell:Creating package script '/home/tasc/AN_WS-1/install/nova_sensors/share/nova_sensors/package.zsh'
[5.258s] Level 1:colcon.colcon_core.environment:create_file_with_runtime_dependencies(/home/tasc/AN_WS-1/install/nova_sensors/share/colcon-core/packages/nova_sensors)
[5.263s] Level 1:colcon.colcon_core.environment:checking '/home/tasc/AN_WS-1/install/nova_vision' for CMake module files
[5.265s] DEBUG:colcon.colcon_core.event_handler.log_command:Invoked command in '/home/tasc/AN_WS-1/nova_vision' returned '0': PYTHONPATH=/home/tasc/AN_WS-1/build/nova_vision/prefix_override:/usr/lib/python3/dist-packages/colcon_core/task/python/colcon_distutils_commands:/home/tasc/AN_WS-1/install/nova_vision/lib/python3.10/site-packages:${PYTHONPATH} /usr/bin/python3 -W ignore:setup.py install is deprecated -W ignore:easy_install command is deprecated setup.py egg_info --egg-base ../build/nova_vision build --build-base /home/tasc/AN_WS-1/build/nova_vision/build install --record /home/tasc/AN_WS-1/build/nova_vision/install.log --single-version-externally-managed install_data
[5.266s] Level 1:colcon.colcon_core.environment:checking '/home/tasc/AN_WS-1/install/nova_vision' for CMake config files
[5.268s] Level 1:colcon.colcon_core.environment:checking '/home/tasc/AN_WS-1/install/nova_vision/lib'
[5.269s] Level 1:colcon.colcon_core.environment:checking '/home/tasc/AN_WS-1/install/nova_vision/bin'
[5.269s] Level 1:colcon.colcon_core.environment:checking '/home/tasc/AN_WS-1/install/nova_vision/lib/pkgconfig/nova_vision.pc'
[5.270s] Level 1:colcon.colcon_core.environment:checking '/home/tasc/AN_WS-1/install/nova_vision/lib/python3.10/site-packages'
[5.270s] Level 1:colcon.colcon_core.shell:create_environment_hook('nova_vision', 'pythonpath')
[5.271s] INFO:colcon.colcon_core.shell:Creating environment hook '/home/tasc/AN_WS-1/install/nova_vision/share/nova_vision/hook/pythonpath.ps1'
[5.273s] INFO:colcon.colcon_core.shell:Creating environment descriptor '/home/tasc/AN_WS-1/install/nova_vision/share/nova_vision/hook/pythonpath.dsv'
[5.275s] INFO:colcon.colcon_core.shell:Creating environment hook '/home/tasc/AN_WS-1/install/nova_vision/share/nova_vision/hook/pythonpath.sh'
[5.276s] Level 1:colcon.colcon_core.environment:checking '/home/tasc/AN_WS-1/install/nova_vision/bin'
[5.277s] Level 1:colcon.colcon_core.environment:create_environment_scripts_only(nova_vision)
[5.278s] INFO:colcon.colcon_core.shell:Creating package script '/home/tasc/AN_WS-1/install/nova_vision/share/nova_vision/package.ps1'
[5.280s] INFO:colcon.colcon_core.shell:Creating package descriptor '/home/tasc/AN_WS-1/install/nova_vision/share/nova_vision/package.dsv'
[5.281s] INFO:colcon.colcon_core.shell:Creating package script '/home/tasc/AN_WS-1/install/nova_vision/share/nova_vision/package.sh'
[5.282s] INFO:colcon.colcon_core.shell:Creating package script '/home/tasc/AN_WS-1/install/nova_vision/share/nova_vision/package.bash'
[5.284s] INFO:colcon.colcon_core.shell:Creating package script '/home/tasc/AN_WS-1/install/nova_vision/share/nova_vision/package.zsh'
[5.285s] Level 1:colcon.colcon_core.environment:create_file_with_runtime_dependencies(/home/tasc/AN_WS-1/install/nova_vision/share/colcon-core/packages/nova_vision)
[5.288s] Level 1:colcon.colcon_core.environment:checking '/home/tasc/AN_WS-1/install/cam_stream' for CMake module files
[5.290s] DEBUG:colcon.colcon_core.event_handler.log_command:Invoked command in '/home/tasc/AN_WS-1/src/cam_stream' returned '0': PYTHONPATH=/home/tasc/AN_WS-1/build/cam_stream/prefix_override:/usr/lib/python3/dist-packages/colcon_core/task/python/colcon_distutils_commands:/home/tasc/AN_WS-1/install/cam_stream/lib/python3.10/site-packages:${PYTHONPATH} /usr/bin/python3 -W ignore:setup.py install is deprecated -W ignore:easy_install command is deprecated setup.py egg_info --egg-base ../../build/cam_stream build --build-base /home/tasc/AN_WS-1/build/cam_stream/build install --record /home/tasc/AN_WS-1/build/cam_stream/install.log --single-version-externally-managed install_data
[5.291s] Level 1:colcon.colcon_core.environment:checking '/home/tasc/AN_WS-1/install/cam_stream' for CMake config files
[5.293s] Level 1:colcon.colcon_core.environment:checking '/home/tasc/AN_WS-1/install/cam_stream/lib'
[5.293s] Level 1:colcon.colcon_core.environment:checking '/home/tasc/AN_WS-1/install/cam_stream/bin'
[5.294s] Level 1:colcon.colcon_core.environment:checking '/home/tasc/AN_WS-1/install/cam_stream/lib/pkgconfig/cam_stream.pc'
[5.295s] Level 1:colcon.colcon_core.environment:checking '/home/tasc/AN_WS-1/install/cam_stream/lib/python3.10/site-packages'
[5.295s] Level 1:colcon.colcon_core.shell:create_environment_hook('cam_stream', 'pythonpath')
[5.295s] INFO:colcon.colcon_core.shell:Creating environment hook '/home/tasc/AN_WS-1/install/cam_stream/share/cam_stream/hook/pythonpath.ps1'
[5.297s] INFO:colcon.colcon_core.shell:Creating environment descriptor '/home/tasc/AN_WS-1/install/cam_stream/share/cam_stream/hook/pythonpath.dsv'
[5.298s] INFO:colcon.colcon_core.shell:Creating environment hook '/home/tasc/AN_WS-1/install/cam_stream/share/cam_stream/hook/pythonpath.sh'
[5.300s] Level 1:colcon.colcon_core.environment:checking '/home/tasc/AN_WS-1/install/cam_stream/bin'
[5.301s] Level 1:colcon.colcon_core.environment:create_environment_scripts_only(cam_stream)
[5.301s] INFO:colcon.colcon_core.shell:Creating package script '/home/tasc/AN_WS-1/install/cam_stream/share/cam_stream/package.ps1'
[5.303s] INFO:colcon.colcon_core.shell:Creating package descriptor '/home/tasc/AN_WS-1/install/cam_stream/share/cam_stream/package.dsv'
[5.305s] INFO:colcon.colcon_core.shell:Creating package script '/home/tasc/AN_WS-1/install/cam_stream/share/cam_stream/package.sh'
[5.306s] INFO:colcon.colcon_core.shell:Creating package script '/home/tasc/AN_WS-1/install/cam_stream/share/cam_stream/package.bash'
[5.307s] INFO:colcon.colcon_core.shell:Creating package script '/home/tasc/AN_WS-1/install/cam_stream/share/cam_stream/package.zsh'
[5.308s] Level 1:colcon.colcon_core.environment:create_file_with_runtime_dependencies(/home/tasc/AN_WS-1/install/cam_stream/share/colcon-core/packages/cam_stream)
[5.313s] Level 1:colcon.colcon_core.environment:checking '/home/tasc/AN_WS-1/install/navigation' for CMake module files
[5.317s] Level 1:colcon.colcon_core.environment:checking '/home/tasc/AN_WS-1/install/navigation' for CMake config files
[5.318s] DEBUG:colcon.colcon_core.event_handler.log_command:Invoked command in '/home/tasc/AN_WS-1/src/navigation' returned '0': PYTHONPATH=/home/tasc/AN_WS-1/build/navigation/prefix_override:/usr/lib/python3/dist-packages/colcon_core/task/python/colcon_distutils_commands:/home/tasc/AN_WS-1/install/navigation/lib/python3.10/site-packages:${PYTHONPATH} /usr/bin/python3 -W ignore:setup.py install is deprecated -W ignore:easy_install command is deprecated setup.py egg_info --egg-base ../../build/navigation build --build-base /home/tasc/AN_WS-1/build/navigation/build install --record /home/tasc/AN_WS-1/build/navigation/install.log --single-version-externally-managed install_data
[5.320s] Level 1:colcon.colcon_core.environment:checking '/home/tasc/AN_WS-1/install/navigation/lib'
[5.320s] Level 1:colcon.colcon_core.environment:checking '/home/tasc/AN_WS-1/install/navigation/bin'
[5.321s] Level 1:colcon.colcon_core.environment:checking '/home/tasc/AN_WS-1/install/navigation/lib/pkgconfig/navigation.pc'
[5.321s] Level 1:colcon.colcon_core.environment:checking '/home/tasc/AN_WS-1/install/navigation/lib/python3.10/site-packages'
[5.321s] Level 1:colcon.colcon_core.shell:create_environment_hook('navigation', 'pythonpath')
[5.322s] INFO:colcon.colcon_core.shell:Creating environment hook '/home/tasc/AN_WS-1/install/navigation/share/navigation/hook/pythonpath.ps1'
[5.324s] INFO:colcon.colcon_core.shell:Creating environment descriptor '/home/tasc/AN_WS-1/install/navigation/share/navigation/hook/pythonpath.dsv'
[5.325s] INFO:colcon.colcon_core.shell:Creating environment hook '/home/tasc/AN_WS-1/install/navigation/share/navigation/hook/pythonpath.sh'
[5.326s] Level 1:colcon.colcon_core.environment:checking '/home/tasc/AN_WS-1/install/navigation/bin'
[5.327s] Level 1:colcon.colcon_core.environment:create_environment_scripts_only(navigation)
[5.328s] INFO:colcon.colcon_core.shell:Creating package script '/home/tasc/AN_WS-1/install/navigation/share/navigation/package.ps1'
[5.329s] INFO:colcon.colcon_core.shell:Creating package descriptor '/home/tasc/AN_WS-1/install/navigation/share/navigation/package.dsv'
[5.331s] INFO:colcon.colcon_core.shell:Creating package script '/home/tasc/AN_WS-1/install/navigation/share/navigation/package.sh'
[5.332s] INFO:colcon.colcon_core.shell:Creating package script '/home/tasc/AN_WS-1/install/navigation/share/navigation/package.bash'
[5.333s] INFO:colcon.colcon_core.shell:Creating package script '/home/tasc/AN_WS-1/install/navigation/share/navigation/package.zsh'
[5.334s] Level 1:colcon.colcon_core.environment:create_file_with_runtime_dependencies(/home/tasc/AN_WS-1/install/navigation/share/colcon-core/packages/navigation)
[5.335s] DEBUG:colcon.colcon_parallel_executor.executor.parallel:closing loop
[5.336s] DEBUG:colcon.colcon_parallel_executor.executor.parallel:loop closed
[5.336s] DEBUG:colcon.colcon_parallel_executor.executor.parallel:run_until_complete finished with '0'
[5.336s] DEBUG:colcon.colcon_core.event_reactor:joining thread
[5.355s] INFO:colcon.colcon_core.plugin_system:Skipping extension 'colcon_notification.desktop_notification.terminal_notifier': Not used on non-Darwin systems
[5.355s] INFO:colcon.colcon_core.plugin_system:Skipping extension 'colcon_notification.desktop_notification.win32': Not used on non-Windows systems
[5.356s] INFO:colcon.colcon_notification.desktop_notification:Sending desktop notification using 'notify2'
[5.421s] DEBUG:colcon.colcon_core.event_reactor:joined thread
[5.422s] INFO:colcon.colcon_core.shell:Creating prefix script '/home/tasc/AN_WS-1/install/local_setup.ps1'
[5.426s] INFO:colcon.colcon_core.shell:Creating prefix util module '/home/tasc/AN_WS-1/install/_local_setup_util_ps1.py'
[5.431s] INFO:colcon.colcon_core.shell:Creating prefix chain script '/home/tasc/AN_WS-1/install/setup.ps1'
[5.435s] INFO:colcon.colcon_core.shell:Creating prefix script '/home/tasc/AN_WS-1/install/local_setup.sh'
[5.437s] INFO:colcon.colcon_core.shell:Creating prefix util module '/home/tasc/AN_WS-1/install/_local_setup_util_sh.py'
[5.440s] INFO:colcon.colcon_core.shell:Creating prefix chain script '/home/tasc/AN_WS-1/install/setup.sh'
[5.443s] INFO:colcon.colcon_core.shell:Creating prefix script '/home/tasc/AN_WS-1/install/local_setup.bash'
[5.445s] INFO:colcon.colcon_core.shell:Creating prefix chain script '/home/tasc/AN_WS-1/install/setup.bash'
[5.449s] INFO:colcon.colcon_core.shell:Creating prefix script '/home/tasc/AN_WS-1/install/local_setup.zsh'
[5.451s] INFO:colcon.colcon_core.shell:Creating prefix chain script '/home/tasc/AN_WS-1/install/setup.zsh'
