[2.396s] Invoking command in '/home/moon/AN_WS/nova_vision': PYTHONPATH=/home/moon/AN_WS/build/nova_vision/prefix_override:/usr/lib/python3/dist-packages/colcon_core/task/python/colcon_distutils_commands:/home/moon/AN_WS/install/nova_vision/lib/python3.10/site-packages:${PYTHONPATH} /usr/bin/python3 -W ignore:setup.py install is deprecated -W ignore:easy_install command is deprecated setup.py egg_info --egg-base ../build/nova_vision build --build-base /home/moon/AN_WS/build/nova_vision/build install --record /home/moon/AN_WS/build/nova_vision/install.log --single-version-externally-managed install_data
[2.727s] running egg_info
[2.727s] writing ../build/nova_vision/nova_vision.egg-info/PKG-INFO
[2.737s] writing dependency_links to ../build/nova_vision/nova_vision.egg-info/dependency_links.txt
[2.738s] writing entry points to ../build/nova_vision/nova_vision.egg-info/entry_points.txt
[2.738s] writing requirements to ../build/nova_vision/nova_vision.egg-info/requires.txt
[2.739s] writing top-level names to ../build/nova_vision/nova_vision.egg-info/top_level.txt
[2.741s] reading manifest file '../build/nova_vision/nova_vision.egg-info/SOURCES.txt'
[2.743s] adding license file 'LICENSE'
[2.744s] writing manifest file '../build/nova_vision/nova_vision.egg-info/SOURCES.txt'
[2.744s] running build
[2.744s] running build_py
[2.747s] running install
[2.748s] running install_lib
[2.751s] running install_data
[2.753s] running install_egg_info
[2.757s] removing '/home/moon/AN_WS/install/nova_vision/lib/python3.10/site-packages/nova_vision-0.0.0-py3.10.egg-info' (and everything under it)
[2.758s] Copying ../build/nova_vision/nova_vision.egg-info to /home/moon/AN_WS/install/nova_vision/lib/python3.10/site-packages/nova_vision-0.0.0-py3.10.egg-info
[2.762s] running install_scripts
[2.795s] Installing aruco_detect script to /home/moon/AN_WS/install/nova_vision/lib/nova_vision
[2.805s] Installing camera_publisher script to /home/moon/AN_WS/install/nova_vision/lib/nova_vision
[2.806s] Installing camera_subscriber script to /home/moon/AN_WS/install/nova_vision/lib/nova_vision
[2.806s] Installing gps_aruco script to /home/moon/AN_WS/install/nova_vision/lib/nova_vision
[2.806s] Installing gps_display script to /home/moon/AN_WS/install/nova_vision/lib/nova_vision
[2.806s] Installing gps_node script to /home/moon/AN_WS/install/nova_vision/lib/nova_vision
[2.807s] Installing multi_camera_publisher script to /home/moon/AN_WS/install/nova_vision/lib/nova_vision
[2.807s] Installing object_tracker script to /home/moon/AN_WS/install/nova_vision/lib/nova_vision
[2.808s] writing list of installed files to '/home/moon/AN_WS/build/nova_vision/install.log'
[2.870s] Invoked command in '/home/moon/AN_WS/nova_vision' returned '0': PYTHONPATH=/home/moon/AN_WS/build/nova_vision/prefix_override:/usr/lib/python3/dist-packages/colcon_core/task/python/colcon_distutils_commands:/home/moon/AN_WS/install/nova_vision/lib/python3.10/site-packages:${PYTHONPATH} /usr/bin/python3 -W ignore:setup.py install is deprecated -W ignore:easy_install command is deprecated setup.py egg_info --egg-base ../build/nova_vision build --build-base /home/moon/AN_WS/build/nova_vision/build install --record /home/moon/AN_WS/build/nova_vision/install.log --single-version-externally-managed install_data
