[2.054s] Invoking command in '/home/moon/AN_WS/src/navigation': PYTHONPATH=/home/moon/AN_WS/build/navigation/prefix_override:/usr/lib/python3/dist-packages/colcon_core/task/python/colcon_distutils_commands:/home/moon/AN_WS/install/navigation/lib/python3.10/site-packages:${PYTHONPATH} /usr/bin/python3 -W ignore:setup.py install is deprecated -W ignore:easy_install command is deprecated setup.py egg_info --egg-base ../../build/navigation build --build-base /home/moon/AN_WS/build/navigation/build install --record /home/moon/AN_WS/build/navigation/install.log --single-version-externally-managed install_data
[2.527s] running egg_info
[2.536s] writing ../../build/navigation/navigation.egg-info/PKG-INFO
[2.536s] writing dependency_links to ../../build/navigation/navigation.egg-info/dependency_links.txt
[2.536s] writing entry points to ../../build/navigation/navigation.egg-info/entry_points.txt
[2.536s] writing requirements to ../../build/navigation/navigation.egg-info/requires.txt
[2.536s] writing top-level names to ../../build/navigation/navigation.egg-info/top_level.txt
[2.540s] reading manifest file '../../build/navigation/navigation.egg-info/SOURCES.txt'
[2.543s] adding license file 'LICENSE'
[2.544s] writing manifest file '../../build/navigation/navigation.egg-info/SOURCES.txt'
[2.544s] running build
[2.548s] running build_py
[2.548s] running install
[2.548s] running install_lib
[2.557s] running install_data
[2.557s] running install_egg_info
[2.570s] removing '/home/moon/AN_WS/install/navigation/lib/python3.10/site-packages/navigation-0.0.0-py3.10.egg-info' (and everything under it)
[2.582s] Copying ../../build/navigation/navigation.egg-info to /home/moon/AN_WS/install/navigation/lib/python3.10/site-packages/navigation-0.0.0-py3.10.egg-info
[2.592s] running install_scripts
[2.625s] Installing aruco_marker_publisher script to /home/moon/AN_WS/install/navigation/lib/navigation
[2.629s] Installing camera_publisher script to /home/moon/AN_WS/install/navigation/lib/navigation
[2.629s] Installing camera_subscriber script to /home/moon/AN_WS/install/navigation/lib/navigation
[2.629s] Installing combined_gps_aruco script to /home/moon/AN_WS/install/navigation/lib/navigation
[2.629s] Installing gps_display script to /home/moon/AN_WS/install/navigation/lib/navigation
[2.632s] Installing gps_node script to /home/moon/AN_WS/install/navigation/lib/navigation
[2.632s] Installing gst_pub script to /home/moon/AN_WS/install/navigation/lib/navigation
[2.632s] Installing multi_camera_publisher script to /home/moon/AN_WS/install/navigation/lib/navigation
[2.633s] Installing multi_camera_publisher_gst script to /home/moon/AN_WS/install/navigation/lib/navigation
[2.633s] Installing multi_camera_subscriber_gst script to /home/moon/AN_WS/install/navigation/lib/navigation
[2.633s] writing list of installed files to '/home/moon/AN_WS/build/navigation/install.log'
[2.657s] Invoked command in '/home/moon/AN_WS/src/navigation' returned '0': PYTHONPATH=/home/moon/AN_WS/build/navigation/prefix_override:/usr/lib/python3/dist-packages/colcon_core/task/python/colcon_distutils_commands:/home/moon/AN_WS/install/navigation/lib/python3.10/site-packages:${PYTHONPATH} /usr/bin/python3 -W ignore:setup.py install is deprecated -W ignore:easy_install command is deprecated setup.py egg_info --egg-base ../../build/navigation build --build-base /home/moon/AN_WS/build/navigation/build install --record /home/moon/AN_WS/build/navigation/install.log --single-version-externally-managed install_data
