[3.137s] Invoking command in '/home/moon/AN_WS/src/cam_stream': PYTHONPATH=/home/moon/AN_WS/build/cam_stream/prefix_override:/usr/lib/python3/dist-packages/colcon_core/task/python/colcon_distutils_commands:/home/moon/AN_WS/install/cam_stream/lib/python3.10/site-packages:${PYTHONPATH} /usr/bin/python3 -W ignore:setup.py install is deprecated -W ignore:easy_install command is deprecated setup.py egg_info --egg-base ../../build/cam_stream build --build-base /home/moon/AN_WS/build/cam_stream/build install --record /home/moon/AN_WS/build/cam_stream/install.log --single-version-externally-managed install_data
[3.997s] running egg_info
[4.000s] writing ../../build/cam_stream/cam_stream.egg-info/PKG-INFO
[4.001s] writing dependency_links to ../../build/cam_stream/cam_stream.egg-info/dependency_links.txt
[4.001s] writing entry points to ../../build/cam_stream/cam_stream.egg-info/entry_points.txt
[4.006s] writing requirements to ../../build/cam_stream/cam_stream.egg-info/requires.txt
[4.007s] writing top-level names to ../../build/cam_stream/cam_stream.egg-info/top_level.txt
[4.009s] reading manifest file '../../build/cam_stream/cam_stream.egg-info/SOURCES.txt'
[4.011s] writing manifest file '../../build/cam_stream/cam_stream.egg-info/SOURCES.txt'
[4.012s] running build
[4.015s] running build_py
[4.018s] copying cam_stream/multi_cam_gps_aruco.py -> /home/moon/AN_WS/build/cam_stream/build/lib/cam_stream
[4.019s] running install
[4.020s] running install_lib
[4.023s] copying /home/moon/AN_WS/build/cam_stream/build/lib/cam_stream/multi_cam_gps_aruco.py -> /home/moon/AN_WS/install/cam_stream/lib/python3.10/site-packages/cam_stream
[4.029s] byte-compiling /home/moon/AN_WS/install/cam_stream/lib/python3.10/site-packages/cam_stream/multi_cam_gps_aruco.py to multi_cam_gps_aruco.cpython-310.pyc
[4.041s]   File "/home/moon/AN_WS/install/cam_stream/lib/python3.10/site-packages/cam_stream/multi_cam_gps_aruco.py", line 157
[4.043s]     self.get_logger().warn(f"Sample is None for cam {cam_id}"
[4.043s]                           ^
[4.046s] running install_data
[4.046s] running install_egg_info
[4.048s] removing '/home/moon/AN_WS/install/cam_stream/lib/python3.10/site-packages/cam_stream-0.0.0-py3.10.egg-info' (and everything under it)
[4.048s] SyntaxError: '(' was never closed
[4.048s] 
[4.050s] Copying ../../build/cam_stream/cam_stream.egg-info to /home/moon/AN_WS/install/cam_stream/lib/python3.10/site-packages/cam_stream-0.0.0-py3.10.egg-info
[4.056s] running install_scripts
[4.148s] Installing gps_node script to /home/moon/AN_WS/install/cam_stream/lib/cam_stream
[4.152s] Installing multi_cam_gps_aruco script to /home/moon/AN_WS/install/cam_stream/lib/cam_stream
[4.152s] Installing multi_camera_publisher script to /home/moon/AN_WS/install/cam_stream/lib/cam_stream
[4.152s] Installing multi_camera_subscriber script to /home/moon/AN_WS/install/cam_stream/lib/cam_stream
[4.153s] writing list of installed files to '/home/moon/AN_WS/build/cam_stream/install.log'
[4.198s] Invoked command in '/home/moon/AN_WS/src/cam_stream' returned '0': PYTHONPATH=/home/moon/AN_WS/build/cam_stream/prefix_override:/usr/lib/python3/dist-packages/colcon_core/task/python/colcon_distutils_commands:/home/moon/AN_WS/install/cam_stream/lib/python3.10/site-packages:${PYTHONPATH} /usr/bin/python3 -W ignore:setup.py install is deprecated -W ignore:easy_install command is deprecated setup.py egg_info --egg-base ../../build/cam_stream build --build-base /home/moon/AN_WS/build/cam_stream/build install --record /home/moon/AN_WS/build/cam_stream/install.log --single-version-externally-managed install_data
