[4.714s] Invoking command in '/home/moon/AN_WS/nova_sensors': PYTHONPATH=/home/moon/AN_WS/build/nova_sensors/prefix_override:/usr/lib/python3/dist-packages/colcon_core/task/python/colcon_distutils_commands:/home/moon/AN_WS/install/nova_sensors/lib/python3.10/site-packages:${PYTHONPATH} /usr/bin/python3 -W ignore:setup.py install is deprecated -W ignore:easy_install command is deprecated setup.py egg_info --egg-base ../build/nova_sensors build --build-base /home/moon/AN_WS/build/nova_sensors/build install --record /home/moon/AN_WS/build/nova_sensors/install.log --single-version-externally-managed install_data
[6.606s] running egg_info
[6.634s] writing ../build/nova_sensors/nova_sensors.egg-info/PKG-INFO
[6.646s] writing dependency_links to ../build/nova_sensors/nova_sensors.egg-info/dependency_links.txt
[6.647s] writing entry points to ../build/nova_sensors/nova_sensors.egg-info/entry_points.txt
[6.647s] writing requirements to ../build/nova_sensors/nova_sensors.egg-info/requires.txt
[6.647s] writing top-level names to ../build/nova_sensors/nova_sensors.egg-info/top_level.txt
[6.660s] reading manifest file '../build/nova_sensors/nova_sensors.egg-info/SOURCES.txt'
[6.660s] writing manifest file '../build/nova_sensors/nova_sensors.egg-info/SOURCES.txt'
[6.660s] running build
[6.661s] running build_py
[6.661s] running install
[6.661s] running install_lib
[6.666s] running install_data
[6.666s] running install_egg_info
[6.680s] removing '/home/moon/AN_WS/install/nova_sensors/lib/python3.10/site-packages/nova_sensors-0.0.0-py3.10.egg-info' (and everything under it)
[6.681s] Copying ../build/nova_sensors/nova_sensors.egg-info to /home/moon/AN_WS/install/nova_sensors/lib/python3.10/site-packages/nova_sensors-0.0.0-py3.10.egg-info
[6.686s] running install_scripts
[6.780s] Installing gps_node = nova_sensors.gps_node:mainimu_node script to /home/moon/AN_WS/install/nova_sensors/lib/nova_sensors
[6.784s] writing list of installed files to '/home/moon/AN_WS/build/nova_sensors/install.log'
[6.838s] Invoked command in '/home/moon/AN_WS/nova_sensors' returned '0': PYTHONPATH=/home/moon/AN_WS/build/nova_sensors/prefix_override:/usr/lib/python3/dist-packages/colcon_core/task/python/colcon_distutils_commands:/home/moon/AN_WS/install/nova_sensors/lib/python3.10/site-packages:${PYTHONPATH} /usr/bin/python3 -W ignore:setup.py install is deprecated -W ignore:easy_install command is deprecated setup.py egg_info --egg-base ../build/nova_sensors build --build-base /home/moon/AN_WS/build/nova_sensors/build install --record /home/moon/AN_WS/build/nova_sensors/install.log --single-version-externally-managed install_data
