[0.265s] DEBUG:colcon:Command line arguments: ['/usr/bin/colcon', 'build']
[0.266s] DEBUG:colcon:Parsed command line arguments: Namespace(log_base=None, log_level=None, verb_name='build', build_base='build', install_base='install', merge_install=False, symlink_install=False, test_result_base=None, continue_on_error=False, executor='parallel', parallel_workers=4, event_handlers=None, ignore_user_meta=False, metas=['./colcon.meta'], base_paths=['.'], packages_ignore=None, packages_ignore_regex=None, paths=None, packages_up_to=None, packages_up_to_regex=None, packages_above=None, packages_above_and_dependencies=None, packages_above_depth=None, packages_select_by_dep=None, packages_skip_by_dep=None, packages_skip_up_to=None, packages_select_build_failed=False, packages_skip_build_finished=False, packages_select_test_failures=False, packages_skip_test_passed=False, packages_select=None, packages_skip=None, packages_select_regex=None, packages_skip_regex=None, packages_start=None, packages_end=None, cmake_args=None, cmake_target=None, cmake_target_skip_unavailable=False, cmake_clean_cache=False, cmake_clean_first=False, cmake_force_configure=False, ament_cmake_args=None, catkin_cmake_args=None, catkin_skip_building_tests=False, mixin_files=None, mixin=None, verb_parser=<colcon_mixin.mixin.mixin_argument.MixinArgumentDecorator object at 0xffffa27c7940>, verb_extension=<colcon_core.verb.build.BuildVerb object at 0xffffa27048b0>, main=<bound method BuildVerb.main of <colcon_core.verb.build.BuildVerb object at 0xffffa27048b0>>, mixin_verb=('build',))
[0.403s] Level 1:colcon.colcon_core.package_discovery:discover_packages(colcon_meta) check parameters
[0.404s] INFO:colcon.colcon_metadata.package_discovery.colcon_meta:Using configuration from '/root/.colcon/metadata/default/Gazebo.meta'
[0.405s] INFO:colcon.colcon_metadata.package_discovery.colcon_meta:Using configuration from '/root/.colcon/metadata/default/fastdds.meta'
[0.405s] INFO:colcon.colcon_metadata.package_discovery.colcon_meta:Using configuration from '/root/.colcon/metadata/default/fastrtps.meta'
[0.405s] Level 1:colcon.colcon_core.package_discovery:discover_packages(recursive) check parameters
[0.405s] Level 1:colcon.colcon_core.package_discovery:discover_packages(ignore) check parameters
[0.405s] Level 1:colcon.colcon_core.package_discovery:discover_packages(path) check parameters
[0.406s] Level 1:colcon.colcon_core.package_discovery:discover_packages(colcon_meta) discover
[0.406s] Level 1:colcon.colcon_core.package_discovery:discover_packages(recursive) discover
[0.406s] INFO:colcon.colcon_core.package_discovery:Crawling recursively for packages in '/home/TASC/AN_WS'
[0.406s] Level 1:colcon.colcon_core.package_identification:_identify(.) by extensions ['ignore', 'ignore_ament_install']
[0.406s] Level 1:colcon.colcon_core.package_identification:_identify(.) by extension 'ignore'
[0.406s] Level 1:colcon.colcon_core.package_identification:_identify(.) by extension 'ignore_ament_install'
[0.406s] Level 1:colcon.colcon_core.package_identification:_identify(.) by extensions ['colcon_pkg']
[0.406s] Level 1:colcon.colcon_core.package_identification:_identify(.) by extension 'colcon_pkg'
[0.406s] Level 1:colcon.colcon_core.package_identification:_identify(.) by extensions ['colcon_meta']
[0.406s] Level 1:colcon.colcon_core.package_identification:_identify(.) by extension 'colcon_meta'
[0.406s] Level 1:colcon.colcon_core.package_identification:_identify(.) by extensions ['ros']
[0.406s] Level 1:colcon.colcon_core.package_identification:_identify(.) by extension 'ros'
[0.427s] Level 1:colcon.colcon_core.package_identification:_identify(.) by extensions ['cmake', 'python']
[0.427s] Level 1:colcon.colcon_core.package_identification:_identify(.) by extension 'cmake'
[0.427s] Level 1:colcon.colcon_core.package_identification:_identify(.) by extension 'python'
[0.427s] Level 1:colcon.colcon_core.package_identification:_identify(.) by extensions ['python_setup_py']
[0.427s] Level 1:colcon.colcon_core.package_identification:_identify(.) by extension 'python_setup_py'
[0.428s] Level 1:colcon.colcon_core.package_identification:_identify(build) by extensions ['ignore', 'ignore_ament_install']
[0.428s] Level 1:colcon.colcon_core.package_identification:_identify(build) by extension 'ignore'
[0.428s] Level 1:colcon.colcon_core.package_identification:_identify(build) ignored
[0.429s] Level 1:colcon.colcon_core.package_identification:_identify(install) by extensions ['ignore', 'ignore_ament_install']
[0.429s] Level 1:colcon.colcon_core.package_identification:_identify(install) by extension 'ignore'
[0.429s] Level 1:colcon.colcon_core.package_identification:_identify(install) ignored
[0.429s] Level 1:colcon.colcon_core.package_identification:_identify(log) by extensions ['ignore', 'ignore_ament_install']
[0.430s] Level 1:colcon.colcon_core.package_identification:_identify(log) by extension 'ignore'
[0.430s] Level 1:colcon.colcon_core.package_identification:_identify(log) ignored
[0.430s] Level 1:colcon.colcon_core.package_identification:_identify(nova_sensors) by extensions ['ignore', 'ignore_ament_install']
[0.430s] Level 1:colcon.colcon_core.package_identification:_identify(nova_sensors) by extension 'ignore'
[0.430s] Level 1:colcon.colcon_core.package_identification:_identify(nova_sensors) by extension 'ignore_ament_install'
[0.430s] Level 1:colcon.colcon_core.package_identification:_identify(nova_sensors) by extensions ['colcon_pkg']
[0.430s] Level 1:colcon.colcon_core.package_identification:_identify(nova_sensors) by extension 'colcon_pkg'
[0.430s] Level 1:colcon.colcon_core.package_identification:_identify(nova_sensors) by extensions ['colcon_meta']
[0.430s] Level 1:colcon.colcon_core.package_identification:_identify(nova_sensors) by extension 'colcon_meta'
[0.431s] Level 1:colcon.colcon_core.package_identification:_identify(nova_sensors) by extensions ['ros']
[0.431s] Level 1:colcon.colcon_core.package_identification:_identify(nova_sensors) by extension 'ros'
[0.436s] DEBUG:colcon.colcon_core.package_identification:Package 'nova_sensors' with type 'ros.ament_python' and name 'nova_sensors'
[0.437s] Level 1:colcon.colcon_core.package_identification:_identify(nova_vision) by extensions ['ignore', 'ignore_ament_install']
[0.437s] Level 1:colcon.colcon_core.package_identification:_identify(nova_vision) by extension 'ignore'
[0.437s] Level 1:colcon.colcon_core.package_identification:_identify(nova_vision) by extension 'ignore_ament_install'
[0.437s] Level 1:colcon.colcon_core.package_identification:_identify(nova_vision) by extensions ['colcon_pkg']
[0.437s] Level 1:colcon.colcon_core.package_identification:_identify(nova_vision) by extension 'colcon_pkg'
[0.437s] Level 1:colcon.colcon_core.package_identification:_identify(nova_vision) by extensions ['colcon_meta']
[0.437s] Level 1:colcon.colcon_core.package_identification:_identify(nova_vision) by extension 'colcon_meta'
[0.437s] Level 1:colcon.colcon_core.package_identification:_identify(nova_vision) by extensions ['ros']
[0.438s] Level 1:colcon.colcon_core.package_identification:_identify(nova_vision) by extension 'ros'
[0.439s] DEBUG:colcon.colcon_core.package_identification:Package 'nova_vision' with type 'ros.ament_python' and name 'nova_vision'
[0.439s] Level 1:colcon.colcon_core.package_identification:_identify(src) by extensions ['ignore', 'ignore_ament_install']
[0.439s] Level 1:colcon.colcon_core.package_identification:_identify(src) by extension 'ignore'
[0.439s] Level 1:colcon.colcon_core.package_identification:_identify(src) by extension 'ignore_ament_install'
[0.440s] Level 1:colcon.colcon_core.package_identification:_identify(src) by extensions ['colcon_pkg']
[0.440s] Level 1:colcon.colcon_core.package_identification:_identify(src) by extension 'colcon_pkg'
[0.440s] Level 1:colcon.colcon_core.package_identification:_identify(src) by extensions ['colcon_meta']
[0.440s] Level 1:colcon.colcon_core.package_identification:_identify(src) by extension 'colcon_meta'
[0.440s] Level 1:colcon.colcon_core.package_identification:_identify(src) by extensions ['ros']
[0.440s] Level 1:colcon.colcon_core.package_identification:_identify(src) by extension 'ros'
[0.440s] Level 1:colcon.colcon_core.package_identification:_identify(src) by extensions ['cmake', 'python']
[0.440s] Level 1:colcon.colcon_core.package_identification:_identify(src) by extension 'cmake'
[0.440s] Level 1:colcon.colcon_core.package_identification:_identify(src) by extension 'python'
[0.440s] Level 1:colcon.colcon_core.package_identification:_identify(src) by extensions ['python_setup_py']
[0.440s] Level 1:colcon.colcon_core.package_identification:_identify(src) by extension 'python_setup_py'
[0.441s] Level 1:colcon.colcon_core.package_identification:_identify(src/cam_stream) by extensions ['ignore', 'ignore_ament_install']
[0.441s] Level 1:colcon.colcon_core.package_identification:_identify(src/cam_stream) by extension 'ignore'
[0.441s] Level 1:colcon.colcon_core.package_identification:_identify(src/cam_stream) by extension 'ignore_ament_install'
[0.441s] Level 1:colcon.colcon_core.package_identification:_identify(src/cam_stream) by extensions ['colcon_pkg']
[0.441s] Level 1:colcon.colcon_core.package_identification:_identify(src/cam_stream) by extension 'colcon_pkg'
[0.441s] Level 1:colcon.colcon_core.package_identification:_identify(src/cam_stream) by extensions ['colcon_meta']
[0.441s] Level 1:colcon.colcon_core.package_identification:_identify(src/cam_stream) by extension 'colcon_meta'
[0.442s] Level 1:colcon.colcon_core.package_identification:_identify(src/cam_stream) by extensions ['ros']
[0.442s] Level 1:colcon.colcon_core.package_identification:_identify(src/cam_stream) by extension 'ros'
[0.444s] DEBUG:colcon.colcon_core.package_identification:Package 'src/cam_stream' with type 'ros.ament_python' and name 'cam_stream'
[0.445s] Level 1:colcon.colcon_core.package_identification:_identify(src/navigation) by extensions ['ignore', 'ignore_ament_install']
[0.445s] Level 1:colcon.colcon_core.package_identification:_identify(src/navigation) by extension 'ignore'
[0.445s] Level 1:colcon.colcon_core.package_identification:_identify(src/navigation) by extension 'ignore_ament_install'
[0.445s] Level 1:colcon.colcon_core.package_identification:_identify(src/navigation) by extensions ['colcon_pkg']
[0.445s] Level 1:colcon.colcon_core.package_identification:_identify(src/navigation) by extension 'colcon_pkg'
[0.446s] Level 1:colcon.colcon_core.package_identification:_identify(src/navigation) by extensions ['colcon_meta']
[0.446s] Level 1:colcon.colcon_core.package_identification:_identify(src/navigation) by extension 'colcon_meta'
[0.446s] Level 1:colcon.colcon_core.package_identification:_identify(src/navigation) by extensions ['ros']
[0.446s] Level 1:colcon.colcon_core.package_identification:_identify(src/navigation) by extension 'ros'
[0.448s] DEBUG:colcon.colcon_core.package_identification:Package 'src/navigation' with type 'ros.ament_python' and name 'navigation'
[0.448s] Level 1:colcon.colcon_core.package_identification:_identify(test_scripts) by extensions ['ignore', 'ignore_ament_install']
[0.448s] Level 1:colcon.colcon_core.package_identification:_identify(test_scripts) by extension 'ignore'
[0.448s] Level 1:colcon.colcon_core.package_identification:_identify(test_scripts) ignored
[0.448s] Level 1:colcon.colcon_core.package_discovery:discover_packages(recursive) using defaults
[0.448s] Level 1:colcon.colcon_core.package_discovery:discover_packages(ignore) discover
[0.448s] Level 1:colcon.colcon_core.package_discovery:discover_packages(ignore) using defaults
[0.448s] Level 1:colcon.colcon_core.package_discovery:discover_packages(path) discover
[0.448s] Level 1:colcon.colcon_core.package_discovery:discover_packages(path) using defaults
[0.500s] Level 5:colcon.colcon_core.verb:set package 'cam_stream' build argument 'cmake_args' from command line to 'None'
[0.501s] Level 5:colcon.colcon_core.verb:set package 'cam_stream' build argument 'cmake_target' from command line to 'None'
[0.501s] Level 5:colcon.colcon_core.verb:set package 'cam_stream' build argument 'cmake_target_skip_unavailable' from command line to 'False'
[0.501s] Level 5:colcon.colcon_core.verb:set package 'cam_stream' build argument 'cmake_clean_cache' from command line to 'False'
[0.501s] Level 5:colcon.colcon_core.verb:set package 'cam_stream' build argument 'cmake_clean_first' from command line to 'False'
[0.501s] Level 5:colcon.colcon_core.verb:set package 'cam_stream' build argument 'cmake_force_configure' from command line to 'False'
[0.501s] Level 5:colcon.colcon_core.verb:set package 'cam_stream' build argument 'ament_cmake_args' from command line to 'None'
[0.501s] Level 5:colcon.colcon_core.verb:set package 'cam_stream' build argument 'catkin_cmake_args' from command line to 'None'
[0.501s] Level 5:colcon.colcon_core.verb:set package 'cam_stream' build argument 'catkin_skip_building_tests' from command line to 'False'
[0.501s] DEBUG:colcon.colcon_core.verb:Building package 'cam_stream' with the following arguments: {'ament_cmake_args': None, 'build_base': '/home/TASC/AN_WS/build/cam_stream', 'catkin_cmake_args': None, 'catkin_skip_building_tests': False, 'cmake_args': None, 'cmake_clean_cache': False, 'cmake_clean_first': False, 'cmake_force_configure': False, 'cmake_target': None, 'cmake_target_skip_unavailable': False, 'install_base': '/home/TASC/AN_WS/install/cam_stream', 'merge_install': False, 'path': '/home/TASC/AN_WS/src/cam_stream', 'symlink_install': False, 'test_result_base': None}
[0.502s] Level 5:colcon.colcon_core.verb:set package 'navigation' build argument 'cmake_args' from command line to 'None'
[0.502s] Level 5:colcon.colcon_core.verb:set package 'navigation' build argument 'cmake_target' from command line to 'None'
[0.503s] Level 5:colcon.colcon_core.verb:set package 'navigation' build argument 'cmake_target_skip_unavailable' from command line to 'False'
[0.503s] Level 5:colcon.colcon_core.verb:set package 'navigation' build argument 'cmake_clean_cache' from command line to 'False'
[0.503s] Level 5:colcon.colcon_core.verb:set package 'navigation' build argument 'cmake_clean_first' from command line to 'False'
[0.503s] Level 5:colcon.colcon_core.verb:set package 'navigation' build argument 'cmake_force_configure' from command line to 'False'
[0.503s] Level 5:colcon.colcon_core.verb:set package 'navigation' build argument 'ament_cmake_args' from command line to 'None'
[0.503s] Level 5:colcon.colcon_core.verb:set package 'navigation' build argument 'catkin_cmake_args' from command line to 'None'
[0.503s] Level 5:colcon.colcon_core.verb:set package 'navigation' build argument 'catkin_skip_building_tests' from command line to 'False'
[0.503s] DEBUG:colcon.colcon_core.verb:Building package 'navigation' with the following arguments: {'ament_cmake_args': None, 'build_base': '/home/TASC/AN_WS/build/navigation', 'catkin_cmake_args': None, 'catkin_skip_building_tests': False, 'cmake_args': None, 'cmake_clean_cache': False, 'cmake_clean_first': False, 'cmake_force_configure': False, 'cmake_target': None, 'cmake_target_skip_unavailable': False, 'install_base': '/home/TASC/AN_WS/install/navigation', 'merge_install': False, 'path': '/home/TASC/AN_WS/src/navigation', 'symlink_install': False, 'test_result_base': None}
[0.504s] Level 5:colcon.colcon_core.verb:set package 'nova_sensors' build argument 'cmake_args' from command line to 'None'
[0.504s] Level 5:colcon.colcon_core.verb:set package 'nova_sensors' build argument 'cmake_target' from command line to 'None'
[0.504s] Level 5:colcon.colcon_core.verb:set package 'nova_sensors' build argument 'cmake_target_skip_unavailable' from command line to 'False'
[0.504s] Level 5:colcon.colcon_core.verb:set package 'nova_sensors' build argument 'cmake_clean_cache' from command line to 'False'
[0.504s] Level 5:colcon.colcon_core.verb:set package 'nova_sensors' build argument 'cmake_clean_first' from command line to 'False'
[0.504s] Level 5:colcon.colcon_core.verb:set package 'nova_sensors' build argument 'cmake_force_configure' from command line to 'False'
[0.504s] Level 5:colcon.colcon_core.verb:set package 'nova_sensors' build argument 'ament_cmake_args' from command line to 'None'
[0.504s] Level 5:colcon.colcon_core.verb:set package 'nova_sensors' build argument 'catkin_cmake_args' from command line to 'None'
[0.505s] Level 5:colcon.colcon_core.verb:set package 'nova_sensors' build argument 'catkin_skip_building_tests' from command line to 'False'
[0.505s] DEBUG:colcon.colcon_core.verb:Building package 'nova_sensors' with the following arguments: {'ament_cmake_args': None, 'build_base': '/home/TASC/AN_WS/build/nova_sensors', 'catkin_cmake_args': None, 'catkin_skip_building_tests': False, 'cmake_args': None, 'cmake_clean_cache': False, 'cmake_clean_first': False, 'cmake_force_configure': False, 'cmake_target': None, 'cmake_target_skip_unavailable': False, 'install_base': '/home/TASC/AN_WS/install/nova_sensors', 'merge_install': False, 'path': '/home/TASC/AN_WS/nova_sensors', 'symlink_install': False, 'test_result_base': None}
[0.506s] Level 5:colcon.colcon_core.verb:set package 'nova_vision' build argument 'cmake_args' from command line to 'None'
[0.506s] Level 5:colcon.colcon_core.verb:set package 'nova_vision' build argument 'cmake_target' from command line to 'None'
[0.506s] Level 5:colcon.colcon_core.verb:set package 'nova_vision' build argument 'cmake_target_skip_unavailable' from command line to 'False'
[0.506s] Level 5:colcon.colcon_core.verb:set package 'nova_vision' build argument 'cmake_clean_cache' from command line to 'False'
[0.506s] Level 5:colcon.colcon_core.verb:set package 'nova_vision' build argument 'cmake_clean_first' from command line to 'False'
[0.506s] Level 5:colcon.colcon_core.verb:set package 'nova_vision' build argument 'cmake_force_configure' from command line to 'False'
[0.506s] Level 5:colcon.colcon_core.verb:set package 'nova_vision' build argument 'ament_cmake_args' from command line to 'None'
[0.506s] Level 5:colcon.colcon_core.verb:set package 'nova_vision' build argument 'catkin_cmake_args' from command line to 'None'
[0.506s] Level 5:colcon.colcon_core.verb:set package 'nova_vision' build argument 'catkin_skip_building_tests' from command line to 'False'
[0.506s] DEBUG:colcon.colcon_core.verb:Building package 'nova_vision' with the following arguments: {'ament_cmake_args': None, 'build_base': '/home/TASC/AN_WS/build/nova_vision', 'catkin_cmake_args': None, 'catkin_skip_building_tests': False, 'cmake_args': None, 'cmake_clean_cache': False, 'cmake_clean_first': False, 'cmake_force_configure': False, 'cmake_target': None, 'cmake_target_skip_unavailable': False, 'install_base': '/home/TASC/AN_WS/install/nova_vision', 'merge_install': False, 'path': '/home/TASC/AN_WS/nova_vision', 'symlink_install': False, 'test_result_base': None}
[0.507s] INFO:colcon.colcon_core.executor:Executing jobs using 'parallel' executor
[0.510s] DEBUG:colcon.colcon_parallel_executor.executor.parallel:run_until_complete
[0.511s] INFO:colcon.colcon_ros.task.ament_python.build:Building ROS package in '/home/TASC/AN_WS/src/cam_stream' with build type 'ament_python'
[0.511s] Level 1:colcon.colcon_core.shell:create_environment_hook('cam_stream', 'ament_prefix_path')
[0.517s] INFO:colcon.colcon_core.plugin_system:Skipping extension 'colcon_core.shell.bat': Not used on non-Windows systems
[0.518s] INFO:colcon.colcon_core.shell:Creating environment hook '/home/TASC/AN_WS/install/cam_stream/share/cam_stream/hook/ament_prefix_path.ps1'
[0.520s] INFO:colcon.colcon_core.shell:Creating environment descriptor '/home/TASC/AN_WS/install/cam_stream/share/cam_stream/hook/ament_prefix_path.dsv'
[0.522s] INFO:colcon.colcon_core.shell:Creating environment hook '/home/TASC/AN_WS/install/cam_stream/share/cam_stream/hook/ament_prefix_path.sh'
[0.525s] INFO:colcon.colcon_core.shell:Skip shell extension 'powershell' for command environment: Not usable outside of PowerShell
[0.525s] DEBUG:colcon.colcon_core.shell:Skip shell extension 'dsv' for command environment
[0.542s] INFO:colcon.colcon_ros.task.ament_python.build:Building ROS package in '/home/TASC/AN_WS/src/navigation' with build type 'ament_python'
[0.543s] Level 1:colcon.colcon_core.shell:create_environment_hook('navigation', 'ament_prefix_path')
[0.544s] INFO:colcon.colcon_core.shell:Creating environment hook '/home/TASC/AN_WS/install/navigation/share/navigation/hook/ament_prefix_path.ps1'
[0.549s] INFO:colcon.colcon_core.shell:Creating environment descriptor '/home/TASC/AN_WS/install/navigation/share/navigation/hook/ament_prefix_path.dsv'
[0.556s] INFO:colcon.colcon_core.shell:Creating environment hook '/home/TASC/AN_WS/install/navigation/share/navigation/hook/ament_prefix_path.sh'
[0.564s] INFO:colcon.colcon_core.shell:Skip shell extension 'powershell' for command environment: Not usable outside of PowerShell
[0.565s] DEBUG:colcon.colcon_core.shell:Skip shell extension 'dsv' for command environment
[0.580s] INFO:colcon.colcon_ros.task.ament_python.build:Building ROS package in '/home/TASC/AN_WS/nova_sensors' with build type 'ament_python'
[0.586s] Level 1:colcon.colcon_core.shell:create_environment_hook('nova_sensors', 'ament_prefix_path')
[0.588s] INFO:colcon.colcon_core.shell:Creating environment hook '/home/TASC/AN_WS/install/nova_sensors/share/nova_sensors/hook/ament_prefix_path.ps1'
[0.593s] INFO:colcon.colcon_core.shell:Creating environment descriptor '/home/TASC/AN_WS/install/nova_sensors/share/nova_sensors/hook/ament_prefix_path.dsv'
[0.596s] INFO:colcon.colcon_core.shell:Creating environment hook '/home/TASC/AN_WS/install/nova_sensors/share/nova_sensors/hook/ament_prefix_path.sh'
[0.601s] INFO:colcon.colcon_core.shell:Skip shell extension 'powershell' for command environment: Not usable outside of PowerShell
[0.602s] DEBUG:colcon.colcon_core.shell:Skip shell extension 'dsv' for command environment
[0.612s] INFO:colcon.colcon_ros.task.ament_python.build:Building ROS package in '/home/TASC/AN_WS/nova_vision' with build type 'ament_python'
[0.612s] Level 1:colcon.colcon_core.shell:create_environment_hook('nova_vision', 'ament_prefix_path')
[0.613s] INFO:colcon.colcon_core.shell:Creating environment hook '/home/TASC/AN_WS/install/nova_vision/share/nova_vision/hook/ament_prefix_path.ps1'
[0.618s] INFO:colcon.colcon_core.shell:Creating environment descriptor '/home/TASC/AN_WS/install/nova_vision/share/nova_vision/hook/ament_prefix_path.dsv'
[0.625s] INFO:colcon.colcon_core.shell:Creating environment hook '/home/TASC/AN_WS/install/nova_vision/share/nova_vision/hook/ament_prefix_path.sh'
[0.628s] INFO:colcon.colcon_core.shell:Skip shell extension 'powershell' for command environment: Not usable outside of PowerShell
[0.629s] DEBUG:colcon.colcon_core.shell:Skip shell extension 'dsv' for command environment
[1.406s] INFO:colcon.colcon_core.task.python.build:Building Python package in '/home/TASC/AN_WS/src/cam_stream'
[1.407s] INFO:colcon.colcon_core.shell:Skip shell extension 'powershell' for command environment: Not usable outside of PowerShell
[1.407s] DEBUG:colcon.colcon_core.shell:Skip shell extension 'dsv' for command environment
[1.918s] INFO:colcon.colcon_core.task.python.build:Building Python package in '/home/TASC/AN_WS/src/navigation'
[1.919s] INFO:colcon.colcon_core.shell:Skip shell extension 'powershell' for command environment: Not usable outside of PowerShell
[1.920s] DEBUG:colcon.colcon_core.shell:Skip shell extension 'dsv' for command environment
[2.484s] INFO:colcon.colcon_core.task.python.build:Building Python package in '/home/TASC/AN_WS/nova_sensors'
[2.484s] INFO:colcon.colcon_core.shell:Skip shell extension 'powershell' for command environment: Not usable outside of PowerShell
[2.484s] DEBUG:colcon.colcon_core.shell:Skip shell extension 'dsv' for command environment
[2.915s] INFO:colcon.colcon_core.task.python.build:Building Python package in '/home/TASC/AN_WS/nova_vision'
[2.916s] INFO:colcon.colcon_core.shell:Skip shell extension 'powershell' for command environment: Not usable outside of PowerShell
[2.916s] DEBUG:colcon.colcon_core.shell:Skip shell extension 'dsv' for command environment
[4.019s] DEBUG:colcon.colcon_core.event_handler.log_command:Invoking command in '/home/TASC/AN_WS/src/cam_stream': PYTHONPATH=/home/TASC/AN_WS/build/cam_stream/prefix_override:/usr/lib/python3/dist-packages/colcon_core/task/python/colcon_distutils_commands:/home/TASC/AN_WS/install/cam_stream/lib/python3.10/site-packages:${PYTHONPATH} /usr/bin/python3 -W ignore:setup.py install is deprecated -W ignore:easy_install command is deprecated setup.py egg_info --egg-base ../../build/cam_stream build --build-base /home/TASC/AN_WS/build/cam_stream/build install --record /home/TASC/AN_WS/build/cam_stream/install.log --single-version-externally-managed install_data
[4.408s] DEBUG:colcon.colcon_core.event_handler.log_command:Invoking command in '/home/TASC/AN_WS/nova_vision': PYTHONPATH=/home/TASC/AN_WS/build/nova_vision/prefix_override:/usr/lib/python3/dist-packages/colcon_core/task/python/colcon_distutils_commands:/home/TASC/AN_WS/install/nova_vision/lib/python3.10/site-packages:${PYTHONPATH} /usr/bin/python3 -W ignore:setup.py install is deprecated -W ignore:easy_install command is deprecated setup.py egg_info --egg-base ../build/nova_vision build --build-base /home/TASC/AN_WS/build/nova_vision/build install --record /home/TASC/AN_WS/build/nova_vision/install.log --single-version-externally-managed install_data
[5.015s] DEBUG:colcon.colcon_core.event_handler.log_command:Invoking command in '/home/TASC/AN_WS/nova_sensors': PYTHONPATH=/home/TASC/AN_WS/build/nova_sensors/prefix_override:/usr/lib/python3/dist-packages/colcon_core/task/python/colcon_distutils_commands:/home/TASC/AN_WS/install/nova_sensors/lib/python3.10/site-packages:${PYTHONPATH} /usr/bin/python3 -W ignore:setup.py install is deprecated -W ignore:easy_install command is deprecated setup.py egg_info --egg-base ../build/nova_sensors build --build-base /home/TASC/AN_WS/build/nova_sensors/build install --record /home/TASC/AN_WS/build/nova_sensors/install.log --single-version-externally-managed install_data
[5.147s] DEBUG:colcon.colcon_core.event_handler.log_command:Invoking command in '/home/TASC/AN_WS/src/navigation': PYTHONPATH=/home/TASC/AN_WS/build/navigation/prefix_override:/usr/lib/python3/dist-packages/colcon_core/task/python/colcon_distutils_commands:/home/TASC/AN_WS/install/navigation/lib/python3.10/site-packages:${PYTHONPATH} /usr/bin/python3 -W ignore:setup.py install is deprecated -W ignore:easy_install command is deprecated setup.py egg_info --egg-base ../../build/navigation build --build-base /home/TASC/AN_WS/build/navigation/build install --record /home/TASC/AN_WS/build/navigation/install.log --single-version-externally-managed install_data
[5.172s] DEBUG:colcon.colcon_core.event_handler.log_command:Invoked command in '/home/TASC/AN_WS/src/cam_stream' returned '0': PYTHONPATH=/home/TASC/AN_WS/build/cam_stream/prefix_override:/usr/lib/python3/dist-packages/colcon_core/task/python/colcon_distutils_commands:/home/TASC/AN_WS/install/cam_stream/lib/python3.10/site-packages:${PYTHONPATH} /usr/bin/python3 -W ignore:setup.py install is deprecated -W ignore:easy_install command is deprecated setup.py egg_info --egg-base ../../build/cam_stream build --build-base /home/TASC/AN_WS/build/cam_stream/build install --record /home/TASC/AN_WS/build/cam_stream/install.log --single-version-externally-managed install_data
[5.182s] Level 1:colcon.colcon_core.environment:checking '/home/TASC/AN_WS/install/cam_stream' for CMake module files
[5.186s] Level 1:colcon.colcon_core.environment:checking '/home/TASC/AN_WS/install/cam_stream' for CMake config files
[5.188s] Level 1:colcon.colcon_core.environment:checking '/home/TASC/AN_WS/install/cam_stream/lib'
[5.188s] Level 1:colcon.colcon_core.environment:checking '/home/TASC/AN_WS/install/cam_stream/bin'
[5.191s] Level 1:colcon.colcon_core.environment:checking '/home/TASC/AN_WS/install/cam_stream/lib/pkgconfig/cam_stream.pc'
[5.191s] Level 1:colcon.colcon_core.environment:checking '/home/TASC/AN_WS/install/cam_stream/lib/python3.10/site-packages'
[5.191s] Level 1:colcon.colcon_core.shell:create_environment_hook('cam_stream', 'pythonpath')
[5.193s] INFO:colcon.colcon_core.shell:Creating environment hook '/home/TASC/AN_WS/install/cam_stream/share/cam_stream/hook/pythonpath.ps1'
[5.197s] INFO:colcon.colcon_core.shell:Creating environment descriptor '/home/TASC/AN_WS/install/cam_stream/share/cam_stream/hook/pythonpath.dsv'
[5.202s] INFO:colcon.colcon_core.shell:Creating environment hook '/home/TASC/AN_WS/install/cam_stream/share/cam_stream/hook/pythonpath.sh'
[5.205s] Level 1:colcon.colcon_core.environment:checking '/home/TASC/AN_WS/install/cam_stream/bin'
[5.206s] Level 1:colcon.colcon_core.environment:create_environment_scripts_only(cam_stream)
[5.208s] INFO:colcon.colcon_core.shell:Creating package script '/home/TASC/AN_WS/install/cam_stream/share/cam_stream/package.ps1'
[5.210s] INFO:colcon.colcon_core.shell:Creating package descriptor '/home/TASC/AN_WS/install/cam_stream/share/cam_stream/package.dsv'
[5.223s] INFO:colcon.colcon_core.shell:Creating package script '/home/TASC/AN_WS/install/cam_stream/share/cam_stream/package.sh'
[5.228s] INFO:colcon.colcon_core.shell:Creating package script '/home/TASC/AN_WS/install/cam_stream/share/cam_stream/package.bash'
[5.239s] INFO:colcon.colcon_core.shell:Creating package script '/home/TASC/AN_WS/install/cam_stream/share/cam_stream/package.zsh'
[5.242s] Level 1:colcon.colcon_core.environment:create_file_with_runtime_dependencies(/home/TASC/AN_WS/install/cam_stream/share/colcon-core/packages/cam_stream)
[5.884s] Level 1:colcon.colcon_core.environment:checking '/home/TASC/AN_WS/install/navigation' for CMake module files
[5.889s] Level 1:colcon.colcon_core.environment:checking '/home/TASC/AN_WS/install/navigation' for CMake config files
[5.885s] DEBUG:colcon.colcon_core.event_handler.log_command:Invoked command in '/home/TASC/AN_WS/src/navigation' returned '0': PYTHONPATH=/home/TASC/AN_WS/build/navigation/prefix_override:/usr/lib/python3/dist-packages/colcon_core/task/python/colcon_distutils_commands:/home/TASC/AN_WS/install/navigation/lib/python3.10/site-packages:${PYTHONPATH} /usr/bin/python3 -W ignore:setup.py install is deprecated -W ignore:easy_install command is deprecated setup.py egg_info --egg-base ../../build/navigation build --build-base /home/TASC/AN_WS/build/navigation/build install --record /home/TASC/AN_WS/build/navigation/install.log --single-version-externally-managed install_data
[5.901s] Level 1:colcon.colcon_core.environment:checking '/home/TASC/AN_WS/install/navigation/lib'
[5.903s] Level 1:colcon.colcon_core.environment:checking '/home/TASC/AN_WS/install/navigation/bin'
[5.904s] Level 1:colcon.colcon_core.environment:checking '/home/TASC/AN_WS/install/navigation/lib/pkgconfig/navigation.pc'
[5.904s] Level 1:colcon.colcon_core.environment:checking '/home/TASC/AN_WS/install/navigation/lib/python3.10/site-packages'
[5.905s] Level 1:colcon.colcon_core.shell:create_environment_hook('navigation', 'pythonpath')
[5.906s] INFO:colcon.colcon_core.shell:Creating environment hook '/home/TASC/AN_WS/install/navigation/share/navigation/hook/pythonpath.ps1'
[5.910s] INFO:colcon.colcon_core.shell:Creating environment descriptor '/home/TASC/AN_WS/install/navigation/share/navigation/hook/pythonpath.dsv'
[5.929s] INFO:colcon.colcon_core.shell:Creating environment hook '/home/TASC/AN_WS/install/navigation/share/navigation/hook/pythonpath.sh'
[5.942s] Level 1:colcon.colcon_core.environment:checking '/home/TASC/AN_WS/install/navigation/bin'
[5.944s] Level 1:colcon.colcon_core.environment:create_environment_scripts_only(navigation)
[5.945s] INFO:colcon.colcon_core.shell:Creating package script '/home/TASC/AN_WS/install/navigation/share/navigation/package.ps1'
[5.958s] INFO:colcon.colcon_core.shell:Creating package descriptor '/home/TASC/AN_WS/install/navigation/share/navigation/package.dsv'
[5.967s] INFO:colcon.colcon_core.shell:Creating package script '/home/TASC/AN_WS/install/navigation/share/navigation/package.sh'
[5.974s] INFO:colcon.colcon_core.shell:Creating package script '/home/TASC/AN_WS/install/navigation/share/navigation/package.bash'
[5.977s] INFO:colcon.colcon_core.shell:Creating package script '/home/TASC/AN_WS/install/navigation/share/navigation/package.zsh'
[5.979s] Level 1:colcon.colcon_core.environment:create_file_with_runtime_dependencies(/home/TASC/AN_WS/install/navigation/share/colcon-core/packages/navigation)
[6.060s] Level 1:colcon.colcon_core.environment:checking '/home/TASC/AN_WS/install/nova_vision' for CMake module files
[6.063s] Level 1:colcon.colcon_core.environment:checking '/home/TASC/AN_WS/install/nova_vision' for CMake config files
[6.069s] DEBUG:colcon.colcon_core.event_handler.log_command:Invoked command in '/home/TASC/AN_WS/nova_vision' returned '0': PYTHONPATH=/home/TASC/AN_WS/build/nova_vision/prefix_override:/usr/lib/python3/dist-packages/colcon_core/task/python/colcon_distutils_commands:/home/TASC/AN_WS/install/nova_vision/lib/python3.10/site-packages:${PYTHONPATH} /usr/bin/python3 -W ignore:setup.py install is deprecated -W ignore:easy_install command is deprecated setup.py egg_info --egg-base ../build/nova_vision build --build-base /home/TASC/AN_WS/build/nova_vision/build install --record /home/TASC/AN_WS/build/nova_vision/install.log --single-version-externally-managed install_data
[6.077s] Level 1:colcon.colcon_core.environment:checking '/home/TASC/AN_WS/install/nova_vision/lib'
[6.082s] Level 1:colcon.colcon_core.environment:checking '/home/TASC/AN_WS/install/nova_vision/bin'
[6.083s] Level 1:colcon.colcon_core.environment:checking '/home/TASC/AN_WS/install/nova_vision/lib/pkgconfig/nova_vision.pc'
[6.085s] Level 1:colcon.colcon_core.environment:checking '/home/TASC/AN_WS/install/nova_vision/lib/python3.10/site-packages'
[6.086s] Level 1:colcon.colcon_core.shell:create_environment_hook('nova_vision', 'pythonpath')
[6.087s] INFO:colcon.colcon_core.shell:Creating environment hook '/home/TASC/AN_WS/install/nova_vision/share/nova_vision/hook/pythonpath.ps1'
[6.099s] INFO:colcon.colcon_core.shell:Creating environment descriptor '/home/TASC/AN_WS/install/nova_vision/share/nova_vision/hook/pythonpath.dsv'
[6.111s] INFO:colcon.colcon_core.shell:Creating environment hook '/home/TASC/AN_WS/install/nova_vision/share/nova_vision/hook/pythonpath.sh'
[6.119s] Level 1:colcon.colcon_core.environment:checking '/home/TASC/AN_WS/install/nova_vision/bin'
[6.121s] Level 1:colcon.colcon_core.environment:create_environment_scripts_only(nova_vision)
[6.125s] INFO:colcon.colcon_core.shell:Creating package script '/home/TASC/AN_WS/install/nova_vision/share/nova_vision/package.ps1'
[6.133s] INFO:colcon.colcon_core.shell:Creating package descriptor '/home/TASC/AN_WS/install/nova_vision/share/nova_vision/package.dsv'
[6.141s] INFO:colcon.colcon_core.shell:Creating package script '/home/TASC/AN_WS/install/nova_vision/share/nova_vision/package.sh'
[6.147s] INFO:colcon.colcon_core.shell:Creating package script '/home/TASC/AN_WS/install/nova_vision/share/nova_vision/package.bash'
[6.153s] INFO:colcon.colcon_core.shell:Creating package script '/home/TASC/AN_WS/install/nova_vision/share/nova_vision/package.zsh'
[6.159s] Level 1:colcon.colcon_core.environment:create_file_with_runtime_dependencies(/home/TASC/AN_WS/install/nova_vision/share/colcon-core/packages/nova_vision)
[6.168s] Level 1:colcon.colcon_core.environment:checking '/home/TASC/AN_WS/install/nova_sensors' for CMake module files
[6.170s] DEBUG:colcon.colcon_core.event_handler.log_command:Invoked command in '/home/TASC/AN_WS/nova_sensors' returned '0': PYTHONPATH=/home/TASC/AN_WS/build/nova_sensors/prefix_override:/usr/lib/python3/dist-packages/colcon_core/task/python/colcon_distutils_commands:/home/TASC/AN_WS/install/nova_sensors/lib/python3.10/site-packages:${PYTHONPATH} /usr/bin/python3 -W ignore:setup.py install is deprecated -W ignore:easy_install command is deprecated setup.py egg_info --egg-base ../build/nova_sensors build --build-base /home/TASC/AN_WS/build/nova_sensors/build install --record /home/TASC/AN_WS/build/nova_sensors/install.log --single-version-externally-managed install_data
[6.175s] Level 1:colcon.colcon_core.environment:checking '/home/TASC/AN_WS/install/nova_sensors' for CMake config files
[6.178s] Level 1:colcon.colcon_core.environment:checking '/home/TASC/AN_WS/install/nova_sensors/lib'
[6.180s] Level 1:colcon.colcon_core.environment:checking '/home/TASC/AN_WS/install/nova_sensors/bin'
[6.181s] Level 1:colcon.colcon_core.environment:checking '/home/TASC/AN_WS/install/nova_sensors/lib/pkgconfig/nova_sensors.pc'
[6.181s] Level 1:colcon.colcon_core.environment:checking '/home/TASC/AN_WS/install/nova_sensors/lib/python3.10/site-packages'
[6.182s] Level 1:colcon.colcon_core.shell:create_environment_hook('nova_sensors', 'pythonpath')
[6.183s] INFO:colcon.colcon_core.shell:Creating environment hook '/home/TASC/AN_WS/install/nova_sensors/share/nova_sensors/hook/pythonpath.ps1'
[6.188s] INFO:colcon.colcon_core.shell:Creating environment descriptor '/home/TASC/AN_WS/install/nova_sensors/share/nova_sensors/hook/pythonpath.dsv'
[6.193s] INFO:colcon.colcon_core.shell:Creating environment hook '/home/TASC/AN_WS/install/nova_sensors/share/nova_sensors/hook/pythonpath.sh'
[6.199s] Level 1:colcon.colcon_core.environment:checking '/home/TASC/AN_WS/install/nova_sensors/bin'
[6.202s] Level 1:colcon.colcon_core.environment:create_environment_scripts_only(nova_sensors)
[6.203s] INFO:colcon.colcon_core.shell:Creating package script '/home/TASC/AN_WS/install/nova_sensors/share/nova_sensors/package.ps1'
[6.207s] INFO:colcon.colcon_core.shell:Creating package descriptor '/home/TASC/AN_WS/install/nova_sensors/share/nova_sensors/package.dsv'
[6.213s] INFO:colcon.colcon_core.shell:Creating package script '/home/TASC/AN_WS/install/nova_sensors/share/nova_sensors/package.sh'
[6.215s] INFO:colcon.colcon_core.shell:Creating package script '/home/TASC/AN_WS/install/nova_sensors/share/nova_sensors/package.bash'
[6.220s] INFO:colcon.colcon_core.shell:Creating package script '/home/TASC/AN_WS/install/nova_sensors/share/nova_sensors/package.zsh'
[6.223s] Level 1:colcon.colcon_core.environment:create_file_with_runtime_dependencies(/home/TASC/AN_WS/install/nova_sensors/share/colcon-core/packages/nova_sensors)
[6.224s] DEBUG:colcon.colcon_parallel_executor.executor.parallel:closing loop
[6.232s] DEBUG:colcon.colcon_parallel_executor.executor.parallel:loop closed
[6.232s] DEBUG:colcon.colcon_parallel_executor.executor.parallel:run_until_complete finished with '0'
[6.232s] DEBUG:colcon.colcon_core.event_reactor:joining thread
[6.265s] INFO:colcon.colcon_core.plugin_system:Skipping extension 'colcon_notification.desktop_notification.notify_send': Could not find 'notify-send'
[6.265s] INFO:colcon.colcon_core.plugin_system:Skipping extension 'colcon_notification.desktop_notification.terminal_notifier': Not used on non-Darwin systems
[6.265s] INFO:colcon.colcon_core.plugin_system:Skipping extension 'colcon_notification.desktop_notification.win32': Not used on non-Windows systems
[6.266s] INFO:colcon.colcon_notification.desktop_notification:Sending desktop notification using 'notify2'
[6.276s] DEBUG:colcon.colcon_notification.desktop_notification.notify2:Failed to initialize notify2: org.freedesktop.DBus.Error.Spawn.ExecFailed: /usr/bin/dbus-launch terminated abnormally without any error message
[6.278s] DEBUG:colcon.colcon_core.event_reactor:joined thread
[6.279s] INFO:colcon.colcon_core.shell:Creating prefix script '/home/TASC/AN_WS/install/local_setup.ps1'
[6.283s] INFO:colcon.colcon_core.shell:Creating prefix util module '/home/TASC/AN_WS/install/_local_setup_util_ps1.py'
[6.287s] INFO:colcon.colcon_core.shell:Creating prefix chain script '/home/TASC/AN_WS/install/setup.ps1'
[6.291s] INFO:colcon.colcon_core.shell:Creating prefix script '/home/TASC/AN_WS/install/local_setup.sh'
[6.297s] INFO:colcon.colcon_core.shell:Creating prefix util module '/home/TASC/AN_WS/install/_local_setup_util_sh.py'
[6.300s] INFO:colcon.colcon_core.shell:Creating prefix chain script '/home/TASC/AN_WS/install/setup.sh'
[6.303s] INFO:colcon.colcon_core.shell:Creating prefix script '/home/TASC/AN_WS/install/local_setup.bash'
[6.304s] INFO:colcon.colcon_core.shell:Creating prefix chain script '/home/TASC/AN_WS/install/setup.bash'
[6.307s] INFO:colcon.colcon_core.shell:Creating prefix script '/home/TASC/AN_WS/install/local_setup.zsh'
[6.309s] INFO:colcon.colcon_core.shell:Creating prefix chain script '/home/TASC/AN_WS/install/setup.zsh'
