[7.278s] Invoking command in '/home/moon/AN_WS/nova_sensors': PYTHONPATH=/home/moon/AN_WS/build/nova_sensors/prefix_override:/usr/lib/python3/dist-packages/colcon_core/task/python/colcon_distutils_commands:/home/moon/AN_WS/install/nova_sensors/lib/python3.10/site-packages:${PYTHONPATH} /usr/bin/python3 -W ignore:setup.py install is deprecated -W ignore:easy_install command is deprecated setup.py egg_info --egg-base ../build/nova_sensors build --build-base /home/moon/AN_WS/build/nova_sensors/build install --record /home/moon/AN_WS/build/nova_sensors/install.log --single-version-externally-managed install_data
[10.061s] running egg_info
[10.062s] writing ../build/nova_sensors/nova_sensors.egg-info/PKG-INFO
[10.062s] writing dependency_links to ../build/nova_sensors/nova_sensors.egg-info/dependency_links.txt
[10.062s] writing entry points to ../build/nova_sensors/nova_sensors.egg-info/entry_points.txt
[10.083s] writing requirements to ../build/nova_sensors/nova_sensors.egg-info/requires.txt
[10.086s] writing top-level names to ../build/nova_sensors/nova_sensors.egg-info/top_level.txt
[10.096s] reading manifest file '../build/nova_sensors/nova_sensors.egg-info/SOURCES.txt'
[10.114s] writing manifest file '../build/nova_sensors/nova_sensors.egg-info/SOURCES.txt'
[10.117s] running build
[10.120s] running build_py
[10.124s] running install
[10.128s] running install_lib
[10.147s] running install_data
[10.147s] running install_egg_info
[10.177s] removing '/home/moon/AN_WS/install/nova_sensors/lib/python3.10/site-packages/nova_sensors-0.0.0-py3.10.egg-info' (and everything under it)
[10.194s] Copying ../build/nova_sensors/nova_sensors.egg-info to /home/moon/AN_WS/install/nova_sensors/lib/python3.10/site-packages/nova_sensors-0.0.0-py3.10.egg-info
[10.225s] running install_scripts
[10.422s] Installing gps_node = nova_sensors.gps_node:mainimu_node script to /home/moon/AN_WS/install/nova_sensors/lib/nova_sensors
[10.440s] writing list of installed files to '/home/moon/AN_WS/build/nova_sensors/install.log'
[10.522s] Invoked command in '/home/moon/AN_WS/nova_sensors' returned '0': PYTHONPATH=/home/moon/AN_WS/build/nova_sensors/prefix_override:/usr/lib/python3/dist-packages/colcon_core/task/python/colcon_distutils_commands:/home/moon/AN_WS/install/nova_sensors/lib/python3.10/site-packages:${PYTHONPATH} /usr/bin/python3 -W ignore:setup.py install is deprecated -W ignore:easy_install command is deprecated setup.py egg_info --egg-base ../build/nova_sensors build --build-base /home/moon/AN_WS/build/nova_sensors/build install --record /home/moon/AN_WS/build/nova_sensors/install.log --single-version-externally-managed install_data
