running egg_info
writing ../../build/cams/cams.egg-info/PKG-INFO
writing dependency_links to ../../build/cams/cams.egg-info/dependency_links.txt
writing entry points to ../../build/cams/cams.egg-info/entry_points.txt
writing requirements to ../../build/cams/cams.egg-info/requires.txt
writing top-level names to ../../build/cams/cams.egg-info/top_level.txt
reading manifest file '../../build/cams/cams.egg-info/SOURCES.txt'
adding license file 'LICENSE'
writing manifest file '../../build/cams/cams.egg-info/SOURCES.txt'
running build
running build_py
running install
running install_lib
running install_data
running install_egg_info
removing '/home/tasc/AN_WS/install/cams/lib/python3.10/site-packages/cams-0.0.0-py3.10.egg-info' (and everything under it)
Copying ../../build/cams/cams.egg-info to /home/tasc/AN_WS/install/cams/lib/python3.10/site-packages/cams-0.0.0-py3.10.egg-info
running install_scripts
Installing multi_camera_publisher script to /home/tasc/AN_WS/install/cams/lib/cams
Installing multi_camera_subscriber script to /home/tasc/AN_WS/install/cams/lib/cams
writing list of installed files to '/home/tasc/AN_WS/build/cams/install.log'
