[3.008s] Invoking command in '/home/moon/AN_WS/nova_sensors': PYTHONPATH=/home/moon/AN_WS/build/nova_sensors/prefix_override:/usr/lib/python3/dist-packages/colcon_core/task/python/colcon_distutils_commands:/home/moon/AN_WS/install/nova_sensors/lib/python3.10/site-packages:${PYTHONPATH} /usr/bin/python3 -W ignore:setup.py install is deprecated -W ignore:easy_install command is deprecated setup.py egg_info --egg-base ../build/nova_sensors build --build-base /home/moon/AN_WS/build/nova_sensors/build install --record /home/moon/AN_WS/build/nova_sensors/install.log --single-version-externally-managed install_data
[3.592s] running egg_info
[3.592s] writing ../build/nova_sensors/nova_sensors.egg-info/PKG-INFO
[3.592s] writing dependency_links to ../build/nova_sensors/nova_sensors.egg-info/dependency_links.txt
[3.610s] writing entry points to ../build/nova_sensors/nova_sensors.egg-info/entry_points.txt
[3.614s] writing requirements to ../build/nova_sensors/nova_sensors.egg-info/requires.txt
[3.617s] writing top-level names to ../build/nova_sensors/nova_sensors.egg-info/top_level.txt
[3.625s] reading manifest file '../build/nova_sensors/nova_sensors.egg-info/SOURCES.txt'
[3.631s] writing manifest file '../build/nova_sensors/nova_sensors.egg-info/SOURCES.txt'
[3.631s] running build
[3.631s] running build_py
[3.631s] running install
[3.631s] running install_lib
[3.650s] running install_data
[3.650s] running install_egg_info
[3.665s] removing '/home/moon/AN_WS/install/nova_sensors/lib/python3.10/site-packages/nova_sensors-0.0.0-py3.10.egg-info' (and everything under it)
[3.669s] Copying ../build/nova_sensors/nova_sensors.egg-info to /home/moon/AN_WS/install/nova_sensors/lib/python3.10/site-packages/nova_sensors-0.0.0-py3.10.egg-info
[3.676s] running install_scripts
[3.757s] Installing gps_node = nova_sensors.gps_node:mainimu_node script to /home/moon/AN_WS/install/nova_sensors/lib/nova_sensors
[3.786s] writing list of installed files to '/home/moon/AN_WS/build/nova_sensors/install.log'
[3.856s] Invoked command in '/home/moon/AN_WS/nova_sensors' returned '0': PYTHONPATH=/home/moon/AN_WS/build/nova_sensors/prefix_override:/usr/lib/python3/dist-packages/colcon_core/task/python/colcon_distutils_commands:/home/moon/AN_WS/install/nova_sensors/lib/python3.10/site-packages:${PYTHONPATH} /usr/bin/python3 -W ignore:setup.py install is deprecated -W ignore:easy_install command is deprecated setup.py egg_info --egg-base ../build/nova_sensors build --build-base /home/moon/AN_WS/build/nova_sensors/build install --record /home/moon/AN_WS/build/nova_sensors/install.log --single-version-externally-managed install_data
