[3.400s] Invoking command in '/home/tasc/AN_WS-1/src/navigation': PYTHONPATH=/home/tasc/AN_WS-1/build/navigation/prefix_override:/usr/lib/python3/dist-packages/colcon_core/task/python/colcon_distutils_commands:/home/tasc/AN_WS-1/install/navigation/lib/python3.10/site-packages:${PYTHONPATH} /usr/bin/python3 -W ignore:setup.py install is deprecated -W ignore:easy_install command is deprecated setup.py egg_info --egg-base ../../build/navigation build --build-base /home/tasc/AN_WS-1/build/navigation/build install --record /home/tasc/AN_WS-1/build/navigation/install.log --single-version-externally-managed install_data
[3.990s] running egg_info
[3.991s] writing ../../build/navigation/navigation.egg-info/PKG-INFO
[3.991s] writing dependency_links to ../../build/navigation/navigation.egg-info/dependency_links.txt
[3.993s] writing entry points to ../../build/navigation/navigation.egg-info/entry_points.txt
[3.993s] writing requirements to ../../build/navigation/navigation.egg-info/requires.txt
[3.993s] writing top-level names to ../../build/navigation/navigation.egg-info/top_level.txt
[3.997s] reading manifest file '../../build/navigation/navigation.egg-info/SOURCES.txt'
[3.998s] adding license file 'LICENSE'
[4.000s] writing manifest file '../../build/navigation/navigation.egg-info/SOURCES.txt'
[4.000s] running build
[4.000s] running build_py
[4.002s] running install
[4.002s] running install_lib
[4.008s] running install_data
[4.009s] running install_egg_info
[4.015s] removing '/home/tasc/AN_WS-1/install/navigation/lib/python3.10/site-packages/navigation-0.0.0-py3.10.egg-info' (and everything under it)
[4.016s] Copying ../../build/navigation/navigation.egg-info to /home/tasc/AN_WS-1/install/navigation/lib/python3.10/site-packages/navigation-0.0.0-py3.10.egg-info
[4.019s] running install_scripts
[4.073s] Installing aruco_marker_publisher script to /home/tasc/AN_WS-1/install/navigation/lib/navigation
[4.074s] Installing camera_publisher script to /home/tasc/AN_WS-1/install/navigation/lib/navigation
[4.074s] Installing camera_subscriber script to /home/tasc/AN_WS-1/install/navigation/lib/navigation
[4.074s] Installing combined_gps_aruco script to /home/tasc/AN_WS-1/install/navigation/lib/navigation
[4.074s] Installing gps_display script to /home/tasc/AN_WS-1/install/navigation/lib/navigation
[4.075s] Installing gps_node script to /home/tasc/AN_WS-1/install/navigation/lib/navigation
[4.075s] Installing gst_pub script to /home/tasc/AN_WS-1/install/navigation/lib/navigation
[4.075s] Installing multi_camera_publisher script to /home/tasc/AN_WS-1/install/navigation/lib/navigation
[4.076s] Installing multi_camera_publisher_gst script to /home/tasc/AN_WS-1/install/navigation/lib/navigation
[4.076s] Installing multi_camera_subscriber_gst script to /home/tasc/AN_WS-1/install/navigation/lib/navigation
[4.077s] writing list of installed files to '/home/tasc/AN_WS-1/build/navigation/install.log'
[4.195s] Invoked command in '/home/tasc/AN_WS-1/src/navigation' returned '0': PYTHONPATH=/home/tasc/AN_WS-1/build/navigation/prefix_override:/usr/lib/python3/dist-packages/colcon_core/task/python/colcon_distutils_commands:/home/tasc/AN_WS-1/install/navigation/lib/python3.10/site-packages:${PYTHONPATH} /usr/bin/python3 -W ignore:setup.py install is deprecated -W ignore:easy_install command is deprecated setup.py egg_info --egg-base ../../build/navigation build --build-base /home/tasc/AN_WS-1/build/navigation/build install --record /home/tasc/AN_WS-1/build/navigation/install.log --single-version-externally-managed install_data
