[2.834s] Invoking command in '/home/moon/AN_WS/src/navigation': PYTHONPATH=/home/moon/AN_WS/build/navigation/prefix_override:/usr/lib/python3/dist-packages/colcon_core/task/python/colcon_distutils_commands:/home/moon/AN_WS/install/navigation/lib/python3.10/site-packages:${PYTHONPATH} /usr/bin/python3 -W ignore:setup.py install is deprecated -W ignore:easy_install command is deprecated setup.py egg_info --egg-base ../../build/navigation build --build-base /home/moon/AN_WS/build/navigation/build install --record /home/moon/AN_WS/build/navigation/install.log --single-version-externally-managed install_data
[3.594s] running egg_info
[3.603s] writing ../../build/navigation/navigation.egg-info/PKG-INFO
[3.615s] writing dependency_links to ../../build/navigation/navigation.egg-info/dependency_links.txt
[3.618s] writing entry points to ../../build/navigation/navigation.egg-info/entry_points.txt
[3.618s] writing requirements to ../../build/navigation/navigation.egg-info/requires.txt
[3.621s] writing top-level names to ../../build/navigation/navigation.egg-info/top_level.txt
[3.621s] reading manifest file '../../build/navigation/navigation.egg-info/SOURCES.txt'
[3.628s] adding license file 'LICENSE'
[3.628s] writing manifest file '../../build/navigation/navigation.egg-info/SOURCES.txt'
[3.628s] running build
[3.629s] running build_py
[3.629s] running install
[3.629s] running install_lib
[3.629s] running install_data
[3.629s] running install_egg_info
[3.636s] removing '/home/moon/AN_WS/install/navigation/lib/python3.10/site-packages/navigation-0.0.0-py3.10.egg-info' (and everything under it)
[3.639s] Copying ../../build/navigation/navigation.egg-info to /home/moon/AN_WS/install/navigation/lib/python3.10/site-packages/navigation-0.0.0-py3.10.egg-info
[3.646s] running install_scripts
[3.696s] Installing aruco_marker_publisher script to /home/moon/AN_WS/install/navigation/lib/navigation
[3.697s] Installing camera_publisher script to /home/moon/AN_WS/install/navigation/lib/navigation
[3.697s] Installing camera_subscriber script to /home/moon/AN_WS/install/navigation/lib/navigation
[3.698s] Installing combined_gps_aruco script to /home/moon/AN_WS/install/navigation/lib/navigation
[3.700s] Installing gps_display script to /home/moon/AN_WS/install/navigation/lib/navigation
[3.701s] Installing gps_node script to /home/moon/AN_WS/install/navigation/lib/navigation
[3.703s] Installing gst_pub script to /home/moon/AN_WS/install/navigation/lib/navigation
[3.703s] Installing multi_camera_publisher script to /home/moon/AN_WS/install/navigation/lib/navigation
[3.705s] Installing multi_camera_publisher_gst script to /home/moon/AN_WS/install/navigation/lib/navigation
[3.706s] Installing multi_camera_subscriber_gst script to /home/moon/AN_WS/install/navigation/lib/navigation
[3.707s] writing list of installed files to '/home/moon/AN_WS/build/navigation/install.log'
[3.738s] Invoked command in '/home/moon/AN_WS/src/navigation' returned '0': PYTHONPATH=/home/moon/AN_WS/build/navigation/prefix_override:/usr/lib/python3/dist-packages/colcon_core/task/python/colcon_distutils_commands:/home/moon/AN_WS/install/navigation/lib/python3.10/site-packages:${PYTHONPATH} /usr/bin/python3 -W ignore:setup.py install is deprecated -W ignore:easy_install command is deprecated setup.py egg_info --egg-base ../../build/navigation build --build-base /home/moon/AN_WS/build/navigation/build install --record /home/moon/AN_WS/build/navigation/install.log --single-version-externally-managed install_data
