[2.391s] Invoking command in '/home/TASC/AN_WS/nova_vision': PYTHONPATH=/home/TASC/AN_WS/build/nova_vision/prefix_override:/usr/lib/python3/dist-packages/colcon_core/task/python/colcon_distutils_commands:/home/TASC/AN_WS/install/nova_vision/lib/python3.10/site-packages:${PYTHONPATH} /usr/bin/python3 -W ignore:setup.py install is deprecated -W ignore:easy_install command is deprecated setup.py egg_info --egg-base ../build/nova_vision build --build-base /home/TASC/AN_WS/build/nova_vision/build install --record /home/TASC/AN_WS/build/nova_vision/install.log --single-version-externally-managed install_data
[3.111s] running egg_info
[3.133s] writing ../build/nova_vision/nova_vision.egg-info/PKG-INFO
[3.133s] writing dependency_links to ../build/nova_vision/nova_vision.egg-info/dependency_links.txt
[3.140s] writing entry points to ../build/nova_vision/nova_vision.egg-info/entry_points.txt
[3.144s] writing requirements to ../build/nova_vision/nova_vision.egg-info/requires.txt
[3.149s] writing top-level names to ../build/nova_vision/nova_vision.egg-info/top_level.txt
[3.170s] reading manifest file '../build/nova_vision/nova_vision.egg-info/SOURCES.txt'
[3.171s] adding license file 'LICENSE'
[3.173s] writing manifest file '../build/nova_vision/nova_vision.egg-info/SOURCES.txt'
[3.180s] running build
[3.180s] running build_py
[3.181s] running install
[3.184s] running install_lib
[3.191s] running install_data
[3.194s] running install_egg_info
[3.199s] removing '/home/TASC/AN_WS/install/nova_vision/lib/python3.10/site-packages/nova_vision-0.0.0-py3.10.egg-info' (and everything under it)
[3.229s] Copying ../build/nova_vision/nova_vision.egg-info to /home/TASC/AN_WS/install/nova_vision/lib/python3.10/site-packages/nova_vision-0.0.0-py3.10.egg-info
[3.230s] running install_scripts
[3.288s] Installing aruco_detect script to /home/TASC/AN_WS/install/nova_vision/lib/nova_vision
[3.313s] Installing camera_publisher script to /home/TASC/AN_WS/install/nova_vision/lib/nova_vision
[3.315s] Installing camera_subscriber script to /home/TASC/AN_WS/install/nova_vision/lib/nova_vision
[3.326s] Installing gps_aruco script to /home/TASC/AN_WS/install/nova_vision/lib/nova_vision
[3.328s] Installing gps_display script to /home/TASC/AN_WS/install/nova_vision/lib/nova_vision
[3.337s] Installing gps_node script to /home/TASC/AN_WS/install/nova_vision/lib/nova_vision
[3.343s] Installing multi_camera_publisher script to /home/TASC/AN_WS/install/nova_vision/lib/nova_vision
[3.346s] Installing object_tracker script to /home/TASC/AN_WS/install/nova_vision/lib/nova_vision
[3.353s] writing list of installed files to '/home/TASC/AN_WS/build/nova_vision/install.log'
[3.492s] Invoked command in '/home/TASC/AN_WS/nova_vision' returned '0': PYTHONPATH=/home/TASC/AN_WS/build/nova_vision/prefix_override:/usr/lib/python3/dist-packages/colcon_core/task/python/colcon_distutils_commands:/home/TASC/AN_WS/install/nova_vision/lib/python3.10/site-packages:${PYTHONPATH} /usr/bin/python3 -W ignore:setup.py install is deprecated -W ignore:easy_install command is deprecated setup.py egg_info --egg-base ../build/nova_vision build --build-base /home/TASC/AN_WS/build/nova_vision/build install --record /home/TASC/AN_WS/build/nova_vision/install.log --single-version-externally-managed install_data
