[6.895s] Invoking command in '/home/moon/AN_WS/nova_sensors': PYTHONPATH=/home/moon/AN_WS/build/nova_sensors/prefix_override:/usr/lib/python3/dist-packages/colcon_core/task/python/colcon_distutils_commands:/home/moon/AN_WS/install/nova_sensors/lib/python3.10/site-packages:${PYTHONPATH} /usr/bin/python3 -W ignore:setup.py install is deprecated -W ignore:easy_install command is deprecated setup.py egg_info --egg-base ../build/nova_sensors build --build-base /home/moon/AN_WS/build/nova_sensors/build install --record /home/moon/AN_WS/build/nova_sensors/install.log --single-version-externally-managed install_data
[8.983s] running egg_info
[8.990s] writing ../build/nova_sensors/nova_sensors.egg-info/PKG-INFO
[9.002s] writing dependency_links to ../build/nova_sensors/nova_sensors.egg-info/dependency_links.txt
[9.004s] writing entry points to ../build/nova_sensors/nova_sensors.egg-info/entry_points.txt
[9.009s] writing requirements to ../build/nova_sensors/nova_sensors.egg-info/requires.txt
[9.021s] writing top-level names to ../build/nova_sensors/nova_sensors.egg-info/top_level.txt
[9.037s] reading manifest file '../build/nova_sensors/nova_sensors.egg-info/SOURCES.txt'
[9.044s] writing manifest file '../build/nova_sensors/nova_sensors.egg-info/SOURCES.txt'
[9.044s] running build
[9.052s] running build_py
[9.052s] running install
[9.052s] running install_lib
[9.055s] running install_data
[9.055s] running install_egg_info
[9.060s] removing '/home/moon/AN_WS/install/nova_sensors/lib/python3.10/site-packages/nova_sensors-0.0.0-py3.10.egg-info' (and everything under it)
[9.072s] Copying ../build/nova_sensors/nova_sensors.egg-info to /home/moon/AN_WS/install/nova_sensors/lib/python3.10/site-packages/nova_sensors-0.0.0-py3.10.egg-info
[9.078s] running install_scripts
[9.277s] Installing gps_node = nova_sensors.gps_node:mainimu_node script to /home/moon/AN_WS/install/nova_sensors/lib/nova_sensors
[9.298s] writing list of installed files to '/home/moon/AN_WS/build/nova_sensors/install.log'
[9.496s] Invoked command in '/home/moon/AN_WS/nova_sensors' returned '0': PYTHONPATH=/home/moon/AN_WS/build/nova_sensors/prefix_override:/usr/lib/python3/dist-packages/colcon_core/task/python/colcon_distutils_commands:/home/moon/AN_WS/install/nova_sensors/lib/python3.10/site-packages:${PYTHONPATH} /usr/bin/python3 -W ignore:setup.py install is deprecated -W ignore:easy_install command is deprecated setup.py egg_info --egg-base ../build/nova_sensors build --build-base /home/moon/AN_WS/build/nova_sensors/build install --record /home/moon/AN_WS/build/nova_sensors/install.log --single-version-externally-managed install_data
