[3.842s] Invoking command in '/home/TASC/AN_WS/src/cam_stream': PYTHONPATH=/home/TASC/AN_WS/build/cam_stream/prefix_override:/usr/lib/python3/dist-packages/colcon_core/task/python/colcon_distutils_commands:/home/TASC/AN_WS/install/cam_stream/lib/python3.10/site-packages:${PYTHONPATH} /usr/bin/python3 -W ignore:setup.py install is deprecated -W ignore:easy_install command is deprecated setup.py egg_info --egg-base ../../build/cam_stream build --build-base /home/TASC/AN_WS/build/cam_stream/build install --record /home/TASC/AN_WS/build/cam_stream/install.log --single-version-externally-managed install_data
[4.973s] running egg_info
[4.976s] writing ../../build/cam_stream/cam_stream.egg-info/PKG-INFO
[4.978s] writing dependency_links to ../../build/cam_stream/cam_stream.egg-info/dependency_links.txt
[4.980s] writing entry points to ../../build/cam_stream/cam_stream.egg-info/entry_points.txt
[4.983s] writing requirements to ../../build/cam_stream/cam_stream.egg-info/requires.txt
[4.985s] writing top-level names to ../../build/cam_stream/cam_stream.egg-info/top_level.txt
[4.994s] reading manifest file '../../build/cam_stream/cam_stream.egg-info/SOURCES.txt'
[5.011s] writing manifest file '../../build/cam_stream/cam_stream.egg-info/SOURCES.txt'
[5.011s] running build
[5.011s] running build_py
[5.012s] running install
[5.012s] running install_lib
[5.027s] running install_data
[5.027s] running install_egg_info
[5.047s] removing '/home/TASC/AN_WS/install/cam_stream/lib/python3.10/site-packages/cam_stream-0.0.0-py3.10.egg-info' (and everything under it)
[5.053s] Copying ../../build/cam_stream/cam_stream.egg-info to /home/TASC/AN_WS/install/cam_stream/lib/python3.10/site-packages/cam_stream-0.0.0-py3.10.egg-info
[5.066s] running install_scripts
[5.198s] Installing multi_camera_publisher script to /home/TASC/AN_WS/install/cam_stream/lib/cam_stream
[5.198s] Installing multi_camera_subscriber script to /home/TASC/AN_WS/install/cam_stream/lib/cam_stream
[5.201s] writing list of installed files to '/home/TASC/AN_WS/build/cam_stream/install.log'
[5.393s] Invoked command in '/home/TASC/AN_WS/src/cam_stream' returned '0': PYTHONPATH=/home/TASC/AN_WS/build/cam_stream/prefix_override:/usr/lib/python3/dist-packages/colcon_core/task/python/colcon_distutils_commands:/home/TASC/AN_WS/install/cam_stream/lib/python3.10/site-packages:${PYTHONPATH} /usr/bin/python3 -W ignore:setup.py install is deprecated -W ignore:easy_install command is deprecated setup.py egg_info --egg-base ../../build/cam_stream build --build-base /home/TASC/AN_WS/build/cam_stream/build install --record /home/TASC/AN_WS/build/cam_stream/install.log --single-version-externally-managed install_data
