[0.206s] DEBUG:colcon:Command line arguments: ['/usr/bin/colcon', 'build']
[0.207s] DEBUG:colcon:Parsed command line arguments: Namespace(log_base=None, log_level=None, verb_name='build', build_base='build', install_base='install', merge_install=False, symlink_install=False, test_result_base=None, continue_on_error=False, executor='parallel', parallel_workers=4, event_handlers=None, ignore_user_meta=False, metas=['./colcon.meta'], base_paths=['.'], packages_ignore=None, packages_ignore_regex=None, paths=None, packages_up_to=None, packages_up_to_regex=None, packages_above=None, packages_above_and_dependencies=None, packages_above_depth=None, packages_select_by_dep=None, packages_skip_by_dep=None, packages_skip_up_to=None, packages_select_build_failed=False, packages_skip_build_finished=False, packages_select_test_failures=False, packages_skip_test_passed=False, packages_select=None, packages_skip=None, packages_select_regex=None, packages_skip_regex=None, packages_start=None, packages_end=None, allow_overriding=[], cmake_args=None, cmake_target=None, cmake_target_skip_unavailable=False, cmake_clean_cache=False, cmake_clean_first=False, cmake_force_configure=False, ament_cmake_args=None, catkin_cmake_args=None, catkin_skip_building_tests=False, mixin_files=None, mixin=None, verb_parser=<colcon_mixin.mixin.mixin_argument.MixinArgumentDecorator object at 0x717134c56c20>, verb_extension=<colcon_core.verb.build.BuildVerb object at 0x717134d6bb80>, main=<bound method BuildVerb.main of <colcon_core.verb.build.BuildVerb object at 0x717134d6bb80>>, mixin_verb=('build',))
[0.505s] Level 1:colcon.colcon_core.package_discovery:discover_packages(colcon_meta) check parameters
[0.506s] Level 1:colcon.colcon_core.package_discovery:discover_packages(recursive) check parameters
[0.507s] Level 1:colcon.colcon_core.package_discovery:discover_packages(ignore) check parameters
[0.507s] Level 1:colcon.colcon_core.package_discovery:discover_packages(path) check parameters
[0.507s] Level 1:colcon.colcon_core.package_discovery:discover_packages(colcon_meta) discover
[0.507s] Level 1:colcon.colcon_core.package_discovery:discover_packages(recursive) discover
[0.508s] INFO:colcon.colcon_core.package_discovery:Crawling recursively for packages in '/home/moon/AN_WS'
[0.508s] Level 1:colcon.colcon_core.package_identification:_identify(.) by extensions ['ignore', 'ignore_ament_install']
[0.508s] Level 1:colcon.colcon_core.package_identification:_identify(.) by extension 'ignore'
[0.508s] Level 1:colcon.colcon_core.package_identification:_identify(.) by extension 'ignore_ament_install'
[0.508s] Level 1:colcon.colcon_core.package_identification:_identify(.) by extensions ['colcon_pkg']
[0.508s] Level 1:colcon.colcon_core.package_identification:_identify(.) by extension 'colcon_pkg'
[0.508s] Level 1:colcon.colcon_core.package_identification:_identify(.) by extensions ['colcon_meta']
[0.508s] Level 1:colcon.colcon_core.package_identification:_identify(.) by extension 'colcon_meta'
[0.509s] Level 1:colcon.colcon_core.package_identification:_identify(.) by extensions ['ros']
[0.509s] Level 1:colcon.colcon_core.package_identification:_identify(.) by extension 'ros'
[0.523s] Level 1:colcon.colcon_core.package_identification:_identify(.) by extensions ['cmake', 'python']
[0.523s] Level 1:colcon.colcon_core.package_identification:_identify(.) by extension 'cmake'
[0.523s] Level 1:colcon.colcon_core.package_identification:_identify(.) by extension 'python'
[0.523s] Level 1:colcon.colcon_core.package_identification:_identify(.) by extensions ['python_setup_py']
[0.523s] Level 1:colcon.colcon_core.package_identification:_identify(.) by extension 'python_setup_py'
[0.523s] Level 1:colcon.colcon_core.package_identification:_identify(build) by extensions ['ignore', 'ignore_ament_install']
[0.523s] Level 1:colcon.colcon_core.package_identification:_identify(build) by extension 'ignore'
[0.523s] Level 1:colcon.colcon_core.package_identification:_identify(build) ignored
[0.524s] Level 1:colcon.colcon_core.package_identification:_identify(install) by extensions ['ignore', 'ignore_ament_install']
[0.524s] Level 1:colcon.colcon_core.package_identification:_identify(install) by extension 'ignore'
[0.524s] Level 1:colcon.colcon_core.package_identification:_identify(install) ignored
[0.528s] Level 1:colcon.colcon_core.package_identification:_identify(log) by extensions ['ignore', 'ignore_ament_install']
[0.529s] Level 1:colcon.colcon_core.package_identification:_identify(log) by extension 'ignore'
[0.530s] Level 1:colcon.colcon_core.package_identification:_identify(log) ignored
[0.533s] Level 1:colcon.colcon_core.package_identification:_identify(nova_sensors) by extensions ['ignore', 'ignore_ament_install']
[0.534s] Level 1:colcon.colcon_core.package_identification:_identify(nova_sensors) by extension 'ignore'
[0.534s] Level 1:colcon.colcon_core.package_identification:_identify(nova_sensors) by extension 'ignore_ament_install'
[0.534s] Level 1:colcon.colcon_core.package_identification:_identify(nova_sensors) by extensions ['colcon_pkg']
[0.534s] Level 1:colcon.colcon_core.package_identification:_identify(nova_sensors) by extension 'colcon_pkg'
[0.535s] Level 1:colcon.colcon_core.package_identification:_identify(nova_sensors) by extensions ['colcon_meta']
[0.535s] Level 1:colcon.colcon_core.package_identification:_identify(nova_sensors) by extension 'colcon_meta'
[0.535s] Level 1:colcon.colcon_core.package_identification:_identify(nova_sensors) by extensions ['ros']
[0.535s] Level 1:colcon.colcon_core.package_identification:_identify(nova_sensors) by extension 'ros'
[0.538s] DEBUG:colcon.colcon_core.package_identification:Package 'nova_sensors' with type 'ros.ament_python' and name 'nova_sensors'
[0.538s] Level 1:colcon.colcon_core.package_identification:_identify(nova_vision) by extensions ['ignore', 'ignore_ament_install']
[0.538s] Level 1:colcon.colcon_core.package_identification:_identify(nova_vision) by extension 'ignore'
[0.538s] Level 1:colcon.colcon_core.package_identification:_identify(nova_vision) by extension 'ignore_ament_install'
[0.538s] Level 1:colcon.colcon_core.package_identification:_identify(nova_vision) by extensions ['colcon_pkg']
[0.538s] Level 1:colcon.colcon_core.package_identification:_identify(nova_vision) by extension 'colcon_pkg'
[0.538s] Level 1:colcon.colcon_core.package_identification:_identify(nova_vision) by extensions ['colcon_meta']
[0.538s] Level 1:colcon.colcon_core.package_identification:_identify(nova_vision) by extension 'colcon_meta'
[0.538s] Level 1:colcon.colcon_core.package_identification:_identify(nova_vision) by extensions ['ros']
[0.538s] Level 1:colcon.colcon_core.package_identification:_identify(nova_vision) by extension 'ros'
[0.545s] DEBUG:colcon.colcon_core.package_identification:Package 'nova_vision' with type 'ros.ament_python' and name 'nova_vision'
[0.549s] Level 1:colcon.colcon_core.package_identification:_identify(src) by extensions ['ignore', 'ignore_ament_install']
[0.550s] Level 1:colcon.colcon_core.package_identification:_identify(src) by extension 'ignore'
[0.551s] Level 1:colcon.colcon_core.package_identification:_identify(src) by extension 'ignore_ament_install'
[0.553s] Level 1:colcon.colcon_core.package_identification:_identify(src) by extensions ['colcon_pkg']
[0.554s] Level 1:colcon.colcon_core.package_identification:_identify(src) by extension 'colcon_pkg'
[0.555s] Level 1:colcon.colcon_core.package_identification:_identify(src) by extensions ['colcon_meta']
[0.556s] Level 1:colcon.colcon_core.package_identification:_identify(src) by extension 'colcon_meta'
[0.559s] Level 1:colcon.colcon_core.package_identification:_identify(src) by extensions ['ros']
[0.560s] Level 1:colcon.colcon_core.package_identification:_identify(src) by extension 'ros'
[0.560s] Level 1:colcon.colcon_core.package_identification:_identify(src) by extensions ['cmake', 'python']
[0.560s] Level 1:colcon.colcon_core.package_identification:_identify(src) by extension 'cmake'
[0.561s] Level 1:colcon.colcon_core.package_identification:_identify(src) by extension 'python'
[0.561s] Level 1:colcon.colcon_core.package_identification:_identify(src) by extensions ['python_setup_py']
[0.561s] Level 1:colcon.colcon_core.package_identification:_identify(src) by extension 'python_setup_py'
[0.561s] Level 1:colcon.colcon_core.package_identification:_identify(src/cam_stream) by extensions ['ignore', 'ignore_ament_install']
[0.565s] Level 1:colcon.colcon_core.package_identification:_identify(src/cam_stream) by extension 'ignore'
[0.567s] Level 1:colcon.colcon_core.package_identification:_identify(src/cam_stream) by extension 'ignore_ament_install'
[0.571s] Level 1:colcon.colcon_core.package_identification:_identify(src/cam_stream) by extensions ['colcon_pkg']
[0.572s] Level 1:colcon.colcon_core.package_identification:_identify(src/cam_stream) by extension 'colcon_pkg'
[0.572s] Level 1:colcon.colcon_core.package_identification:_identify(src/cam_stream) by extensions ['colcon_meta']
[0.572s] Level 1:colcon.colcon_core.package_identification:_identify(src/cam_stream) by extension 'colcon_meta'
[0.572s] Level 1:colcon.colcon_core.package_identification:_identify(src/cam_stream) by extensions ['ros']
[0.573s] Level 1:colcon.colcon_core.package_identification:_identify(src/cam_stream) by extension 'ros'
[0.574s] DEBUG:colcon.colcon_core.package_identification:Package 'src/cam_stream' with type 'ros.ament_python' and name 'cam_stream'
[0.574s] Level 1:colcon.colcon_core.package_identification:_identify(src/navigation) by extensions ['ignore', 'ignore_ament_install']
[0.574s] Level 1:colcon.colcon_core.package_identification:_identify(src/navigation) by extension 'ignore'
[0.574s] Level 1:colcon.colcon_core.package_identification:_identify(src/navigation) by extension 'ignore_ament_install'
[0.574s] Level 1:colcon.colcon_core.package_identification:_identify(src/navigation) by extensions ['colcon_pkg']
[0.575s] Level 1:colcon.colcon_core.package_identification:_identify(src/navigation) by extension 'colcon_pkg'
[0.575s] Level 1:colcon.colcon_core.package_identification:_identify(src/navigation) by extensions ['colcon_meta']
[0.575s] Level 1:colcon.colcon_core.package_identification:_identify(src/navigation) by extension 'colcon_meta'
[0.575s] Level 1:colcon.colcon_core.package_identification:_identify(src/navigation) by extensions ['ros']
[0.575s] Level 1:colcon.colcon_core.package_identification:_identify(src/navigation) by extension 'ros'
[0.576s] DEBUG:colcon.colcon_core.package_identification:Package 'src/navigation' with type 'ros.ament_python' and name 'navigation'
[0.577s] Level 1:colcon.colcon_core.package_identification:_identify(test_scripts) by extensions ['ignore', 'ignore_ament_install']
[0.577s] Level 1:colcon.colcon_core.package_identification:_identify(test_scripts) by extension 'ignore'
[0.577s] Level 1:colcon.colcon_core.package_identification:_identify(test_scripts) ignored
[0.577s] Level 1:colcon.colcon_core.package_discovery:discover_packages(recursive) using defaults
[0.577s] Level 1:colcon.colcon_core.package_discovery:discover_packages(ignore) discover
[0.577s] Level 1:colcon.colcon_core.package_discovery:discover_packages(ignore) using defaults
[0.577s] Level 1:colcon.colcon_core.package_discovery:discover_packages(path) discover
[0.577s] Level 1:colcon.colcon_core.package_discovery:discover_packages(path) using defaults
[0.625s] Level 1:colcon.colcon_core.package_discovery:discover_packages(prefix_path) check parameters
[0.625s] Level 1:colcon.colcon_core.package_discovery:discover_packages(prefix_path) discover
[0.628s] DEBUG:colcon.colcon_installed_package_information.package_discovery:Found 4 installed packages in /home/moon/AN_WS/install
[0.629s] DEBUG:colcon.colcon_installed_package_information.package_discovery:Found 1 installed packages in /home/moon/gps_ws/install
[0.632s] DEBUG:colcon.colcon_installed_package_information.package_discovery:Found 272 installed packages in /opt/ros/humble
[0.633s] Level 1:colcon.colcon_core.package_discovery:discover_packages(prefix_path) using defaults
[0.701s] Level 5:colcon.colcon_core.verb:set package 'cam_stream' build argument 'cmake_args' from command line to 'None'
[0.702s] Level 5:colcon.colcon_core.verb:set package 'cam_stream' build argument 'cmake_target' from command line to 'None'
[0.702s] Level 5:colcon.colcon_core.verb:set package 'cam_stream' build argument 'cmake_target_skip_unavailable' from command line to 'False'
[0.702s] Level 5:colcon.colcon_core.verb:set package 'cam_stream' build argument 'cmake_clean_cache' from command line to 'False'
[0.702s] Level 5:colcon.colcon_core.verb:set package 'cam_stream' build argument 'cmake_clean_first' from command line to 'False'
[0.702s] Level 5:colcon.colcon_core.verb:set package 'cam_stream' build argument 'cmake_force_configure' from command line to 'False'
[0.702s] Level 5:colcon.colcon_core.verb:set package 'cam_stream' build argument 'ament_cmake_args' from command line to 'None'
[0.702s] Level 5:colcon.colcon_core.verb:set package 'cam_stream' build argument 'catkin_cmake_args' from command line to 'None'
[0.702s] Level 5:colcon.colcon_core.verb:set package 'cam_stream' build argument 'catkin_skip_building_tests' from command line to 'False'
[0.702s] DEBUG:colcon.colcon_core.verb:Building package 'cam_stream' with the following arguments: {'ament_cmake_args': None, 'build_base': '/home/moon/AN_WS/build/cam_stream', 'catkin_cmake_args': None, 'catkin_skip_building_tests': False, 'cmake_args': None, 'cmake_clean_cache': False, 'cmake_clean_first': False, 'cmake_force_configure': False, 'cmake_target': None, 'cmake_target_skip_unavailable': False, 'install_base': '/home/moon/AN_WS/install/cam_stream', 'merge_install': False, 'path': '/home/moon/AN_WS/src/cam_stream', 'symlink_install': False, 'test_result_base': None}
[0.703s] Level 5:colcon.colcon_core.verb:set package 'navigation' build argument 'cmake_args' from command line to 'None'
[0.703s] Level 5:colcon.colcon_core.verb:set package 'navigation' build argument 'cmake_target' from command line to 'None'
[0.703s] Level 5:colcon.colcon_core.verb:set package 'navigation' build argument 'cmake_target_skip_unavailable' from command line to 'False'
[0.703s] Level 5:colcon.colcon_core.verb:set package 'navigation' build argument 'cmake_clean_cache' from command line to 'False'
[0.703s] Level 5:colcon.colcon_core.verb:set package 'navigation' build argument 'cmake_clean_first' from command line to 'False'
[0.703s] Level 5:colcon.colcon_core.verb:set package 'navigation' build argument 'cmake_force_configure' from command line to 'False'
[0.703s] Level 5:colcon.colcon_core.verb:set package 'navigation' build argument 'ament_cmake_args' from command line to 'None'
[0.703s] Level 5:colcon.colcon_core.verb:set package 'navigation' build argument 'catkin_cmake_args' from command line to 'None'
[0.703s] Level 5:colcon.colcon_core.verb:set package 'navigation' build argument 'catkin_skip_building_tests' from command line to 'False'
[0.703s] DEBUG:colcon.colcon_core.verb:Building package 'navigation' with the following arguments: {'ament_cmake_args': None, 'build_base': '/home/moon/AN_WS/build/navigation', 'catkin_cmake_args': None, 'catkin_skip_building_tests': False, 'cmake_args': None, 'cmake_clean_cache': False, 'cmake_clean_first': False, 'cmake_force_configure': False, 'cmake_target': None, 'cmake_target_skip_unavailable': False, 'install_base': '/home/moon/AN_WS/install/navigation', 'merge_install': False, 'path': '/home/moon/AN_WS/src/navigation', 'symlink_install': False, 'test_result_base': None}
[0.704s] Level 5:colcon.colcon_core.verb:set package 'nova_sensors' build argument 'cmake_args' from command line to 'None'
[0.704s] Level 5:colcon.colcon_core.verb:set package 'nova_sensors' build argument 'cmake_target' from command line to 'None'
[0.704s] Level 5:colcon.colcon_core.verb:set package 'nova_sensors' build argument 'cmake_target_skip_unavailable' from command line to 'False'
[0.704s] Level 5:colcon.colcon_core.verb:set package 'nova_sensors' build argument 'cmake_clean_cache' from command line to 'False'
[0.704s] Level 5:colcon.colcon_core.verb:set package 'nova_sensors' build argument 'cmake_clean_first' from command line to 'False'
[0.704s] Level 5:colcon.colcon_core.verb:set package 'nova_sensors' build argument 'cmake_force_configure' from command line to 'False'
[0.704s] Level 5:colcon.colcon_core.verb:set package 'nova_sensors' build argument 'ament_cmake_args' from command line to 'None'
[0.704s] Level 5:colcon.colcon_core.verb:set package 'nova_sensors' build argument 'catkin_cmake_args' from command line to 'None'
[0.704s] Level 5:colcon.colcon_core.verb:set package 'nova_sensors' build argument 'catkin_skip_building_tests' from command line to 'False'
[0.704s] DEBUG:colcon.colcon_core.verb:Building package 'nova_sensors' with the following arguments: {'ament_cmake_args': None, 'build_base': '/home/moon/AN_WS/build/nova_sensors', 'catkin_cmake_args': None, 'catkin_skip_building_tests': False, 'cmake_args': None, 'cmake_clean_cache': False, 'cmake_clean_first': False, 'cmake_force_configure': False, 'cmake_target': None, 'cmake_target_skip_unavailable': False, 'install_base': '/home/moon/AN_WS/install/nova_sensors', 'merge_install': False, 'path': '/home/moon/AN_WS/nova_sensors', 'symlink_install': False, 'test_result_base': None}
[0.704s] Level 5:colcon.colcon_core.verb:set package 'nova_vision' build argument 'cmake_args' from command line to 'None'
[0.705s] Level 5:colcon.colcon_core.verb:set package 'nova_vision' build argument 'cmake_target' from command line to 'None'
[0.705s] Level 5:colcon.colcon_core.verb:set package 'nova_vision' build argument 'cmake_target_skip_unavailable' from command line to 'False'
[0.705s] Level 5:colcon.colcon_core.verb:set package 'nova_vision' build argument 'cmake_clean_cache' from command line to 'False'
[0.705s] Level 5:colcon.colcon_core.verb:set package 'nova_vision' build argument 'cmake_clean_first' from command line to 'False'
[0.705s] Level 5:colcon.colcon_core.verb:set package 'nova_vision' build argument 'cmake_force_configure' from command line to 'False'
[0.705s] Level 5:colcon.colcon_core.verb:set package 'nova_vision' build argument 'ament_cmake_args' from command line to 'None'
[0.705s] Level 5:colcon.colcon_core.verb:set package 'nova_vision' build argument 'catkin_cmake_args' from command line to 'None'
[0.705s] Level 5:colcon.colcon_core.verb:set package 'nova_vision' build argument 'catkin_skip_building_tests' from command line to 'False'
[0.705s] DEBUG:colcon.colcon_core.verb:Building package 'nova_vision' with the following arguments: {'ament_cmake_args': None, 'build_base': '/home/moon/AN_WS/build/nova_vision', 'catkin_cmake_args': None, 'catkin_skip_building_tests': False, 'cmake_args': None, 'cmake_clean_cache': False, 'cmake_clean_first': False, 'cmake_force_configure': False, 'cmake_target': None, 'cmake_target_skip_unavailable': False, 'install_base': '/home/moon/AN_WS/install/nova_vision', 'merge_install': False, 'path': '/home/moon/AN_WS/nova_vision', 'symlink_install': False, 'test_result_base': None}
[0.705s] INFO:colcon.colcon_core.executor:Executing jobs using 'parallel' executor
[0.706s] DEBUG:colcon.colcon_parallel_executor.executor.parallel:run_until_complete
[0.707s] INFO:colcon.colcon_ros.task.ament_python.build:Building ROS package in '/home/moon/AN_WS/src/cam_stream' with build type 'ament_python'
[0.708s] Level 1:colcon.colcon_core.shell:create_environment_hook('cam_stream', 'ament_prefix_path')
[0.714s] INFO:colcon.colcon_core.plugin_system:Skipping extension 'colcon_core.shell.bat': Not used on non-Windows systems
[0.715s] INFO:colcon.colcon_core.shell:Creating environment hook '/home/moon/AN_WS/install/cam_stream/share/cam_stream/hook/ament_prefix_path.ps1'
[0.716s] INFO:colcon.colcon_core.shell:Creating environment descriptor '/home/moon/AN_WS/install/cam_stream/share/cam_stream/hook/ament_prefix_path.dsv'
[0.718s] INFO:colcon.colcon_core.shell:Creating environment hook '/home/moon/AN_WS/install/cam_stream/share/cam_stream/hook/ament_prefix_path.sh'
[0.719s] INFO:colcon.colcon_core.shell:Skip shell extension 'powershell' for command environment: Not usable outside of PowerShell
[0.719s] DEBUG:colcon.colcon_core.shell:Skip shell extension 'dsv' for command environment
[0.760s] INFO:colcon.colcon_ros.task.ament_python.build:Building ROS package in '/home/moon/AN_WS/src/navigation' with build type 'ament_python'
[0.761s] Level 1:colcon.colcon_core.shell:create_environment_hook('navigation', 'ament_prefix_path')
[0.761s] INFO:colcon.colcon_core.shell:Creating environment hook '/home/moon/AN_WS/install/navigation/share/navigation/hook/ament_prefix_path.ps1'
[0.762s] INFO:colcon.colcon_core.shell:Creating environment descriptor '/home/moon/AN_WS/install/navigation/share/navigation/hook/ament_prefix_path.dsv'
[0.763s] INFO:colcon.colcon_core.shell:Creating environment hook '/home/moon/AN_WS/install/navigation/share/navigation/hook/ament_prefix_path.sh'
[0.765s] INFO:colcon.colcon_core.shell:Skip shell extension 'powershell' for command environment: Not usable outside of PowerShell
[0.765s] DEBUG:colcon.colcon_core.shell:Skip shell extension 'dsv' for command environment
[0.813s] INFO:colcon.colcon_ros.task.ament_python.build:Building ROS package in '/home/moon/AN_WS/nova_sensors' with build type 'ament_python'
[0.821s] Level 1:colcon.colcon_core.shell:create_environment_hook('nova_sensors', 'ament_prefix_path')
[0.826s] INFO:colcon.colcon_core.shell:Creating environment hook '/home/moon/AN_WS/install/nova_sensors/share/nova_sensors/hook/ament_prefix_path.ps1'
[0.831s] INFO:colcon.colcon_core.shell:Creating environment descriptor '/home/moon/AN_WS/install/nova_sensors/share/nova_sensors/hook/ament_prefix_path.dsv'
[0.833s] INFO:colcon.colcon_core.shell:Creating environment hook '/home/moon/AN_WS/install/nova_sensors/share/nova_sensors/hook/ament_prefix_path.sh'
[0.836s] INFO:colcon.colcon_core.shell:Skip shell extension 'powershell' for command environment: Not usable outside of PowerShell
[0.837s] DEBUG:colcon.colcon_core.shell:Skip shell extension 'dsv' for command environment
[0.861s] INFO:colcon.colcon_ros.task.ament_python.build:Building ROS package in '/home/moon/AN_WS/nova_vision' with build type 'ament_python'
[0.861s] Level 1:colcon.colcon_core.shell:create_environment_hook('nova_vision', 'ament_prefix_path')
[0.862s] INFO:colcon.colcon_core.shell:Creating environment hook '/home/moon/AN_WS/install/nova_vision/share/nova_vision/hook/ament_prefix_path.ps1'
[0.863s] INFO:colcon.colcon_core.shell:Creating environment descriptor '/home/moon/AN_WS/install/nova_vision/share/nova_vision/hook/ament_prefix_path.dsv'
[0.864s] INFO:colcon.colcon_core.shell:Creating environment hook '/home/moon/AN_WS/install/nova_vision/share/nova_vision/hook/ament_prefix_path.sh'
[0.866s] INFO:colcon.colcon_core.shell:Skip shell extension 'powershell' for command environment: Not usable outside of PowerShell
[0.866s] DEBUG:colcon.colcon_core.shell:Skip shell extension 'dsv' for command environment
[1.369s] INFO:colcon.colcon_core.task.python.build:Building Python package in '/home/moon/AN_WS/src/cam_stream'
[1.369s] INFO:colcon.colcon_core.shell:Skip shell extension 'powershell' for command environment: Not usable outside of PowerShell
[1.369s] DEBUG:colcon.colcon_core.shell:Skip shell extension 'dsv' for command environment
[1.860s] INFO:colcon.colcon_core.task.python.build:Building Python package in '/home/moon/AN_WS/src/navigation'
[1.860s] INFO:colcon.colcon_core.shell:Skip shell extension 'powershell' for command environment: Not usable outside of PowerShell
[1.860s] DEBUG:colcon.colcon_core.shell:Skip shell extension 'dsv' for command environment
[2.336s] INFO:colcon.colcon_core.task.python.build:Building Python package in '/home/moon/AN_WS/nova_sensors'
[2.336s] INFO:colcon.colcon_core.shell:Skip shell extension 'powershell' for command environment: Not usable outside of PowerShell
[2.336s] DEBUG:colcon.colcon_core.shell:Skip shell extension 'dsv' for command environment
[2.796s] INFO:colcon.colcon_core.task.python.build:Building Python package in '/home/moon/AN_WS/nova_vision'
[2.796s] INFO:colcon.colcon_core.shell:Skip shell extension 'powershell' for command environment: Not usable outside of PowerShell
[2.796s] DEBUG:colcon.colcon_core.shell:Skip shell extension 'dsv' for command environment
[3.618s] DEBUG:colcon.colcon_core.event_handler.log_command:Invoking command in '/home/moon/AN_WS/src/cam_stream': PYTHONPATH=/home/moon/AN_WS/build/cam_stream/prefix_override:/usr/lib/python3/dist-packages/colcon_core/task/python/colcon_distutils_commands:/home/moon/AN_WS/install/cam_stream/lib/python3.10/site-packages:${PYTHONPATH} /usr/bin/python3 -W ignore:setup.py install is deprecated -W ignore:easy_install command is deprecated setup.py egg_info --egg-base ../../build/cam_stream build --build-base /home/moon/AN_WS/build/cam_stream/build install --record /home/moon/AN_WS/build/cam_stream/install.log --single-version-externally-managed install_data
[3.687s] DEBUG:colcon.colcon_core.event_handler.log_command:Invoking command in '/home/moon/AN_WS/nova_sensors': PYTHONPATH=/home/moon/AN_WS/build/nova_sensors/prefix_override:/usr/lib/python3/dist-packages/colcon_core/task/python/colcon_distutils_commands:/home/moon/AN_WS/install/nova_sensors/lib/python3.10/site-packages:${PYTHONPATH} /usr/bin/python3 -W ignore:setup.py install is deprecated -W ignore:easy_install command is deprecated setup.py egg_info --egg-base ../build/nova_sensors build --build-base /home/moon/AN_WS/build/nova_sensors/build install --record /home/moon/AN_WS/build/nova_sensors/install.log --single-version-externally-managed install_data
[3.714s] DEBUG:colcon.colcon_core.event_handler.log_command:Invoking command in '/home/moon/AN_WS/nova_vision': PYTHONPATH=/home/moon/AN_WS/build/nova_vision/prefix_override:/usr/lib/python3/dist-packages/colcon_core/task/python/colcon_distutils_commands:/home/moon/AN_WS/install/nova_vision/lib/python3.10/site-packages:${PYTHONPATH} /usr/bin/python3 -W ignore:setup.py install is deprecated -W ignore:easy_install command is deprecated setup.py egg_info --egg-base ../build/nova_vision build --build-base /home/moon/AN_WS/build/nova_vision/build install --record /home/moon/AN_WS/build/nova_vision/install.log --single-version-externally-managed install_data
[3.759s] DEBUG:colcon.colcon_core.event_handler.log_command:Invoking command in '/home/moon/AN_WS/src/navigation': PYTHONPATH=/home/moon/AN_WS/build/navigation/prefix_override:/usr/lib/python3/dist-packages/colcon_core/task/python/colcon_distutils_commands:/home/moon/AN_WS/install/navigation/lib/python3.10/site-packages:${PYTHONPATH} /usr/bin/python3 -W ignore:setup.py install is deprecated -W ignore:easy_install command is deprecated setup.py egg_info --egg-base ../../build/navigation build --build-base /home/moon/AN_WS/build/navigation/build install --record /home/moon/AN_WS/build/navigation/install.log --single-version-externally-managed install_data
[4.422s] DEBUG:colcon.colcon_core.event_handler.log_command:Invoked command in '/home/moon/AN_WS/nova_sensors' returned '0': PYTHONPATH=/home/moon/AN_WS/build/nova_sensors/prefix_override:/usr/lib/python3/dist-packages/colcon_core/task/python/colcon_distutils_commands:/home/moon/AN_WS/install/nova_sensors/lib/python3.10/site-packages:${PYTHONPATH} /usr/bin/python3 -W ignore:setup.py install is deprecated -W ignore:easy_install command is deprecated setup.py egg_info --egg-base ../build/nova_sensors build --build-base /home/moon/AN_WS/build/nova_sensors/build install --record /home/moon/AN_WS/build/nova_sensors/install.log --single-version-externally-managed install_data
[4.427s] Level 1:colcon.colcon_core.environment:checking '/home/moon/AN_WS/install/nova_sensors' for CMake module files
[4.428s] Level 1:colcon.colcon_core.environment:checking '/home/moon/AN_WS/install/nova_sensors' for CMake config files
[4.430s] Level 1:colcon.colcon_core.environment:checking '/home/moon/AN_WS/install/nova_sensors/lib'
[4.430s] Level 1:colcon.colcon_core.environment:checking '/home/moon/AN_WS/install/nova_sensors/bin'
[4.430s] Level 1:colcon.colcon_core.environment:checking '/home/moon/AN_WS/install/nova_sensors/lib/pkgconfig/nova_sensors.pc'
[4.434s] Level 1:colcon.colcon_core.environment:checking '/home/moon/AN_WS/install/nova_sensors/lib/python3.10/site-packages'
[4.434s] Level 1:colcon.colcon_core.shell:create_environment_hook('nova_sensors', 'pythonpath')
[4.435s] INFO:colcon.colcon_core.shell:Creating environment hook '/home/moon/AN_WS/install/nova_sensors/share/nova_sensors/hook/pythonpath.ps1'
[4.437s] INFO:colcon.colcon_core.shell:Creating environment descriptor '/home/moon/AN_WS/install/nova_sensors/share/nova_sensors/hook/pythonpath.dsv'
[4.438s] INFO:colcon.colcon_core.shell:Creating environment hook '/home/moon/AN_WS/install/nova_sensors/share/nova_sensors/hook/pythonpath.sh'
[4.439s] Level 1:colcon.colcon_core.environment:checking '/home/moon/AN_WS/install/nova_sensors/bin'
[4.439s] Level 1:colcon.colcon_core.environment:create_environment_scripts_only(nova_sensors)
[4.439s] INFO:colcon.colcon_core.shell:Creating package script '/home/moon/AN_WS/install/nova_sensors/share/nova_sensors/package.ps1'
[4.441s] INFO:colcon.colcon_core.shell:Creating package descriptor '/home/moon/AN_WS/install/nova_sensors/share/nova_sensors/package.dsv'
[4.446s] INFO:colcon.colcon_core.shell:Creating package script '/home/moon/AN_WS/install/nova_sensors/share/nova_sensors/package.sh'
[4.449s] INFO:colcon.colcon_core.shell:Creating package script '/home/moon/AN_WS/install/nova_sensors/share/nova_sensors/package.bash'
[4.450s] INFO:colcon.colcon_core.shell:Creating package script '/home/moon/AN_WS/install/nova_sensors/share/nova_sensors/package.zsh'
[4.452s] Level 1:colcon.colcon_core.environment:create_file_with_runtime_dependencies(/home/moon/AN_WS/install/nova_sensors/share/colcon-core/packages/nova_sensors)
[4.456s] Level 1:colcon.colcon_core.environment:checking '/home/moon/AN_WS/install/cam_stream' for CMake module files
[4.458s] Level 1:colcon.colcon_core.environment:checking '/home/moon/AN_WS/install/cam_stream' for CMake config files
[4.466s] DEBUG:colcon.colcon_core.event_handler.log_command:Invoked command in '/home/moon/AN_WS/src/cam_stream' returned '0': PYTHONPATH=/home/moon/AN_WS/build/cam_stream/prefix_override:/usr/lib/python3/dist-packages/colcon_core/task/python/colcon_distutils_commands:/home/moon/AN_WS/install/cam_stream/lib/python3.10/site-packages:${PYTHONPATH} /usr/bin/python3 -W ignore:setup.py install is deprecated -W ignore:easy_install command is deprecated setup.py egg_info --egg-base ../../build/cam_stream build --build-base /home/moon/AN_WS/build/cam_stream/build install --record /home/moon/AN_WS/build/cam_stream/install.log --single-version-externally-managed install_data
[4.470s] Level 1:colcon.colcon_core.environment:checking '/home/moon/AN_WS/install/cam_stream/lib'
[4.470s] Level 1:colcon.colcon_core.environment:checking '/home/moon/AN_WS/install/cam_stream/bin'
[4.470s] Level 1:colcon.colcon_core.environment:checking '/home/moon/AN_WS/install/cam_stream/lib/pkgconfig/cam_stream.pc'
[4.470s] Level 1:colcon.colcon_core.environment:checking '/home/moon/AN_WS/install/cam_stream/lib/python3.10/site-packages'
[4.470s] Level 1:colcon.colcon_core.shell:create_environment_hook('cam_stream', 'pythonpath')
[4.471s] INFO:colcon.colcon_core.shell:Creating environment hook '/home/moon/AN_WS/install/cam_stream/share/cam_stream/hook/pythonpath.ps1'
[4.472s] INFO:colcon.colcon_core.shell:Creating environment descriptor '/home/moon/AN_WS/install/cam_stream/share/cam_stream/hook/pythonpath.dsv'
[4.472s] INFO:colcon.colcon_core.shell:Creating environment hook '/home/moon/AN_WS/install/cam_stream/share/cam_stream/hook/pythonpath.sh'
[4.473s] Level 1:colcon.colcon_core.environment:checking '/home/moon/AN_WS/install/cam_stream/bin'
[4.473s] Level 1:colcon.colcon_core.environment:create_environment_scripts_only(cam_stream)
[4.474s] INFO:colcon.colcon_core.shell:Creating package script '/home/moon/AN_WS/install/cam_stream/share/cam_stream/package.ps1'
[4.474s] INFO:colcon.colcon_core.shell:Creating package descriptor '/home/moon/AN_WS/install/cam_stream/share/cam_stream/package.dsv'
[4.476s] INFO:colcon.colcon_core.shell:Creating package script '/home/moon/AN_WS/install/cam_stream/share/cam_stream/package.sh'
[4.477s] INFO:colcon.colcon_core.shell:Creating package script '/home/moon/AN_WS/install/cam_stream/share/cam_stream/package.bash'
[4.478s] INFO:colcon.colcon_core.shell:Creating package script '/home/moon/AN_WS/install/cam_stream/share/cam_stream/package.zsh'
[4.479s] Level 1:colcon.colcon_core.environment:create_file_with_runtime_dependencies(/home/moon/AN_WS/install/cam_stream/share/colcon-core/packages/cam_stream)
[4.489s] Level 1:colcon.colcon_core.environment:checking '/home/moon/AN_WS/install/navigation' for CMake module files
[4.491s] Level 1:colcon.colcon_core.environment:checking '/home/moon/AN_WS/install/navigation' for CMake config files
[4.494s] DEBUG:colcon.colcon_core.event_handler.log_command:Invoked command in '/home/moon/AN_WS/src/navigation' returned '0': PYTHONPATH=/home/moon/AN_WS/build/navigation/prefix_override:/usr/lib/python3/dist-packages/colcon_core/task/python/colcon_distutils_commands:/home/moon/AN_WS/install/navigation/lib/python3.10/site-packages:${PYTHONPATH} /usr/bin/python3 -W ignore:setup.py install is deprecated -W ignore:easy_install command is deprecated setup.py egg_info --egg-base ../../build/navigation build --build-base /home/moon/AN_WS/build/navigation/build install --record /home/moon/AN_WS/build/navigation/install.log --single-version-externally-managed install_data
[4.495s] Level 1:colcon.colcon_core.environment:checking '/home/moon/AN_WS/install/navigation/lib'
[4.495s] Level 1:colcon.colcon_core.environment:checking '/home/moon/AN_WS/install/navigation/bin'
[4.495s] Level 1:colcon.colcon_core.environment:checking '/home/moon/AN_WS/install/navigation/lib/pkgconfig/navigation.pc'
[4.495s] Level 1:colcon.colcon_core.environment:checking '/home/moon/AN_WS/install/navigation/lib/python3.10/site-packages'
[4.496s] Level 1:colcon.colcon_core.shell:create_environment_hook('navigation', 'pythonpath')
[4.496s] INFO:colcon.colcon_core.shell:Creating environment hook '/home/moon/AN_WS/install/navigation/share/navigation/hook/pythonpath.ps1'
[4.497s] INFO:colcon.colcon_core.shell:Creating environment descriptor '/home/moon/AN_WS/install/navigation/share/navigation/hook/pythonpath.dsv'
[4.498s] INFO:colcon.colcon_core.shell:Creating environment hook '/home/moon/AN_WS/install/navigation/share/navigation/hook/pythonpath.sh'
[4.499s] Level 1:colcon.colcon_core.environment:checking '/home/moon/AN_WS/install/navigation/bin'
[4.499s] Level 1:colcon.colcon_core.environment:create_environment_scripts_only(navigation)
[4.499s] INFO:colcon.colcon_core.shell:Creating package script '/home/moon/AN_WS/install/navigation/share/navigation/package.ps1'
[4.500s] INFO:colcon.colcon_core.shell:Creating package descriptor '/home/moon/AN_WS/install/navigation/share/navigation/package.dsv'
[4.502s] INFO:colcon.colcon_core.shell:Creating package script '/home/moon/AN_WS/install/navigation/share/navigation/package.sh'
[4.504s] INFO:colcon.colcon_core.shell:Creating package script '/home/moon/AN_WS/install/navigation/share/navigation/package.bash'
[4.505s] INFO:colcon.colcon_core.shell:Creating package script '/home/moon/AN_WS/install/navigation/share/navigation/package.zsh'
[4.506s] Level 1:colcon.colcon_core.environment:create_file_with_runtime_dependencies(/home/moon/AN_WS/install/navigation/share/colcon-core/packages/navigation)
[4.514s] Level 1:colcon.colcon_core.environment:checking '/home/moon/AN_WS/install/nova_vision' for CMake module files
[4.515s] DEBUG:colcon.colcon_core.event_handler.log_command:Invoked command in '/home/moon/AN_WS/nova_vision' returned '0': PYTHONPATH=/home/moon/AN_WS/build/nova_vision/prefix_override:/usr/lib/python3/dist-packages/colcon_core/task/python/colcon_distutils_commands:/home/moon/AN_WS/install/nova_vision/lib/python3.10/site-packages:${PYTHONPATH} /usr/bin/python3 -W ignore:setup.py install is deprecated -W ignore:easy_install command is deprecated setup.py egg_info --egg-base ../build/nova_vision build --build-base /home/moon/AN_WS/build/nova_vision/build install --record /home/moon/AN_WS/build/nova_vision/install.log --single-version-externally-managed install_data
[4.516s] Level 1:colcon.colcon_core.environment:checking '/home/moon/AN_WS/install/nova_vision' for CMake config files
[4.517s] Level 1:colcon.colcon_core.environment:checking '/home/moon/AN_WS/install/nova_vision/lib'
[4.517s] Level 1:colcon.colcon_core.environment:checking '/home/moon/AN_WS/install/nova_vision/bin'
[4.517s] Level 1:colcon.colcon_core.environment:checking '/home/moon/AN_WS/install/nova_vision/lib/pkgconfig/nova_vision.pc'
[4.518s] Level 1:colcon.colcon_core.environment:checking '/home/moon/AN_WS/install/nova_vision/lib/python3.10/site-packages'
[4.518s] Level 1:colcon.colcon_core.shell:create_environment_hook('nova_vision', 'pythonpath')
[4.518s] INFO:colcon.colcon_core.shell:Creating environment hook '/home/moon/AN_WS/install/nova_vision/share/nova_vision/hook/pythonpath.ps1'
[4.519s] INFO:colcon.colcon_core.shell:Creating environment descriptor '/home/moon/AN_WS/install/nova_vision/share/nova_vision/hook/pythonpath.dsv'
[4.519s] INFO:colcon.colcon_core.shell:Creating environment hook '/home/moon/AN_WS/install/nova_vision/share/nova_vision/hook/pythonpath.sh'
[4.520s] Level 1:colcon.colcon_core.environment:checking '/home/moon/AN_WS/install/nova_vision/bin'
[4.520s] Level 1:colcon.colcon_core.environment:create_environment_scripts_only(nova_vision)
[4.521s] INFO:colcon.colcon_core.shell:Creating package script '/home/moon/AN_WS/install/nova_vision/share/nova_vision/package.ps1'
[4.521s] INFO:colcon.colcon_core.shell:Creating package descriptor '/home/moon/AN_WS/install/nova_vision/share/nova_vision/package.dsv'
[4.522s] INFO:colcon.colcon_core.shell:Creating package script '/home/moon/AN_WS/install/nova_vision/share/nova_vision/package.sh'
[4.523s] INFO:colcon.colcon_core.shell:Creating package script '/home/moon/AN_WS/install/nova_vision/share/nova_vision/package.bash'
[4.523s] INFO:colcon.colcon_core.shell:Creating package script '/home/moon/AN_WS/install/nova_vision/share/nova_vision/package.zsh'
[4.524s] Level 1:colcon.colcon_core.environment:create_file_with_runtime_dependencies(/home/moon/AN_WS/install/nova_vision/share/colcon-core/packages/nova_vision)
[4.525s] DEBUG:colcon.colcon_parallel_executor.executor.parallel:closing loop
[4.525s] DEBUG:colcon.colcon_parallel_executor.executor.parallel:loop closed
[4.525s] DEBUG:colcon.colcon_parallel_executor.executor.parallel:run_until_complete finished with '0'
[4.525s] DEBUG:colcon.colcon_core.event_reactor:joining thread
[4.540s] INFO:colcon.colcon_core.plugin_system:Skipping extension 'colcon_notification.desktop_notification.terminal_notifier': Not used on non-Darwin systems
[4.540s] INFO:colcon.colcon_core.plugin_system:Skipping extension 'colcon_notification.desktop_notification.win32': Not used on non-Windows systems
[4.540s] INFO:colcon.colcon_notification.desktop_notification:Sending desktop notification using 'notify2'
[4.566s] DEBUG:colcon.colcon_core.event_reactor:joined thread
[4.566s] INFO:colcon.colcon_core.shell:Creating prefix script '/home/moon/AN_WS/install/local_setup.ps1'
[4.571s] INFO:colcon.colcon_core.shell:Creating prefix util module '/home/moon/AN_WS/install/_local_setup_util_ps1.py'
[4.573s] INFO:colcon.colcon_core.shell:Creating prefix chain script '/home/moon/AN_WS/install/setup.ps1'
[4.575s] INFO:colcon.colcon_core.shell:Creating prefix script '/home/moon/AN_WS/install/local_setup.sh'
[4.576s] INFO:colcon.colcon_core.shell:Creating prefix util module '/home/moon/AN_WS/install/_local_setup_util_sh.py'
[4.578s] INFO:colcon.colcon_core.shell:Creating prefix chain script '/home/moon/AN_WS/install/setup.sh'
[4.582s] INFO:colcon.colcon_core.shell:Creating prefix script '/home/moon/AN_WS/install/local_setup.bash'
[4.583s] INFO:colcon.colcon_core.shell:Creating prefix chain script '/home/moon/AN_WS/install/setup.bash'
[4.585s] INFO:colcon.colcon_core.shell:Creating prefix script '/home/moon/AN_WS/install/local_setup.zsh'
[4.586s] INFO:colcon.colcon_core.shell:Creating prefix chain script '/home/moon/AN_WS/install/setup.zsh'
