[3.195s] Invoking command in '/home/tasc/AN_WS-1/src/navigation': PYTHONPATH=/home/tasc/AN_WS-1/build/navigation/prefix_override:/usr/lib/python3/dist-packages/colcon_core/task/python/colcon_distutils_commands:/home/tasc/AN_WS-1/install/navigation/lib/python3.10/site-packages:${PYTHONPATH} /usr/bin/python3 -W ignore:setup.py install is deprecated -W ignore:easy_install command is deprecated setup.py egg_info --egg-base ../../build/navigation build --build-base /home/tasc/AN_WS-1/build/navigation/build install --record /home/tasc/AN_WS-1/build/navigation/install.log --single-version-externally-managed install_data
[3.750s] running egg_info
[3.751s] writing ../../build/navigation/navigation.egg-info/PKG-INFO
[3.752s] writing dependency_links to ../../build/navigation/navigation.egg-info/dependency_links.txt
[3.753s] writing entry points to ../../build/navigation/navigation.egg-info/entry_points.txt
[3.753s] writing requirements to ../../build/navigation/navigation.egg-info/requires.txt
[3.753s] writing top-level names to ../../build/navigation/navigation.egg-info/top_level.txt
[3.758s] reading manifest file '../../build/navigation/navigation.egg-info/SOURCES.txt'
[3.759s] adding license file 'LICENSE'
[3.761s] writing manifest file '../../build/navigation/navigation.egg-info/SOURCES.txt'
[3.761s] running build
[3.761s] running build_py
[3.764s] running install
[3.765s] running install_lib
[3.770s] running install_data
[3.771s] running install_egg_info
[3.776s] removing '/home/tasc/AN_WS-1/install/navigation/lib/python3.10/site-packages/navigation-0.0.0-py3.10.egg-info' (and everything under it)
[3.777s] Copying ../../build/navigation/navigation.egg-info to /home/tasc/AN_WS-1/install/navigation/lib/python3.10/site-packages/navigation-0.0.0-py3.10.egg-info
[3.779s] running install_scripts
[3.831s] Installing aruco_marker_publisher script to /home/tasc/AN_WS-1/install/navigation/lib/navigation
[3.832s] Installing camera_publisher script to /home/tasc/AN_WS-1/install/navigation/lib/navigation
[3.832s] Installing camera_subscriber script to /home/tasc/AN_WS-1/install/navigation/lib/navigation
[3.832s] Installing combined_gps_aruco script to /home/tasc/AN_WS-1/install/navigation/lib/navigation
[3.833s] Installing gps_display script to /home/tasc/AN_WS-1/install/navigation/lib/navigation
[3.833s] Installing gps_node script to /home/tasc/AN_WS-1/install/navigation/lib/navigation
[3.834s] Installing gst_pub script to /home/tasc/AN_WS-1/install/navigation/lib/navigation
[3.834s] Installing multi_camera_publisher script to /home/tasc/AN_WS-1/install/navigation/lib/navigation
[3.834s] Installing multi_camera_publisher_gst script to /home/tasc/AN_WS-1/install/navigation/lib/navigation
[3.835s] Installing multi_camera_subscriber_gst script to /home/tasc/AN_WS-1/install/navigation/lib/navigation
[3.836s] writing list of installed files to '/home/tasc/AN_WS-1/build/navigation/install.log'
[3.978s] Invoked command in '/home/tasc/AN_WS-1/src/navigation' returned '0': PYTHONPATH=/home/tasc/AN_WS-1/build/navigation/prefix_override:/usr/lib/python3/dist-packages/colcon_core/task/python/colcon_distutils_commands:/home/tasc/AN_WS-1/install/navigation/lib/python3.10/site-packages:${PYTHONPATH} /usr/bin/python3 -W ignore:setup.py install is deprecated -W ignore:easy_install command is deprecated setup.py egg_info --egg-base ../../build/navigation build --build-base /home/tasc/AN_WS-1/build/navigation/build install --record /home/tasc/AN_WS-1/build/navigation/install.log --single-version-externally-managed install_data
