[5.251s] Invoking command in '/home/moon/AN_WS/src/cam_stream': PYTHONPATH=/home/moon/AN_WS/build/cam_stream/prefix_override:/usr/lib/python3/dist-packages/colcon_core/task/python/colcon_distutils_commands:/home/moon/AN_WS/install/cam_stream/lib/python3.10/site-packages:${PYTHONPATH} /usr/bin/python3 -W ignore:setup.py install is deprecated -W ignore:easy_install command is deprecated setup.py egg_info --egg-base ../../build/cam_stream build --build-base /home/moon/AN_WS/build/cam_stream/build install --record /home/moon/AN_WS/build/cam_stream/install.log --single-version-externally-managed install_data
[6.265s] running egg_info
[6.265s] writing ../../build/cam_stream/cam_stream.egg-info/PKG-INFO
[6.267s] writing dependency_links to ../../build/cam_stream/cam_stream.egg-info/dependency_links.txt
[6.267s] writing entry points to ../../build/cam_stream/cam_stream.egg-info/entry_points.txt
[6.267s] writing requirements to ../../build/cam_stream/cam_stream.egg-info/requires.txt
[6.268s] writing top-level names to ../../build/cam_stream/cam_stream.egg-info/top_level.txt
[6.268s] reading manifest file '../../build/cam_stream/cam_stream.egg-info/SOURCES.txt'
[6.280s] writing manifest file '../../build/cam_stream/cam_stream.egg-info/SOURCES.txt'
[6.282s] running build
[6.282s] running build_py
[6.283s] copying cam_stream/multi_camera_publisher.py -> /home/moon/AN_WS/build/cam_stream/build/lib/cam_stream
[6.296s] running install
[6.300s] running install_lib
[6.301s] copying /home/moon/AN_WS/build/cam_stream/build/lib/cam_stream/multi_camera_publisher.py -> /home/moon/AN_WS/install/cam_stream/lib/python3.10/site-packages/cam_stream
[6.301s] byte-compiling /home/moon/AN_WS/install/cam_stream/lib/python3.10/site-packages/cam_stream/multi_camera_publisher.py to multi_camera_publisher.cpython-310.pyc
[6.306s] running install_data
[6.307s] running install_egg_info
[6.313s] removing '/home/moon/AN_WS/install/cam_stream/lib/python3.10/site-packages/cam_stream-0.0.0-py3.10.egg-info' (and everything under it)
[6.317s] Copying ../../build/cam_stream/cam_stream.egg-info to /home/moon/AN_WS/install/cam_stream/lib/python3.10/site-packages/cam_stream-0.0.0-py3.10.egg-info
[6.322s] running install_scripts
[6.382s] Installing gps_node script to /home/moon/AN_WS/install/cam_stream/lib/cam_stream
[6.383s] Installing multi_cam_gps_aruco script to /home/moon/AN_WS/install/cam_stream/lib/cam_stream
[6.387s] Installing multi_camera_publisher script to /home/moon/AN_WS/install/cam_stream/lib/cam_stream
[6.388s] Installing multi_camera_subscriber script to /home/moon/AN_WS/install/cam_stream/lib/cam_stream
[6.388s] writing list of installed files to '/home/moon/AN_WS/build/cam_stream/install.log'
[6.438s] Invoked command in '/home/moon/AN_WS/src/cam_stream' returned '0': PYTHONPATH=/home/moon/AN_WS/build/cam_stream/prefix_override:/usr/lib/python3/dist-packages/colcon_core/task/python/colcon_distutils_commands:/home/moon/AN_WS/install/cam_stream/lib/python3.10/site-packages:${PYTHONPATH} /usr/bin/python3 -W ignore:setup.py install is deprecated -W ignore:easy_install command is deprecated setup.py egg_info --egg-base ../../build/cam_stream build --build-base /home/moon/AN_WS/build/cam_stream/build install --record /home/moon/AN_WS/build/cam_stream/install.log --single-version-externally-managed install_data
