[0.109s] DEBUG:colcon:Command line arguments: ['/usr/bin/colcon', 'build']
[0.109s] DEBUG:colcon:Parsed command line arguments: Namespace(log_base=None, log_level=None, verb_name='build', build_base='build', install_base='install', merge_install=False, symlink_install=False, test_result_base=None, continue_on_error=False, executor='parallel', parallel_workers=4, event_handlers=None, ignore_user_meta=False, metas=['./colcon.meta'], base_paths=['.'], packages_ignore=None, packages_ignore_regex=None, paths=None, packages_up_to=None, packages_up_to_regex=None, packages_above=None, packages_above_and_dependencies=None, packages_above_depth=None, packages_select_by_dep=None, packages_skip_by_dep=None, packages_skip_up_to=None, packages_select_build_failed=False, packages_skip_build_finished=False, packages_select_test_failures=False, packages_skip_test_passed=False, packages_select=None, packages_skip=None, packages_select_regex=None, packages_skip_regex=None, packages_start=None, packages_end=None, allow_overriding=[], cmake_args=None, cmake_target=None, cmake_target_skip_unavailable=False, cmake_clean_cache=False, cmake_clean_first=False, cmake_force_configure=False, ament_cmake_args=None, catkin_cmake_args=None, catkin_skip_building_tests=False, mixin_files=None, mixin=None, verb_parser=<colcon_mixin.mixin.mixin_argument.MixinArgumentDecorator object at 0x7bde0d212c80>, verb_extension=<colcon_core.verb.build.BuildVerb object at 0x7bde0d36bbe0>, main=<bound method BuildVerb.main of <colcon_core.verb.build.BuildVerb object at 0x7bde0d36bbe0>>, mixin_verb=('build',))
[0.301s] Level 1:colcon.colcon_core.package_discovery:discover_packages(colcon_meta) check parameters
[0.302s] Level 1:colcon.colcon_core.package_discovery:discover_packages(recursive) check parameters
[0.302s] Level 1:colcon.colcon_core.package_discovery:discover_packages(ignore) check parameters
[0.302s] Level 1:colcon.colcon_core.package_discovery:discover_packages(path) check parameters
[0.302s] Level 1:colcon.colcon_core.package_discovery:discover_packages(colcon_meta) discover
[0.302s] Level 1:colcon.colcon_core.package_discovery:discover_packages(recursive) discover
[0.302s] INFO:colcon.colcon_core.package_discovery:Crawling recursively for packages in '/home/moon/AN_WS'
[0.302s] Level 1:colcon.colcon_core.package_identification:_identify(.) by extensions ['ignore', 'ignore_ament_install']
[0.302s] Level 1:colcon.colcon_core.package_identification:_identify(.) by extension 'ignore'
[0.302s] Level 1:colcon.colcon_core.package_identification:_identify(.) by extension 'ignore_ament_install'
[0.302s] Level 1:colcon.colcon_core.package_identification:_identify(.) by extensions ['colcon_pkg']
[0.302s] Level 1:colcon.colcon_core.package_identification:_identify(.) by extension 'colcon_pkg'
[0.302s] Level 1:colcon.colcon_core.package_identification:_identify(.) by extensions ['colcon_meta']
[0.302s] Level 1:colcon.colcon_core.package_identification:_identify(.) by extension 'colcon_meta'
[0.302s] Level 1:colcon.colcon_core.package_identification:_identify(.) by extensions ['ros']
[0.302s] Level 1:colcon.colcon_core.package_identification:_identify(.) by extension 'ros'
[0.317s] Level 1:colcon.colcon_core.package_identification:_identify(.) by extensions ['cmake', 'python']
[0.317s] Level 1:colcon.colcon_core.package_identification:_identify(.) by extension 'cmake'
[0.317s] Level 1:colcon.colcon_core.package_identification:_identify(.) by extension 'python'
[0.317s] Level 1:colcon.colcon_core.package_identification:_identify(.) by extensions ['python_setup_py']
[0.317s] Level 1:colcon.colcon_core.package_identification:_identify(.) by extension 'python_setup_py'
[0.318s] Level 1:colcon.colcon_core.package_identification:_identify(build) by extensions ['ignore', 'ignore_ament_install']
[0.318s] Level 1:colcon.colcon_core.package_identification:_identify(build) by extension 'ignore'
[0.318s] Level 1:colcon.colcon_core.package_identification:_identify(build) ignored
[0.318s] Level 1:colcon.colcon_core.package_identification:_identify(install) by extensions ['ignore', 'ignore_ament_install']
[0.318s] Level 1:colcon.colcon_core.package_identification:_identify(install) by extension 'ignore'
[0.318s] Level 1:colcon.colcon_core.package_identification:_identify(install) ignored
[0.318s] Level 1:colcon.colcon_core.package_identification:_identify(log) by extensions ['ignore', 'ignore_ament_install']
[0.318s] Level 1:colcon.colcon_core.package_identification:_identify(log) by extension 'ignore'
[0.319s] Level 1:colcon.colcon_core.package_identification:_identify(log) ignored
[0.319s] Level 1:colcon.colcon_core.package_identification:_identify(nova_sensors) by extensions ['ignore', 'ignore_ament_install']
[0.319s] Level 1:colcon.colcon_core.package_identification:_identify(nova_sensors) by extension 'ignore'
[0.319s] Level 1:colcon.colcon_core.package_identification:_identify(nova_sensors) by extension 'ignore_ament_install'
[0.319s] Level 1:colcon.colcon_core.package_identification:_identify(nova_sensors) by extensions ['colcon_pkg']
[0.319s] Level 1:colcon.colcon_core.package_identification:_identify(nova_sensors) by extension 'colcon_pkg'
[0.319s] Level 1:colcon.colcon_core.package_identification:_identify(nova_sensors) by extensions ['colcon_meta']
[0.319s] Level 1:colcon.colcon_core.package_identification:_identify(nova_sensors) by extension 'colcon_meta'
[0.319s] Level 1:colcon.colcon_core.package_identification:_identify(nova_sensors) by extensions ['ros']
[0.319s] Level 1:colcon.colcon_core.package_identification:_identify(nova_sensors) by extension 'ros'
[0.322s] DEBUG:colcon.colcon_core.package_identification:Package 'nova_sensors' with type 'ros.ament_python' and name 'nova_sensors'
[0.323s] Level 1:colcon.colcon_core.package_identification:_identify(nova_vision) by extensions ['ignore', 'ignore_ament_install']
[0.323s] Level 1:colcon.colcon_core.package_identification:_identify(nova_vision) by extension 'ignore'
[0.323s] Level 1:colcon.colcon_core.package_identification:_identify(nova_vision) by extension 'ignore_ament_install'
[0.323s] Level 1:colcon.colcon_core.package_identification:_identify(nova_vision) by extensions ['colcon_pkg']
[0.323s] Level 1:colcon.colcon_core.package_identification:_identify(nova_vision) by extension 'colcon_pkg'
[0.323s] Level 1:colcon.colcon_core.package_identification:_identify(nova_vision) by extensions ['colcon_meta']
[0.323s] Level 1:colcon.colcon_core.package_identification:_identify(nova_vision) by extension 'colcon_meta'
[0.323s] Level 1:colcon.colcon_core.package_identification:_identify(nova_vision) by extensions ['ros']
[0.323s] Level 1:colcon.colcon_core.package_identification:_identify(nova_vision) by extension 'ros'
[0.324s] DEBUG:colcon.colcon_core.package_identification:Package 'nova_vision' with type 'ros.ament_python' and name 'nova_vision'
[0.324s] Level 1:colcon.colcon_core.package_identification:_identify(src) by extensions ['ignore', 'ignore_ament_install']
[0.324s] Level 1:colcon.colcon_core.package_identification:_identify(src) by extension 'ignore'
[0.324s] Level 1:colcon.colcon_core.package_identification:_identify(src) by extension 'ignore_ament_install'
[0.324s] Level 1:colcon.colcon_core.package_identification:_identify(src) by extensions ['colcon_pkg']
[0.324s] Level 1:colcon.colcon_core.package_identification:_identify(src) by extension 'colcon_pkg'
[0.324s] Level 1:colcon.colcon_core.package_identification:_identify(src) by extensions ['colcon_meta']
[0.324s] Level 1:colcon.colcon_core.package_identification:_identify(src) by extension 'colcon_meta'
[0.324s] Level 1:colcon.colcon_core.package_identification:_identify(src) by extensions ['ros']
[0.324s] Level 1:colcon.colcon_core.package_identification:_identify(src) by extension 'ros'
[0.324s] Level 1:colcon.colcon_core.package_identification:_identify(src) by extensions ['cmake', 'python']
[0.324s] Level 1:colcon.colcon_core.package_identification:_identify(src) by extension 'cmake'
[0.324s] Level 1:colcon.colcon_core.package_identification:_identify(src) by extension 'python'
[0.324s] Level 1:colcon.colcon_core.package_identification:_identify(src) by extensions ['python_setup_py']
[0.324s] Level 1:colcon.colcon_core.package_identification:_identify(src) by extension 'python_setup_py'
[0.325s] Level 1:colcon.colcon_core.package_identification:_identify(src/cam_stream) by extensions ['ignore', 'ignore_ament_install']
[0.325s] Level 1:colcon.colcon_core.package_identification:_identify(src/cam_stream) by extension 'ignore'
[0.325s] Level 1:colcon.colcon_core.package_identification:_identify(src/cam_stream) by extension 'ignore_ament_install'
[0.325s] Level 1:colcon.colcon_core.package_identification:_identify(src/cam_stream) by extensions ['colcon_pkg']
[0.325s] Level 1:colcon.colcon_core.package_identification:_identify(src/cam_stream) by extension 'colcon_pkg'
[0.325s] Level 1:colcon.colcon_core.package_identification:_identify(src/cam_stream) by extensions ['colcon_meta']
[0.325s] Level 1:colcon.colcon_core.package_identification:_identify(src/cam_stream) by extension 'colcon_meta'
[0.325s] Level 1:colcon.colcon_core.package_identification:_identify(src/cam_stream) by extensions ['ros']
[0.325s] Level 1:colcon.colcon_core.package_identification:_identify(src/cam_stream) by extension 'ros'
[0.326s] DEBUG:colcon.colcon_core.package_identification:Package 'src/cam_stream' with type 'ros.ament_python' and name 'cam_stream'
[0.327s] Level 1:colcon.colcon_core.package_identification:_identify(src/navigation) by extensions ['ignore', 'ignore_ament_install']
[0.327s] Level 1:colcon.colcon_core.package_identification:_identify(src/navigation) by extension 'ignore'
[0.327s] Level 1:colcon.colcon_core.package_identification:_identify(src/navigation) by extension 'ignore_ament_install'
[0.327s] Level 1:colcon.colcon_core.package_identification:_identify(src/navigation) by extensions ['colcon_pkg']
[0.327s] Level 1:colcon.colcon_core.package_identification:_identify(src/navigation) by extension 'colcon_pkg'
[0.327s] Level 1:colcon.colcon_core.package_identification:_identify(src/navigation) by extensions ['colcon_meta']
[0.327s] Level 1:colcon.colcon_core.package_identification:_identify(src/navigation) by extension 'colcon_meta'
[0.327s] Level 1:colcon.colcon_core.package_identification:_identify(src/navigation) by extensions ['ros']
[0.327s] Level 1:colcon.colcon_core.package_identification:_identify(src/navigation) by extension 'ros'
[0.328s] DEBUG:colcon.colcon_core.package_identification:Package 'src/navigation' with type 'ros.ament_python' and name 'navigation'
[0.329s] Level 1:colcon.colcon_core.package_identification:_identify(test_scripts) by extensions ['ignore', 'ignore_ament_install']
[0.329s] Level 1:colcon.colcon_core.package_identification:_identify(test_scripts) by extension 'ignore'
[0.329s] Level 1:colcon.colcon_core.package_identification:_identify(test_scripts) ignored
[0.329s] Level 1:colcon.colcon_core.package_discovery:discover_packages(recursive) using defaults
[0.329s] Level 1:colcon.colcon_core.package_discovery:discover_packages(ignore) discover
[0.329s] Level 1:colcon.colcon_core.package_discovery:discover_packages(ignore) using defaults
[0.329s] Level 1:colcon.colcon_core.package_discovery:discover_packages(path) discover
[0.329s] Level 1:colcon.colcon_core.package_discovery:discover_packages(path) using defaults
[0.360s] Level 1:colcon.colcon_core.package_discovery:discover_packages(prefix_path) check parameters
[0.361s] Level 1:colcon.colcon_core.package_discovery:discover_packages(prefix_path) discover
[0.363s] DEBUG:colcon.colcon_installed_package_information.package_discovery:Found 4 installed packages in /home/moon/AN_WS/install
[0.363s] DEBUG:colcon.colcon_installed_package_information.package_discovery:Found 1 installed packages in /home/moon/gps_ws/install
[0.367s] DEBUG:colcon.colcon_installed_package_information.package_discovery:Found 272 installed packages in /opt/ros/humble
[0.369s] Level 1:colcon.colcon_core.package_discovery:discover_packages(prefix_path) using defaults
[0.418s] Level 5:colcon.colcon_core.verb:set package 'cam_stream' build argument 'cmake_args' from command line to 'None'
[0.418s] Level 5:colcon.colcon_core.verb:set package 'cam_stream' build argument 'cmake_target' from command line to 'None'
[0.418s] Level 5:colcon.colcon_core.verb:set package 'cam_stream' build argument 'cmake_target_skip_unavailable' from command line to 'False'
[0.418s] Level 5:colcon.colcon_core.verb:set package 'cam_stream' build argument 'cmake_clean_cache' from command line to 'False'
[0.418s] Level 5:colcon.colcon_core.verb:set package 'cam_stream' build argument 'cmake_clean_first' from command line to 'False'
[0.418s] Level 5:colcon.colcon_core.verb:set package 'cam_stream' build argument 'cmake_force_configure' from command line to 'False'
[0.418s] Level 5:colcon.colcon_core.verb:set package 'cam_stream' build argument 'ament_cmake_args' from command line to 'None'
[0.418s] Level 5:colcon.colcon_core.verb:set package 'cam_stream' build argument 'catkin_cmake_args' from command line to 'None'
[0.418s] Level 5:colcon.colcon_core.verb:set package 'cam_stream' build argument 'catkin_skip_building_tests' from command line to 'False'
[0.418s] DEBUG:colcon.colcon_core.verb:Building package 'cam_stream' with the following arguments: {'ament_cmake_args': None, 'build_base': '/home/moon/AN_WS/build/cam_stream', 'catkin_cmake_args': None, 'catkin_skip_building_tests': False, 'cmake_args': None, 'cmake_clean_cache': False, 'cmake_clean_first': False, 'cmake_force_configure': False, 'cmake_target': None, 'cmake_target_skip_unavailable': False, 'install_base': '/home/moon/AN_WS/install/cam_stream', 'merge_install': False, 'path': '/home/moon/AN_WS/src/cam_stream', 'symlink_install': False, 'test_result_base': None}
[0.419s] Level 5:colcon.colcon_core.verb:set package 'navigation' build argument 'cmake_args' from command line to 'None'
[0.419s] Level 5:colcon.colcon_core.verb:set package 'navigation' build argument 'cmake_target' from command line to 'None'
[0.419s] Level 5:colcon.colcon_core.verb:set package 'navigation' build argument 'cmake_target_skip_unavailable' from command line to 'False'
[0.419s] Level 5:colcon.colcon_core.verb:set package 'navigation' build argument 'cmake_clean_cache' from command line to 'False'
[0.419s] Level 5:colcon.colcon_core.verb:set package 'navigation' build argument 'cmake_clean_first' from command line to 'False'
[0.419s] Level 5:colcon.colcon_core.verb:set package 'navigation' build argument 'cmake_force_configure' from command line to 'False'
[0.419s] Level 5:colcon.colcon_core.verb:set package 'navigation' build argument 'ament_cmake_args' from command line to 'None'
[0.419s] Level 5:colcon.colcon_core.verb:set package 'navigation' build argument 'catkin_cmake_args' from command line to 'None'
[0.419s] Level 5:colcon.colcon_core.verb:set package 'navigation' build argument 'catkin_skip_building_tests' from command line to 'False'
[0.419s] DEBUG:colcon.colcon_core.verb:Building package 'navigation' with the following arguments: {'ament_cmake_args': None, 'build_base': '/home/moon/AN_WS/build/navigation', 'catkin_cmake_args': None, 'catkin_skip_building_tests': False, 'cmake_args': None, 'cmake_clean_cache': False, 'cmake_clean_first': False, 'cmake_force_configure': False, 'cmake_target': None, 'cmake_target_skip_unavailable': False, 'install_base': '/home/moon/AN_WS/install/navigation', 'merge_install': False, 'path': '/home/moon/AN_WS/src/navigation', 'symlink_install': False, 'test_result_base': None}
[0.419s] Level 5:colcon.colcon_core.verb:set package 'nova_sensors' build argument 'cmake_args' from command line to 'None'
[0.419s] Level 5:colcon.colcon_core.verb:set package 'nova_sensors' build argument 'cmake_target' from command line to 'None'
[0.419s] Level 5:colcon.colcon_core.verb:set package 'nova_sensors' build argument 'cmake_target_skip_unavailable' from command line to 'False'
[0.419s] Level 5:colcon.colcon_core.verb:set package 'nova_sensors' build argument 'cmake_clean_cache' from command line to 'False'
[0.419s] Level 5:colcon.colcon_core.verb:set package 'nova_sensors' build argument 'cmake_clean_first' from command line to 'False'
[0.419s] Level 5:colcon.colcon_core.verb:set package 'nova_sensors' build argument 'cmake_force_configure' from command line to 'False'
[0.419s] Level 5:colcon.colcon_core.verb:set package 'nova_sensors' build argument 'ament_cmake_args' from command line to 'None'
[0.419s] Level 5:colcon.colcon_core.verb:set package 'nova_sensors' build argument 'catkin_cmake_args' from command line to 'None'
[0.420s] Level 5:colcon.colcon_core.verb:set package 'nova_sensors' build argument 'catkin_skip_building_tests' from command line to 'False'
[0.420s] DEBUG:colcon.colcon_core.verb:Building package 'nova_sensors' with the following arguments: {'ament_cmake_args': None, 'build_base': '/home/moon/AN_WS/build/nova_sensors', 'catkin_cmake_args': None, 'catkin_skip_building_tests': False, 'cmake_args': None, 'cmake_clean_cache': False, 'cmake_clean_first': False, 'cmake_force_configure': False, 'cmake_target': None, 'cmake_target_skip_unavailable': False, 'install_base': '/home/moon/AN_WS/install/nova_sensors', 'merge_install': False, 'path': '/home/moon/AN_WS/nova_sensors', 'symlink_install': False, 'test_result_base': None}
[0.420s] Level 5:colcon.colcon_core.verb:set package 'nova_vision' build argument 'cmake_args' from command line to 'None'
[0.420s] Level 5:colcon.colcon_core.verb:set package 'nova_vision' build argument 'cmake_target' from command line to 'None'
[0.420s] Level 5:colcon.colcon_core.verb:set package 'nova_vision' build argument 'cmake_target_skip_unavailable' from command line to 'False'
[0.420s] Level 5:colcon.colcon_core.verb:set package 'nova_vision' build argument 'cmake_clean_cache' from command line to 'False'
[0.420s] Level 5:colcon.colcon_core.verb:set package 'nova_vision' build argument 'cmake_clean_first' from command line to 'False'
[0.420s] Level 5:colcon.colcon_core.verb:set package 'nova_vision' build argument 'cmake_force_configure' from command line to 'False'
[0.420s] Level 5:colcon.colcon_core.verb:set package 'nova_vision' build argument 'ament_cmake_args' from command line to 'None'
[0.420s] Level 5:colcon.colcon_core.verb:set package 'nova_vision' build argument 'catkin_cmake_args' from command line to 'None'
[0.420s] Level 5:colcon.colcon_core.verb:set package 'nova_vision' build argument 'catkin_skip_building_tests' from command line to 'False'
[0.420s] DEBUG:colcon.colcon_core.verb:Building package 'nova_vision' with the following arguments: {'ament_cmake_args': None, 'build_base': '/home/moon/AN_WS/build/nova_vision', 'catkin_cmake_args': None, 'catkin_skip_building_tests': False, 'cmake_args': None, 'cmake_clean_cache': False, 'cmake_clean_first': False, 'cmake_force_configure': False, 'cmake_target': None, 'cmake_target_skip_unavailable': False, 'install_base': '/home/moon/AN_WS/install/nova_vision', 'merge_install': False, 'path': '/home/moon/AN_WS/nova_vision', 'symlink_install': False, 'test_result_base': None}
[0.420s] INFO:colcon.colcon_core.executor:Executing jobs using 'parallel' executor
[0.425s] DEBUG:colcon.colcon_parallel_executor.executor.parallel:run_until_complete
[0.426s] INFO:colcon.colcon_ros.task.ament_python.build:Building ROS package in '/home/moon/AN_WS/src/cam_stream' with build type 'ament_python'
[0.426s] Level 1:colcon.colcon_core.shell:create_environment_hook('cam_stream', 'ament_prefix_path')
[0.430s] INFO:colcon.colcon_core.plugin_system:Skipping extension 'colcon_core.shell.bat': Not used on non-Windows systems
[0.430s] INFO:colcon.colcon_core.shell:Creating environment hook '/home/moon/AN_WS/install/cam_stream/share/cam_stream/hook/ament_prefix_path.ps1'
[0.432s] INFO:colcon.colcon_core.shell:Creating environment descriptor '/home/moon/AN_WS/install/cam_stream/share/cam_stream/hook/ament_prefix_path.dsv'
[0.433s] INFO:colcon.colcon_core.shell:Creating environment hook '/home/moon/AN_WS/install/cam_stream/share/cam_stream/hook/ament_prefix_path.sh'
[0.435s] INFO:colcon.colcon_core.shell:Skip shell extension 'powershell' for command environment: Not usable outside of PowerShell
[0.435s] DEBUG:colcon.colcon_core.shell:Skip shell extension 'dsv' for command environment
[0.440s] INFO:colcon.colcon_ros.task.ament_python.build:Building ROS package in '/home/moon/AN_WS/src/navigation' with build type 'ament_python'
[0.441s] Level 1:colcon.colcon_core.shell:create_environment_hook('navigation', 'ament_prefix_path')
[0.441s] INFO:colcon.colcon_core.shell:Creating environment hook '/home/moon/AN_WS/install/navigation/share/navigation/hook/ament_prefix_path.ps1'
[0.442s] INFO:colcon.colcon_core.shell:Creating environment descriptor '/home/moon/AN_WS/install/navigation/share/navigation/hook/ament_prefix_path.dsv'
[0.443s] INFO:colcon.colcon_core.shell:Creating environment hook '/home/moon/AN_WS/install/navigation/share/navigation/hook/ament_prefix_path.sh'
[0.444s] INFO:colcon.colcon_core.shell:Skip shell extension 'powershell' for command environment: Not usable outside of PowerShell
[0.444s] DEBUG:colcon.colcon_core.shell:Skip shell extension 'dsv' for command environment
[0.454s] INFO:colcon.colcon_ros.task.ament_python.build:Building ROS package in '/home/moon/AN_WS/nova_sensors' with build type 'ament_python'
[0.454s] Level 1:colcon.colcon_core.shell:create_environment_hook('nova_sensors', 'ament_prefix_path')
[0.454s] INFO:colcon.colcon_core.shell:Creating environment hook '/home/moon/AN_WS/install/nova_sensors/share/nova_sensors/hook/ament_prefix_path.ps1'
[0.455s] INFO:colcon.colcon_core.shell:Creating environment descriptor '/home/moon/AN_WS/install/nova_sensors/share/nova_sensors/hook/ament_prefix_path.dsv'
[0.457s] INFO:colcon.colcon_core.shell:Creating environment hook '/home/moon/AN_WS/install/nova_sensors/share/nova_sensors/hook/ament_prefix_path.sh'
[0.458s] INFO:colcon.colcon_core.shell:Skip shell extension 'powershell' for command environment: Not usable outside of PowerShell
[0.458s] DEBUG:colcon.colcon_core.shell:Skip shell extension 'dsv' for command environment
[0.464s] INFO:colcon.colcon_ros.task.ament_python.build:Building ROS package in '/home/moon/AN_WS/nova_vision' with build type 'ament_python'
[0.465s] Level 1:colcon.colcon_core.shell:create_environment_hook('nova_vision', 'ament_prefix_path')
[0.465s] INFO:colcon.colcon_core.shell:Creating environment hook '/home/moon/AN_WS/install/nova_vision/share/nova_vision/hook/ament_prefix_path.ps1'
[0.466s] INFO:colcon.colcon_core.shell:Creating environment descriptor '/home/moon/AN_WS/install/nova_vision/share/nova_vision/hook/ament_prefix_path.dsv'
[0.467s] INFO:colcon.colcon_core.shell:Creating environment hook '/home/moon/AN_WS/install/nova_vision/share/nova_vision/hook/ament_prefix_path.sh'
[0.468s] INFO:colcon.colcon_core.shell:Skip shell extension 'powershell' for command environment: Not usable outside of PowerShell
[0.468s] DEBUG:colcon.colcon_core.shell:Skip shell extension 'dsv' for command environment
[0.788s] INFO:colcon.colcon_core.task.python.build:Building Python package in '/home/moon/AN_WS/src/cam_stream'
[0.788s] INFO:colcon.colcon_core.shell:Skip shell extension 'powershell' for command environment: Not usable outside of PowerShell
[0.788s] DEBUG:colcon.colcon_core.shell:Skip shell extension 'dsv' for command environment
[1.128s] INFO:colcon.colcon_core.task.python.build:Building Python package in '/home/moon/AN_WS/src/navigation'
[1.128s] INFO:colcon.colcon_core.shell:Skip shell extension 'powershell' for command environment: Not usable outside of PowerShell
[1.128s] DEBUG:colcon.colcon_core.shell:Skip shell extension 'dsv' for command environment
[1.511s] INFO:colcon.colcon_core.task.python.build:Building Python package in '/home/moon/AN_WS/nova_sensors'
[1.511s] INFO:colcon.colcon_core.shell:Skip shell extension 'powershell' for command environment: Not usable outside of PowerShell
[1.511s] DEBUG:colcon.colcon_core.shell:Skip shell extension 'dsv' for command environment
[1.792s] INFO:colcon.colcon_core.task.python.build:Building Python package in '/home/moon/AN_WS/nova_vision'
[1.792s] INFO:colcon.colcon_core.shell:Skip shell extension 'powershell' for command environment: Not usable outside of PowerShell
[1.792s] DEBUG:colcon.colcon_core.shell:Skip shell extension 'dsv' for command environment
[2.172s] DEBUG:colcon.colcon_core.event_handler.log_command:Invoking command in '/home/moon/AN_WS/src/navigation': PYTHONPATH=/home/moon/AN_WS/build/navigation/prefix_override:/usr/lib/python3/dist-packages/colcon_core/task/python/colcon_distutils_commands:/home/moon/AN_WS/install/navigation/lib/python3.10/site-packages:${PYTHONPATH} /usr/bin/python3 -W ignore:setup.py install is deprecated -W ignore:easy_install command is deprecated setup.py egg_info --egg-base ../../build/navigation build --build-base /home/moon/AN_WS/build/navigation/build install --record /home/moon/AN_WS/build/navigation/install.log --single-version-externally-managed install_data
[2.259s] DEBUG:colcon.colcon_core.event_handler.log_command:Invoking command in '/home/moon/AN_WS/nova_sensors': PYTHONPATH=/home/moon/AN_WS/build/nova_sensors/prefix_override:/usr/lib/python3/dist-packages/colcon_core/task/python/colcon_distutils_commands:/home/moon/AN_WS/install/nova_sensors/lib/python3.10/site-packages:${PYTHONPATH} /usr/bin/python3 -W ignore:setup.py install is deprecated -W ignore:easy_install command is deprecated setup.py egg_info --egg-base ../build/nova_sensors build --build-base /home/moon/AN_WS/build/nova_sensors/build install --record /home/moon/AN_WS/build/nova_sensors/install.log --single-version-externally-managed install_data
[2.312s] DEBUG:colcon.colcon_core.event_handler.log_command:Invoking command in '/home/moon/AN_WS/src/cam_stream': PYTHONPATH=/home/moon/AN_WS/build/cam_stream/prefix_override:/usr/lib/python3/dist-packages/colcon_core/task/python/colcon_distutils_commands:/home/moon/AN_WS/install/cam_stream/lib/python3.10/site-packages:${PYTHONPATH} /usr/bin/python3 -W ignore:setup.py install is deprecated -W ignore:easy_install command is deprecated setup.py egg_info --egg-base ../../build/cam_stream build --build-base /home/moon/AN_WS/build/cam_stream/build install --record /home/moon/AN_WS/build/cam_stream/install.log --single-version-externally-managed install_data
[2.395s] DEBUG:colcon.colcon_core.event_handler.log_command:Invoking command in '/home/moon/AN_WS/nova_vision': PYTHONPATH=/home/moon/AN_WS/build/nova_vision/prefix_override:/usr/lib/python3/dist-packages/colcon_core/task/python/colcon_distutils_commands:/home/moon/AN_WS/install/nova_vision/lib/python3.10/site-packages:${PYTHONPATH} /usr/bin/python3 -W ignore:setup.py install is deprecated -W ignore:easy_install command is deprecated setup.py egg_info --egg-base ../build/nova_vision build --build-base /home/moon/AN_WS/build/nova_vision/build install --record /home/moon/AN_WS/build/nova_vision/install.log --single-version-externally-managed install_data
[2.557s] DEBUG:colcon.colcon_core.event_handler.log_command:Invoked command in '/home/moon/AN_WS/nova_sensors' returned '0': PYTHONPATH=/home/moon/AN_WS/build/nova_sensors/prefix_override:/usr/lib/python3/dist-packages/colcon_core/task/python/colcon_distutils_commands:/home/moon/AN_WS/install/nova_sensors/lib/python3.10/site-packages:${PYTHONPATH} /usr/bin/python3 -W ignore:setup.py install is deprecated -W ignore:easy_install command is deprecated setup.py egg_info --egg-base ../build/nova_sensors build --build-base /home/moon/AN_WS/build/nova_sensors/build install --record /home/moon/AN_WS/build/nova_sensors/install.log --single-version-externally-managed install_data
[2.559s] Level 1:colcon.colcon_core.environment:checking '/home/moon/AN_WS/install/nova_sensors' for CMake module files
[2.559s] Level 1:colcon.colcon_core.environment:checking '/home/moon/AN_WS/install/nova_sensors' for CMake config files
[2.560s] Level 1:colcon.colcon_core.environment:checking '/home/moon/AN_WS/install/nova_sensors/lib'
[2.560s] Level 1:colcon.colcon_core.environment:checking '/home/moon/AN_WS/install/nova_sensors/bin'
[2.560s] Level 1:colcon.colcon_core.environment:checking '/home/moon/AN_WS/install/nova_sensors/lib/pkgconfig/nova_sensors.pc'
[2.560s] Level 1:colcon.colcon_core.environment:checking '/home/moon/AN_WS/install/nova_sensors/lib/python3.10/site-packages'
[2.561s] Level 1:colcon.colcon_core.shell:create_environment_hook('nova_sensors', 'pythonpath')
[2.561s] INFO:colcon.colcon_core.shell:Creating environment hook '/home/moon/AN_WS/install/nova_sensors/share/nova_sensors/hook/pythonpath.ps1'
[2.562s] INFO:colcon.colcon_core.shell:Creating environment descriptor '/home/moon/AN_WS/install/nova_sensors/share/nova_sensors/hook/pythonpath.dsv'
[2.563s] INFO:colcon.colcon_core.shell:Creating environment hook '/home/moon/AN_WS/install/nova_sensors/share/nova_sensors/hook/pythonpath.sh'
[2.563s] Level 1:colcon.colcon_core.environment:checking '/home/moon/AN_WS/install/nova_sensors/bin'
[2.564s] Level 1:colcon.colcon_core.environment:create_environment_scripts_only(nova_sensors)
[2.564s] INFO:colcon.colcon_core.shell:Creating package script '/home/moon/AN_WS/install/nova_sensors/share/nova_sensors/package.ps1'
[2.565s] INFO:colcon.colcon_core.shell:Creating package descriptor '/home/moon/AN_WS/install/nova_sensors/share/nova_sensors/package.dsv'
[2.566s] INFO:colcon.colcon_core.shell:Creating package script '/home/moon/AN_WS/install/nova_sensors/share/nova_sensors/package.sh'
[2.567s] INFO:colcon.colcon_core.shell:Creating package script '/home/moon/AN_WS/install/nova_sensors/share/nova_sensors/package.bash'
[2.568s] INFO:colcon.colcon_core.shell:Creating package script '/home/moon/AN_WS/install/nova_sensors/share/nova_sensors/package.zsh'
[2.568s] Level 1:colcon.colcon_core.environment:create_file_with_runtime_dependencies(/home/moon/AN_WS/install/nova_sensors/share/colcon-core/packages/nova_sensors)
[2.683s] Level 1:colcon.colcon_core.environment:checking '/home/moon/AN_WS/install/navigation' for CMake module files
[2.684s] DEBUG:colcon.colcon_core.event_handler.log_command:Invoked command in '/home/moon/AN_WS/src/navigation' returned '0': PYTHONPATH=/home/moon/AN_WS/build/navigation/prefix_override:/usr/lib/python3/dist-packages/colcon_core/task/python/colcon_distutils_commands:/home/moon/AN_WS/install/navigation/lib/python3.10/site-packages:${PYTHONPATH} /usr/bin/python3 -W ignore:setup.py install is deprecated -W ignore:easy_install command is deprecated setup.py egg_info --egg-base ../../build/navigation build --build-base /home/moon/AN_WS/build/navigation/build install --record /home/moon/AN_WS/build/navigation/install.log --single-version-externally-managed install_data
[2.685s] Level 1:colcon.colcon_core.environment:checking '/home/moon/AN_WS/install/navigation' for CMake config files
[2.687s] Level 1:colcon.colcon_core.environment:checking '/home/moon/AN_WS/install/navigation/lib'
[2.688s] Level 1:colcon.colcon_core.environment:checking '/home/moon/AN_WS/install/navigation/bin'
[2.688s] Level 1:colcon.colcon_core.environment:checking '/home/moon/AN_WS/install/navigation/lib/pkgconfig/navigation.pc'
[2.688s] Level 1:colcon.colcon_core.environment:checking '/home/moon/AN_WS/install/navigation/lib/python3.10/site-packages'
[2.688s] Level 1:colcon.colcon_core.shell:create_environment_hook('navigation', 'pythonpath')
[2.689s] INFO:colcon.colcon_core.shell:Creating environment hook '/home/moon/AN_WS/install/navigation/share/navigation/hook/pythonpath.ps1'
[2.690s] INFO:colcon.colcon_core.shell:Creating environment descriptor '/home/moon/AN_WS/install/navigation/share/navigation/hook/pythonpath.dsv'
[2.691s] INFO:colcon.colcon_core.shell:Creating environment hook '/home/moon/AN_WS/install/navigation/share/navigation/hook/pythonpath.sh'
[2.692s] Level 1:colcon.colcon_core.environment:checking '/home/moon/AN_WS/install/navigation/bin'
[2.692s] Level 1:colcon.colcon_core.environment:create_environment_scripts_only(navigation)
[2.693s] INFO:colcon.colcon_core.shell:Creating package script '/home/moon/AN_WS/install/navigation/share/navigation/package.ps1'
[2.693s] INFO:colcon.colcon_core.shell:Creating package descriptor '/home/moon/AN_WS/install/navigation/share/navigation/package.dsv'
[2.694s] INFO:colcon.colcon_core.shell:Creating package script '/home/moon/AN_WS/install/navigation/share/navigation/package.sh'
[2.695s] INFO:colcon.colcon_core.shell:Creating package script '/home/moon/AN_WS/install/navigation/share/navigation/package.bash'
[2.695s] INFO:colcon.colcon_core.shell:Creating package script '/home/moon/AN_WS/install/navigation/share/navigation/package.zsh'
[2.696s] Level 1:colcon.colcon_core.environment:create_file_with_runtime_dependencies(/home/moon/AN_WS/install/navigation/share/colcon-core/packages/navigation)
[2.741s] Level 1:colcon.colcon_core.environment:checking '/home/moon/AN_WS/install/cam_stream' for CMake module files
[2.742s] DEBUG:colcon.colcon_core.event_handler.log_command:Invoked command in '/home/moon/AN_WS/src/cam_stream' returned '0': PYTHONPATH=/home/moon/AN_WS/build/cam_stream/prefix_override:/usr/lib/python3/dist-packages/colcon_core/task/python/colcon_distutils_commands:/home/moon/AN_WS/install/cam_stream/lib/python3.10/site-packages:${PYTHONPATH} /usr/bin/python3 -W ignore:setup.py install is deprecated -W ignore:easy_install command is deprecated setup.py egg_info --egg-base ../../build/cam_stream build --build-base /home/moon/AN_WS/build/cam_stream/build install --record /home/moon/AN_WS/build/cam_stream/install.log --single-version-externally-managed install_data
[2.742s] Level 1:colcon.colcon_core.environment:checking '/home/moon/AN_WS/install/cam_stream' for CMake config files
[2.743s] Level 1:colcon.colcon_core.environment:checking '/home/moon/AN_WS/install/cam_stream/lib'
[2.743s] Level 1:colcon.colcon_core.environment:checking '/home/moon/AN_WS/install/cam_stream/bin'
[2.743s] Level 1:colcon.colcon_core.environment:checking '/home/moon/AN_WS/install/cam_stream/lib/pkgconfig/cam_stream.pc'
[2.743s] Level 1:colcon.colcon_core.environment:checking '/home/moon/AN_WS/install/cam_stream/lib/python3.10/site-packages'
[2.743s] Level 1:colcon.colcon_core.shell:create_environment_hook('cam_stream', 'pythonpath')
[2.743s] INFO:colcon.colcon_core.shell:Creating environment hook '/home/moon/AN_WS/install/cam_stream/share/cam_stream/hook/pythonpath.ps1'
[2.744s] INFO:colcon.colcon_core.shell:Creating environment descriptor '/home/moon/AN_WS/install/cam_stream/share/cam_stream/hook/pythonpath.dsv'
[2.745s] INFO:colcon.colcon_core.shell:Creating environment hook '/home/moon/AN_WS/install/cam_stream/share/cam_stream/hook/pythonpath.sh'
[2.745s] Level 1:colcon.colcon_core.environment:checking '/home/moon/AN_WS/install/cam_stream/bin'
[2.746s] Level 1:colcon.colcon_core.environment:create_environment_scripts_only(cam_stream)
[2.746s] INFO:colcon.colcon_core.shell:Creating package script '/home/moon/AN_WS/install/cam_stream/share/cam_stream/package.ps1'
[2.747s] INFO:colcon.colcon_core.shell:Creating package descriptor '/home/moon/AN_WS/install/cam_stream/share/cam_stream/package.dsv'
[2.747s] INFO:colcon.colcon_core.shell:Creating package script '/home/moon/AN_WS/install/cam_stream/share/cam_stream/package.sh'
[2.748s] INFO:colcon.colcon_core.shell:Creating package script '/home/moon/AN_WS/install/cam_stream/share/cam_stream/package.bash'
[2.749s] INFO:colcon.colcon_core.shell:Creating package script '/home/moon/AN_WS/install/cam_stream/share/cam_stream/package.zsh'
[2.749s] Level 1:colcon.colcon_core.environment:create_file_with_runtime_dependencies(/home/moon/AN_WS/install/cam_stream/share/colcon-core/packages/cam_stream)
[2.792s] Level 1:colcon.colcon_core.environment:checking '/home/moon/AN_WS/install/nova_vision' for CMake module files
[2.793s] DEBUG:colcon.colcon_core.event_handler.log_command:Invoked command in '/home/moon/AN_WS/nova_vision' returned '0': PYTHONPATH=/home/moon/AN_WS/build/nova_vision/prefix_override:/usr/lib/python3/dist-packages/colcon_core/task/python/colcon_distutils_commands:/home/moon/AN_WS/install/nova_vision/lib/python3.10/site-packages:${PYTHONPATH} /usr/bin/python3 -W ignore:setup.py install is deprecated -W ignore:easy_install command is deprecated setup.py egg_info --egg-base ../build/nova_vision build --build-base /home/moon/AN_WS/build/nova_vision/build install --record /home/moon/AN_WS/build/nova_vision/install.log --single-version-externally-managed install_data
[2.793s] Level 1:colcon.colcon_core.environment:checking '/home/moon/AN_WS/install/nova_vision' for CMake config files
[2.794s] Level 1:colcon.colcon_core.environment:checking '/home/moon/AN_WS/install/nova_vision/lib'
[2.794s] Level 1:colcon.colcon_core.environment:checking '/home/moon/AN_WS/install/nova_vision/bin'
[2.794s] Level 1:colcon.colcon_core.environment:checking '/home/moon/AN_WS/install/nova_vision/lib/pkgconfig/nova_vision.pc'
[2.794s] Level 1:colcon.colcon_core.environment:checking '/home/moon/AN_WS/install/nova_vision/lib/python3.10/site-packages'
[2.795s] Level 1:colcon.colcon_core.shell:create_environment_hook('nova_vision', 'pythonpath')
[2.795s] INFO:colcon.colcon_core.shell:Creating environment hook '/home/moon/AN_WS/install/nova_vision/share/nova_vision/hook/pythonpath.ps1'
[2.796s] INFO:colcon.colcon_core.shell:Creating environment descriptor '/home/moon/AN_WS/install/nova_vision/share/nova_vision/hook/pythonpath.dsv'
[2.796s] INFO:colcon.colcon_core.shell:Creating environment hook '/home/moon/AN_WS/install/nova_vision/share/nova_vision/hook/pythonpath.sh'
[2.797s] Level 1:colcon.colcon_core.environment:checking '/home/moon/AN_WS/install/nova_vision/bin'
[2.797s] Level 1:colcon.colcon_core.environment:create_environment_scripts_only(nova_vision)
[2.797s] INFO:colcon.colcon_core.shell:Creating package script '/home/moon/AN_WS/install/nova_vision/share/nova_vision/package.ps1'
[2.798s] INFO:colcon.colcon_core.shell:Creating package descriptor '/home/moon/AN_WS/install/nova_vision/share/nova_vision/package.dsv'
[2.798s] INFO:colcon.colcon_core.shell:Creating package script '/home/moon/AN_WS/install/nova_vision/share/nova_vision/package.sh'
[2.799s] INFO:colcon.colcon_core.shell:Creating package script '/home/moon/AN_WS/install/nova_vision/share/nova_vision/package.bash'
[2.799s] INFO:colcon.colcon_core.shell:Creating package script '/home/moon/AN_WS/install/nova_vision/share/nova_vision/package.zsh'
[2.800s] Level 1:colcon.colcon_core.environment:create_file_with_runtime_dependencies(/home/moon/AN_WS/install/nova_vision/share/colcon-core/packages/nova_vision)
[2.800s] DEBUG:colcon.colcon_parallel_executor.executor.parallel:closing loop
[2.801s] DEBUG:colcon.colcon_parallel_executor.executor.parallel:loop closed
[2.801s] DEBUG:colcon.colcon_parallel_executor.executor.parallel:run_until_complete finished with '0'
[2.801s] DEBUG:colcon.colcon_core.event_reactor:joining thread
[2.807s] INFO:colcon.colcon_core.plugin_system:Skipping extension 'colcon_notification.desktop_notification.terminal_notifier': Not used on non-Darwin systems
[2.807s] INFO:colcon.colcon_core.plugin_system:Skipping extension 'colcon_notification.desktop_notification.win32': Not used on non-Windows systems
[2.807s] INFO:colcon.colcon_notification.desktop_notification:Sending desktop notification using 'notify2'
[2.820s] DEBUG:colcon.colcon_core.event_reactor:joined thread
[2.821s] INFO:colcon.colcon_core.shell:Creating prefix script '/home/moon/AN_WS/install/local_setup.ps1'
[2.822s] INFO:colcon.colcon_core.shell:Creating prefix util module '/home/moon/AN_WS/install/_local_setup_util_ps1.py'
[2.823s] INFO:colcon.colcon_core.shell:Creating prefix chain script '/home/moon/AN_WS/install/setup.ps1'
[2.824s] INFO:colcon.colcon_core.shell:Creating prefix script '/home/moon/AN_WS/install/local_setup.sh'
[2.825s] INFO:colcon.colcon_core.shell:Creating prefix util module '/home/moon/AN_WS/install/_local_setup_util_sh.py'
[2.826s] INFO:colcon.colcon_core.shell:Creating prefix chain script '/home/moon/AN_WS/install/setup.sh'
[2.828s] INFO:colcon.colcon_core.shell:Creating prefix script '/home/moon/AN_WS/install/local_setup.bash'
[2.829s] INFO:colcon.colcon_core.shell:Creating prefix chain script '/home/moon/AN_WS/install/setup.bash'
[2.830s] INFO:colcon.colcon_core.shell:Creating prefix script '/home/moon/AN_WS/install/local_setup.zsh'
[2.831s] INFO:colcon.colcon_core.shell:Creating prefix chain script '/home/moon/AN_WS/install/setup.zsh'
