[9.785s] Invoking command in '/home/moon/AN_WS/src/navigation': PYTHONPATH=/home/moon/AN_WS/build/navigation/prefix_override:/usr/lib/python3/dist-packages/colcon_core/task/python/colcon_distutils_commands:/home/moon/AN_WS/install/navigation/lib/python3.10/site-packages:${PYTHONPATH} /usr/bin/python3 -W ignore:setup.py install is deprecated -W ignore:easy_install command is deprecated setup.py egg_info --egg-base ../../build/navigation build --build-base /home/moon/AN_WS/build/navigation/build install --record /home/moon/AN_WS/build/navigation/install.log --single-version-externally-managed install_data
[11.702s] running egg_info
[11.713s] writing ../../build/navigation/navigation.egg-info/PKG-INFO
[11.726s] writing dependency_links to ../../build/navigation/navigation.egg-info/dependency_links.txt
[11.727s] writing entry points to ../../build/navigation/navigation.egg-info/entry_points.txt
[11.727s] writing requirements to ../../build/navigation/navigation.egg-info/requires.txt
[11.727s] writing top-level names to ../../build/navigation/navigation.egg-info/top_level.txt
[11.753s] reading manifest file '../../build/navigation/navigation.egg-info/SOURCES.txt'
[11.774s] adding license file 'LICENSE'
[11.774s] writing manifest file '../../build/navigation/navigation.egg-info/SOURCES.txt'
[11.774s] running build
[11.778s] running build_py
[11.796s] running install
[11.796s] running install_lib
[11.809s] running install_data
[11.816s] running install_egg_info
[11.846s] removing '/home/moon/AN_WS/install/navigation/lib/python3.10/site-packages/navigation-0.0.0-py3.10.egg-info' (and everything under it)
[11.856s] Copying ../../build/navigation/navigation.egg-info to /home/moon/AN_WS/install/navigation/lib/python3.10/site-packages/navigation-0.0.0-py3.10.egg-info
[11.866s] running install_scripts
[11.957s] Installing aruco_marker_publisher script to /home/moon/AN_WS/install/navigation/lib/navigation
[11.963s] Installing camera_publisher script to /home/moon/AN_WS/install/navigation/lib/navigation
[11.964s] Installing camera_subscriber script to /home/moon/AN_WS/install/navigation/lib/navigation
[11.964s] Installing combined_gps_aruco script to /home/moon/AN_WS/install/navigation/lib/navigation
[11.964s] Installing gps_display script to /home/moon/AN_WS/install/navigation/lib/navigation
[11.964s] Installing gps_node script to /home/moon/AN_WS/install/navigation/lib/navigation
[11.964s] Installing gst_pub script to /home/moon/AN_WS/install/navigation/lib/navigation
[11.976s] Installing multi_camera_publisher script to /home/moon/AN_WS/install/navigation/lib/navigation
[11.976s] Installing multi_camera_publisher_gst script to /home/moon/AN_WS/install/navigation/lib/navigation
[11.977s] Installing multi_camera_subscriber_gst script to /home/moon/AN_WS/install/navigation/lib/navigation
[11.977s] writing list of installed files to '/home/moon/AN_WS/build/navigation/install.log'
[12.049s] Invoked command in '/home/moon/AN_WS/src/navigation' returned '0': PYTHONPATH=/home/moon/AN_WS/build/navigation/prefix_override:/usr/lib/python3/dist-packages/colcon_core/task/python/colcon_distutils_commands:/home/moon/AN_WS/install/navigation/lib/python3.10/site-packages:${PYTHONPATH} /usr/bin/python3 -W ignore:setup.py install is deprecated -W ignore:easy_install command is deprecated setup.py egg_info --egg-base ../../build/navigation build --build-base /home/moon/AN_WS/build/navigation/build install --record /home/moon/AN_WS/build/navigation/install.log --single-version-externally-managed install_data
