[3.195s] Invoking command in '/home/tasc/AN_WS/src/navigation': PYTHONPATH=/home/tasc/AN_WS/build/navigation/prefix_override:/usr/lib/python3/dist-packages/colcon_core/task/python/colcon_distutils_commands:/home/tasc/AN_WS/install/navigation/lib/python3.10/site-packages:${PYTHONPATH} /usr/bin/python3 -W ignore:setup.py install is deprecated -W ignore:easy_install command is deprecated setup.py egg_info --egg-base ../../build/navigation build --build-base /home/tasc/AN_WS/build/navigation/build install --record /home/tasc/AN_WS/build/navigation/install.log --single-version-externally-managed install_data
[3.747s] running egg_info
[3.750s] writing ../../build/navigation/navigation.egg-info/PKG-INFO
[3.750s] writing dependency_links to ../../build/navigation/navigation.egg-info/dependency_links.txt
[3.751s] writing entry points to ../../build/navigation/navigation.egg-info/entry_points.txt
[3.751s] writing requirements to ../../build/navigation/navigation.egg-info/requires.txt
[3.752s] writing top-level names to ../../build/navigation/navigation.egg-info/top_level.txt
[3.757s] reading manifest file '../../build/navigation/navigation.egg-info/SOURCES.txt'
[3.758s] adding license file 'LICENSE'
[3.759s] writing manifest file '../../build/navigation/navigation.egg-info/SOURCES.txt'
[3.760s] running build
[3.760s] running build_py
[3.762s] running install
[3.763s] running install_lib
[3.768s] running install_data
[3.769s] running install_egg_info
[3.774s] removing '/home/tasc/AN_WS/install/navigation/lib/python3.10/site-packages/navigation-0.0.0-py3.10.egg-info' (and everything under it)
[3.775s] Copying ../../build/navigation/navigation.egg-info to /home/tasc/AN_WS/install/navigation/lib/python3.10/site-packages/navigation-0.0.0-py3.10.egg-info
[3.778s] running install_scripts
[3.839s] Installing aruco_marker_publisher script to /home/tasc/AN_WS/install/navigation/lib/navigation
[3.840s] Installing camera_publisher script to /home/tasc/AN_WS/install/navigation/lib/navigation
[3.840s] Installing camera_subscriber script to /home/tasc/AN_WS/install/navigation/lib/navigation
[3.841s] Installing combined_gps_aruco script to /home/tasc/AN_WS/install/navigation/lib/navigation
[3.841s] Installing gps_display script to /home/tasc/AN_WS/install/navigation/lib/navigation
[3.842s] Installing gps_node script to /home/tasc/AN_WS/install/navigation/lib/navigation
[3.842s] Installing gst_pub script to /home/tasc/AN_WS/install/navigation/lib/navigation
[3.842s] Installing multi_camera_publisher script to /home/tasc/AN_WS/install/navigation/lib/navigation
[3.842s] Installing multi_camera_publisher_gst script to /home/tasc/AN_WS/install/navigation/lib/navigation
[3.843s] Installing multi_camera_subscriber_gst script to /home/tasc/AN_WS/install/navigation/lib/navigation
[3.844s] writing list of installed files to '/home/tasc/AN_WS/build/navigation/install.log'
[3.944s] Invoked command in '/home/tasc/AN_WS/src/navigation' returned '0': PYTHONPATH=/home/tasc/AN_WS/build/navigation/prefix_override:/usr/lib/python3/dist-packages/colcon_core/task/python/colcon_distutils_commands:/home/tasc/AN_WS/install/navigation/lib/python3.10/site-packages:${PYTHONPATH} /usr/bin/python3 -W ignore:setup.py install is deprecated -W ignore:easy_install command is deprecated setup.py egg_info --egg-base ../../build/navigation build --build-base /home/tasc/AN_WS/build/navigation/build install --record /home/tasc/AN_WS/build/navigation/install.log --single-version-externally-managed install_data
