[0.256s] DEBUG:colcon:Command line arguments: ['/usr/bin/colcon', 'build']
[0.256s] DEBUG:colcon:Parsed command line arguments: Namespace(log_base=None, log_level=None, verb_name='build', build_base='build', install_base='install', merge_install=False, symlink_install=False, test_result_base=None, continue_on_error=False, executor='parallel', parallel_workers=6, event_handlers=None, ignore_user_meta=False, metas=['./colcon.meta'], base_paths=['.'], packages_ignore=None, packages_ignore_regex=None, paths=None, packages_up_to=None, packages_up_to_regex=None, packages_above=None, packages_above_and_dependencies=None, packages_above_depth=None, packages_select_by_dep=None, packages_skip_by_dep=None, packages_skip_up_to=None, packages_select_build_failed=False, packages_skip_build_finished=False, packages_select_test_failures=False, packages_skip_test_passed=False, packages_select=None, packages_skip=None, packages_select_regex=None, packages_skip_regex=None, packages_start=None, packages_end=None, allow_overriding=[], cmake_args=None, cmake_target=None, cmake_target_skip_unavailable=False, cmake_clean_cache=False, cmake_clean_first=False, cmake_force_configure=False, ament_cmake_args=None, catkin_cmake_args=None, catkin_skip_building_tests=False, mixin_files=None, mixin=None, verb_parser=<colcon_mixin.mixin.mixin_argument.MixinArgumentDecorator object at 0xffff8d80ae90>, verb_extension=<colcon_core.verb.build.BuildVerb object at 0xffff8d9bbdc0>, main=<bound method BuildVerb.main of <colcon_core.verb.build.BuildVerb object at 0xffff8d9bbdc0>>, mixin_verb=('build',))
[0.644s] Level 1:colcon.colcon_core.package_discovery:discover_packages(colcon_meta) check parameters
[0.644s] Level 1:colcon.colcon_core.package_discovery:discover_packages(recursive) check parameters
[0.645s] Level 1:colcon.colcon_core.package_discovery:discover_packages(ignore) check parameters
[0.645s] Level 1:colcon.colcon_core.package_discovery:discover_packages(path) check parameters
[0.645s] Level 1:colcon.colcon_core.package_discovery:discover_packages(colcon_meta) discover
[0.645s] Level 1:colcon.colcon_core.package_discovery:discover_packages(recursive) discover
[0.645s] INFO:colcon.colcon_core.package_discovery:Crawling recursively for packages in '/home/tasc/AN_WS-1'
[0.645s] Level 1:colcon.colcon_core.package_identification:_identify(.) by extensions ['ignore', 'ignore_ament_install']
[0.646s] Level 1:colcon.colcon_core.package_identification:_identify(.) by extension 'ignore'
[0.646s] Level 1:colcon.colcon_core.package_identification:_identify(.) by extension 'ignore_ament_install'
[0.646s] Level 1:colcon.colcon_core.package_identification:_identify(.) by extensions ['colcon_pkg']
[0.646s] Level 1:colcon.colcon_core.package_identification:_identify(.) by extension 'colcon_pkg'
[0.646s] Level 1:colcon.colcon_core.package_identification:_identify(.) by extensions ['colcon_meta']
[0.646s] Level 1:colcon.colcon_core.package_identification:_identify(.) by extension 'colcon_meta'
[0.646s] Level 1:colcon.colcon_core.package_identification:_identify(.) by extensions ['ros']
[0.646s] Level 1:colcon.colcon_core.package_identification:_identify(.) by extension 'ros'
[0.671s] Level 1:colcon.colcon_core.package_identification:_identify(.) by extensions ['cmake', 'python']
[0.671s] Level 1:colcon.colcon_core.package_identification:_identify(.) by extension 'cmake'
[0.671s] Level 1:colcon.colcon_core.package_identification:_identify(.) by extension 'python'
[0.671s] Level 1:colcon.colcon_core.package_identification:_identify(.) by extensions ['python_setup_py']
[0.672s] Level 1:colcon.colcon_core.package_identification:_identify(.) by extension 'python_setup_py'
[0.672s] Level 1:colcon.colcon_core.package_identification:_identify(build) by extensions ['ignore', 'ignore_ament_install']
[0.672s] Level 1:colcon.colcon_core.package_identification:_identify(build) by extension 'ignore'
[0.672s] Level 1:colcon.colcon_core.package_identification:_identify(build) ignored
[0.673s] Level 1:colcon.colcon_core.package_identification:_identify(install) by extensions ['ignore', 'ignore_ament_install']
[0.673s] Level 1:colcon.colcon_core.package_identification:_identify(install) by extension 'ignore'
[0.673s] Level 1:colcon.colcon_core.package_identification:_identify(install) ignored
[0.673s] Level 1:colcon.colcon_core.package_identification:_identify(log) by extensions ['ignore', 'ignore_ament_install']
[0.673s] Level 1:colcon.colcon_core.package_identification:_identify(log) by extension 'ignore'
[0.674s] Level 1:colcon.colcon_core.package_identification:_identify(log) ignored
[0.674s] Level 1:colcon.colcon_core.package_identification:_identify(nova_sensors) by extensions ['ignore', 'ignore_ament_install']
[0.674s] Level 1:colcon.colcon_core.package_identification:_identify(nova_sensors) by extension 'ignore'
[0.674s] Level 1:colcon.colcon_core.package_identification:_identify(nova_sensors) by extension 'ignore_ament_install'
[0.674s] Level 1:colcon.colcon_core.package_identification:_identify(nova_sensors) by extensions ['colcon_pkg']
[0.674s] Level 1:colcon.colcon_core.package_identification:_identify(nova_sensors) by extension 'colcon_pkg'
[0.674s] Level 1:colcon.colcon_core.package_identification:_identify(nova_sensors) by extensions ['colcon_meta']
[0.675s] Level 1:colcon.colcon_core.package_identification:_identify(nova_sensors) by extension 'colcon_meta'
[0.675s] Level 1:colcon.colcon_core.package_identification:_identify(nova_sensors) by extensions ['ros']
[0.675s] Level 1:colcon.colcon_core.package_identification:_identify(nova_sensors) by extension 'ros'
[0.680s] DEBUG:colcon.colcon_core.package_identification:Package 'nova_sensors' with type 'ros.ament_python' and name 'nova_sensors'
[0.681s] Level 1:colcon.colcon_core.package_identification:_identify(nova_vision) by extensions ['ignore', 'ignore_ament_install']
[0.681s] Level 1:colcon.colcon_core.package_identification:_identify(nova_vision) by extension 'ignore'
[0.681s] Level 1:colcon.colcon_core.package_identification:_identify(nova_vision) by extension 'ignore_ament_install'
[0.681s] Level 1:colcon.colcon_core.package_identification:_identify(nova_vision) by extensions ['colcon_pkg']
[0.682s] Level 1:colcon.colcon_core.package_identification:_identify(nova_vision) by extension 'colcon_pkg'
[0.682s] Level 1:colcon.colcon_core.package_identification:_identify(nova_vision) by extensions ['colcon_meta']
[0.682s] Level 1:colcon.colcon_core.package_identification:_identify(nova_vision) by extension 'colcon_meta'
[0.682s] Level 1:colcon.colcon_core.package_identification:_identify(nova_vision) by extensions ['ros']
[0.682s] Level 1:colcon.colcon_core.package_identification:_identify(nova_vision) by extension 'ros'
[0.683s] DEBUG:colcon.colcon_core.package_identification:Package 'nova_vision' with type 'ros.ament_python' and name 'nova_vision'
[0.684s] Level 1:colcon.colcon_core.package_identification:_identify(src) by extensions ['ignore', 'ignore_ament_install']
[0.684s] Level 1:colcon.colcon_core.package_identification:_identify(src) by extension 'ignore'
[0.684s] Level 1:colcon.colcon_core.package_identification:_identify(src) by extension 'ignore_ament_install'
[0.684s] Level 1:colcon.colcon_core.package_identification:_identify(src) by extensions ['colcon_pkg']
[0.684s] Level 1:colcon.colcon_core.package_identification:_identify(src) by extension 'colcon_pkg'
[0.684s] Level 1:colcon.colcon_core.package_identification:_identify(src) by extensions ['colcon_meta']
[0.684s] Level 1:colcon.colcon_core.package_identification:_identify(src) by extension 'colcon_meta'
[0.684s] Level 1:colcon.colcon_core.package_identification:_identify(src) by extensions ['ros']
[0.685s] Level 1:colcon.colcon_core.package_identification:_identify(src) by extension 'ros'
[0.685s] Level 1:colcon.colcon_core.package_identification:_identify(src) by extensions ['cmake', 'python']
[0.685s] Level 1:colcon.colcon_core.package_identification:_identify(src) by extension 'cmake'
[0.685s] Level 1:colcon.colcon_core.package_identification:_identify(src) by extension 'python'
[0.685s] Level 1:colcon.colcon_core.package_identification:_identify(src) by extensions ['python_setup_py']
[0.685s] Level 1:colcon.colcon_core.package_identification:_identify(src) by extension 'python_setup_py'
[0.685s] Level 1:colcon.colcon_core.package_identification:_identify(src/cam_stream) by extensions ['ignore', 'ignore_ament_install']
[0.686s] Level 1:colcon.colcon_core.package_identification:_identify(src/cam_stream) by extension 'ignore'
[0.686s] Level 1:colcon.colcon_core.package_identification:_identify(src/cam_stream) by extension 'ignore_ament_install'
[0.686s] Level 1:colcon.colcon_core.package_identification:_identify(src/cam_stream) by extensions ['colcon_pkg']
[0.686s] Level 1:colcon.colcon_core.package_identification:_identify(src/cam_stream) by extension 'colcon_pkg'
[0.686s] Level 1:colcon.colcon_core.package_identification:_identify(src/cam_stream) by extensions ['colcon_meta']
[0.686s] Level 1:colcon.colcon_core.package_identification:_identify(src/cam_stream) by extension 'colcon_meta'
[0.686s] Level 1:colcon.colcon_core.package_identification:_identify(src/cam_stream) by extensions ['ros']
[0.686s] Level 1:colcon.colcon_core.package_identification:_identify(src/cam_stream) by extension 'ros'
[0.689s] DEBUG:colcon.colcon_core.package_identification:Package 'src/cam_stream' with type 'ros.ament_python' and name 'cam_stream'
[0.689s] Level 1:colcon.colcon_core.package_identification:_identify(src/navigation) by extensions ['ignore', 'ignore_ament_install']
[0.689s] Level 1:colcon.colcon_core.package_identification:_identify(src/navigation) by extension 'ignore'
[0.690s] Level 1:colcon.colcon_core.package_identification:_identify(src/navigation) by extension 'ignore_ament_install'
[0.690s] Level 1:colcon.colcon_core.package_identification:_identify(src/navigation) by extensions ['colcon_pkg']
[0.690s] Level 1:colcon.colcon_core.package_identification:_identify(src/navigation) by extension 'colcon_pkg'
[0.690s] Level 1:colcon.colcon_core.package_identification:_identify(src/navigation) by extensions ['colcon_meta']
[0.690s] Level 1:colcon.colcon_core.package_identification:_identify(src/navigation) by extension 'colcon_meta'
[0.690s] Level 1:colcon.colcon_core.package_identification:_identify(src/navigation) by extensions ['ros']
[0.690s] Level 1:colcon.colcon_core.package_identification:_identify(src/navigation) by extension 'ros'
[0.692s] DEBUG:colcon.colcon_core.package_identification:Package 'src/navigation' with type 'ros.ament_python' and name 'navigation'
[0.693s] Level 1:colcon.colcon_core.package_identification:_identify(test_scripts) by extensions ['ignore', 'ignore_ament_install']
[0.693s] Level 1:colcon.colcon_core.package_identification:_identify(test_scripts) by extension 'ignore'
[0.693s] Level 1:colcon.colcon_core.package_identification:_identify(test_scripts) ignored
[0.693s] Level 1:colcon.colcon_core.package_discovery:discover_packages(recursive) using defaults
[0.693s] Level 1:colcon.colcon_core.package_discovery:discover_packages(ignore) discover
[0.693s] Level 1:colcon.colcon_core.package_discovery:discover_packages(ignore) using defaults
[0.693s] Level 1:colcon.colcon_core.package_discovery:discover_packages(path) discover
[0.693s] Level 1:colcon.colcon_core.package_discovery:discover_packages(path) using defaults
[0.769s] Level 1:colcon.colcon_core.package_discovery:discover_packages(prefix_path) check parameters
[0.769s] Level 1:colcon.colcon_core.package_discovery:discover_packages(prefix_path) discover
[0.773s] DEBUG:colcon.colcon_installed_package_information.package_discovery:Found 4 installed packages in /home/tasc/AN_WS-1/install
[0.776s] DEBUG:colcon.colcon_installed_package_information.package_discovery:Found 271 installed packages in /opt/ros/humble
[0.779s] Level 1:colcon.colcon_core.package_discovery:discover_packages(prefix_path) using defaults
[0.865s] Level 5:colcon.colcon_core.verb:set package 'cam_stream' build argument 'cmake_args' from command line to 'None'
[0.865s] Level 5:colcon.colcon_core.verb:set package 'cam_stream' build argument 'cmake_target' from command line to 'None'
[0.865s] Level 5:colcon.colcon_core.verb:set package 'cam_stream' build argument 'cmake_target_skip_unavailable' from command line to 'False'
[0.865s] Level 5:colcon.colcon_core.verb:set package 'cam_stream' build argument 'cmake_clean_cache' from command line to 'False'
[0.865s] Level 5:colcon.colcon_core.verb:set package 'cam_stream' build argument 'cmake_clean_first' from command line to 'False'
[0.865s] Level 5:colcon.colcon_core.verb:set package 'cam_stream' build argument 'cmake_force_configure' from command line to 'False'
[0.865s] Level 5:colcon.colcon_core.verb:set package 'cam_stream' build argument 'ament_cmake_args' from command line to 'None'
[0.865s] Level 5:colcon.colcon_core.verb:set package 'cam_stream' build argument 'catkin_cmake_args' from command line to 'None'
[0.865s] Level 5:colcon.colcon_core.verb:set package 'cam_stream' build argument 'catkin_skip_building_tests' from command line to 'False'
[0.866s] DEBUG:colcon.colcon_core.verb:Building package 'cam_stream' with the following arguments: {'ament_cmake_args': None, 'build_base': '/home/tasc/AN_WS-1/build/cam_stream', 'catkin_cmake_args': None, 'catkin_skip_building_tests': False, 'cmake_args': None, 'cmake_clean_cache': False, 'cmake_clean_first': False, 'cmake_force_configure': False, 'cmake_target': None, 'cmake_target_skip_unavailable': False, 'install_base': '/home/tasc/AN_WS-1/install/cam_stream', 'merge_install': False, 'path': '/home/tasc/AN_WS-1/src/cam_stream', 'symlink_install': False, 'test_result_base': None}
[0.866s] Level 5:colcon.colcon_core.verb:set package 'navigation' build argument 'cmake_args' from command line to 'None'
[0.866s] Level 5:colcon.colcon_core.verb:set package 'navigation' build argument 'cmake_target' from command line to 'None'
[0.867s] Level 5:colcon.colcon_core.verb:set package 'navigation' build argument 'cmake_target_skip_unavailable' from command line to 'False'
[0.867s] Level 5:colcon.colcon_core.verb:set package 'navigation' build argument 'cmake_clean_cache' from command line to 'False'
[0.867s] Level 5:colcon.colcon_core.verb:set package 'navigation' build argument 'cmake_clean_first' from command line to 'False'
[0.867s] Level 5:colcon.colcon_core.verb:set package 'navigation' build argument 'cmake_force_configure' from command line to 'False'
[0.867s] Level 5:colcon.colcon_core.verb:set package 'navigation' build argument 'ament_cmake_args' from command line to 'None'
[0.867s] Level 5:colcon.colcon_core.verb:set package 'navigation' build argument 'catkin_cmake_args' from command line to 'None'
[0.867s] Level 5:colcon.colcon_core.verb:set package 'navigation' build argument 'catkin_skip_building_tests' from command line to 'False'
[0.867s] DEBUG:colcon.colcon_core.verb:Building package 'navigation' with the following arguments: {'ament_cmake_args': None, 'build_base': '/home/tasc/AN_WS-1/build/navigation', 'catkin_cmake_args': None, 'catkin_skip_building_tests': False, 'cmake_args': None, 'cmake_clean_cache': False, 'cmake_clean_first': False, 'cmake_force_configure': False, 'cmake_target': None, 'cmake_target_skip_unavailable': False, 'install_base': '/home/tasc/AN_WS-1/install/navigation', 'merge_install': False, 'path': '/home/tasc/AN_WS-1/src/navigation', 'symlink_install': False, 'test_result_base': None}
[0.868s] Level 5:colcon.colcon_core.verb:set package 'nova_sensors' build argument 'cmake_args' from command line to 'None'
[0.868s] Level 5:colcon.colcon_core.verb:set package 'nova_sensors' build argument 'cmake_target' from command line to 'None'
[0.868s] Level 5:colcon.colcon_core.verb:set package 'nova_sensors' build argument 'cmake_target_skip_unavailable' from command line to 'False'
[0.868s] Level 5:colcon.colcon_core.verb:set package 'nova_sensors' build argument 'cmake_clean_cache' from command line to 'False'
[0.868s] Level 5:colcon.colcon_core.verb:set package 'nova_sensors' build argument 'cmake_clean_first' from command line to 'False'
[0.868s] Level 5:colcon.colcon_core.verb:set package 'nova_sensors' build argument 'cmake_force_configure' from command line to 'False'
[0.868s] Level 5:colcon.colcon_core.verb:set package 'nova_sensors' build argument 'ament_cmake_args' from command line to 'None'
[0.868s] Level 5:colcon.colcon_core.verb:set package 'nova_sensors' build argument 'catkin_cmake_args' from command line to 'None'
[0.868s] Level 5:colcon.colcon_core.verb:set package 'nova_sensors' build argument 'catkin_skip_building_tests' from command line to 'False'
[0.868s] DEBUG:colcon.colcon_core.verb:Building package 'nova_sensors' with the following arguments: {'ament_cmake_args': None, 'build_base': '/home/tasc/AN_WS-1/build/nova_sensors', 'catkin_cmake_args': None, 'catkin_skip_building_tests': False, 'cmake_args': None, 'cmake_clean_cache': False, 'cmake_clean_first': False, 'cmake_force_configure': False, 'cmake_target': None, 'cmake_target_skip_unavailable': False, 'install_base': '/home/tasc/AN_WS-1/install/nova_sensors', 'merge_install': False, 'path': '/home/tasc/AN_WS-1/nova_sensors', 'symlink_install': False, 'test_result_base': None}
[0.869s] Level 5:colcon.colcon_core.verb:set package 'nova_vision' build argument 'cmake_args' from command line to 'None'
[0.869s] Level 5:colcon.colcon_core.verb:set package 'nova_vision' build argument 'cmake_target' from command line to 'None'
[0.869s] Level 5:colcon.colcon_core.verb:set package 'nova_vision' build argument 'cmake_target_skip_unavailable' from command line to 'False'
[0.869s] Level 5:colcon.colcon_core.verb:set package 'nova_vision' build argument 'cmake_clean_cache' from command line to 'False'
[0.869s] Level 5:colcon.colcon_core.verb:set package 'nova_vision' build argument 'cmake_clean_first' from command line to 'False'
[0.869s] Level 5:colcon.colcon_core.verb:set package 'nova_vision' build argument 'cmake_force_configure' from command line to 'False'
[0.869s] Level 5:colcon.colcon_core.verb:set package 'nova_vision' build argument 'ament_cmake_args' from command line to 'None'
[0.869s] Level 5:colcon.colcon_core.verb:set package 'nova_vision' build argument 'catkin_cmake_args' from command line to 'None'
[0.869s] Level 5:colcon.colcon_core.verb:set package 'nova_vision' build argument 'catkin_skip_building_tests' from command line to 'False'
[0.870s] DEBUG:colcon.colcon_core.verb:Building package 'nova_vision' with the following arguments: {'ament_cmake_args': None, 'build_base': '/home/tasc/AN_WS-1/build/nova_vision', 'catkin_cmake_args': None, 'catkin_skip_building_tests': False, 'cmake_args': None, 'cmake_clean_cache': False, 'cmake_clean_first': False, 'cmake_force_configure': False, 'cmake_target': None, 'cmake_target_skip_unavailable': False, 'install_base': '/home/tasc/AN_WS-1/install/nova_vision', 'merge_install': False, 'path': '/home/tasc/AN_WS-1/nova_vision', 'symlink_install': False, 'test_result_base': None}
[0.870s] INFO:colcon.colcon_core.executor:Executing jobs using 'parallel' executor
[0.872s] DEBUG:colcon.colcon_parallel_executor.executor.parallel:run_until_complete
[0.873s] INFO:colcon.colcon_ros.task.ament_python.build:Building ROS package in '/home/tasc/AN_WS-1/src/cam_stream' with build type 'ament_python'
[0.874s] Level 1:colcon.colcon_core.shell:create_environment_hook('cam_stream', 'ament_prefix_path')
[0.878s] INFO:colcon.colcon_core.plugin_system:Skipping extension 'colcon_core.shell.bat': Not used on non-Windows systems
[0.879s] INFO:colcon.colcon_core.shell:Creating environment hook '/home/tasc/AN_WS-1/install/cam_stream/share/cam_stream/hook/ament_prefix_path.ps1'
[0.881s] INFO:colcon.colcon_core.shell:Creating environment descriptor '/home/tasc/AN_WS-1/install/cam_stream/share/cam_stream/hook/ament_prefix_path.dsv'
[0.882s] INFO:colcon.colcon_core.shell:Creating environment hook '/home/tasc/AN_WS-1/install/cam_stream/share/cam_stream/hook/ament_prefix_path.sh'
[0.884s] INFO:colcon.colcon_core.shell:Skip shell extension 'powershell' for command environment: Not usable outside of PowerShell
[0.884s] DEBUG:colcon.colcon_core.shell:Skip shell extension 'dsv' for command environment
[0.896s] INFO:colcon.colcon_ros.task.ament_python.build:Building ROS package in '/home/tasc/AN_WS-1/src/navigation' with build type 'ament_python'
[0.897s] Level 1:colcon.colcon_core.shell:create_environment_hook('navigation', 'ament_prefix_path')
[0.898s] INFO:colcon.colcon_core.shell:Creating environment hook '/home/tasc/AN_WS-1/install/navigation/share/navigation/hook/ament_prefix_path.ps1'
[0.899s] INFO:colcon.colcon_core.shell:Creating environment descriptor '/home/tasc/AN_WS-1/install/navigation/share/navigation/hook/ament_prefix_path.dsv'
[0.900s] INFO:colcon.colcon_core.shell:Creating environment hook '/home/tasc/AN_WS-1/install/navigation/share/navigation/hook/ament_prefix_path.sh'
[0.902s] INFO:colcon.colcon_core.shell:Skip shell extension 'powershell' for command environment: Not usable outside of PowerShell
[0.902s] DEBUG:colcon.colcon_core.shell:Skip shell extension 'dsv' for command environment
[0.920s] INFO:colcon.colcon_ros.task.ament_python.build:Building ROS package in '/home/tasc/AN_WS-1/nova_sensors' with build type 'ament_python'
[0.921s] Level 1:colcon.colcon_core.shell:create_environment_hook('nova_sensors', 'ament_prefix_path')
[0.922s] INFO:colcon.colcon_core.shell:Creating environment hook '/home/tasc/AN_WS-1/install/nova_sensors/share/nova_sensors/hook/ament_prefix_path.ps1'
[0.924s] INFO:colcon.colcon_core.shell:Creating environment descriptor '/home/tasc/AN_WS-1/install/nova_sensors/share/nova_sensors/hook/ament_prefix_path.dsv'
[0.925s] INFO:colcon.colcon_core.shell:Creating environment hook '/home/tasc/AN_WS-1/install/nova_sensors/share/nova_sensors/hook/ament_prefix_path.sh'
[0.927s] INFO:colcon.colcon_core.shell:Skip shell extension 'powershell' for command environment: Not usable outside of PowerShell
[0.927s] DEBUG:colcon.colcon_core.shell:Skip shell extension 'dsv' for command environment
[0.940s] INFO:colcon.colcon_ros.task.ament_python.build:Building ROS package in '/home/tasc/AN_WS-1/nova_vision' with build type 'ament_python'
[0.941s] Level 1:colcon.colcon_core.shell:create_environment_hook('nova_vision', 'ament_prefix_path')
[0.943s] INFO:colcon.colcon_core.shell:Creating environment hook '/home/tasc/AN_WS-1/install/nova_vision/share/nova_vision/hook/ament_prefix_path.ps1'
[0.946s] INFO:colcon.colcon_core.shell:Creating environment descriptor '/home/tasc/AN_WS-1/install/nova_vision/share/nova_vision/hook/ament_prefix_path.dsv'
[0.951s] INFO:colcon.colcon_core.shell:Creating environment hook '/home/tasc/AN_WS-1/install/nova_vision/share/nova_vision/hook/ament_prefix_path.sh'
[0.959s] INFO:colcon.colcon_core.shell:Skip shell extension 'powershell' for command environment: Not usable outside of PowerShell
[0.959s] DEBUG:colcon.colcon_core.shell:Skip shell extension 'dsv' for command environment
[1.643s] INFO:colcon.colcon_core.task.python.build:Building Python package in '/home/tasc/AN_WS-1/src/cam_stream'
[1.644s] INFO:colcon.colcon_core.shell:Skip shell extension 'powershell' for command environment: Not usable outside of PowerShell
[1.644s] DEBUG:colcon.colcon_core.shell:Skip shell extension 'dsv' for command environment
[2.261s] INFO:colcon.colcon_core.task.python.build:Building Python package in '/home/tasc/AN_WS-1/src/navigation'
[2.262s] INFO:colcon.colcon_core.shell:Skip shell extension 'powershell' for command environment: Not usable outside of PowerShell
[2.262s] DEBUG:colcon.colcon_core.shell:Skip shell extension 'dsv' for command environment
[2.873s] INFO:colcon.colcon_core.task.python.build:Building Python package in '/home/tasc/AN_WS-1/nova_sensors'
[2.874s] INFO:colcon.colcon_core.shell:Skip shell extension 'powershell' for command environment: Not usable outside of PowerShell
[2.874s] DEBUG:colcon.colcon_core.shell:Skip shell extension 'dsv' for command environment
[3.493s] INFO:colcon.colcon_core.task.python.build:Building Python package in '/home/tasc/AN_WS-1/nova_vision'
[3.494s] INFO:colcon.colcon_core.shell:Skip shell extension 'powershell' for command environment: Not usable outside of PowerShell
[3.495s] DEBUG:colcon.colcon_core.shell:Skip shell extension 'dsv' for command environment
[4.333s] DEBUG:colcon.colcon_core.event_handler.log_command:Invoking command in '/home/tasc/AN_WS-1/nova_sensors': PYTHONPATH=/home/tasc/AN_WS-1/build/nova_sensors/prefix_override:/usr/lib/python3/dist-packages/colcon_core/task/python/colcon_distutils_commands:/home/tasc/AN_WS-1/install/nova_sensors/lib/python3.10/site-packages:${PYTHONPATH} /usr/bin/python3 -W ignore:setup.py install is deprecated -W ignore:easy_install command is deprecated setup.py egg_info --egg-base ../build/nova_sensors build --build-base /home/tasc/AN_WS-1/build/nova_sensors/build install --record /home/tasc/AN_WS-1/build/nova_sensors/install.log --single-version-externally-managed install_data
[4.372s] DEBUG:colcon.colcon_core.event_handler.log_command:Invoking command in '/home/tasc/AN_WS-1/src/navigation': PYTHONPATH=/home/tasc/AN_WS-1/build/navigation/prefix_override:/usr/lib/python3/dist-packages/colcon_core/task/python/colcon_distutils_commands:/home/tasc/AN_WS-1/install/navigation/lib/python3.10/site-packages:${PYTHONPATH} /usr/bin/python3 -W ignore:setup.py install is deprecated -W ignore:easy_install command is deprecated setup.py egg_info --egg-base ../../build/navigation build --build-base /home/tasc/AN_WS-1/build/navigation/build install --record /home/tasc/AN_WS-1/build/navigation/install.log --single-version-externally-managed install_data
[4.380s] DEBUG:colcon.colcon_core.event_handler.log_command:Invoking command in '/home/tasc/AN_WS-1/src/cam_stream': PYTHONPATH=/home/tasc/AN_WS-1/build/cam_stream/prefix_override:/usr/lib/python3/dist-packages/colcon_core/task/python/colcon_distutils_commands:/home/tasc/AN_WS-1/install/cam_stream/lib/python3.10/site-packages:${PYTHONPATH} /usr/bin/python3 -W ignore:setup.py install is deprecated -W ignore:easy_install command is deprecated setup.py egg_info --egg-base ../../build/cam_stream build --build-base /home/tasc/AN_WS-1/build/cam_stream/build install --record /home/tasc/AN_WS-1/build/cam_stream/install.log --single-version-externally-managed install_data
[4.400s] DEBUG:colcon.colcon_core.event_handler.log_command:Invoking command in '/home/tasc/AN_WS-1/nova_vision': PYTHONPATH=/home/tasc/AN_WS-1/build/nova_vision/prefix_override:/usr/lib/python3/dist-packages/colcon_core/task/python/colcon_distutils_commands:/home/tasc/AN_WS-1/install/nova_vision/lib/python3.10/site-packages:${PYTHONPATH} /usr/bin/python3 -W ignore:setup.py install is deprecated -W ignore:easy_install command is deprecated setup.py egg_info --egg-base ../build/nova_vision build --build-base /home/tasc/AN_WS-1/build/nova_vision/build install --record /home/tasc/AN_WS-1/build/nova_vision/install.log --single-version-externally-managed install_data
[5.138s] Level 1:colcon.colcon_core.environment:checking '/home/tasc/AN_WS-1/install/nova_sensors' for CMake module files
[5.142s] DEBUG:colcon.colcon_core.event_handler.log_command:Invoked command in '/home/tasc/AN_WS-1/nova_sensors' returned '0': PYTHONPATH=/home/tasc/AN_WS-1/build/nova_sensors/prefix_override:/usr/lib/python3/dist-packages/colcon_core/task/python/colcon_distutils_commands:/home/tasc/AN_WS-1/install/nova_sensors/lib/python3.10/site-packages:${PYTHONPATH} /usr/bin/python3 -W ignore:setup.py install is deprecated -W ignore:easy_install command is deprecated setup.py egg_info --egg-base ../build/nova_sensors build --build-base /home/tasc/AN_WS-1/build/nova_sensors/build install --record /home/tasc/AN_WS-1/build/nova_sensors/install.log --single-version-externally-managed install_data
[5.143s] Level 1:colcon.colcon_core.environment:checking '/home/tasc/AN_WS-1/install/nova_sensors' for CMake config files
[5.145s] Level 1:colcon.colcon_core.environment:checking '/home/tasc/AN_WS-1/install/nova_sensors/lib'
[5.146s] Level 1:colcon.colcon_core.environment:checking '/home/tasc/AN_WS-1/install/nova_sensors/bin'
[5.146s] Level 1:colcon.colcon_core.environment:checking '/home/tasc/AN_WS-1/install/nova_sensors/lib/pkgconfig/nova_sensors.pc'
[5.147s] Level 1:colcon.colcon_core.environment:checking '/home/tasc/AN_WS-1/install/nova_sensors/lib/python3.10/site-packages'
[5.148s] Level 1:colcon.colcon_core.shell:create_environment_hook('nova_sensors', 'pythonpath')
[5.149s] INFO:colcon.colcon_core.shell:Creating environment hook '/home/tasc/AN_WS-1/install/nova_sensors/share/nova_sensors/hook/pythonpath.ps1'
[5.151s] INFO:colcon.colcon_core.shell:Creating environment descriptor '/home/tasc/AN_WS-1/install/nova_sensors/share/nova_sensors/hook/pythonpath.dsv'
[5.152s] INFO:colcon.colcon_core.shell:Creating environment hook '/home/tasc/AN_WS-1/install/nova_sensors/share/nova_sensors/hook/pythonpath.sh'
[5.154s] Level 1:colcon.colcon_core.environment:checking '/home/tasc/AN_WS-1/install/nova_sensors/bin'
[5.154s] Level 1:colcon.colcon_core.environment:create_environment_scripts_only(nova_sensors)
[5.156s] INFO:colcon.colcon_core.shell:Creating package script '/home/tasc/AN_WS-1/install/nova_sensors/share/nova_sensors/package.ps1'
[5.159s] INFO:colcon.colcon_core.shell:Creating package descriptor '/home/tasc/AN_WS-1/install/nova_sensors/share/nova_sensors/package.dsv'
[5.161s] INFO:colcon.colcon_core.shell:Creating package script '/home/tasc/AN_WS-1/install/nova_sensors/share/nova_sensors/package.sh'
[5.164s] INFO:colcon.colcon_core.shell:Creating package script '/home/tasc/AN_WS-1/install/nova_sensors/share/nova_sensors/package.bash'
[5.166s] INFO:colcon.colcon_core.shell:Creating package script '/home/tasc/AN_WS-1/install/nova_sensors/share/nova_sensors/package.zsh'
[5.169s] Level 1:colcon.colcon_core.environment:create_file_with_runtime_dependencies(/home/tasc/AN_WS-1/install/nova_sensors/share/colcon-core/packages/nova_sensors)
[5.174s] Level 1:colcon.colcon_core.environment:checking '/home/tasc/AN_WS-1/install/cam_stream' for CMake module files
[5.177s] DEBUG:colcon.colcon_core.event_handler.log_command:Invoked command in '/home/tasc/AN_WS-1/src/cam_stream' returned '0': PYTHONPATH=/home/tasc/AN_WS-1/build/cam_stream/prefix_override:/usr/lib/python3/dist-packages/colcon_core/task/python/colcon_distutils_commands:/home/tasc/AN_WS-1/install/cam_stream/lib/python3.10/site-packages:${PYTHONPATH} /usr/bin/python3 -W ignore:setup.py install is deprecated -W ignore:easy_install command is deprecated setup.py egg_info --egg-base ../../build/cam_stream build --build-base /home/tasc/AN_WS-1/build/cam_stream/build install --record /home/tasc/AN_WS-1/build/cam_stream/install.log --single-version-externally-managed install_data
[5.178s] Level 1:colcon.colcon_core.environment:checking '/home/tasc/AN_WS-1/install/cam_stream' for CMake config files
[5.180s] Level 1:colcon.colcon_core.environment:checking '/home/tasc/AN_WS-1/install/cam_stream/lib'
[5.180s] Level 1:colcon.colcon_core.environment:checking '/home/tasc/AN_WS-1/install/cam_stream/bin'
[5.180s] Level 1:colcon.colcon_core.environment:checking '/home/tasc/AN_WS-1/install/cam_stream/lib/pkgconfig/cam_stream.pc'
[5.181s] Level 1:colcon.colcon_core.environment:checking '/home/tasc/AN_WS-1/install/cam_stream/lib/python3.10/site-packages'
[5.182s] Level 1:colcon.colcon_core.shell:create_environment_hook('cam_stream', 'pythonpath')
[5.182s] INFO:colcon.colcon_core.shell:Creating environment hook '/home/tasc/AN_WS-1/install/cam_stream/share/cam_stream/hook/pythonpath.ps1'
[5.184s] INFO:colcon.colcon_core.shell:Creating environment descriptor '/home/tasc/AN_WS-1/install/cam_stream/share/cam_stream/hook/pythonpath.dsv'
[5.185s] INFO:colcon.colcon_core.shell:Creating environment hook '/home/tasc/AN_WS-1/install/cam_stream/share/cam_stream/hook/pythonpath.sh'
[5.188s] Level 1:colcon.colcon_core.environment:checking '/home/tasc/AN_WS-1/install/cam_stream/bin'
[5.188s] Level 1:colcon.colcon_core.environment:create_environment_scripts_only(cam_stream)
[5.189s] INFO:colcon.colcon_core.shell:Creating package script '/home/tasc/AN_WS-1/install/cam_stream/share/cam_stream/package.ps1'
[5.191s] INFO:colcon.colcon_core.shell:Creating package descriptor '/home/tasc/AN_WS-1/install/cam_stream/share/cam_stream/package.dsv'
[5.193s] INFO:colcon.colcon_core.shell:Creating package script '/home/tasc/AN_WS-1/install/cam_stream/share/cam_stream/package.sh'
[5.194s] INFO:colcon.colcon_core.shell:Creating package script '/home/tasc/AN_WS-1/install/cam_stream/share/cam_stream/package.bash'
[5.196s] INFO:colcon.colcon_core.shell:Creating package script '/home/tasc/AN_WS-1/install/cam_stream/share/cam_stream/package.zsh'
[5.197s] Level 1:colcon.colcon_core.environment:create_file_with_runtime_dependencies(/home/tasc/AN_WS-1/install/cam_stream/share/colcon-core/packages/cam_stream)
[5.199s] Level 1:colcon.colcon_core.environment:checking '/home/tasc/AN_WS-1/install/nova_vision' for CMake module files
[5.203s] DEBUG:colcon.colcon_core.event_handler.log_command:Invoked command in '/home/tasc/AN_WS-1/nova_vision' returned '0': PYTHONPATH=/home/tasc/AN_WS-1/build/nova_vision/prefix_override:/usr/lib/python3/dist-packages/colcon_core/task/python/colcon_distutils_commands:/home/tasc/AN_WS-1/install/nova_vision/lib/python3.10/site-packages:${PYTHONPATH} /usr/bin/python3 -W ignore:setup.py install is deprecated -W ignore:easy_install command is deprecated setup.py egg_info --egg-base ../build/nova_vision build --build-base /home/tasc/AN_WS-1/build/nova_vision/build install --record /home/tasc/AN_WS-1/build/nova_vision/install.log --single-version-externally-managed install_data
[5.203s] Level 1:colcon.colcon_core.environment:checking '/home/tasc/AN_WS-1/install/nova_vision' for CMake config files
[5.205s] Level 1:colcon.colcon_core.environment:checking '/home/tasc/AN_WS-1/install/nova_vision/lib'
[5.206s] Level 1:colcon.colcon_core.environment:checking '/home/tasc/AN_WS-1/install/nova_vision/bin'
[5.206s] Level 1:colcon.colcon_core.environment:checking '/home/tasc/AN_WS-1/install/nova_vision/lib/pkgconfig/nova_vision.pc'
[5.207s] Level 1:colcon.colcon_core.environment:checking '/home/tasc/AN_WS-1/install/nova_vision/lib/python3.10/site-packages'
[5.207s] Level 1:colcon.colcon_core.shell:create_environment_hook('nova_vision', 'pythonpath')
[5.208s] INFO:colcon.colcon_core.shell:Creating environment hook '/home/tasc/AN_WS-1/install/nova_vision/share/nova_vision/hook/pythonpath.ps1'
[5.210s] INFO:colcon.colcon_core.shell:Creating environment descriptor '/home/tasc/AN_WS-1/install/nova_vision/share/nova_vision/hook/pythonpath.dsv'
[5.211s] INFO:colcon.colcon_core.shell:Creating environment hook '/home/tasc/AN_WS-1/install/nova_vision/share/nova_vision/hook/pythonpath.sh'
[5.214s] Level 1:colcon.colcon_core.environment:checking '/home/tasc/AN_WS-1/install/nova_vision/bin'
[5.214s] Level 1:colcon.colcon_core.environment:create_environment_scripts_only(nova_vision)
[5.215s] INFO:colcon.colcon_core.shell:Creating package script '/home/tasc/AN_WS-1/install/nova_vision/share/nova_vision/package.ps1'
[5.217s] INFO:colcon.colcon_core.shell:Creating package descriptor '/home/tasc/AN_WS-1/install/nova_vision/share/nova_vision/package.dsv'
[5.219s] INFO:colcon.colcon_core.shell:Creating package script '/home/tasc/AN_WS-1/install/nova_vision/share/nova_vision/package.sh'
[5.220s] INFO:colcon.colcon_core.shell:Creating package script '/home/tasc/AN_WS-1/install/nova_vision/share/nova_vision/package.bash'
[5.222s] INFO:colcon.colcon_core.shell:Creating package script '/home/tasc/AN_WS-1/install/nova_vision/share/nova_vision/package.zsh'
[5.223s] Level 1:colcon.colcon_core.environment:create_file_with_runtime_dependencies(/home/tasc/AN_WS-1/install/nova_vision/share/colcon-core/packages/nova_vision)
[5.225s] Level 1:colcon.colcon_core.environment:checking '/home/tasc/AN_WS-1/install/navigation' for CMake module files
[5.228s] DEBUG:colcon.colcon_core.event_handler.log_command:Invoked command in '/home/tasc/AN_WS-1/src/navigation' returned '0': PYTHONPATH=/home/tasc/AN_WS-1/build/navigation/prefix_override:/usr/lib/python3/dist-packages/colcon_core/task/python/colcon_distutils_commands:/home/tasc/AN_WS-1/install/navigation/lib/python3.10/site-packages:${PYTHONPATH} /usr/bin/python3 -W ignore:setup.py install is deprecated -W ignore:easy_install command is deprecated setup.py egg_info --egg-base ../../build/navigation build --build-base /home/tasc/AN_WS-1/build/navigation/build install --record /home/tasc/AN_WS-1/build/navigation/install.log --single-version-externally-managed install_data
[5.229s] Level 1:colcon.colcon_core.environment:checking '/home/tasc/AN_WS-1/install/navigation' for CMake config files
[5.232s] Level 1:colcon.colcon_core.environment:checking '/home/tasc/AN_WS-1/install/navigation/lib'
[5.232s] Level 1:colcon.colcon_core.environment:checking '/home/tasc/AN_WS-1/install/navigation/bin'
[5.232s] Level 1:colcon.colcon_core.environment:checking '/home/tasc/AN_WS-1/install/navigation/lib/pkgconfig/navigation.pc'
[5.233s] Level 1:colcon.colcon_core.environment:checking '/home/tasc/AN_WS-1/install/navigation/lib/python3.10/site-packages'
[5.233s] Level 1:colcon.colcon_core.shell:create_environment_hook('navigation', 'pythonpath')
[5.234s] INFO:colcon.colcon_core.shell:Creating environment hook '/home/tasc/AN_WS-1/install/navigation/share/navigation/hook/pythonpath.ps1'
[5.236s] INFO:colcon.colcon_core.shell:Creating environment descriptor '/home/tasc/AN_WS-1/install/navigation/share/navigation/hook/pythonpath.dsv'
[5.237s] INFO:colcon.colcon_core.shell:Creating environment hook '/home/tasc/AN_WS-1/install/navigation/share/navigation/hook/pythonpath.sh'
[5.240s] Level 1:colcon.colcon_core.environment:checking '/home/tasc/AN_WS-1/install/navigation/bin'
[5.240s] Level 1:colcon.colcon_core.environment:create_environment_scripts_only(navigation)
[5.241s] INFO:colcon.colcon_core.shell:Creating package script '/home/tasc/AN_WS-1/install/navigation/share/navigation/package.ps1'
[5.243s] INFO:colcon.colcon_core.shell:Creating package descriptor '/home/tasc/AN_WS-1/install/navigation/share/navigation/package.dsv'
[5.245s] INFO:colcon.colcon_core.shell:Creating package script '/home/tasc/AN_WS-1/install/navigation/share/navigation/package.sh'
[5.246s] INFO:colcon.colcon_core.shell:Creating package script '/home/tasc/AN_WS-1/install/navigation/share/navigation/package.bash'
[5.247s] INFO:colcon.colcon_core.shell:Creating package script '/home/tasc/AN_WS-1/install/navigation/share/navigation/package.zsh'
[5.248s] Level 1:colcon.colcon_core.environment:create_file_with_runtime_dependencies(/home/tasc/AN_WS-1/install/navigation/share/colcon-core/packages/navigation)
[5.249s] DEBUG:colcon.colcon_parallel_executor.executor.parallel:closing loop
[5.251s] DEBUG:colcon.colcon_parallel_executor.executor.parallel:loop closed
[5.251s] DEBUG:colcon.colcon_parallel_executor.executor.parallel:run_until_complete finished with '0'
[5.252s] DEBUG:colcon.colcon_core.event_reactor:joining thread
[5.271s] INFO:colcon.colcon_core.plugin_system:Skipping extension 'colcon_notification.desktop_notification.terminal_notifier': Not used on non-Darwin systems
[5.272s] INFO:colcon.colcon_core.plugin_system:Skipping extension 'colcon_notification.desktop_notification.win32': Not used on non-Windows systems
[5.272s] INFO:colcon.colcon_notification.desktop_notification:Sending desktop notification using 'notify2'
[5.312s] DEBUG:colcon.colcon_core.event_reactor:joined thread
[5.313s] INFO:colcon.colcon_core.shell:Creating prefix script '/home/tasc/AN_WS-1/install/local_setup.ps1'
[5.317s] INFO:colcon.colcon_core.shell:Creating prefix util module '/home/tasc/AN_WS-1/install/_local_setup_util_ps1.py'
[5.322s] INFO:colcon.colcon_core.shell:Creating prefix chain script '/home/tasc/AN_WS-1/install/setup.ps1'
[5.326s] INFO:colcon.colcon_core.shell:Creating prefix script '/home/tasc/AN_WS-1/install/local_setup.sh'
[5.328s] INFO:colcon.colcon_core.shell:Creating prefix util module '/home/tasc/AN_WS-1/install/_local_setup_util_sh.py'
[5.329s] INFO:colcon.colcon_core.shell:Creating prefix chain script '/home/tasc/AN_WS-1/install/setup.sh'
[5.334s] INFO:colcon.colcon_core.shell:Creating prefix script '/home/tasc/AN_WS-1/install/local_setup.bash'
[5.336s] INFO:colcon.colcon_core.shell:Creating prefix chain script '/home/tasc/AN_WS-1/install/setup.bash'
[5.339s] INFO:colcon.colcon_core.shell:Creating prefix script '/home/tasc/AN_WS-1/install/local_setup.zsh'
[5.341s] INFO:colcon.colcon_core.shell:Creating prefix chain script '/home/tasc/AN_WS-1/install/setup.zsh'
