[5.849s] Invoking command in '/home/moon/AN_WS/src/navigation': PYTHONPATH=/home/moon/AN_WS/build/navigation/prefix_override:/usr/lib/python3/dist-packages/colcon_core/task/python/colcon_distutils_commands:/home/moon/AN_WS/install/navigation/lib/python3.10/site-packages:${PYTHONPATH} /usr/bin/python3 -W ignore:setup.py install is deprecated -W ignore:easy_install command is deprecated setup.py egg_info --egg-base ../../build/navigation build --build-base /home/moon/AN_WS/build/navigation/build install --record /home/moon/AN_WS/build/navigation/install.log --single-version-externally-managed install_data
[7.899s] running egg_info
[7.901s] writing ../../build/navigation/navigation.egg-info/PKG-INFO
[7.904s] writing dependency_links to ../../build/navigation/navigation.egg-info/dependency_links.txt
[7.908s] writing entry points to ../../build/navigation/navigation.egg-info/entry_points.txt
[7.914s] writing requirements to ../../build/navigation/navigation.egg-info/requires.txt
[7.916s] writing top-level names to ../../build/navigation/navigation.egg-info/top_level.txt
[7.921s] reading manifest file '../../build/navigation/navigation.egg-info/SOURCES.txt'
[7.926s] adding license file 'LICENSE'
[7.932s] writing manifest file '../../build/navigation/navigation.egg-info/SOURCES.txt'
[7.936s] running build
[7.937s] running build_py
[7.946s] running install
[7.947s] running install_lib
[7.960s] running install_data
[7.960s] running install_egg_info
[7.966s] removing '/home/moon/AN_WS/install/navigation/lib/python3.10/site-packages/navigation-0.0.0-py3.10.egg-info' (and everything under it)
[7.975s] Copying ../../build/navigation/navigation.egg-info to /home/moon/AN_WS/install/navigation/lib/python3.10/site-packages/navigation-0.0.0-py3.10.egg-info
[7.987s] running install_scripts
[8.058s] Installing aruco_marker_publisher script to /home/moon/AN_WS/install/navigation/lib/navigation
[8.062s] Installing camera_publisher script to /home/moon/AN_WS/install/navigation/lib/navigation
[8.064s] Installing camera_subscriber script to /home/moon/AN_WS/install/navigation/lib/navigation
[8.069s] Installing combined_gps_aruco script to /home/moon/AN_WS/install/navigation/lib/navigation
[8.070s] Installing gps_display script to /home/moon/AN_WS/install/navigation/lib/navigation
[8.070s] Installing gps_node script to /home/moon/AN_WS/install/navigation/lib/navigation
[8.070s] Installing gst_pub script to /home/moon/AN_WS/install/navigation/lib/navigation
[8.070s] Installing multi_camera_publisher script to /home/moon/AN_WS/install/navigation/lib/navigation
[8.081s] Installing multi_camera_publisher_gst script to /home/moon/AN_WS/install/navigation/lib/navigation
[8.082s] Installing multi_camera_subscriber_gst script to /home/moon/AN_WS/install/navigation/lib/navigation
[8.082s] writing list of installed files to '/home/moon/AN_WS/build/navigation/install.log'
[8.147s] Invoked command in '/home/moon/AN_WS/src/navigation' returned '0': PYTHONPATH=/home/moon/AN_WS/build/navigation/prefix_override:/usr/lib/python3/dist-packages/colcon_core/task/python/colcon_distutils_commands:/home/moon/AN_WS/install/navigation/lib/python3.10/site-packages:${PYTHONPATH} /usr/bin/python3 -W ignore:setup.py install is deprecated -W ignore:easy_install command is deprecated setup.py egg_info --egg-base ../../build/navigation build --build-base /home/moon/AN_WS/build/navigation/build install --record /home/moon/AN_WS/build/navigation/install.log --single-version-externally-managed install_data
