[1.371s] Invoking command in '/home/TASC/AN_WS/src/navigation': PYTHONPATH=/home/TASC/AN_WS/build/navigation/prefix_override:/usr/lib/python3/dist-packages/colcon_core/task/python/colcon_distutils_commands:/home/TASC/AN_WS/install/navigation/lib/python3.10/site-packages:${PYTHONPATH} /usr/bin/python3 -W ignore:setup.py install is deprecated -W ignore:easy_install command is deprecated setup.py egg_info --egg-base ../../build/navigation build --build-base /home/TASC/AN_WS/build/navigation/build install --record /home/TASC/AN_WS/build/navigation/install.log --single-version-externally-managed install_data
[1.803s] running egg_info
[1.806s] writing ../../build/navigation/navigation.egg-info/PKG-INFO
[1.807s] writing dependency_links to ../../build/navigation/navigation.egg-info/dependency_links.txt
[1.808s] writing entry points to ../../build/navigation/navigation.egg-info/entry_points.txt
[1.808s] writing requirements to ../../build/navigation/navigation.egg-info/requires.txt
[1.808s] writing top-level names to ../../build/navigation/navigation.egg-info/top_level.txt
[1.813s] reading manifest file '../../build/navigation/navigation.egg-info/SOURCES.txt'
[1.813s] adding license file 'LICENSE'
[1.815s] writing manifest file '../../build/navigation/navigation.egg-info/SOURCES.txt'
[1.815s] running build
[1.815s] running build_py
[1.816s] running install
[1.817s] running install_lib
[1.821s] running install_data
[1.821s] running install_egg_info
[1.829s] removing '/home/TASC/AN_WS/install/navigation/lib/python3.10/site-packages/navigation-0.0.0-py3.10.egg-info' (and everything under it)
[1.832s] Copying ../../build/navigation/navigation.egg-info to /home/TASC/AN_WS/install/navigation/lib/python3.10/site-packages/navigation-0.0.0-py3.10.egg-info
[1.833s] running install_scripts
[1.889s] Installing aruco_marker_publisher script to /home/TASC/AN_WS/install/navigation/lib/navigation
[1.890s] Installing camera_publisher script to /home/TASC/AN_WS/install/navigation/lib/navigation
[1.890s] Installing camera_subscriber script to /home/TASC/AN_WS/install/navigation/lib/navigation
[1.891s] Installing combined_gps_aruco script to /home/TASC/AN_WS/install/navigation/lib/navigation
[1.891s] Installing gps_display script to /home/TASC/AN_WS/install/navigation/lib/navigation
[1.891s] Installing gps_node script to /home/TASC/AN_WS/install/navigation/lib/navigation
[1.891s] Installing gst_pub script to /home/TASC/AN_WS/install/navigation/lib/navigation
[1.891s] Installing multi_camera_publisher script to /home/TASC/AN_WS/install/navigation/lib/navigation
[1.892s] Installing multi_camera_publisher_gst script to /home/TASC/AN_WS/install/navigation/lib/navigation
[1.893s] Installing multi_camera_subscriber_gst script to /home/TASC/AN_WS/install/navigation/lib/navigation
[1.894s] writing list of installed files to '/home/TASC/AN_WS/build/navigation/install.log'
[2.004s] Invoked command in '/home/TASC/AN_WS/src/navigation' returned '0': PYTHONPATH=/home/TASC/AN_WS/build/navigation/prefix_override:/usr/lib/python3/dist-packages/colcon_core/task/python/colcon_distutils_commands:/home/TASC/AN_WS/install/navigation/lib/python3.10/site-packages:${PYTHONPATH} /usr/bin/python3 -W ignore:setup.py install is deprecated -W ignore:easy_install command is deprecated setup.py egg_info --egg-base ../../build/navigation build --build-base /home/TASC/AN_WS/build/navigation/build install --record /home/TASC/AN_WS/build/navigation/install.log --single-version-externally-managed install_data
