[7.902s] Invoking command in '/home/moon/AN_WS/nova_vision': PYTHONPATH=/home/moon/AN_WS/build/nova_vision/prefix_override:/usr/lib/python3/dist-packages/colcon_core/task/python/colcon_distutils_commands:/home/moon/AN_WS/install/nova_vision/lib/python3.10/site-packages:${PYTHONPATH} /usr/bin/python3 -W ignore:setup.py install is deprecated -W ignore:easy_install command is deprecated setup.py egg_info --egg-base ../build/nova_vision build --build-base /home/moon/AN_WS/build/nova_vision/build install --record /home/moon/AN_WS/build/nova_vision/install.log --single-version-externally-managed install_data
[9.985s] running egg_info
[9.999s] writing ../build/nova_vision/nova_vision.egg-info/PKG-INFO
[10.000s] writing dependency_links to ../build/nova_vision/nova_vision.egg-info/dependency_links.txt
[10.005s] writing entry points to ../build/nova_vision/nova_vision.egg-info/entry_points.txt
[10.005s] writing requirements to ../build/nova_vision/nova_vision.egg-info/requires.txt
[10.005s] writing top-level names to ../build/nova_vision/nova_vision.egg-info/top_level.txt
[10.017s] reading manifest file '../build/nova_vision/nova_vision.egg-info/SOURCES.txt'
[10.022s] adding license file 'LICENSE'
[10.026s] writing manifest file '../build/nova_vision/nova_vision.egg-info/SOURCES.txt'
[10.027s] running build
[10.027s] running build_py
[10.045s] running install
[10.051s] running install_lib
[10.063s] running install_data
[10.066s] running install_egg_info
[10.092s] removing '/home/moon/AN_WS/install/nova_vision/lib/python3.10/site-packages/nova_vision-0.0.0-py3.10.egg-info' (and everything under it)
[10.102s] Copying ../build/nova_vision/nova_vision.egg-info to /home/moon/AN_WS/install/nova_vision/lib/python3.10/site-packages/nova_vision-0.0.0-py3.10.egg-info
[10.121s] running install_scripts
[10.294s] Installing aruco_detect script to /home/moon/AN_WS/install/nova_vision/lib/nova_vision
[10.299s] Installing camera_publisher script to /home/moon/AN_WS/install/nova_vision/lib/nova_vision
[10.299s] Installing camera_subscriber script to /home/moon/AN_WS/install/nova_vision/lib/nova_vision
[10.300s] Installing gps_aruco script to /home/moon/AN_WS/install/nova_vision/lib/nova_vision
[10.300s] Installing gps_display script to /home/moon/AN_WS/install/nova_vision/lib/nova_vision
[10.300s] Installing gps_node script to /home/moon/AN_WS/install/nova_vision/lib/nova_vision
[10.308s] Installing multi_camera_publisher script to /home/moon/AN_WS/install/nova_vision/lib/nova_vision
[10.309s] Installing object_tracker script to /home/moon/AN_WS/install/nova_vision/lib/nova_vision
[10.309s] writing list of installed files to '/home/moon/AN_WS/build/nova_vision/install.log'
[10.415s] Invoked command in '/home/moon/AN_WS/nova_vision' returned '0': PYTHONPATH=/home/moon/AN_WS/build/nova_vision/prefix_override:/usr/lib/python3/dist-packages/colcon_core/task/python/colcon_distutils_commands:/home/moon/AN_WS/install/nova_vision/lib/python3.10/site-packages:${PYTHONPATH} /usr/bin/python3 -W ignore:setup.py install is deprecated -W ignore:easy_install command is deprecated setup.py egg_info --egg-base ../build/nova_vision build --build-base /home/moon/AN_WS/build/nova_vision/build install --record /home/moon/AN_WS/build/nova_vision/install.log --single-version-externally-managed install_data
