[0.436s] DEBUG:colcon:Command line arguments: ['/usr/bin/colcon', 'build']
[0.436s] DEBUG:colcon:Parsed command line arguments: Namespace(log_base=None, log_level=None, verb_name='build', build_base='build', install_base='install', merge_install=False, symlink_install=False, test_result_base=None, continue_on_error=False, executor='parallel', parallel_workers=4, event_handlers=None, ignore_user_meta=False, metas=['./colcon.meta'], base_paths=['.'], packages_ignore=None, packages_ignore_regex=None, paths=None, packages_up_to=None, packages_up_to_regex=None, packages_above=None, packages_above_and_dependencies=None, packages_above_depth=None, packages_select_by_dep=None, packages_skip_by_dep=None, packages_skip_up_to=None, packages_select_build_failed=False, packages_skip_build_finished=False, packages_select_test_failures=False, packages_skip_test_passed=False, packages_select=None, packages_skip=None, packages_select_regex=None, packages_skip_regex=None, packages_start=None, packages_end=None, allow_overriding=[], cmake_args=None, cmake_target=None, cmake_target_skip_unavailable=False, cmake_clean_cache=False, cmake_clean_first=False, cmake_force_configure=False, ament_cmake_args=None, catkin_cmake_args=None, catkin_skip_building_tests=False, mixin_files=None, mixin=None, verb_parser=<colcon_mixin.mixin.mixin_argument.MixinArgumentDecorator object at 0x706c48162c80>, verb_extension=<colcon_core.verb.build.BuildVerb object at 0x706c48277be0>, main=<bound method BuildVerb.main of <colcon_core.verb.build.BuildVerb object at 0x706c48277be0>>, mixin_verb=('build',))
[1.290s] Level 1:colcon.colcon_core.package_discovery:discover_packages(colcon_meta) check parameters
[1.290s] Level 1:colcon.colcon_core.package_discovery:discover_packages(recursive) check parameters
[1.290s] Level 1:colcon.colcon_core.package_discovery:discover_packages(ignore) check parameters
[1.290s] Level 1:colcon.colcon_core.package_discovery:discover_packages(path) check parameters
[1.291s] Level 1:colcon.colcon_core.package_discovery:discover_packages(colcon_meta) discover
[1.291s] Level 1:colcon.colcon_core.package_discovery:discover_packages(recursive) discover
[1.291s] INFO:colcon.colcon_core.package_discovery:Crawling recursively for packages in '/home/moon/AN_WS'
[1.291s] Level 1:colcon.colcon_core.package_identification:_identify(.) by extensions ['ignore', 'ignore_ament_install']
[1.291s] Level 1:colcon.colcon_core.package_identification:_identify(.) by extension 'ignore'
[1.291s] Level 1:colcon.colcon_core.package_identification:_identify(.) by extension 'ignore_ament_install'
[1.291s] Level 1:colcon.colcon_core.package_identification:_identify(.) by extensions ['colcon_pkg']
[1.291s] Level 1:colcon.colcon_core.package_identification:_identify(.) by extension 'colcon_pkg'
[1.292s] Level 1:colcon.colcon_core.package_identification:_identify(.) by extensions ['colcon_meta']
[1.292s] Level 1:colcon.colcon_core.package_identification:_identify(.) by extension 'colcon_meta'
[1.292s] Level 1:colcon.colcon_core.package_identification:_identify(.) by extensions ['ros']
[1.292s] Level 1:colcon.colcon_core.package_identification:_identify(.) by extension 'ros'
[1.380s] Level 1:colcon.colcon_core.package_identification:_identify(.) by extensions ['cmake', 'python']
[1.380s] Level 1:colcon.colcon_core.package_identification:_identify(.) by extension 'cmake'
[1.380s] Level 1:colcon.colcon_core.package_identification:_identify(.) by extension 'python'
[1.380s] Level 1:colcon.colcon_core.package_identification:_identify(.) by extensions ['python_setup_py']
[1.381s] Level 1:colcon.colcon_core.package_identification:_identify(.) by extension 'python_setup_py'
[1.381s] Level 1:colcon.colcon_core.package_identification:_identify(build) by extensions ['ignore', 'ignore_ament_install']
[1.381s] Level 1:colcon.colcon_core.package_identification:_identify(build) by extension 'ignore'
[1.381s] Level 1:colcon.colcon_core.package_identification:_identify(build) ignored
[1.381s] Level 1:colcon.colcon_core.package_identification:_identify(install) by extensions ['ignore', 'ignore_ament_install']
[1.381s] Level 1:colcon.colcon_core.package_identification:_identify(install) by extension 'ignore'
[1.381s] Level 1:colcon.colcon_core.package_identification:_identify(install) ignored
[1.382s] Level 1:colcon.colcon_core.package_identification:_identify(log) by extensions ['ignore', 'ignore_ament_install']
[1.382s] Level 1:colcon.colcon_core.package_identification:_identify(log) by extension 'ignore'
[1.382s] Level 1:colcon.colcon_core.package_identification:_identify(log) ignored
[1.382s] Level 1:colcon.colcon_core.package_identification:_identify(nova_sensors) by extensions ['ignore', 'ignore_ament_install']
[1.382s] Level 1:colcon.colcon_core.package_identification:_identify(nova_sensors) by extension 'ignore'
[1.382s] Level 1:colcon.colcon_core.package_identification:_identify(nova_sensors) by extension 'ignore_ament_install'
[1.382s] Level 1:colcon.colcon_core.package_identification:_identify(nova_sensors) by extensions ['colcon_pkg']
[1.382s] Level 1:colcon.colcon_core.package_identification:_identify(nova_sensors) by extension 'colcon_pkg'
[1.382s] Level 1:colcon.colcon_core.package_identification:_identify(nova_sensors) by extensions ['colcon_meta']
[1.382s] Level 1:colcon.colcon_core.package_identification:_identify(nova_sensors) by extension 'colcon_meta'
[1.383s] Level 1:colcon.colcon_core.package_identification:_identify(nova_sensors) by extensions ['ros']
[1.383s] Level 1:colcon.colcon_core.package_identification:_identify(nova_sensors) by extension 'ros'
[1.400s] DEBUG:colcon.colcon_core.package_identification:Package 'nova_sensors' with type 'ros.ament_python' and name 'nova_sensors'
[1.400s] Level 1:colcon.colcon_core.package_identification:_identify(nova_vision) by extensions ['ignore', 'ignore_ament_install']
[1.400s] Level 1:colcon.colcon_core.package_identification:_identify(nova_vision) by extension 'ignore'
[1.400s] Level 1:colcon.colcon_core.package_identification:_identify(nova_vision) by extension 'ignore_ament_install'
[1.400s] Level 1:colcon.colcon_core.package_identification:_identify(nova_vision) by extensions ['colcon_pkg']
[1.400s] Level 1:colcon.colcon_core.package_identification:_identify(nova_vision) by extension 'colcon_pkg'
[1.401s] Level 1:colcon.colcon_core.package_identification:_identify(nova_vision) by extensions ['colcon_meta']
[1.401s] Level 1:colcon.colcon_core.package_identification:_identify(nova_vision) by extension 'colcon_meta'
[1.401s] Level 1:colcon.colcon_core.package_identification:_identify(nova_vision) by extensions ['ros']
[1.401s] Level 1:colcon.colcon_core.package_identification:_identify(nova_vision) by extension 'ros'
[1.403s] DEBUG:colcon.colcon_core.package_identification:Package 'nova_vision' with type 'ros.ament_python' and name 'nova_vision'
[1.403s] Level 1:colcon.colcon_core.package_identification:_identify(src) by extensions ['ignore', 'ignore_ament_install']
[1.403s] Level 1:colcon.colcon_core.package_identification:_identify(src) by extension 'ignore'
[1.403s] Level 1:colcon.colcon_core.package_identification:_identify(src) by extension 'ignore_ament_install'
[1.403s] Level 1:colcon.colcon_core.package_identification:_identify(src) by extensions ['colcon_pkg']
[1.403s] Level 1:colcon.colcon_core.package_identification:_identify(src) by extension 'colcon_pkg'
[1.403s] Level 1:colcon.colcon_core.package_identification:_identify(src) by extensions ['colcon_meta']
[1.404s] Level 1:colcon.colcon_core.package_identification:_identify(src) by extension 'colcon_meta'
[1.404s] Level 1:colcon.colcon_core.package_identification:_identify(src) by extensions ['ros']
[1.404s] Level 1:colcon.colcon_core.package_identification:_identify(src) by extension 'ros'
[1.404s] Level 1:colcon.colcon_core.package_identification:_identify(src) by extensions ['cmake', 'python']
[1.404s] Level 1:colcon.colcon_core.package_identification:_identify(src) by extension 'cmake'
[1.404s] Level 1:colcon.colcon_core.package_identification:_identify(src) by extension 'python'
[1.404s] Level 1:colcon.colcon_core.package_identification:_identify(src) by extensions ['python_setup_py']
[1.404s] Level 1:colcon.colcon_core.package_identification:_identify(src) by extension 'python_setup_py'
[1.404s] Level 1:colcon.colcon_core.package_identification:_identify(src/cam_stream) by extensions ['ignore', 'ignore_ament_install']
[1.405s] Level 1:colcon.colcon_core.package_identification:_identify(src/cam_stream) by extension 'ignore'
[1.405s] Level 1:colcon.colcon_core.package_identification:_identify(src/cam_stream) by extension 'ignore_ament_install'
[1.405s] Level 1:colcon.colcon_core.package_identification:_identify(src/cam_stream) by extensions ['colcon_pkg']
[1.405s] Level 1:colcon.colcon_core.package_identification:_identify(src/cam_stream) by extension 'colcon_pkg'
[1.405s] Level 1:colcon.colcon_core.package_identification:_identify(src/cam_stream) by extensions ['colcon_meta']
[1.405s] Level 1:colcon.colcon_core.package_identification:_identify(src/cam_stream) by extension 'colcon_meta'
[1.405s] Level 1:colcon.colcon_core.package_identification:_identify(src/cam_stream) by extensions ['ros']
[1.405s] Level 1:colcon.colcon_core.package_identification:_identify(src/cam_stream) by extension 'ros'
[1.407s] DEBUG:colcon.colcon_core.package_identification:Package 'src/cam_stream' with type 'ros.ament_python' and name 'cam_stream'
[1.407s] Level 1:colcon.colcon_core.package_identification:_identify(src/navigation) by extensions ['ignore', 'ignore_ament_install']
[1.407s] Level 1:colcon.colcon_core.package_identification:_identify(src/navigation) by extension 'ignore'
[1.408s] Level 1:colcon.colcon_core.package_identification:_identify(src/navigation) by extension 'ignore_ament_install'
[1.408s] Level 1:colcon.colcon_core.package_identification:_identify(src/navigation) by extensions ['colcon_pkg']
[1.408s] Level 1:colcon.colcon_core.package_identification:_identify(src/navigation) by extension 'colcon_pkg'
[1.408s] Level 1:colcon.colcon_core.package_identification:_identify(src/navigation) by extensions ['colcon_meta']
[1.408s] Level 1:colcon.colcon_core.package_identification:_identify(src/navigation) by extension 'colcon_meta'
[1.408s] Level 1:colcon.colcon_core.package_identification:_identify(src/navigation) by extensions ['ros']
[1.408s] Level 1:colcon.colcon_core.package_identification:_identify(src/navigation) by extension 'ros'
[1.409s] DEBUG:colcon.colcon_core.package_identification:Package 'src/navigation' with type 'ros.ament_python' and name 'navigation'
[1.409s] Level 1:colcon.colcon_core.package_identification:_identify(test_scripts) by extensions ['ignore', 'ignore_ament_install']
[1.409s] Level 1:colcon.colcon_core.package_identification:_identify(test_scripts) by extension 'ignore'
[1.409s] Level 1:colcon.colcon_core.package_identification:_identify(test_scripts) ignored
[1.409s] Level 1:colcon.colcon_core.package_discovery:discover_packages(recursive) using defaults
[1.410s] Level 1:colcon.colcon_core.package_discovery:discover_packages(ignore) discover
[1.410s] Level 1:colcon.colcon_core.package_discovery:discover_packages(ignore) using defaults
[1.410s] Level 1:colcon.colcon_core.package_discovery:discover_packages(path) discover
[1.410s] Level 1:colcon.colcon_core.package_discovery:discover_packages(path) using defaults
[1.537s] Level 1:colcon.colcon_core.package_discovery:discover_packages(prefix_path) check parameters
[1.538s] Level 1:colcon.colcon_core.package_discovery:discover_packages(prefix_path) discover
[1.546s] DEBUG:colcon.colcon_installed_package_information.package_discovery:Found 4 installed packages in /home/moon/AN_WS/install
[1.547s] DEBUG:colcon.colcon_installed_package_information.package_discovery:Found 1 installed packages in /home/moon/gps_ws/install
[1.550s] DEBUG:colcon.colcon_installed_package_information.package_discovery:Found 272 installed packages in /opt/ros/humble
[1.553s] Level 1:colcon.colcon_core.package_discovery:discover_packages(prefix_path) using defaults
[1.636s] Level 5:colcon.colcon_core.verb:set package 'cam_stream' build argument 'cmake_args' from command line to 'None'
[1.637s] Level 5:colcon.colcon_core.verb:set package 'cam_stream' build argument 'cmake_target' from command line to 'None'
[1.637s] Level 5:colcon.colcon_core.verb:set package 'cam_stream' build argument 'cmake_target_skip_unavailable' from command line to 'False'
[1.637s] Level 5:colcon.colcon_core.verb:set package 'cam_stream' build argument 'cmake_clean_cache' from command line to 'False'
[1.637s] Level 5:colcon.colcon_core.verb:set package 'cam_stream' build argument 'cmake_clean_first' from command line to 'False'
[1.637s] Level 5:colcon.colcon_core.verb:set package 'cam_stream' build argument 'cmake_force_configure' from command line to 'False'
[1.637s] Level 5:colcon.colcon_core.verb:set package 'cam_stream' build argument 'ament_cmake_args' from command line to 'None'
[1.637s] Level 5:colcon.colcon_core.verb:set package 'cam_stream' build argument 'catkin_cmake_args' from command line to 'None'
[1.637s] Level 5:colcon.colcon_core.verb:set package 'cam_stream' build argument 'catkin_skip_building_tests' from command line to 'False'
[1.637s] DEBUG:colcon.colcon_core.verb:Building package 'cam_stream' with the following arguments: {'ament_cmake_args': None, 'build_base': '/home/moon/AN_WS/build/cam_stream', 'catkin_cmake_args': None, 'catkin_skip_building_tests': False, 'cmake_args': None, 'cmake_clean_cache': False, 'cmake_clean_first': False, 'cmake_force_configure': False, 'cmake_target': None, 'cmake_target_skip_unavailable': False, 'install_base': '/home/moon/AN_WS/install/cam_stream', 'merge_install': False, 'path': '/home/moon/AN_WS/src/cam_stream', 'symlink_install': False, 'test_result_base': None}
[1.637s] Level 5:colcon.colcon_core.verb:set package 'navigation' build argument 'cmake_args' from command line to 'None'
[1.638s] Level 5:colcon.colcon_core.verb:set package 'navigation' build argument 'cmake_target' from command line to 'None'
[1.638s] Level 5:colcon.colcon_core.verb:set package 'navigation' build argument 'cmake_target_skip_unavailable' from command line to 'False'
[1.638s] Level 5:colcon.colcon_core.verb:set package 'navigation' build argument 'cmake_clean_cache' from command line to 'False'
[1.638s] Level 5:colcon.colcon_core.verb:set package 'navigation' build argument 'cmake_clean_first' from command line to 'False'
[1.638s] Level 5:colcon.colcon_core.verb:set package 'navigation' build argument 'cmake_force_configure' from command line to 'False'
[1.638s] Level 5:colcon.colcon_core.verb:set package 'navigation' build argument 'ament_cmake_args' from command line to 'None'
[1.638s] Level 5:colcon.colcon_core.verb:set package 'navigation' build argument 'catkin_cmake_args' from command line to 'None'
[1.638s] Level 5:colcon.colcon_core.verb:set package 'navigation' build argument 'catkin_skip_building_tests' from command line to 'False'
[1.638s] DEBUG:colcon.colcon_core.verb:Building package 'navigation' with the following arguments: {'ament_cmake_args': None, 'build_base': '/home/moon/AN_WS/build/navigation', 'catkin_cmake_args': None, 'catkin_skip_building_tests': False, 'cmake_args': None, 'cmake_clean_cache': False, 'cmake_clean_first': False, 'cmake_force_configure': False, 'cmake_target': None, 'cmake_target_skip_unavailable': False, 'install_base': '/home/moon/AN_WS/install/navigation', 'merge_install': False, 'path': '/home/moon/AN_WS/src/navigation', 'symlink_install': False, 'test_result_base': None}
[1.638s] Level 5:colcon.colcon_core.verb:set package 'nova_sensors' build argument 'cmake_args' from command line to 'None'
[1.638s] Level 5:colcon.colcon_core.verb:set package 'nova_sensors' build argument 'cmake_target' from command line to 'None'
[1.639s] Level 5:colcon.colcon_core.verb:set package 'nova_sensors' build argument 'cmake_target_skip_unavailable' from command line to 'False'
[1.639s] Level 5:colcon.colcon_core.verb:set package 'nova_sensors' build argument 'cmake_clean_cache' from command line to 'False'
[1.639s] Level 5:colcon.colcon_core.verb:set package 'nova_sensors' build argument 'cmake_clean_first' from command line to 'False'
[1.639s] Level 5:colcon.colcon_core.verb:set package 'nova_sensors' build argument 'cmake_force_configure' from command line to 'False'
[1.639s] Level 5:colcon.colcon_core.verb:set package 'nova_sensors' build argument 'ament_cmake_args' from command line to 'None'
[1.639s] Level 5:colcon.colcon_core.verb:set package 'nova_sensors' build argument 'catkin_cmake_args' from command line to 'None'
[1.639s] Level 5:colcon.colcon_core.verb:set package 'nova_sensors' build argument 'catkin_skip_building_tests' from command line to 'False'
[1.639s] DEBUG:colcon.colcon_core.verb:Building package 'nova_sensors' with the following arguments: {'ament_cmake_args': None, 'build_base': '/home/moon/AN_WS/build/nova_sensors', 'catkin_cmake_args': None, 'catkin_skip_building_tests': False, 'cmake_args': None, 'cmake_clean_cache': False, 'cmake_clean_first': False, 'cmake_force_configure': False, 'cmake_target': None, 'cmake_target_skip_unavailable': False, 'install_base': '/home/moon/AN_WS/install/nova_sensors', 'merge_install': False, 'path': '/home/moon/AN_WS/nova_sensors', 'symlink_install': False, 'test_result_base': None}
[1.639s] Level 5:colcon.colcon_core.verb:set package 'nova_vision' build argument 'cmake_args' from command line to 'None'
[1.639s] Level 5:colcon.colcon_core.verb:set package 'nova_vision' build argument 'cmake_target' from command line to 'None'
[1.640s] Level 5:colcon.colcon_core.verb:set package 'nova_vision' build argument 'cmake_target_skip_unavailable' from command line to 'False'
[1.640s] Level 5:colcon.colcon_core.verb:set package 'nova_vision' build argument 'cmake_clean_cache' from command line to 'False'
[1.640s] Level 5:colcon.colcon_core.verb:set package 'nova_vision' build argument 'cmake_clean_first' from command line to 'False'
[1.640s] Level 5:colcon.colcon_core.verb:set package 'nova_vision' build argument 'cmake_force_configure' from command line to 'False'
[1.640s] Level 5:colcon.colcon_core.verb:set package 'nova_vision' build argument 'ament_cmake_args' from command line to 'None'
[1.640s] Level 5:colcon.colcon_core.verb:set package 'nova_vision' build argument 'catkin_cmake_args' from command line to 'None'
[1.640s] Level 5:colcon.colcon_core.verb:set package 'nova_vision' build argument 'catkin_skip_building_tests' from command line to 'False'
[1.640s] DEBUG:colcon.colcon_core.verb:Building package 'nova_vision' with the following arguments: {'ament_cmake_args': None, 'build_base': '/home/moon/AN_WS/build/nova_vision', 'catkin_cmake_args': None, 'catkin_skip_building_tests': False, 'cmake_args': None, 'cmake_clean_cache': False, 'cmake_clean_first': False, 'cmake_force_configure': False, 'cmake_target': None, 'cmake_target_skip_unavailable': False, 'install_base': '/home/moon/AN_WS/install/nova_vision', 'merge_install': False, 'path': '/home/moon/AN_WS/nova_vision', 'symlink_install': False, 'test_result_base': None}
[1.640s] INFO:colcon.colcon_core.executor:Executing jobs using 'parallel' executor
[1.644s] DEBUG:colcon.colcon_parallel_executor.executor.parallel:run_until_complete
[1.646s] INFO:colcon.colcon_ros.task.ament_python.build:Building ROS package in '/home/moon/AN_WS/src/cam_stream' with build type 'ament_python'
[1.646s] Level 1:colcon.colcon_core.shell:create_environment_hook('cam_stream', 'ament_prefix_path')
[1.658s] INFO:colcon.colcon_core.plugin_system:Skipping extension 'colcon_core.shell.bat': Not used on non-Windows systems
[1.659s] INFO:colcon.colcon_core.shell:Creating environment hook '/home/moon/AN_WS/install/cam_stream/share/cam_stream/hook/ament_prefix_path.ps1'
[1.662s] INFO:colcon.colcon_core.shell:Creating environment descriptor '/home/moon/AN_WS/install/cam_stream/share/cam_stream/hook/ament_prefix_path.dsv'
[1.663s] INFO:colcon.colcon_core.shell:Creating environment hook '/home/moon/AN_WS/install/cam_stream/share/cam_stream/hook/ament_prefix_path.sh'
[1.665s] INFO:colcon.colcon_core.shell:Skip shell extension 'powershell' for command environment: Not usable outside of PowerShell
[1.666s] DEBUG:colcon.colcon_core.shell:Skip shell extension 'dsv' for command environment
[1.677s] INFO:colcon.colcon_ros.task.ament_python.build:Building ROS package in '/home/moon/AN_WS/src/navigation' with build type 'ament_python'
[1.677s] Level 1:colcon.colcon_core.shell:create_environment_hook('navigation', 'ament_prefix_path')
[1.678s] INFO:colcon.colcon_core.shell:Creating environment hook '/home/moon/AN_WS/install/navigation/share/navigation/hook/ament_prefix_path.ps1'
[1.680s] INFO:colcon.colcon_core.shell:Creating environment descriptor '/home/moon/AN_WS/install/navigation/share/navigation/hook/ament_prefix_path.dsv'
[1.681s] INFO:colcon.colcon_core.shell:Creating environment hook '/home/moon/AN_WS/install/navigation/share/navigation/hook/ament_prefix_path.sh'
[1.682s] INFO:colcon.colcon_core.shell:Skip shell extension 'powershell' for command environment: Not usable outside of PowerShell
[1.682s] DEBUG:colcon.colcon_core.shell:Skip shell extension 'dsv' for command environment
[1.693s] INFO:colcon.colcon_ros.task.ament_python.build:Building ROS package in '/home/moon/AN_WS/nova_sensors' with build type 'ament_python'
[1.693s] Level 1:colcon.colcon_core.shell:create_environment_hook('nova_sensors', 'ament_prefix_path')
[1.693s] INFO:colcon.colcon_core.shell:Creating environment hook '/home/moon/AN_WS/install/nova_sensors/share/nova_sensors/hook/ament_prefix_path.ps1'
[1.696s] INFO:colcon.colcon_core.shell:Creating environment descriptor '/home/moon/AN_WS/install/nova_sensors/share/nova_sensors/hook/ament_prefix_path.dsv'
[1.698s] INFO:colcon.colcon_core.shell:Creating environment hook '/home/moon/AN_WS/install/nova_sensors/share/nova_sensors/hook/ament_prefix_path.sh'
[1.700s] INFO:colcon.colcon_core.shell:Skip shell extension 'powershell' for command environment: Not usable outside of PowerShell
[1.700s] DEBUG:colcon.colcon_core.shell:Skip shell extension 'dsv' for command environment
[1.713s] INFO:colcon.colcon_ros.task.ament_python.build:Building ROS package in '/home/moon/AN_WS/nova_vision' with build type 'ament_python'
[1.713s] Level 1:colcon.colcon_core.shell:create_environment_hook('nova_vision', 'ament_prefix_path')
[1.714s] INFO:colcon.colcon_core.shell:Creating environment hook '/home/moon/AN_WS/install/nova_vision/share/nova_vision/hook/ament_prefix_path.ps1'
[1.716s] INFO:colcon.colcon_core.shell:Creating environment descriptor '/home/moon/AN_WS/install/nova_vision/share/nova_vision/hook/ament_prefix_path.dsv'
[1.718s] INFO:colcon.colcon_core.shell:Creating environment hook '/home/moon/AN_WS/install/nova_vision/share/nova_vision/hook/ament_prefix_path.sh'
[1.720s] INFO:colcon.colcon_core.shell:Skip shell extension 'powershell' for command environment: Not usable outside of PowerShell
[1.720s] DEBUG:colcon.colcon_core.shell:Skip shell extension 'dsv' for command environment
[2.217s] INFO:colcon.colcon_core.task.python.build:Building Python package in '/home/moon/AN_WS/src/cam_stream'
[2.218s] INFO:colcon.colcon_core.shell:Skip shell extension 'powershell' for command environment: Not usable outside of PowerShell
[2.218s] DEBUG:colcon.colcon_core.shell:Skip shell extension 'dsv' for command environment
[2.752s] INFO:colcon.colcon_core.task.python.build:Building Python package in '/home/moon/AN_WS/src/navigation'
[2.753s] INFO:colcon.colcon_core.shell:Skip shell extension 'powershell' for command environment: Not usable outside of PowerShell
[2.754s] DEBUG:colcon.colcon_core.shell:Skip shell extension 'dsv' for command environment
[3.449s] INFO:colcon.colcon_core.task.python.build:Building Python package in '/home/moon/AN_WS/nova_sensors'
[3.449s] INFO:colcon.colcon_core.shell:Skip shell extension 'powershell' for command environment: Not usable outside of PowerShell
[3.450s] DEBUG:colcon.colcon_core.shell:Skip shell extension 'dsv' for command environment
[4.002s] INFO:colcon.colcon_core.task.python.build:Building Python package in '/home/moon/AN_WS/nova_vision'
[4.003s] INFO:colcon.colcon_core.shell:Skip shell extension 'powershell' for command environment: Not usable outside of PowerShell
[4.003s] DEBUG:colcon.colcon_core.shell:Skip shell extension 'dsv' for command environment
[5.217s] DEBUG:colcon.colcon_core.event_handler.log_command:Invoking command in '/home/moon/AN_WS/src/navigation': PYTHONPATH=/home/moon/AN_WS/build/navigation/prefix_override:/usr/lib/python3/dist-packages/colcon_core/task/python/colcon_distutils_commands:/home/moon/AN_WS/install/navigation/lib/python3.10/site-packages:${PYTHONPATH} /usr/bin/python3 -W ignore:setup.py install is deprecated -W ignore:easy_install command is deprecated setup.py egg_info --egg-base ../../build/navigation build --build-base /home/moon/AN_WS/build/navigation/build install --record /home/moon/AN_WS/build/navigation/install.log --single-version-externally-managed install_data
[5.267s] DEBUG:colcon.colcon_core.event_handler.log_command:Invoking command in '/home/moon/AN_WS/nova_sensors': PYTHONPATH=/home/moon/AN_WS/build/nova_sensors/prefix_override:/usr/lib/python3/dist-packages/colcon_core/task/python/colcon_distutils_commands:/home/moon/AN_WS/install/nova_sensors/lib/python3.10/site-packages:${PYTHONPATH} /usr/bin/python3 -W ignore:setup.py install is deprecated -W ignore:easy_install command is deprecated setup.py egg_info --egg-base ../build/nova_sensors build --build-base /home/moon/AN_WS/build/nova_sensors/build install --record /home/moon/AN_WS/build/nova_sensors/install.log --single-version-externally-managed install_data
[5.291s] DEBUG:colcon.colcon_core.event_handler.log_command:Invoking command in '/home/moon/AN_WS/nova_vision': PYTHONPATH=/home/moon/AN_WS/build/nova_vision/prefix_override:/usr/lib/python3/dist-packages/colcon_core/task/python/colcon_distutils_commands:/home/moon/AN_WS/install/nova_vision/lib/python3.10/site-packages:${PYTHONPATH} /usr/bin/python3 -W ignore:setup.py install is deprecated -W ignore:easy_install command is deprecated setup.py egg_info --egg-base ../build/nova_vision build --build-base /home/moon/AN_WS/build/nova_vision/build install --record /home/moon/AN_WS/build/nova_vision/install.log --single-version-externally-managed install_data
[5.318s] DEBUG:colcon.colcon_core.event_handler.log_command:Invoking command in '/home/moon/AN_WS/src/cam_stream': PYTHONPATH=/home/moon/AN_WS/build/cam_stream/prefix_override:/usr/lib/python3/dist-packages/colcon_core/task/python/colcon_distutils_commands:/home/moon/AN_WS/install/cam_stream/lib/python3.10/site-packages:${PYTHONPATH} /usr/bin/python3 -W ignore:setup.py install is deprecated -W ignore:easy_install command is deprecated setup.py egg_info --egg-base ../../build/cam_stream build --build-base /home/moon/AN_WS/build/cam_stream/build install --record /home/moon/AN_WS/build/cam_stream/install.log --single-version-externally-managed install_data
[6.282s] DEBUG:colcon.colcon_core.event_handler.log_command:Invoked command in '/home/moon/AN_WS/src/navigation' returned '0': PYTHONPATH=/home/moon/AN_WS/build/navigation/prefix_override:/usr/lib/python3/dist-packages/colcon_core/task/python/colcon_distutils_commands:/home/moon/AN_WS/install/navigation/lib/python3.10/site-packages:${PYTHONPATH} /usr/bin/python3 -W ignore:setup.py install is deprecated -W ignore:easy_install command is deprecated setup.py egg_info --egg-base ../../build/navigation build --build-base /home/moon/AN_WS/build/navigation/build install --record /home/moon/AN_WS/build/navigation/install.log --single-version-externally-managed install_data
[6.320s] Level 1:colcon.colcon_core.environment:checking '/home/moon/AN_WS/install/navigation' for CMake module files
[6.322s] Level 1:colcon.colcon_core.environment:checking '/home/moon/AN_WS/install/navigation' for CMake config files
[6.325s] Level 1:colcon.colcon_core.environment:checking '/home/moon/AN_WS/install/navigation/lib'
[6.325s] Level 1:colcon.colcon_core.environment:checking '/home/moon/AN_WS/install/navigation/bin'
[6.325s] Level 1:colcon.colcon_core.environment:checking '/home/moon/AN_WS/install/navigation/lib/pkgconfig/navigation.pc'
[6.326s] Level 1:colcon.colcon_core.environment:checking '/home/moon/AN_WS/install/navigation/lib/python3.10/site-packages'
[6.326s] Level 1:colcon.colcon_core.shell:create_environment_hook('navigation', 'pythonpath')
[6.326s] INFO:colcon.colcon_core.shell:Creating environment hook '/home/moon/AN_WS/install/navigation/share/navigation/hook/pythonpath.ps1'
[6.328s] INFO:colcon.colcon_core.shell:Creating environment descriptor '/home/moon/AN_WS/install/navigation/share/navigation/hook/pythonpath.dsv'
[6.329s] INFO:colcon.colcon_core.shell:Creating environment hook '/home/moon/AN_WS/install/navigation/share/navigation/hook/pythonpath.sh'
[6.332s] Level 1:colcon.colcon_core.environment:checking '/home/moon/AN_WS/install/navigation/bin'
[6.332s] Level 1:colcon.colcon_core.environment:create_environment_scripts_only(navigation)
[6.332s] INFO:colcon.colcon_core.shell:Creating package script '/home/moon/AN_WS/install/navigation/share/navigation/package.ps1'
[6.335s] INFO:colcon.colcon_core.shell:Creating package descriptor '/home/moon/AN_WS/install/navigation/share/navigation/package.dsv'
[6.337s] INFO:colcon.colcon_core.shell:Creating package script '/home/moon/AN_WS/install/navigation/share/navigation/package.sh'
[6.339s] INFO:colcon.colcon_core.shell:Creating package script '/home/moon/AN_WS/install/navigation/share/navigation/package.bash'
[6.342s] INFO:colcon.colcon_core.shell:Creating package script '/home/moon/AN_WS/install/navigation/share/navigation/package.zsh'
[6.344s] Level 1:colcon.colcon_core.environment:create_file_with_runtime_dependencies(/home/moon/AN_WS/install/navigation/share/colcon-core/packages/navigation)
[6.350s] Level 1:colcon.colcon_core.environment:checking '/home/moon/AN_WS/install/nova_vision' for CMake module files
[6.355s] Level 1:colcon.colcon_core.environment:checking '/home/moon/AN_WS/install/nova_vision' for CMake config files
[6.359s] DEBUG:colcon.colcon_core.event_handler.log_command:Invoked command in '/home/moon/AN_WS/nova_vision' returned '0': PYTHONPATH=/home/moon/AN_WS/build/nova_vision/prefix_override:/usr/lib/python3/dist-packages/colcon_core/task/python/colcon_distutils_commands:/home/moon/AN_WS/install/nova_vision/lib/python3.10/site-packages:${PYTHONPATH} /usr/bin/python3 -W ignore:setup.py install is deprecated -W ignore:easy_install command is deprecated setup.py egg_info --egg-base ../build/nova_vision build --build-base /home/moon/AN_WS/build/nova_vision/build install --record /home/moon/AN_WS/build/nova_vision/install.log --single-version-externally-managed install_data
[6.362s] Level 1:colcon.colcon_core.environment:checking '/home/moon/AN_WS/install/nova_vision/lib'
[6.362s] Level 1:colcon.colcon_core.environment:checking '/home/moon/AN_WS/install/nova_vision/bin'
[6.362s] Level 1:colcon.colcon_core.environment:checking '/home/moon/AN_WS/install/nova_vision/lib/pkgconfig/nova_vision.pc'
[6.363s] Level 1:colcon.colcon_core.environment:checking '/home/moon/AN_WS/install/nova_vision/lib/python3.10/site-packages'
[6.363s] Level 1:colcon.colcon_core.shell:create_environment_hook('nova_vision', 'pythonpath')
[6.363s] INFO:colcon.colcon_core.shell:Creating environment hook '/home/moon/AN_WS/install/nova_vision/share/nova_vision/hook/pythonpath.ps1'
[6.365s] INFO:colcon.colcon_core.shell:Creating environment descriptor '/home/moon/AN_WS/install/nova_vision/share/nova_vision/hook/pythonpath.dsv'
[6.367s] INFO:colcon.colcon_core.shell:Creating environment hook '/home/moon/AN_WS/install/nova_vision/share/nova_vision/hook/pythonpath.sh'
[6.369s] Level 1:colcon.colcon_core.environment:checking '/home/moon/AN_WS/install/nova_vision/bin'
[6.369s] Level 1:colcon.colcon_core.environment:create_environment_scripts_only(nova_vision)
[6.370s] INFO:colcon.colcon_core.shell:Creating package script '/home/moon/AN_WS/install/nova_vision/share/nova_vision/package.ps1'
[6.373s] INFO:colcon.colcon_core.shell:Creating package descriptor '/home/moon/AN_WS/install/nova_vision/share/nova_vision/package.dsv'
[6.375s] INFO:colcon.colcon_core.shell:Creating package script '/home/moon/AN_WS/install/nova_vision/share/nova_vision/package.sh'
[6.377s] INFO:colcon.colcon_core.shell:Creating package script '/home/moon/AN_WS/install/nova_vision/share/nova_vision/package.bash'
[6.379s] INFO:colcon.colcon_core.shell:Creating package script '/home/moon/AN_WS/install/nova_vision/share/nova_vision/package.zsh'
[6.380s] Level 1:colcon.colcon_core.environment:create_file_with_runtime_dependencies(/home/moon/AN_WS/install/nova_vision/share/colcon-core/packages/nova_vision)
[6.385s] Level 1:colcon.colcon_core.environment:checking '/home/moon/AN_WS/install/cam_stream' for CMake module files
[6.392s] Level 1:colcon.colcon_core.environment:checking '/home/moon/AN_WS/install/cam_stream' for CMake config files
[6.394s] DEBUG:colcon.colcon_core.event_handler.log_command:Invoked command in '/home/moon/AN_WS/src/cam_stream' returned '0': PYTHONPATH=/home/moon/AN_WS/build/cam_stream/prefix_override:/usr/lib/python3/dist-packages/colcon_core/task/python/colcon_distutils_commands:/home/moon/AN_WS/install/cam_stream/lib/python3.10/site-packages:${PYTHONPATH} /usr/bin/python3 -W ignore:setup.py install is deprecated -W ignore:easy_install command is deprecated setup.py egg_info --egg-base ../../build/cam_stream build --build-base /home/moon/AN_WS/build/cam_stream/build install --record /home/moon/AN_WS/build/cam_stream/install.log --single-version-externally-managed install_data
[6.398s] Level 1:colcon.colcon_core.environment:checking '/home/moon/AN_WS/install/cam_stream/lib'
[6.399s] Level 1:colcon.colcon_core.environment:checking '/home/moon/AN_WS/install/cam_stream/bin'
[6.399s] Level 1:colcon.colcon_core.environment:checking '/home/moon/AN_WS/install/cam_stream/lib/pkgconfig/cam_stream.pc'
[6.399s] Level 1:colcon.colcon_core.environment:checking '/home/moon/AN_WS/install/cam_stream/lib/python3.10/site-packages'
[6.400s] Level 1:colcon.colcon_core.shell:create_environment_hook('cam_stream', 'pythonpath')
[6.400s] INFO:colcon.colcon_core.shell:Creating environment hook '/home/moon/AN_WS/install/cam_stream/share/cam_stream/hook/pythonpath.ps1'
[6.401s] INFO:colcon.colcon_core.shell:Creating environment descriptor '/home/moon/AN_WS/install/cam_stream/share/cam_stream/hook/pythonpath.dsv'
[6.402s] INFO:colcon.colcon_core.shell:Creating environment hook '/home/moon/AN_WS/install/cam_stream/share/cam_stream/hook/pythonpath.sh'
[6.404s] Level 1:colcon.colcon_core.environment:checking '/home/moon/AN_WS/install/cam_stream/bin'
[6.405s] Level 1:colcon.colcon_core.environment:create_environment_scripts_only(cam_stream)
[6.405s] INFO:colcon.colcon_core.shell:Creating package script '/home/moon/AN_WS/install/cam_stream/share/cam_stream/package.ps1'
[6.407s] INFO:colcon.colcon_core.shell:Creating package descriptor '/home/moon/AN_WS/install/cam_stream/share/cam_stream/package.dsv'
[6.408s] INFO:colcon.colcon_core.shell:Creating package script '/home/moon/AN_WS/install/cam_stream/share/cam_stream/package.sh'
[6.409s] INFO:colcon.colcon_core.shell:Creating package script '/home/moon/AN_WS/install/cam_stream/share/cam_stream/package.bash'
[6.411s] INFO:colcon.colcon_core.shell:Creating package script '/home/moon/AN_WS/install/cam_stream/share/cam_stream/package.zsh'
[6.412s] Level 1:colcon.colcon_core.environment:create_file_with_runtime_dependencies(/home/moon/AN_WS/install/cam_stream/share/colcon-core/packages/cam_stream)
[6.419s] Level 1:colcon.colcon_core.environment:checking '/home/moon/AN_WS/install/nova_sensors' for CMake module files
[6.421s] DEBUG:colcon.colcon_core.event_handler.log_command:Invoked command in '/home/moon/AN_WS/nova_sensors' returned '0': PYTHONPATH=/home/moon/AN_WS/build/nova_sensors/prefix_override:/usr/lib/python3/dist-packages/colcon_core/task/python/colcon_distutils_commands:/home/moon/AN_WS/install/nova_sensors/lib/python3.10/site-packages:${PYTHONPATH} /usr/bin/python3 -W ignore:setup.py install is deprecated -W ignore:easy_install command is deprecated setup.py egg_info --egg-base ../build/nova_sensors build --build-base /home/moon/AN_WS/build/nova_sensors/build install --record /home/moon/AN_WS/build/nova_sensors/install.log --single-version-externally-managed install_data
[6.423s] Level 1:colcon.colcon_core.environment:checking '/home/moon/AN_WS/install/nova_sensors' for CMake config files
[6.426s] Level 1:colcon.colcon_core.environment:checking '/home/moon/AN_WS/install/nova_sensors/lib'
[6.427s] Level 1:colcon.colcon_core.environment:checking '/home/moon/AN_WS/install/nova_sensors/bin'
[6.427s] Level 1:colcon.colcon_core.environment:checking '/home/moon/AN_WS/install/nova_sensors/lib/pkgconfig/nova_sensors.pc'
[6.428s] Level 1:colcon.colcon_core.environment:checking '/home/moon/AN_WS/install/nova_sensors/lib/python3.10/site-packages'
[6.428s] Level 1:colcon.colcon_core.shell:create_environment_hook('nova_sensors', 'pythonpath')
[6.428s] INFO:colcon.colcon_core.shell:Creating environment hook '/home/moon/AN_WS/install/nova_sensors/share/nova_sensors/hook/pythonpath.ps1'
[6.430s] INFO:colcon.colcon_core.shell:Creating environment descriptor '/home/moon/AN_WS/install/nova_sensors/share/nova_sensors/hook/pythonpath.dsv'
[6.432s] INFO:colcon.colcon_core.shell:Creating environment hook '/home/moon/AN_WS/install/nova_sensors/share/nova_sensors/hook/pythonpath.sh'
[6.434s] Level 1:colcon.colcon_core.environment:checking '/home/moon/AN_WS/install/nova_sensors/bin'
[6.434s] Level 1:colcon.colcon_core.environment:create_environment_scripts_only(nova_sensors)
[6.435s] INFO:colcon.colcon_core.shell:Creating package script '/home/moon/AN_WS/install/nova_sensors/share/nova_sensors/package.ps1'
[6.436s] INFO:colcon.colcon_core.shell:Creating package descriptor '/home/moon/AN_WS/install/nova_sensors/share/nova_sensors/package.dsv'
[6.437s] INFO:colcon.colcon_core.shell:Creating package script '/home/moon/AN_WS/install/nova_sensors/share/nova_sensors/package.sh'
[6.438s] INFO:colcon.colcon_core.shell:Creating package script '/home/moon/AN_WS/install/nova_sensors/share/nova_sensors/package.bash'
[6.440s] INFO:colcon.colcon_core.shell:Creating package script '/home/moon/AN_WS/install/nova_sensors/share/nova_sensors/package.zsh'
[6.441s] Level 1:colcon.colcon_core.environment:create_file_with_runtime_dependencies(/home/moon/AN_WS/install/nova_sensors/share/colcon-core/packages/nova_sensors)
[6.442s] DEBUG:colcon.colcon_parallel_executor.executor.parallel:closing loop
[6.442s] DEBUG:colcon.colcon_parallel_executor.executor.parallel:loop closed
[6.442s] DEBUG:colcon.colcon_parallel_executor.executor.parallel:run_until_complete finished with '0'
[6.442s] DEBUG:colcon.colcon_core.event_reactor:joining thread
[6.496s] INFO:colcon.colcon_core.plugin_system:Skipping extension 'colcon_notification.desktop_notification.terminal_notifier': Not used on non-Darwin systems
[6.496s] INFO:colcon.colcon_core.plugin_system:Skipping extension 'colcon_notification.desktop_notification.win32': Not used on non-Windows systems
[6.497s] INFO:colcon.colcon_notification.desktop_notification:Sending desktop notification using 'notify2'
[6.678s] DEBUG:colcon.colcon_core.event_reactor:joined thread
[6.679s] INFO:colcon.colcon_core.shell:Creating prefix script '/home/moon/AN_WS/install/local_setup.ps1'
[6.681s] INFO:colcon.colcon_core.shell:Creating prefix util module '/home/moon/AN_WS/install/_local_setup_util_ps1.py'
[6.686s] INFO:colcon.colcon_core.shell:Creating prefix chain script '/home/moon/AN_WS/install/setup.ps1'
[6.690s] INFO:colcon.colcon_core.shell:Creating prefix script '/home/moon/AN_WS/install/local_setup.sh'
[6.692s] INFO:colcon.colcon_core.shell:Creating prefix util module '/home/moon/AN_WS/install/_local_setup_util_sh.py'
[6.695s] INFO:colcon.colcon_core.shell:Creating prefix chain script '/home/moon/AN_WS/install/setup.sh'
[6.699s] INFO:colcon.colcon_core.shell:Creating prefix script '/home/moon/AN_WS/install/local_setup.bash'
[6.702s] INFO:colcon.colcon_core.shell:Creating prefix chain script '/home/moon/AN_WS/install/setup.bash'
[6.706s] INFO:colcon.colcon_core.shell:Creating prefix script '/home/moon/AN_WS/install/local_setup.zsh'
[6.707s] INFO:colcon.colcon_core.shell:Creating prefix chain script '/home/moon/AN_WS/install/setup.zsh'
