[3.411s] Invoking command in '/home/moon/AN_WS/nova_sensors': PYTHONPATH=/home/moon/AN_WS/build/nova_sensors/prefix_override:/usr/lib/python3/dist-packages/colcon_core/task/python/colcon_distutils_commands:/home/moon/AN_WS/install/nova_sensors/lib/python3.10/site-packages:${PYTHONPATH} /usr/bin/python3 -W ignore:setup.py install is deprecated -W ignore:easy_install command is deprecated setup.py egg_info --egg-base ../build/nova_sensors build --build-base /home/moon/AN_WS/build/nova_sensors/build install --record /home/moon/AN_WS/build/nova_sensors/install.log --single-version-externally-managed install_data
[4.030s] running egg_info
[4.031s] writing ../build/nova_sensors/nova_sensors.egg-info/PKG-INFO
[4.031s] writing dependency_links to ../build/nova_sensors/nova_sensors.egg-info/dependency_links.txt
[4.031s] writing entry points to ../build/nova_sensors/nova_sensors.egg-info/entry_points.txt
[4.034s] writing requirements to ../build/nova_sensors/nova_sensors.egg-info/requires.txt
[4.034s] writing top-level names to ../build/nova_sensors/nova_sensors.egg-info/top_level.txt
[4.035s] reading manifest file '../build/nova_sensors/nova_sensors.egg-info/SOURCES.txt'
[4.037s] writing manifest file '../build/nova_sensors/nova_sensors.egg-info/SOURCES.txt'
[4.037s] running build
[4.039s] running build_py
[4.039s] running install
[4.040s] running install_lib
[4.042s] running install_data
[4.045s] running install_egg_info
[4.047s] removing '/home/moon/AN_WS/install/nova_sensors/lib/python3.10/site-packages/nova_sensors-0.0.0-py3.10.egg-info' (and everything under it)
[4.048s] Copying ../build/nova_sensors/nova_sensors.egg-info to /home/moon/AN_WS/install/nova_sensors/lib/python3.10/site-packages/nova_sensors-0.0.0-py3.10.egg-info
[4.051s] running install_scripts
[4.093s] Installing gps_node = nova_sensors.gps_node:mainimu_node script to /home/moon/AN_WS/install/nova_sensors/lib/nova_sensors
[4.095s] writing list of installed files to '/home/moon/AN_WS/build/nova_sensors/install.log'
[4.129s] Invoked command in '/home/moon/AN_WS/nova_sensors' returned '0': PYTHONPATH=/home/moon/AN_WS/build/nova_sensors/prefix_override:/usr/lib/python3/dist-packages/colcon_core/task/python/colcon_distutils_commands:/home/moon/AN_WS/install/nova_sensors/lib/python3.10/site-packages:${PYTHONPATH} /usr/bin/python3 -W ignore:setup.py install is deprecated -W ignore:easy_install command is deprecated setup.py egg_info --egg-base ../build/nova_sensors build --build-base /home/moon/AN_WS/build/nova_sensors/build install --record /home/moon/AN_WS/build/nova_sensors/install.log --single-version-externally-managed install_data
