[3.407s] Invoking command in '/home/tasc/AN_WS-1/src/cam_stream': PYTHONPATH=/home/tasc/AN_WS-1/build/cam_stream/prefix_override:/usr/lib/python3/dist-packages/colcon_core/task/python/colcon_distutils_commands:/home/tasc/AN_WS-1/install/cam_stream/lib/python3.10/site-packages:${PYTHONPATH} /usr/bin/python3 -W ignore:setup.py install is deprecated -W ignore:easy_install command is deprecated setup.py egg_info --egg-base ../../build/cam_stream build --build-base /home/tasc/AN_WS-1/build/cam_stream/build install --record /home/tasc/AN_WS-1/build/cam_stream/install.log --single-version-externally-managed install_data
[3.989s] running egg_info
[3.990s] writing ../../build/cam_stream/cam_stream.egg-info/PKG-INFO
[3.991s] writing dependency_links to ../../build/cam_stream/cam_stream.egg-info/dependency_links.txt
[3.992s] writing entry points to ../../build/cam_stream/cam_stream.egg-info/entry_points.txt
[3.992s] writing requirements to ../../build/cam_stream/cam_stream.egg-info/requires.txt
[3.993s] writing top-level names to ../../build/cam_stream/cam_stream.egg-info/top_level.txt
[3.997s] reading manifest file '../../build/cam_stream/cam_stream.egg-info/SOURCES.txt'
[3.998s] writing manifest file '../../build/cam_stream/cam_stream.egg-info/SOURCES.txt'
[3.999s] running build
[3.999s] running build_py
[3.999s] copying cam_stream/gps_node.py -> /home/tasc/AN_WS-1/build/cam_stream/build/lib/cam_stream
[4.000s] copying cam_stream/multi_camera_publisher.py -> /home/tasc/AN_WS-1/build/cam_stream/build/lib/cam_stream
[4.000s] copying cam_stream/multi_cam_gps_aruco.py -> /home/tasc/AN_WS-1/build/cam_stream/build/lib/cam_stream
[4.001s] copying cam_stream/multi_camera_subscriber.py -> /home/tasc/AN_WS-1/build/cam_stream/build/lib/cam_stream
[4.001s] running install
[4.002s] running install_lib
[4.004s] copying /home/tasc/AN_WS-1/build/cam_stream/build/lib/cam_stream/gps_node.py -> /home/tasc/AN_WS-1/install/cam_stream/lib/python3.10/site-packages/cam_stream
[4.004s] copying /home/tasc/AN_WS-1/build/cam_stream/build/lib/cam_stream/multi_camera_publisher.py -> /home/tasc/AN_WS-1/install/cam_stream/lib/python3.10/site-packages/cam_stream
[4.005s] copying /home/tasc/AN_WS-1/build/cam_stream/build/lib/cam_stream/multi_cam_gps_aruco.py -> /home/tasc/AN_WS-1/install/cam_stream/lib/python3.10/site-packages/cam_stream
[4.005s] copying /home/tasc/AN_WS-1/build/cam_stream/build/lib/cam_stream/multi_camera_subscriber.py -> /home/tasc/AN_WS-1/install/cam_stream/lib/python3.10/site-packages/cam_stream
[4.007s] byte-compiling /home/tasc/AN_WS-1/install/cam_stream/lib/python3.10/site-packages/cam_stream/gps_node.py to gps_node.cpython-310.pyc
[4.010s] byte-compiling /home/tasc/AN_WS-1/install/cam_stream/lib/python3.10/site-packages/cam_stream/multi_camera_publisher.py to multi_camera_publisher.cpython-310.pyc
[4.011s] byte-compiling /home/tasc/AN_WS-1/install/cam_stream/lib/python3.10/site-packages/cam_stream/multi_cam_gps_aruco.py to multi_cam_gps_aruco.cpython-310.pyc
[4.015s] byte-compiling /home/tasc/AN_WS-1/install/cam_stream/lib/python3.10/site-packages/cam_stream/multi_camera_subscriber.py to multi_camera_subscriber.cpython-310.pyc
[4.017s] running install_data
[4.017s] running install_egg_info
[4.025s] removing '/home/tasc/AN_WS-1/install/cam_stream/lib/python3.10/site-packages/cam_stream-0.0.0-py3.10.egg-info' (and everything under it)
[4.026s] Copying ../../build/cam_stream/cam_stream.egg-info to /home/tasc/AN_WS-1/install/cam_stream/lib/python3.10/site-packages/cam_stream-0.0.0-py3.10.egg-info
[4.028s] running install_scripts
[4.080s] Installing multi_camera_publisher script to /home/tasc/AN_WS-1/install/cam_stream/lib/cam_stream
[4.080s] Installing multi_camera_subscriber script to /home/tasc/AN_WS-1/install/cam_stream/lib/cam_stream
[4.082s] writing list of installed files to '/home/tasc/AN_WS-1/build/cam_stream/install.log'
[4.189s] Invoked command in '/home/tasc/AN_WS-1/src/cam_stream' returned '0': PYTHONPATH=/home/tasc/AN_WS-1/build/cam_stream/prefix_override:/usr/lib/python3/dist-packages/colcon_core/task/python/colcon_distutils_commands:/home/tasc/AN_WS-1/install/cam_stream/lib/python3.10/site-packages:${PYTHONPATH} /usr/bin/python3 -W ignore:setup.py install is deprecated -W ignore:easy_install command is deprecated setup.py egg_info --egg-base ../../build/cam_stream build --build-base /home/tasc/AN_WS-1/build/cam_stream/build install --record /home/tasc/AN_WS-1/build/cam_stream/install.log --single-version-externally-managed install_data
