[2.602s] Invoking command in '/home/tasc/AN_WS/src/navigation': PYTHONPATH=/home/tasc/AN_WS/build/navigation/prefix_override:/usr/lib/python3/dist-packages/colcon_core/task/python/colcon_distutils_commands:/home/tasc/AN_WS/install/navigation/lib/python3.10/site-packages:${PYTHONPATH} /usr/bin/python3 -W ignore:setup.py install is deprecated -W ignore:easy_install command is deprecated setup.py egg_info --egg-base ../../build/navigation build --build-base /home/tasc/AN_WS/build/navigation/build install --record /home/tasc/AN_WS/build/navigation/install.log --single-version-externally-managed install_data
[3.130s] running egg_info
[3.131s] writing ../../build/navigation/navigation.egg-info/PKG-INFO
[3.132s] writing dependency_links to ../../build/navigation/navigation.egg-info/dependency_links.txt
[3.133s] writing entry points to ../../build/navigation/navigation.egg-info/entry_points.txt
[3.133s] writing requirements to ../../build/navigation/navigation.egg-info/requires.txt
[3.134s] writing top-level names to ../../build/navigation/navigation.egg-info/top_level.txt
[3.137s] reading manifest file '../../build/navigation/navigation.egg-info/SOURCES.txt'
[3.138s] adding license file 'LICENSE'
[3.139s] writing manifest file '../../build/navigation/navigation.egg-info/SOURCES.txt'
[3.140s] running build
[3.140s] running build_py
[3.142s] running install
[3.142s] running install_lib
[3.147s] running install_data
[3.147s] running install_egg_info
[3.153s] removing '/home/tasc/AN_WS/install/navigation/lib/python3.10/site-packages/navigation-0.0.0-py3.10.egg-info' (and everything under it)
[3.153s] Copying ../../build/navigation/navigation.egg-info to /home/tasc/AN_WS/install/navigation/lib/python3.10/site-packages/navigation-0.0.0-py3.10.egg-info
[3.155s] running install_scripts
[3.203s] Installing aruco_marker_publisher script to /home/tasc/AN_WS/install/navigation/lib/navigation
[3.204s] Installing camera_publisher script to /home/tasc/AN_WS/install/navigation/lib/navigation
[3.204s] Installing camera_subscriber script to /home/tasc/AN_WS/install/navigation/lib/navigation
[3.204s] Installing combined_gps_aruco script to /home/tasc/AN_WS/install/navigation/lib/navigation
[3.205s] Installing gps_display script to /home/tasc/AN_WS/install/navigation/lib/navigation
[3.205s] Installing gps_node script to /home/tasc/AN_WS/install/navigation/lib/navigation
[3.205s] Installing gst_pub script to /home/tasc/AN_WS/install/navigation/lib/navigation
[3.205s] Installing multi_camera_publisher script to /home/tasc/AN_WS/install/navigation/lib/navigation
[3.206s] Installing multi_camera_publisher_gst script to /home/tasc/AN_WS/install/navigation/lib/navigation
[3.206s] Installing multi_camera_subscriber_gst script to /home/tasc/AN_WS/install/navigation/lib/navigation
[3.207s] writing list of installed files to '/home/tasc/AN_WS/build/navigation/install.log'
[3.285s] Invoked command in '/home/tasc/AN_WS/src/navigation' returned '0': PYTHONPATH=/home/tasc/AN_WS/build/navigation/prefix_override:/usr/lib/python3/dist-packages/colcon_core/task/python/colcon_distutils_commands:/home/tasc/AN_WS/install/navigation/lib/python3.10/site-packages:${PYTHONPATH} /usr/bin/python3 -W ignore:setup.py install is deprecated -W ignore:easy_install command is deprecated setup.py egg_info --egg-base ../../build/navigation build --build-base /home/tasc/AN_WS/build/navigation/build install --record /home/tasc/AN_WS/build/navigation/install.log --single-version-externally-managed install_data
