[0.246s] DEBUG:colcon:Command line arguments: ['/usr/bin/colcon', 'build']
[0.246s] DEBUG:colcon:Parsed command line arguments: Namespace(log_base=None, log_level=None, verb_name='build', build_base='build', install_base='install', merge_install=False, symlink_install=False, test_result_base=None, continue_on_error=False, executor='parallel', parallel_workers=4, event_handlers=None, ignore_user_meta=False, metas=['./colcon.meta'], base_paths=['.'], packages_ignore=None, packages_ignore_regex=None, paths=None, packages_up_to=None, packages_up_to_regex=None, packages_above=None, packages_above_and_dependencies=None, packages_above_depth=None, packages_select_by_dep=None, packages_skip_by_dep=None, packages_skip_up_to=None, packages_select_build_failed=False, packages_skip_build_finished=False, packages_select_test_failures=False, packages_skip_test_passed=False, packages_select=None, packages_skip=None, packages_select_regex=None, packages_skip_regex=None, packages_start=None, packages_end=None, cmake_args=None, cmake_target=None, cmake_target_skip_unavailable=False, cmake_clean_cache=False, cmake_clean_first=False, cmake_force_configure=False, ament_cmake_args=None, catkin_cmake_args=None, catkin_skip_building_tests=False, mixin_files=None, mixin=None, verb_parser=<colcon_mixin.mixin.mixin_argument.MixinArgumentDecorator object at 0xffff8afda9b0>, verb_extension=<colcon_core.verb.build.BuildVerb object at 0xffff8b173850>, main=<bound method BuildVerb.main of <colcon_core.verb.build.BuildVerb object at 0xffff8b173850>>, mixin_verb=('build',))
[0.416s] Level 1:colcon.colcon_core.package_discovery:discover_packages(colcon_meta) check parameters
[0.417s] INFO:colcon.colcon_metadata.package_discovery.colcon_meta:Using configuration from '/root/.colcon/metadata/default/Gazebo.meta'
[0.418s] INFO:colcon.colcon_metadata.package_discovery.colcon_meta:Using configuration from '/root/.colcon/metadata/default/fastdds.meta'
[0.418s] INFO:colcon.colcon_metadata.package_discovery.colcon_meta:Using configuration from '/root/.colcon/metadata/default/fastrtps.meta'
[0.419s] Level 1:colcon.colcon_core.package_discovery:discover_packages(recursive) check parameters
[0.419s] Level 1:colcon.colcon_core.package_discovery:discover_packages(ignore) check parameters
[0.419s] Level 1:colcon.colcon_core.package_discovery:discover_packages(path) check parameters
[0.419s] Level 1:colcon.colcon_core.package_discovery:discover_packages(colcon_meta) discover
[0.419s] Level 1:colcon.colcon_core.package_discovery:discover_packages(recursive) discover
[0.419s] INFO:colcon.colcon_core.package_discovery:Crawling recursively for packages in '/home/TASC/AN_WS'
[0.419s] Level 1:colcon.colcon_core.package_identification:_identify(.) by extensions ['ignore', 'ignore_ament_install']
[0.419s] Level 1:colcon.colcon_core.package_identification:_identify(.) by extension 'ignore'
[0.419s] Level 1:colcon.colcon_core.package_identification:_identify(.) by extension 'ignore_ament_install'
[0.419s] Level 1:colcon.colcon_core.package_identification:_identify(.) by extensions ['colcon_pkg']
[0.419s] Level 1:colcon.colcon_core.package_identification:_identify(.) by extension 'colcon_pkg'
[0.420s] Level 1:colcon.colcon_core.package_identification:_identify(.) by extensions ['colcon_meta']
[0.420s] Level 1:colcon.colcon_core.package_identification:_identify(.) by extension 'colcon_meta'
[0.420s] Level 1:colcon.colcon_core.package_identification:_identify(.) by extensions ['ros']
[0.420s] Level 1:colcon.colcon_core.package_identification:_identify(.) by extension 'ros'
[0.442s] Level 1:colcon.colcon_core.package_identification:_identify(.) by extensions ['cmake', 'python']
[0.442s] Level 1:colcon.colcon_core.package_identification:_identify(.) by extension 'cmake'
[0.442s] Level 1:colcon.colcon_core.package_identification:_identify(.) by extension 'python'
[0.442s] Level 1:colcon.colcon_core.package_identification:_identify(.) by extensions ['python_setup_py']
[0.443s] Level 1:colcon.colcon_core.package_identification:_identify(.) by extension 'python_setup_py'
[0.443s] Level 1:colcon.colcon_core.package_identification:_identify(build) by extensions ['ignore', 'ignore_ament_install']
[0.443s] Level 1:colcon.colcon_core.package_identification:_identify(build) by extension 'ignore'
[0.443s] Level 1:colcon.colcon_core.package_identification:_identify(build) ignored
[0.444s] Level 1:colcon.colcon_core.package_identification:_identify(install) by extensions ['ignore', 'ignore_ament_install']
[0.444s] Level 1:colcon.colcon_core.package_identification:_identify(install) by extension 'ignore'
[0.444s] Level 1:colcon.colcon_core.package_identification:_identify(install) ignored
[0.444s] Level 1:colcon.colcon_core.package_identification:_identify(log) by extensions ['ignore', 'ignore_ament_install']
[0.444s] Level 1:colcon.colcon_core.package_identification:_identify(log) by extension 'ignore'
[0.444s] Level 1:colcon.colcon_core.package_identification:_identify(log) ignored
[0.444s] Level 1:colcon.colcon_core.package_identification:_identify(nova_sensors) by extensions ['ignore', 'ignore_ament_install']
[0.444s] Level 1:colcon.colcon_core.package_identification:_identify(nova_sensors) by extension 'ignore'
[0.445s] Level 1:colcon.colcon_core.package_identification:_identify(nova_sensors) by extension 'ignore_ament_install'
[0.445s] Level 1:colcon.colcon_core.package_identification:_identify(nova_sensors) by extensions ['colcon_pkg']
[0.445s] Level 1:colcon.colcon_core.package_identification:_identify(nova_sensors) by extension 'colcon_pkg'
[0.445s] Level 1:colcon.colcon_core.package_identification:_identify(nova_sensors) by extensions ['colcon_meta']
[0.445s] Level 1:colcon.colcon_core.package_identification:_identify(nova_sensors) by extension 'colcon_meta'
[0.445s] Level 1:colcon.colcon_core.package_identification:_identify(nova_sensors) by extensions ['ros']
[0.445s] Level 1:colcon.colcon_core.package_identification:_identify(nova_sensors) by extension 'ros'
[0.450s] DEBUG:colcon.colcon_core.package_identification:Package 'nova_sensors' with type 'ros.ament_python' and name 'nova_sensors'
[0.451s] Level 1:colcon.colcon_core.package_identification:_identify(nova_vision) by extensions ['ignore', 'ignore_ament_install']
[0.451s] Level 1:colcon.colcon_core.package_identification:_identify(nova_vision) by extension 'ignore'
[0.451s] Level 1:colcon.colcon_core.package_identification:_identify(nova_vision) by extension 'ignore_ament_install'
[0.452s] Level 1:colcon.colcon_core.package_identification:_identify(nova_vision) by extensions ['colcon_pkg']
[0.452s] Level 1:colcon.colcon_core.package_identification:_identify(nova_vision) by extension 'colcon_pkg'
[0.452s] Level 1:colcon.colcon_core.package_identification:_identify(nova_vision) by extensions ['colcon_meta']
[0.452s] Level 1:colcon.colcon_core.package_identification:_identify(nova_vision) by extension 'colcon_meta'
[0.452s] Level 1:colcon.colcon_core.package_identification:_identify(nova_vision) by extensions ['ros']
[0.452s] Level 1:colcon.colcon_core.package_identification:_identify(nova_vision) by extension 'ros'
[0.454s] DEBUG:colcon.colcon_core.package_identification:Package 'nova_vision' with type 'ros.ament_python' and name 'nova_vision'
[0.455s] Level 1:colcon.colcon_core.package_identification:_identify(src) by extensions ['ignore', 'ignore_ament_install']
[0.455s] Level 1:colcon.colcon_core.package_identification:_identify(src) by extension 'ignore'
[0.455s] Level 1:colcon.colcon_core.package_identification:_identify(src) by extension 'ignore_ament_install'
[0.455s] Level 1:colcon.colcon_core.package_identification:_identify(src) by extensions ['colcon_pkg']
[0.455s] Level 1:colcon.colcon_core.package_identification:_identify(src) by extension 'colcon_pkg'
[0.455s] Level 1:colcon.colcon_core.package_identification:_identify(src) by extensions ['colcon_meta']
[0.455s] Level 1:colcon.colcon_core.package_identification:_identify(src) by extension 'colcon_meta'
[0.456s] Level 1:colcon.colcon_core.package_identification:_identify(src) by extensions ['ros']
[0.456s] Level 1:colcon.colcon_core.package_identification:_identify(src) by extension 'ros'
[0.456s] Level 1:colcon.colcon_core.package_identification:_identify(src) by extensions ['cmake', 'python']
[0.456s] Level 1:colcon.colcon_core.package_identification:_identify(src) by extension 'cmake'
[0.456s] Level 1:colcon.colcon_core.package_identification:_identify(src) by extension 'python'
[0.456s] Level 1:colcon.colcon_core.package_identification:_identify(src) by extensions ['python_setup_py']
[0.456s] Level 1:colcon.colcon_core.package_identification:_identify(src) by extension 'python_setup_py'
[0.456s] Level 1:colcon.colcon_core.package_identification:_identify(src/cam_stream) by extensions ['ignore', 'ignore_ament_install']
[0.456s] Level 1:colcon.colcon_core.package_identification:_identify(src/cam_stream) by extension 'ignore'
[0.456s] Level 1:colcon.colcon_core.package_identification:_identify(src/cam_stream) by extension 'ignore_ament_install'
[0.457s] Level 1:colcon.colcon_core.package_identification:_identify(src/cam_stream) by extensions ['colcon_pkg']
[0.457s] Level 1:colcon.colcon_core.package_identification:_identify(src/cam_stream) by extension 'colcon_pkg'
[0.457s] Level 1:colcon.colcon_core.package_identification:_identify(src/cam_stream) by extensions ['colcon_meta']
[0.457s] Level 1:colcon.colcon_core.package_identification:_identify(src/cam_stream) by extension 'colcon_meta'
[0.457s] Level 1:colcon.colcon_core.package_identification:_identify(src/cam_stream) by extensions ['ros']
[0.457s] Level 1:colcon.colcon_core.package_identification:_identify(src/cam_stream) by extension 'ros'
[0.459s] DEBUG:colcon.colcon_core.package_identification:Package 'src/cam_stream' with type 'ros.ament_python' and name 'cam_stream'
[0.459s] Level 1:colcon.colcon_core.package_identification:_identify(src/navigation) by extensions ['ignore', 'ignore_ament_install']
[0.460s] Level 1:colcon.colcon_core.package_identification:_identify(src/navigation) by extension 'ignore'
[0.460s] Level 1:colcon.colcon_core.package_identification:_identify(src/navigation) by extension 'ignore_ament_install'
[0.460s] Level 1:colcon.colcon_core.package_identification:_identify(src/navigation) by extensions ['colcon_pkg']
[0.460s] Level 1:colcon.colcon_core.package_identification:_identify(src/navigation) by extension 'colcon_pkg'
[0.460s] Level 1:colcon.colcon_core.package_identification:_identify(src/navigation) by extensions ['colcon_meta']
[0.460s] Level 1:colcon.colcon_core.package_identification:_identify(src/navigation) by extension 'colcon_meta'
[0.460s] Level 1:colcon.colcon_core.package_identification:_identify(src/navigation) by extensions ['ros']
[0.460s] Level 1:colcon.colcon_core.package_identification:_identify(src/navigation) by extension 'ros'
[0.461s] DEBUG:colcon.colcon_core.package_identification:Package 'src/navigation' with type 'ros.ament_python' and name 'navigation'
[0.461s] Level 1:colcon.colcon_core.package_identification:_identify(test_scripts) by extensions ['ignore', 'ignore_ament_install']
[0.462s] Level 1:colcon.colcon_core.package_identification:_identify(test_scripts) by extension 'ignore'
[0.462s] Level 1:colcon.colcon_core.package_identification:_identify(test_scripts) ignored
[0.462s] Level 1:colcon.colcon_core.package_discovery:discover_packages(recursive) using defaults
[0.462s] Level 1:colcon.colcon_core.package_discovery:discover_packages(ignore) discover
[0.462s] Level 1:colcon.colcon_core.package_discovery:discover_packages(ignore) using defaults
[0.462s] Level 1:colcon.colcon_core.package_discovery:discover_packages(path) discover
[0.462s] Level 1:colcon.colcon_core.package_discovery:discover_packages(path) using defaults
[0.504s] Level 5:colcon.colcon_core.verb:set package 'cam_stream' build argument 'cmake_args' from command line to 'None'
[0.504s] Level 5:colcon.colcon_core.verb:set package 'cam_stream' build argument 'cmake_target' from command line to 'None'
[0.505s] Level 5:colcon.colcon_core.verb:set package 'cam_stream' build argument 'cmake_target_skip_unavailable' from command line to 'False'
[0.505s] Level 5:colcon.colcon_core.verb:set package 'cam_stream' build argument 'cmake_clean_cache' from command line to 'False'
[0.505s] Level 5:colcon.colcon_core.verb:set package 'cam_stream' build argument 'cmake_clean_first' from command line to 'False'
[0.505s] Level 5:colcon.colcon_core.verb:set package 'cam_stream' build argument 'cmake_force_configure' from command line to 'False'
[0.505s] Level 5:colcon.colcon_core.verb:set package 'cam_stream' build argument 'ament_cmake_args' from command line to 'None'
[0.505s] Level 5:colcon.colcon_core.verb:set package 'cam_stream' build argument 'catkin_cmake_args' from command line to 'None'
[0.505s] Level 5:colcon.colcon_core.verb:set package 'cam_stream' build argument 'catkin_skip_building_tests' from command line to 'False'
[0.505s] DEBUG:colcon.colcon_core.verb:Building package 'cam_stream' with the following arguments: {'ament_cmake_args': None, 'build_base': '/home/TASC/AN_WS/build/cam_stream', 'catkin_cmake_args': None, 'catkin_skip_building_tests': False, 'cmake_args': None, 'cmake_clean_cache': False, 'cmake_clean_first': False, 'cmake_force_configure': False, 'cmake_target': None, 'cmake_target_skip_unavailable': False, 'install_base': '/home/TASC/AN_WS/install/cam_stream', 'merge_install': False, 'path': '/home/TASC/AN_WS/src/cam_stream', 'symlink_install': False, 'test_result_base': None}
[0.506s] Level 5:colcon.colcon_core.verb:set package 'navigation' build argument 'cmake_args' from command line to 'None'
[0.506s] Level 5:colcon.colcon_core.verb:set package 'navigation' build argument 'cmake_target' from command line to 'None'
[0.506s] Level 5:colcon.colcon_core.verb:set package 'navigation' build argument 'cmake_target_skip_unavailable' from command line to 'False'
[0.506s] Level 5:colcon.colcon_core.verb:set package 'navigation' build argument 'cmake_clean_cache' from command line to 'False'
[0.506s] Level 5:colcon.colcon_core.verb:set package 'navigation' build argument 'cmake_clean_first' from command line to 'False'
[0.506s] Level 5:colcon.colcon_core.verb:set package 'navigation' build argument 'cmake_force_configure' from command line to 'False'
[0.506s] Level 5:colcon.colcon_core.verb:set package 'navigation' build argument 'ament_cmake_args' from command line to 'None'
[0.506s] Level 5:colcon.colcon_core.verb:set package 'navigation' build argument 'catkin_cmake_args' from command line to 'None'
[0.506s] Level 5:colcon.colcon_core.verb:set package 'navigation' build argument 'catkin_skip_building_tests' from command line to 'False'
[0.506s] DEBUG:colcon.colcon_core.verb:Building package 'navigation' with the following arguments: {'ament_cmake_args': None, 'build_base': '/home/TASC/AN_WS/build/navigation', 'catkin_cmake_args': None, 'catkin_skip_building_tests': False, 'cmake_args': None, 'cmake_clean_cache': False, 'cmake_clean_first': False, 'cmake_force_configure': False, 'cmake_target': None, 'cmake_target_skip_unavailable': False, 'install_base': '/home/TASC/AN_WS/install/navigation', 'merge_install': False, 'path': '/home/TASC/AN_WS/src/navigation', 'symlink_install': False, 'test_result_base': None}
[0.507s] Level 5:colcon.colcon_core.verb:set package 'nova_sensors' build argument 'cmake_args' from command line to 'None'
[0.507s] Level 5:colcon.colcon_core.verb:set package 'nova_sensors' build argument 'cmake_target' from command line to 'None'
[0.507s] Level 5:colcon.colcon_core.verb:set package 'nova_sensors' build argument 'cmake_target_skip_unavailable' from command line to 'False'
[0.507s] Level 5:colcon.colcon_core.verb:set package 'nova_sensors' build argument 'cmake_clean_cache' from command line to 'False'
[0.507s] Level 5:colcon.colcon_core.verb:set package 'nova_sensors' build argument 'cmake_clean_first' from command line to 'False'
[0.507s] Level 5:colcon.colcon_core.verb:set package 'nova_sensors' build argument 'cmake_force_configure' from command line to 'False'
[0.507s] Level 5:colcon.colcon_core.verb:set package 'nova_sensors' build argument 'ament_cmake_args' from command line to 'None'
[0.507s] Level 5:colcon.colcon_core.verb:set package 'nova_sensors' build argument 'catkin_cmake_args' from command line to 'None'
[0.507s] Level 5:colcon.colcon_core.verb:set package 'nova_sensors' build argument 'catkin_skip_building_tests' from command line to 'False'
[0.507s] DEBUG:colcon.colcon_core.verb:Building package 'nova_sensors' with the following arguments: {'ament_cmake_args': None, 'build_base': '/home/TASC/AN_WS/build/nova_sensors', 'catkin_cmake_args': None, 'catkin_skip_building_tests': False, 'cmake_args': None, 'cmake_clean_cache': False, 'cmake_clean_first': False, 'cmake_force_configure': False, 'cmake_target': None, 'cmake_target_skip_unavailable': False, 'install_base': '/home/TASC/AN_WS/install/nova_sensors', 'merge_install': False, 'path': '/home/TASC/AN_WS/nova_sensors', 'symlink_install': False, 'test_result_base': None}
[0.508s] Level 5:colcon.colcon_core.verb:set package 'nova_vision' build argument 'cmake_args' from command line to 'None'
[0.508s] Level 5:colcon.colcon_core.verb:set package 'nova_vision' build argument 'cmake_target' from command line to 'None'
[0.508s] Level 5:colcon.colcon_core.verb:set package 'nova_vision' build argument 'cmake_target_skip_unavailable' from command line to 'False'
[0.508s] Level 5:colcon.colcon_core.verb:set package 'nova_vision' build argument 'cmake_clean_cache' from command line to 'False'
[0.508s] Level 5:colcon.colcon_core.verb:set package 'nova_vision' build argument 'cmake_clean_first' from command line to 'False'
[0.508s] Level 5:colcon.colcon_core.verb:set package 'nova_vision' build argument 'cmake_force_configure' from command line to 'False'
[0.508s] Level 5:colcon.colcon_core.verb:set package 'nova_vision' build argument 'ament_cmake_args' from command line to 'None'
[0.508s] Level 5:colcon.colcon_core.verb:set package 'nova_vision' build argument 'catkin_cmake_args' from command line to 'None'
[0.509s] Level 5:colcon.colcon_core.verb:set package 'nova_vision' build argument 'catkin_skip_building_tests' from command line to 'False'
[0.509s] DEBUG:colcon.colcon_core.verb:Building package 'nova_vision' with the following arguments: {'ament_cmake_args': None, 'build_base': '/home/TASC/AN_WS/build/nova_vision', 'catkin_cmake_args': None, 'catkin_skip_building_tests': False, 'cmake_args': None, 'cmake_clean_cache': False, 'cmake_clean_first': False, 'cmake_force_configure': False, 'cmake_target': None, 'cmake_target_skip_unavailable': False, 'install_base': '/home/TASC/AN_WS/install/nova_vision', 'merge_install': False, 'path': '/home/TASC/AN_WS/nova_vision', 'symlink_install': False, 'test_result_base': None}
[0.509s] INFO:colcon.colcon_core.executor:Executing jobs using 'parallel' executor
[0.511s] DEBUG:colcon.colcon_parallel_executor.executor.parallel:run_until_complete
[0.511s] INFO:colcon.colcon_ros.task.ament_python.build:Building ROS package in '/home/TASC/AN_WS/src/cam_stream' with build type 'ament_python'
[0.512s] Level 1:colcon.colcon_core.shell:create_environment_hook('cam_stream', 'ament_prefix_path')
[0.516s] INFO:colcon.colcon_core.plugin_system:Skipping extension 'colcon_core.shell.bat': Not used on non-Windows systems
[0.517s] INFO:colcon.colcon_core.shell:Creating environment hook '/home/TASC/AN_WS/install/cam_stream/share/cam_stream/hook/ament_prefix_path.ps1'
[0.519s] INFO:colcon.colcon_core.shell:Creating environment descriptor '/home/TASC/AN_WS/install/cam_stream/share/cam_stream/hook/ament_prefix_path.dsv'
[0.521s] INFO:colcon.colcon_core.shell:Creating environment hook '/home/TASC/AN_WS/install/cam_stream/share/cam_stream/hook/ament_prefix_path.sh'
[0.524s] INFO:colcon.colcon_core.shell:Skip shell extension 'powershell' for command environment: Not usable outside of PowerShell
[0.524s] DEBUG:colcon.colcon_core.shell:Skip shell extension 'dsv' for command environment
[0.528s] INFO:colcon.colcon_ros.task.ament_python.build:Building ROS package in '/home/TASC/AN_WS/src/navigation' with build type 'ament_python'
[0.528s] Level 1:colcon.colcon_core.shell:create_environment_hook('navigation', 'ament_prefix_path')
[0.529s] INFO:colcon.colcon_core.shell:Creating environment hook '/home/TASC/AN_WS/install/navigation/share/navigation/hook/ament_prefix_path.ps1'
[0.531s] INFO:colcon.colcon_core.shell:Creating environment descriptor '/home/TASC/AN_WS/install/navigation/share/navigation/hook/ament_prefix_path.dsv'
[0.533s] INFO:colcon.colcon_core.shell:Creating environment hook '/home/TASC/AN_WS/install/navigation/share/navigation/hook/ament_prefix_path.sh'
[0.536s] INFO:colcon.colcon_core.shell:Skip shell extension 'powershell' for command environment: Not usable outside of PowerShell
[0.537s] DEBUG:colcon.colcon_core.shell:Skip shell extension 'dsv' for command environment
[0.541s] INFO:colcon.colcon_ros.task.ament_python.build:Building ROS package in '/home/TASC/AN_WS/nova_sensors' with build type 'ament_python'
[0.542s] Level 1:colcon.colcon_core.shell:create_environment_hook('nova_sensors', 'ament_prefix_path')
[0.544s] INFO:colcon.colcon_core.shell:Creating environment hook '/home/TASC/AN_WS/install/nova_sensors/share/nova_sensors/hook/ament_prefix_path.ps1'
[0.546s] INFO:colcon.colcon_core.shell:Creating environment descriptor '/home/TASC/AN_WS/install/nova_sensors/share/nova_sensors/hook/ament_prefix_path.dsv'
[0.548s] INFO:colcon.colcon_core.shell:Creating environment hook '/home/TASC/AN_WS/install/nova_sensors/share/nova_sensors/hook/ament_prefix_path.sh'
[0.552s] INFO:colcon.colcon_core.shell:Skip shell extension 'powershell' for command environment: Not usable outside of PowerShell
[0.552s] DEBUG:colcon.colcon_core.shell:Skip shell extension 'dsv' for command environment
[0.556s] INFO:colcon.colcon_ros.task.ament_python.build:Building ROS package in '/home/TASC/AN_WS/nova_vision' with build type 'ament_python'
[0.557s] Level 1:colcon.colcon_core.shell:create_environment_hook('nova_vision', 'ament_prefix_path')
[0.558s] INFO:colcon.colcon_core.shell:Creating environment hook '/home/TASC/AN_WS/install/nova_vision/share/nova_vision/hook/ament_prefix_path.ps1'
[0.560s] INFO:colcon.colcon_core.shell:Creating environment descriptor '/home/TASC/AN_WS/install/nova_vision/share/nova_vision/hook/ament_prefix_path.dsv'
[0.565s] INFO:colcon.colcon_core.shell:Creating environment hook '/home/TASC/AN_WS/install/nova_vision/share/nova_vision/hook/ament_prefix_path.sh'
[0.569s] INFO:colcon.colcon_core.shell:Skip shell extension 'powershell' for command environment: Not usable outside of PowerShell
[0.569s] DEBUG:colcon.colcon_core.shell:Skip shell extension 'dsv' for command environment
[1.092s] INFO:colcon.colcon_core.task.python.build:Building Python package in '/home/TASC/AN_WS/src/cam_stream'
[1.093s] INFO:colcon.colcon_core.shell:Skip shell extension 'powershell' for command environment: Not usable outside of PowerShell
[1.093s] DEBUG:colcon.colcon_core.shell:Skip shell extension 'dsv' for command environment
[1.620s] INFO:colcon.colcon_core.task.python.build:Building Python package in '/home/TASC/AN_WS/src/navigation'
[1.621s] INFO:colcon.colcon_core.shell:Skip shell extension 'powershell' for command environment: Not usable outside of PowerShell
[1.622s] DEBUG:colcon.colcon_core.shell:Skip shell extension 'dsv' for command environment
[2.070s] INFO:colcon.colcon_core.task.python.build:Building Python package in '/home/TASC/AN_WS/nova_sensors'
[2.071s] INFO:colcon.colcon_core.shell:Skip shell extension 'powershell' for command environment: Not usable outside of PowerShell
[2.073s] DEBUG:colcon.colcon_core.shell:Skip shell extension 'dsv' for command environment
[2.493s] INFO:colcon.colcon_core.task.python.build:Building Python package in '/home/TASC/AN_WS/nova_vision'
[2.493s] INFO:colcon.colcon_core.shell:Skip shell extension 'powershell' for command environment: Not usable outside of PowerShell
[2.494s] DEBUG:colcon.colcon_core.shell:Skip shell extension 'dsv' for command environment
[3.559s] DEBUG:colcon.colcon_core.event_handler.log_command:Invoking command in '/home/TASC/AN_WS/src/cam_stream': PYTHONPATH=/home/TASC/AN_WS/build/cam_stream/prefix_override:/usr/lib/python3/dist-packages/colcon_core/task/python/colcon_distutils_commands:/home/TASC/AN_WS/install/cam_stream/lib/python3.10/site-packages: /usr/bin/python3 -W ignore:setup.py install is deprecated -W ignore:easy_install command is deprecated setup.py egg_info --egg-base ../../build/cam_stream build --build-base /home/TASC/AN_WS/build/cam_stream/build install --record /home/TASC/AN_WS/build/cam_stream/install.log --single-version-externally-managed install_data
[3.776s] DEBUG:colcon.colcon_core.event_handler.log_command:Invoking command in '/home/TASC/AN_WS/nova_sensors': PYTHONPATH=/home/TASC/AN_WS/build/nova_sensors/prefix_override:/usr/lib/python3/dist-packages/colcon_core/task/python/colcon_distutils_commands:/home/TASC/AN_WS/install/nova_sensors/lib/python3.10/site-packages: /usr/bin/python3 -W ignore:setup.py install is deprecated -W ignore:easy_install command is deprecated setup.py egg_info --egg-base ../build/nova_sensors build --build-base /home/TASC/AN_WS/build/nova_sensors/build install --record /home/TASC/AN_WS/build/nova_sensors/install.log --single-version-externally-managed install_data
[4.049s] DEBUG:colcon.colcon_core.event_handler.log_command:Invoking command in '/home/TASC/AN_WS/nova_vision': PYTHONPATH=/home/TASC/AN_WS/build/nova_vision/prefix_override:/usr/lib/python3/dist-packages/colcon_core/task/python/colcon_distutils_commands:/home/TASC/AN_WS/install/nova_vision/lib/python3.10/site-packages: /usr/bin/python3 -W ignore:setup.py install is deprecated -W ignore:easy_install command is deprecated setup.py egg_info --egg-base ../build/nova_vision build --build-base /home/TASC/AN_WS/build/nova_vision/build install --record /home/TASC/AN_WS/build/nova_vision/install.log --single-version-externally-managed install_data
[4.289s] DEBUG:colcon.colcon_core.event_handler.log_command:Invoking command in '/home/TASC/AN_WS/src/navigation': PYTHONPATH=/home/TASC/AN_WS/build/navigation/prefix_override:/usr/lib/python3/dist-packages/colcon_core/task/python/colcon_distutils_commands:/home/TASC/AN_WS/install/navigation/lib/python3.10/site-packages: /usr/bin/python3 -W ignore:setup.py install is deprecated -W ignore:easy_install command is deprecated setup.py egg_info --egg-base ../../build/navigation build --build-base /home/TASC/AN_WS/build/navigation/build install --record /home/TASC/AN_WS/build/navigation/install.log --single-version-externally-managed install_data
[4.351s] DEBUG:colcon.colcon_core.event_handler.log_command:Invoked command in '/home/TASC/AN_WS/src/cam_stream' returned '0': PYTHONPATH=/home/TASC/AN_WS/build/cam_stream/prefix_override:/usr/lib/python3/dist-packages/colcon_core/task/python/colcon_distutils_commands:/home/TASC/AN_WS/install/cam_stream/lib/python3.10/site-packages: /usr/bin/python3 -W ignore:setup.py install is deprecated -W ignore:easy_install command is deprecated setup.py egg_info --egg-base ../../build/cam_stream build --build-base /home/TASC/AN_WS/build/cam_stream/build install --record /home/TASC/AN_WS/build/cam_stream/install.log --single-version-externally-managed install_data
[4.356s] Level 1:colcon.colcon_core.environment:checking '/home/TASC/AN_WS/install/cam_stream' for CMake module files
[4.360s] Level 1:colcon.colcon_core.environment:checking '/home/TASC/AN_WS/install/cam_stream' for CMake config files
[4.362s] Level 1:colcon.colcon_core.environment:checking '/home/TASC/AN_WS/install/cam_stream/lib'
[4.373s] Level 1:colcon.colcon_core.environment:checking '/home/TASC/AN_WS/install/cam_stream/bin'
[4.377s] Level 1:colcon.colcon_core.environment:checking '/home/TASC/AN_WS/install/cam_stream/lib/pkgconfig/cam_stream.pc'
[4.378s] Level 1:colcon.colcon_core.environment:checking '/home/TASC/AN_WS/install/cam_stream/lib/python3.10/site-packages'
[4.378s] Level 1:colcon.colcon_core.shell:create_environment_hook('cam_stream', 'pythonpath')
[4.379s] INFO:colcon.colcon_core.shell:Creating environment hook '/home/TASC/AN_WS/install/cam_stream/share/cam_stream/hook/pythonpath.ps1'
[4.387s] INFO:colcon.colcon_core.shell:Creating environment descriptor '/home/TASC/AN_WS/install/cam_stream/share/cam_stream/hook/pythonpath.dsv'
[4.392s] INFO:colcon.colcon_core.shell:Creating environment hook '/home/TASC/AN_WS/install/cam_stream/share/cam_stream/hook/pythonpath.sh'
[4.396s] Level 1:colcon.colcon_core.environment:checking '/home/TASC/AN_WS/install/cam_stream/bin'
[4.400s] Level 1:colcon.colcon_core.environment:create_environment_scripts_only(cam_stream)
[4.401s] INFO:colcon.colcon_core.shell:Creating package script '/home/TASC/AN_WS/install/cam_stream/share/cam_stream/package.ps1'
[4.408s] INFO:colcon.colcon_core.shell:Creating package descriptor '/home/TASC/AN_WS/install/cam_stream/share/cam_stream/package.dsv'
[4.417s] INFO:colcon.colcon_core.shell:Creating package script '/home/TASC/AN_WS/install/cam_stream/share/cam_stream/package.sh'
[4.420s] INFO:colcon.colcon_core.shell:Creating package script '/home/TASC/AN_WS/install/cam_stream/share/cam_stream/package.bash'
[4.429s] INFO:colcon.colcon_core.shell:Creating package script '/home/TASC/AN_WS/install/cam_stream/share/cam_stream/package.zsh'
[4.430s] Level 1:colcon.colcon_core.environment:create_file_with_runtime_dependencies(/home/TASC/AN_WS/install/cam_stream/share/colcon-core/packages/cam_stream)
[4.756s] Level 1:colcon.colcon_core.environment:checking '/home/TASC/AN_WS/install/nova_sensors' for CMake module files
[4.759s] Level 1:colcon.colcon_core.environment:checking '/home/TASC/AN_WS/install/nova_sensors' for CMake config files
[4.760s] DEBUG:colcon.colcon_core.event_handler.log_command:Invoked command in '/home/TASC/AN_WS/nova_sensors' returned '0': PYTHONPATH=/home/TASC/AN_WS/build/nova_sensors/prefix_override:/usr/lib/python3/dist-packages/colcon_core/task/python/colcon_distutils_commands:/home/TASC/AN_WS/install/nova_sensors/lib/python3.10/site-packages: /usr/bin/python3 -W ignore:setup.py install is deprecated -W ignore:easy_install command is deprecated setup.py egg_info --egg-base ../build/nova_sensors build --build-base /home/TASC/AN_WS/build/nova_sensors/build install --record /home/TASC/AN_WS/build/nova_sensors/install.log --single-version-externally-managed install_data
[4.768s] Level 1:colcon.colcon_core.environment:checking '/home/TASC/AN_WS/install/nova_sensors/lib'
[4.770s] Level 1:colcon.colcon_core.environment:checking '/home/TASC/AN_WS/install/nova_sensors/bin'
[4.770s] Level 1:colcon.colcon_core.environment:checking '/home/TASC/AN_WS/install/nova_sensors/lib/pkgconfig/nova_sensors.pc'
[4.771s] Level 1:colcon.colcon_core.environment:checking '/home/TASC/AN_WS/install/nova_sensors/lib/python3.10/site-packages'
[4.771s] Level 1:colcon.colcon_core.shell:create_environment_hook('nova_sensors', 'pythonpath')
[4.772s] INFO:colcon.colcon_core.shell:Creating environment hook '/home/TASC/AN_WS/install/nova_sensors/share/nova_sensors/hook/pythonpath.ps1'
[4.780s] INFO:colcon.colcon_core.shell:Creating environment descriptor '/home/TASC/AN_WS/install/nova_sensors/share/nova_sensors/hook/pythonpath.dsv'
[4.792s] INFO:colcon.colcon_core.shell:Creating environment hook '/home/TASC/AN_WS/install/nova_sensors/share/nova_sensors/hook/pythonpath.sh'
[4.805s] Level 1:colcon.colcon_core.environment:checking '/home/TASC/AN_WS/install/nova_sensors/bin'
[4.806s] Level 1:colcon.colcon_core.environment:create_environment_scripts_only(nova_sensors)
[4.812s] INFO:colcon.colcon_core.shell:Creating package script '/home/TASC/AN_WS/install/nova_sensors/share/nova_sensors/package.ps1'
[4.816s] INFO:colcon.colcon_core.shell:Creating package descriptor '/home/TASC/AN_WS/install/nova_sensors/share/nova_sensors/package.dsv'
[4.820s] INFO:colcon.colcon_core.shell:Creating package script '/home/TASC/AN_WS/install/nova_sensors/share/nova_sensors/package.sh'
[4.827s] INFO:colcon.colcon_core.shell:Creating package script '/home/TASC/AN_WS/install/nova_sensors/share/nova_sensors/package.bash'
[4.835s] INFO:colcon.colcon_core.shell:Creating package script '/home/TASC/AN_WS/install/nova_sensors/share/nova_sensors/package.zsh'
[4.845s] Level 1:colcon.colcon_core.environment:create_file_with_runtime_dependencies(/home/TASC/AN_WS/install/nova_sensors/share/colcon-core/packages/nova_sensors)
[5.187s] Level 1:colcon.colcon_core.environment:checking '/home/TASC/AN_WS/install/nova_vision' for CMake module files
[5.188s] Level 1:colcon.colcon_core.environment:checking '/home/TASC/AN_WS/install/nova_vision' for CMake config files
[5.191s] Level 1:colcon.colcon_core.environment:checking '/home/TASC/AN_WS/install/nova_vision/lib'
[5.191s] Level 1:colcon.colcon_core.environment:checking '/home/TASC/AN_WS/install/nova_vision/bin'
[5.191s] Level 1:colcon.colcon_core.environment:checking '/home/TASC/AN_WS/install/nova_vision/lib/pkgconfig/nova_vision.pc'
[5.192s] Level 1:colcon.colcon_core.environment:checking '/home/TASC/AN_WS/install/nova_vision/lib/python3.10/site-packages'
[5.192s] Level 1:colcon.colcon_core.shell:create_environment_hook('nova_vision', 'pythonpath')
[5.193s] INFO:colcon.colcon_core.shell:Creating environment hook '/home/TASC/AN_WS/install/nova_vision/share/nova_vision/hook/pythonpath.ps1'
[5.195s] INFO:colcon.colcon_core.shell:Creating environment descriptor '/home/TASC/AN_WS/install/nova_vision/share/nova_vision/hook/pythonpath.dsv'
[5.202s] DEBUG:colcon.colcon_core.event_handler.log_command:Invoked command in '/home/TASC/AN_WS/nova_vision' returned '0': PYTHONPATH=/home/TASC/AN_WS/build/nova_vision/prefix_override:/usr/lib/python3/dist-packages/colcon_core/task/python/colcon_distutils_commands:/home/TASC/AN_WS/install/nova_vision/lib/python3.10/site-packages: /usr/bin/python3 -W ignore:setup.py install is deprecated -W ignore:easy_install command is deprecated setup.py egg_info --egg-base ../build/nova_vision build --build-base /home/TASC/AN_WS/build/nova_vision/build install --record /home/TASC/AN_WS/build/nova_vision/install.log --single-version-externally-managed install_data
[5.204s] INFO:colcon.colcon_core.shell:Creating environment hook '/home/TASC/AN_WS/install/nova_vision/share/nova_vision/hook/pythonpath.sh'
[5.209s] Level 1:colcon.colcon_core.environment:checking '/home/TASC/AN_WS/install/nova_vision/bin'
[5.210s] Level 1:colcon.colcon_core.environment:create_environment_scripts_only(nova_vision)
[5.211s] INFO:colcon.colcon_core.shell:Creating package script '/home/TASC/AN_WS/install/nova_vision/share/nova_vision/package.ps1'
[5.212s] INFO:colcon.colcon_core.shell:Creating package descriptor '/home/TASC/AN_WS/install/nova_vision/share/nova_vision/package.dsv'
[5.214s] INFO:colcon.colcon_core.shell:Creating package script '/home/TASC/AN_WS/install/nova_vision/share/nova_vision/package.sh'
[5.215s] INFO:colcon.colcon_core.shell:Creating package script '/home/TASC/AN_WS/install/nova_vision/share/nova_vision/package.bash'
[5.217s] INFO:colcon.colcon_core.shell:Creating package script '/home/TASC/AN_WS/install/nova_vision/share/nova_vision/package.zsh'
[5.220s] Level 1:colcon.colcon_core.environment:create_file_with_runtime_dependencies(/home/TASC/AN_WS/install/nova_vision/share/colcon-core/packages/nova_vision)
[5.376s] Level 1:colcon.colcon_core.environment:checking '/home/TASC/AN_WS/install/navigation' for CMake module files
[5.379s] DEBUG:colcon.colcon_core.event_handler.log_command:Invoked command in '/home/TASC/AN_WS/src/navigation' returned '0': PYTHONPATH=/home/TASC/AN_WS/build/navigation/prefix_override:/usr/lib/python3/dist-packages/colcon_core/task/python/colcon_distutils_commands:/home/TASC/AN_WS/install/navigation/lib/python3.10/site-packages: /usr/bin/python3 -W ignore:setup.py install is deprecated -W ignore:easy_install command is deprecated setup.py egg_info --egg-base ../../build/navigation build --build-base /home/TASC/AN_WS/build/navigation/build install --record /home/TASC/AN_WS/build/navigation/install.log --single-version-externally-managed install_data
[5.380s] Level 1:colcon.colcon_core.environment:checking '/home/TASC/AN_WS/install/navigation' for CMake config files
[5.382s] Level 1:colcon.colcon_core.environment:checking '/home/TASC/AN_WS/install/navigation/lib'
[5.382s] Level 1:colcon.colcon_core.environment:checking '/home/TASC/AN_WS/install/navigation/bin'
[5.383s] Level 1:colcon.colcon_core.environment:checking '/home/TASC/AN_WS/install/navigation/lib/pkgconfig/navigation.pc'
[5.383s] Level 1:colcon.colcon_core.environment:checking '/home/TASC/AN_WS/install/navigation/lib/python3.10/site-packages'
[5.384s] Level 1:colcon.colcon_core.shell:create_environment_hook('navigation', 'pythonpath')
[5.384s] INFO:colcon.colcon_core.shell:Creating environment hook '/home/TASC/AN_WS/install/navigation/share/navigation/hook/pythonpath.ps1'
[5.385s] INFO:colcon.colcon_core.shell:Creating environment descriptor '/home/TASC/AN_WS/install/navigation/share/navigation/hook/pythonpath.dsv'
[5.387s] INFO:colcon.colcon_core.shell:Creating environment hook '/home/TASC/AN_WS/install/navigation/share/navigation/hook/pythonpath.sh'
[5.389s] Level 1:colcon.colcon_core.environment:checking '/home/TASC/AN_WS/install/navigation/bin'
[5.389s] Level 1:colcon.colcon_core.environment:create_environment_scripts_only(navigation)
[5.390s] INFO:colcon.colcon_core.shell:Creating package script '/home/TASC/AN_WS/install/navigation/share/navigation/package.ps1'
[5.392s] INFO:colcon.colcon_core.shell:Creating package descriptor '/home/TASC/AN_WS/install/navigation/share/navigation/package.dsv'
[5.393s] INFO:colcon.colcon_core.shell:Creating package script '/home/TASC/AN_WS/install/navigation/share/navigation/package.sh'
[5.395s] INFO:colcon.colcon_core.shell:Creating package script '/home/TASC/AN_WS/install/navigation/share/navigation/package.bash'
[5.397s] INFO:colcon.colcon_core.shell:Creating package script '/home/TASC/AN_WS/install/navigation/share/navigation/package.zsh'
[5.399s] Level 1:colcon.colcon_core.environment:create_file_with_runtime_dependencies(/home/TASC/AN_WS/install/navigation/share/colcon-core/packages/navigation)
[5.400s] DEBUG:colcon.colcon_parallel_executor.executor.parallel:closing loop
[5.401s] DEBUG:colcon.colcon_parallel_executor.executor.parallel:loop closed
[5.402s] DEBUG:colcon.colcon_parallel_executor.executor.parallel:run_until_complete finished with '0'
[5.402s] DEBUG:colcon.colcon_core.event_reactor:joining thread
[5.417s] INFO:colcon.colcon_core.plugin_system:Skipping extension 'colcon_notification.desktop_notification.notify_send': Could not find 'notify-send'
[5.418s] INFO:colcon.colcon_core.plugin_system:Skipping extension 'colcon_notification.desktop_notification.terminal_notifier': Not used on non-Darwin systems
[5.418s] INFO:colcon.colcon_core.plugin_system:Skipping extension 'colcon_notification.desktop_notification.win32': Not used on non-Windows systems
[5.418s] INFO:colcon.colcon_notification.desktop_notification:Sending desktop notification using 'notify2'
[5.423s] DEBUG:colcon.colcon_notification.desktop_notification.notify2:Failed to initialize notify2: org.freedesktop.DBus.Error.Spawn.ExecFailed: /usr/bin/dbus-launch terminated abnormally without any error message
[5.424s] DEBUG:colcon.colcon_core.event_reactor:joined thread
[5.425s] INFO:colcon.colcon_core.shell:Creating prefix script '/home/TASC/AN_WS/install/local_setup.ps1'
[5.429s] INFO:colcon.colcon_core.shell:Creating prefix util module '/home/TASC/AN_WS/install/_local_setup_util_ps1.py'
[5.432s] INFO:colcon.colcon_core.shell:Creating prefix chain script '/home/TASC/AN_WS/install/setup.ps1'
[5.435s] INFO:colcon.colcon_core.shell:Creating prefix script '/home/TASC/AN_WS/install/local_setup.sh'
[5.436s] INFO:colcon.colcon_core.shell:Creating prefix util module '/home/TASC/AN_WS/install/_local_setup_util_sh.py'
[5.438s] INFO:colcon.colcon_core.shell:Creating prefix chain script '/home/TASC/AN_WS/install/setup.sh'
[5.440s] INFO:colcon.colcon_core.shell:Creating prefix script '/home/TASC/AN_WS/install/local_setup.bash'
[5.442s] INFO:colcon.colcon_core.shell:Creating prefix chain script '/home/TASC/AN_WS/install/setup.bash'
[5.445s] INFO:colcon.colcon_core.shell:Creating prefix script '/home/TASC/AN_WS/install/local_setup.zsh'
[5.448s] INFO:colcon.colcon_core.shell:Creating prefix chain script '/home/TASC/AN_WS/install/setup.zsh'
