[1.730s] Invoking command in '/home/moon/AN_WS/src/navigation': PYTHONPATH=/home/moon/AN_WS/build/navigation/prefix_override:/usr/lib/python3/dist-packages/colcon_core/task/python/colcon_distutils_commands:/home/moon/AN_WS/install/navigation/lib/python3.10/site-packages:${PYTHONPATH} /usr/bin/python3 -W ignore:setup.py install is deprecated -W ignore:easy_install command is deprecated setup.py egg_info --egg-base ../../build/navigation build --build-base /home/moon/AN_WS/build/navigation/build install --record /home/moon/AN_WS/build/navigation/install.log --single-version-externally-managed install_data
[2.176s] running egg_info
[2.177s] writing ../../build/navigation/navigation.egg-info/PKG-INFO
[2.177s] writing dependency_links to ../../build/navigation/navigation.egg-info/dependency_links.txt
[2.178s] writing entry points to ../../build/navigation/navigation.egg-info/entry_points.txt
[2.178s] writing requirements to ../../build/navigation/navigation.egg-info/requires.txt
[2.178s] writing top-level names to ../../build/navigation/navigation.egg-info/top_level.txt
[2.180s] reading manifest file '../../build/navigation/navigation.egg-info/SOURCES.txt'
[2.181s] adding license file 'LICENSE'
[2.182s] writing manifest file '../../build/navigation/navigation.egg-info/SOURCES.txt'
[2.182s] running build
[2.182s] running build_py
[2.183s] running install
[2.184s] running install_lib
[2.186s] running install_data
[2.186s] running install_egg_info
[2.189s] removing '/home/moon/AN_WS/install/navigation/lib/python3.10/site-packages/navigation-0.0.0-py3.10.egg-info' (and everything under it)
[2.189s] Copying ../../build/navigation/navigation.egg-info to /home/moon/AN_WS/install/navigation/lib/python3.10/site-packages/navigation-0.0.0-py3.10.egg-info
[2.191s] running install_scripts
[2.212s] Installing aruco_marker_publisher script to /home/moon/AN_WS/install/navigation/lib/navigation
[2.212s] Installing camera_publisher script to /home/moon/AN_WS/install/navigation/lib/navigation
[2.213s] Installing camera_subscriber script to /home/moon/AN_WS/install/navigation/lib/navigation
[2.213s] Installing combined_gps_aruco script to /home/moon/AN_WS/install/navigation/lib/navigation
[2.213s] Installing gps_display script to /home/moon/AN_WS/install/navigation/lib/navigation
[2.213s] Installing gps_node script to /home/moon/AN_WS/install/navigation/lib/navigation
[2.213s] Installing gst_pub script to /home/moon/AN_WS/install/navigation/lib/navigation
[2.213s] Installing multi_camera_publisher script to /home/moon/AN_WS/install/navigation/lib/navigation
[2.213s] Installing multi_camera_publisher_gst script to /home/moon/AN_WS/install/navigation/lib/navigation
[2.213s] Installing multi_camera_subscriber_gst script to /home/moon/AN_WS/install/navigation/lib/navigation
[2.213s] writing list of installed files to '/home/moon/AN_WS/build/navigation/install.log'
[2.242s] Invoked command in '/home/moon/AN_WS/src/navigation' returned '0': PYTHONPATH=/home/moon/AN_WS/build/navigation/prefix_override:/usr/lib/python3/dist-packages/colcon_core/task/python/colcon_distutils_commands:/home/moon/AN_WS/install/navigation/lib/python3.10/site-packages:${PYTHONPATH} /usr/bin/python3 -W ignore:setup.py install is deprecated -W ignore:easy_install command is deprecated setup.py egg_info --egg-base ../../build/navigation build --build-base /home/moon/AN_WS/build/navigation/build install --record /home/moon/AN_WS/build/navigation/install.log --single-version-externally-managed install_data
