[3.152s] Invoking command in '/home/tasc/AN_WS-1/src/navigation': PYTHONPATH=/home/tasc/AN_WS-1/build/navigation/prefix_override:/usr/lib/python3/dist-packages/colcon_core/task/python/colcon_distutils_commands:/home/tasc/AN_WS-1/install/navigation/lib/python3.10/site-packages:${PYTHONPATH} /usr/bin/python3 -W ignore:setup.py install is deprecated -W ignore:easy_install command is deprecated setup.py egg_info --egg-base ../../build/navigation build --build-base /home/tasc/AN_WS-1/build/navigation/build install --record /home/tasc/AN_WS-1/build/navigation/install.log --single-version-externally-managed install_data
[3.699s] running egg_info
[3.701s] creating ../../build/navigation/navigation.egg-info
[3.701s] writing ../../build/navigation/navigation.egg-info/PKG-INFO
[3.702s] writing dependency_links to ../../build/navigation/navigation.egg-info/dependency_links.txt
[3.702s] writing entry points to ../../build/navigation/navigation.egg-info/entry_points.txt
[3.703s] writing requirements to ../../build/navigation/navigation.egg-info/requires.txt
[3.703s] writing top-level names to ../../build/navigation/navigation.egg-info/top_level.txt
[3.704s] writing manifest file '../../build/navigation/navigation.egg-info/SOURCES.txt'
[3.708s] reading manifest file '../../build/navigation/navigation.egg-info/SOURCES.txt'
[3.708s] adding license file 'LICENSE'
[3.709s] writing manifest file '../../build/navigation/navigation.egg-info/SOURCES.txt'
[3.709s] running build
[3.710s] running build_py
[3.710s] creating /home/tasc/AN_WS-1/build/navigation/build
[3.712s] creating /home/tasc/AN_WS-1/build/navigation/build/lib
[3.712s] creating /home/tasc/AN_WS-1/build/navigation/build/lib/navigation
[3.712s] copying navigation/gps_display_old.py -> /home/tasc/AN_WS-1/build/navigation/build/lib/navigation
[3.715s] copying navigation/gps_display.py -> /home/tasc/AN_WS-1/build/navigation/build/lib/navigation
[3.716s] copying navigation/gps_node.py -> /home/tasc/AN_WS-1/build/navigation/build/lib/navigation
[3.716s] copying navigation/multi_camera_publisher.py -> /home/tasc/AN_WS-1/build/navigation/build/lib/navigation
[3.716s] copying navigation/gst_pub.py -> /home/tasc/AN_WS-1/build/navigation/build/lib/navigation
[3.717s] copying navigation/aruco_marker_publisher.py -> /home/tasc/AN_WS-1/build/navigation/build/lib/navigation
[3.718s] copying navigation/multi_camera_publisher_previous.py -> /home/tasc/AN_WS-1/build/navigation/build/lib/navigation
[3.718s] copying navigation/camera_publisher.py -> /home/tasc/AN_WS-1/build/navigation/build/lib/navigation
[3.719s] copying navigation/__init__.py -> /home/tasc/AN_WS-1/build/navigation/build/lib/navigation
[3.720s] copying navigation/combined_gps_aruco_node.py -> /home/tasc/AN_WS-1/build/navigation/build/lib/navigation
[3.720s] copying navigation/multi_camera_publisher_old.py -> /home/tasc/AN_WS-1/build/navigation/build/lib/navigation
[3.723s] copying navigation/multi_camera_subscriber_gst.py -> /home/tasc/AN_WS-1/build/navigation/build/lib/navigation
[3.723s] copying navigation/multi_camera_publisher_gst.py -> /home/tasc/AN_WS-1/build/navigation/build/lib/navigation
[3.723s] copying navigation/camera_subscriber.py -> /home/tasc/AN_WS-1/build/navigation/build/lib/navigation
[3.723s] running install
[3.724s] running install_lib
[3.725s] creating /home/tasc/AN_WS-1/install/navigation/lib/python3.10/site-packages/navigation
[3.725s] copying /home/tasc/AN_WS-1/build/navigation/build/lib/navigation/gps_display_old.py -> /home/tasc/AN_WS-1/install/navigation/lib/python3.10/site-packages/navigation
[3.726s] copying /home/tasc/AN_WS-1/build/navigation/build/lib/navigation/gps_display.py -> /home/tasc/AN_WS-1/install/navigation/lib/python3.10/site-packages/navigation
[3.726s] copying /home/tasc/AN_WS-1/build/navigation/build/lib/navigation/gps_node.py -> /home/tasc/AN_WS-1/install/navigation/lib/python3.10/site-packages/navigation
[3.727s] copying /home/tasc/AN_WS-1/build/navigation/build/lib/navigation/multi_camera_publisher.py -> /home/tasc/AN_WS-1/install/navigation/lib/python3.10/site-packages/navigation
[3.727s] copying /home/tasc/AN_WS-1/build/navigation/build/lib/navigation/gst_pub.py -> /home/tasc/AN_WS-1/install/navigation/lib/python3.10/site-packages/navigation
[3.728s] copying /home/tasc/AN_WS-1/build/navigation/build/lib/navigation/aruco_marker_publisher.py -> /home/tasc/AN_WS-1/install/navigation/lib/python3.10/site-packages/navigation
[3.729s] copying /home/tasc/AN_WS-1/build/navigation/build/lib/navigation/multi_camera_publisher_previous.py -> /home/tasc/AN_WS-1/install/navigation/lib/python3.10/site-packages/navigation
[3.729s] copying /home/tasc/AN_WS-1/build/navigation/build/lib/navigation/camera_publisher.py -> /home/tasc/AN_WS-1/install/navigation/lib/python3.10/site-packages/navigation
[3.730s] copying /home/tasc/AN_WS-1/build/navigation/build/lib/navigation/__init__.py -> /home/tasc/AN_WS-1/install/navigation/lib/python3.10/site-packages/navigation
[3.730s] copying /home/tasc/AN_WS-1/build/navigation/build/lib/navigation/combined_gps_aruco_node.py -> /home/tasc/AN_WS-1/install/navigation/lib/python3.10/site-packages/navigation
[3.731s] copying /home/tasc/AN_WS-1/build/navigation/build/lib/navigation/multi_camera_publisher_old.py -> /home/tasc/AN_WS-1/install/navigation/lib/python3.10/site-packages/navigation
[3.731s] copying /home/tasc/AN_WS-1/build/navigation/build/lib/navigation/multi_camera_subscriber_gst.py -> /home/tasc/AN_WS-1/install/navigation/lib/python3.10/site-packages/navigation
[3.731s] copying /home/tasc/AN_WS-1/build/navigation/build/lib/navigation/multi_camera_publisher_gst.py -> /home/tasc/AN_WS-1/install/navigation/lib/python3.10/site-packages/navigation
[3.731s] copying /home/tasc/AN_WS-1/build/navigation/build/lib/navigation/camera_subscriber.py -> /home/tasc/AN_WS-1/install/navigation/lib/python3.10/site-packages/navigation
[3.732s] byte-compiling /home/tasc/AN_WS-1/install/navigation/lib/python3.10/site-packages/navigation/gps_display_old.py to gps_display_old.cpython-310.pyc
[3.733s] byte-compiling /home/tasc/AN_WS-1/install/navigation/lib/python3.10/site-packages/navigation/gps_display.py to gps_display.cpython-310.pyc
[3.733s] byte-compiling /home/tasc/AN_WS-1/install/navigation/lib/python3.10/site-packages/navigation/gps_node.py to gps_node.cpython-310.pyc
[3.734s] byte-compiling /home/tasc/AN_WS-1/install/navigation/lib/python3.10/site-packages/navigation/multi_camera_publisher.py to multi_camera_publisher.cpython-310.pyc
[3.735s] byte-compiling /home/tasc/AN_WS-1/install/navigation/lib/python3.10/site-packages/navigation/gst_pub.py to gst_pub.cpython-310.pyc
[3.735s] byte-compiling /home/tasc/AN_WS-1/install/navigation/lib/python3.10/site-packages/navigation/aruco_marker_publisher.py to aruco_marker_publisher.cpython-310.pyc
[3.736s] byte-compiling /home/tasc/AN_WS-1/install/navigation/lib/python3.10/site-packages/navigation/multi_camera_publisher_previous.py to multi_camera_publisher_previous.cpython-310.pyc
[3.737s] byte-compiling /home/tasc/AN_WS-1/install/navigation/lib/python3.10/site-packages/navigation/camera_publisher.py to camera_publisher.cpython-310.pyc
[3.738s] byte-compiling /home/tasc/AN_WS-1/install/navigation/lib/python3.10/site-packages/navigation/__init__.py to __init__.cpython-310.pyc
[3.738s] byte-compiling /home/tasc/AN_WS-1/install/navigation/lib/python3.10/site-packages/navigation/combined_gps_aruco_node.py to combined_gps_aruco_node.cpython-310.pyc
[3.746s] byte-compiling /home/tasc/AN_WS-1/install/navigation/lib/python3.10/site-packages/navigation/multi_camera_publisher_old.py to multi_camera_publisher_old.cpython-310.pyc
[3.746s] byte-compiling /home/tasc/AN_WS-1/install/navigation/lib/python3.10/site-packages/navigation/multi_camera_subscriber_gst.py to multi_camera_subscriber_gst.cpython-310.pyc
[3.746s] byte-compiling /home/tasc/AN_WS-1/install/navigation/lib/python3.10/site-packages/navigation/multi_camera_publisher_gst.py to multi_camera_publisher_gst.cpython-310.pyc
[3.746s] byte-compiling /home/tasc/AN_WS-1/install/navigation/lib/python3.10/site-packages/navigation/camera_subscriber.py to camera_subscriber.cpython-310.pyc
[3.746s] running install_data
[3.747s] creating /home/tasc/AN_WS-1/install/navigation/share/ament_index
[3.747s] creating /home/tasc/AN_WS-1/install/navigation/share/ament_index/resource_index
[3.747s] creating /home/tasc/AN_WS-1/install/navigation/share/ament_index/resource_index/packages
[3.747s] copying resource/navigation -> /home/tasc/AN_WS-1/install/navigation/share/ament_index/resource_index/packages
[3.747s] copying package.xml -> /home/tasc/AN_WS-1/install/navigation/share/navigation
[3.748s] creating /home/tasc/AN_WS-1/install/navigation/share/navigation/launch
[3.748s] copying launch/multi_cameras.launch.py -> /home/tasc/AN_WS-1/install/navigation/share/navigation/launch
[3.748s] copying launch/gps_cameras.launch.py -> /home/tasc/AN_WS-1/install/navigation/share/navigation/launch
[3.749s] running install_egg_info
[3.753s] Copying ../../build/navigation/navigation.egg-info to /home/tasc/AN_WS-1/install/navigation/lib/python3.10/site-packages/navigation-0.0.0-py3.10.egg-info
[3.755s] running install_scripts
[3.804s] Installing aruco_marker_publisher script to /home/tasc/AN_WS-1/install/navigation/lib/navigation
[3.804s] Installing camera_publisher script to /home/tasc/AN_WS-1/install/navigation/lib/navigation
[3.805s] Installing camera_subscriber script to /home/tasc/AN_WS-1/install/navigation/lib/navigation
[3.806s] Installing combined_gps_aruco script to /home/tasc/AN_WS-1/install/navigation/lib/navigation
[3.806s] Installing gps_display script to /home/tasc/AN_WS-1/install/navigation/lib/navigation
[3.807s] Installing gps_node script to /home/tasc/AN_WS-1/install/navigation/lib/navigation
[3.807s] Installing gst_pub script to /home/tasc/AN_WS-1/install/navigation/lib/navigation
[3.807s] Installing multi_camera_publisher script to /home/tasc/AN_WS-1/install/navigation/lib/navigation
[3.807s] Installing multi_camera_publisher_gst script to /home/tasc/AN_WS-1/install/navigation/lib/navigation
[3.807s] Installing multi_camera_subscriber_gst script to /home/tasc/AN_WS-1/install/navigation/lib/navigation
[3.808s] writing list of installed files to '/home/tasc/AN_WS-1/build/navigation/install.log'
[3.927s] Invoked command in '/home/tasc/AN_WS-1/src/navigation' returned '0': PYTHONPATH=/home/tasc/AN_WS-1/build/navigation/prefix_override:/usr/lib/python3/dist-packages/colcon_core/task/python/colcon_distutils_commands:/home/tasc/AN_WS-1/install/navigation/lib/python3.10/site-packages:${PYTHONPATH} /usr/bin/python3 -W ignore:setup.py install is deprecated -W ignore:easy_install command is deprecated setup.py egg_info --egg-base ../../build/navigation build --build-base /home/tasc/AN_WS-1/build/navigation/build install --record /home/tasc/AN_WS-1/build/navigation/install.log --single-version-externally-managed install_data
