[2.169s] Invoking command in '/home/moon/AN_WS/nova_vision': PYTHONPATH=/home/moon/AN_WS/build/nova_vision/prefix_override:/usr/lib/python3/dist-packages/colcon_core/task/python/colcon_distutils_commands:/home/moon/AN_WS/install/nova_vision/lib/python3.10/site-packages:${PYTHONPATH} /usr/bin/python3 -W ignore:setup.py install is deprecated -W ignore:easy_install command is deprecated setup.py egg_info --egg-base ../build/nova_vision build --build-base /home/moon/AN_WS/build/nova_vision/build install --record /home/moon/AN_WS/build/nova_vision/install.log --single-version-externally-managed install_data
[2.609s] running egg_info
[2.612s] writing ../build/nova_vision/nova_vision.egg-info/PKG-INFO
[2.612s] writing dependency_links to ../build/nova_vision/nova_vision.egg-info/dependency_links.txt
[2.613s] writing entry points to ../build/nova_vision/nova_vision.egg-info/entry_points.txt
[2.615s] writing requirements to ../build/nova_vision/nova_vision.egg-info/requires.txt
[2.616s] writing top-level names to ../build/nova_vision/nova_vision.egg-info/top_level.txt
[2.616s] reading manifest file '../build/nova_vision/nova_vision.egg-info/SOURCES.txt'
[2.625s] adding license file 'LICENSE'
[2.628s] writing manifest file '../build/nova_vision/nova_vision.egg-info/SOURCES.txt'
[2.630s] running build
[2.630s] running build_py
[2.631s] running install
[2.631s] running install_lib
[2.651s] running install_data
[2.651s] running install_egg_info
[2.651s] removing '/home/moon/AN_WS/install/nova_vision/lib/python3.10/site-packages/nova_vision-0.0.0-py3.10.egg-info' (and everything under it)
[2.652s] Copying ../build/nova_vision/nova_vision.egg-info to /home/moon/AN_WS/install/nova_vision/lib/python3.10/site-packages/nova_vision-0.0.0-py3.10.egg-info
[2.652s] running install_scripts
[2.676s] Installing aruco_detect script to /home/moon/AN_WS/install/nova_vision/lib/nova_vision
[2.678s] Installing camera_publisher script to /home/moon/AN_WS/install/nova_vision/lib/nova_vision
[2.679s] Installing camera_subscriber script to /home/moon/AN_WS/install/nova_vision/lib/nova_vision
[2.679s] Installing gps_aruco script to /home/moon/AN_WS/install/nova_vision/lib/nova_vision
[2.680s] Installing gps_display script to /home/moon/AN_WS/install/nova_vision/lib/nova_vision
[2.680s] Installing gps_node script to /home/moon/AN_WS/install/nova_vision/lib/nova_vision
[2.680s] Installing multi_camera_publisher script to /home/moon/AN_WS/install/nova_vision/lib/nova_vision
[2.685s] Installing object_tracker script to /home/moon/AN_WS/install/nova_vision/lib/nova_vision
[2.685s] writing list of installed files to '/home/moon/AN_WS/build/nova_vision/install.log'
[2.714s] Invoked command in '/home/moon/AN_WS/nova_vision' returned '0': PYTHONPATH=/home/moon/AN_WS/build/nova_vision/prefix_override:/usr/lib/python3/dist-packages/colcon_core/task/python/colcon_distutils_commands:/home/moon/AN_WS/install/nova_vision/lib/python3.10/site-packages:${PYTHONPATH} /usr/bin/python3 -W ignore:setup.py install is deprecated -W ignore:easy_install command is deprecated setup.py egg_info --egg-base ../build/nova_vision build --build-base /home/moon/AN_WS/build/nova_vision/build install --record /home/moon/AN_WS/build/nova_vision/install.log --single-version-externally-managed install_data
