/home/moon/AN_WS/install/cam_stream/lib/python3.10/site-packages/cam_stream/multi_camera_publisher.py
/home/moon/AN_WS/install/cam_stream/lib/python3.10/site-packages/cam_stream/gps_node.py
/home/moon/AN_WS/install/cam_stream/lib/python3.10/site-packages/cam_stream/distance_tracker.py
/home/moon/AN_WS/install/cam_stream/lib/python3.10/site-packages/cam_stream/multi_camera_subscriber.py
/home/moon/AN_WS/install/cam_stream/lib/python3.10/site-packages/cam_stream/__init__.py
/home/moon/AN_WS/install/cam_stream/lib/python3.10/site-packages/cam_stream/multi_cam_gps_aruco.py
/home/moon/AN_WS/install/cam_stream/lib/python3.10/site-packages/cam_stream/__pycache__/multi_camera_publisher.cpython-310.pyc
/home/moon/AN_WS/install/cam_stream/lib/python3.10/site-packages/cam_stream/__pycache__/gps_node.cpython-310.pyc
/home/moon/AN_WS/install/cam_stream/lib/python3.10/site-packages/cam_stream/__pycache__/distance_tracker.cpython-310.pyc
/home/moon/AN_WS/install/cam_stream/lib/python3.10/site-packages/cam_stream/__pycache__/multi_camera_subscriber.cpython-310.pyc
/home/moon/AN_WS/install/cam_stream/lib/python3.10/site-packages/cam_stream/__pycache__/__init__.cpython-310.pyc
/home/moon/AN_WS/install/cam_stream/lib/python3.10/site-packages/cam_stream/__pycache__/multi_cam_gps_aruco.cpython-310.pyc
/home/moon/AN_WS/install/cam_stream/share/ament_index/resource_index/packages/cam_stream
/home/moon/AN_WS/install/cam_stream/share/cam_stream/package.xml
/home/moon/AN_WS/install/cam_stream/share/cam_stream/launch/multi.camera.launch.py
/home/moon/AN_WS/install/cam_stream/lib/python3.10/site-packages/cam_stream-0.0.0-py3.10.egg-info/zip-safe
/home/moon/AN_WS/install/cam_stream/lib/python3.10/site-packages/cam_stream-0.0.0-py3.10.egg-info/PKG-INFO
/home/moon/AN_WS/install/cam_stream/lib/python3.10/site-packages/cam_stream-0.0.0-py3.10.egg-info/top_level.txt
/home/moon/AN_WS/install/cam_stream/lib/python3.10/site-packages/cam_stream-0.0.0-py3.10.egg-info/dependency_links.txt
/home/moon/AN_WS/install/cam_stream/lib/python3.10/site-packages/cam_stream-0.0.0-py3.10.egg-info/requires.txt
/home/moon/AN_WS/install/cam_stream/lib/python3.10/site-packages/cam_stream-0.0.0-py3.10.egg-info/entry_points.txt
/home/moon/AN_WS/install/cam_stream/lib/python3.10/site-packages/cam_stream-0.0.0-py3.10.egg-info/SOURCES.txt
/home/moon/AN_WS/install/cam_stream/lib/cam_stream/distance_tracker
/home/moon/AN_WS/install/cam_stream/lib/cam_stream/gps_node
/home/moon/AN_WS/install/cam_stream/lib/cam_stream/multi_cam_gps_aruco
/home/moon/AN_WS/install/cam_stream/lib/cam_stream/multi_camera_publisher
/home/moon/AN_WS/install/cam_stream/lib/cam_stream/multi_camera_subscriber
