[2.771s] Invoking command in '/home/TASC/AN_WS/src/cam_stream': PYTHONPATH=/home/TASC/AN_WS/build/cam_stream/prefix_override:/usr/lib/python3/dist-packages/colcon_core/task/python/colcon_distutils_commands:/home/TASC/AN_WS/install/cam_stream/lib/python3.10/site-packages: /usr/bin/python3 -W ignore:setup.py install is deprecated -W ignore:easy_install command is deprecated setup.py egg_info --egg-base ../../build/cam_stream build --build-base /home/TASC/AN_WS/build/cam_stream/build install --record /home/TASC/AN_WS/build/cam_stream/install.log --single-version-externally-managed install_data
[3.567s] running egg_info
[3.570s] writing ../../build/cam_stream/cam_stream.egg-info/PKG-INFO
[3.571s] writing dependency_links to ../../build/cam_stream/cam_stream.egg-info/dependency_links.txt
[3.571s] writing entry points to ../../build/cam_stream/cam_stream.egg-info/entry_points.txt
[3.571s] writing requirements to ../../build/cam_stream/cam_stream.egg-info/requires.txt
[3.576s] writing top-level names to ../../build/cam_stream/cam_stream.egg-info/top_level.txt
[3.595s] reading manifest file '../../build/cam_stream/cam_stream.egg-info/SOURCES.txt'
[3.613s] writing manifest file '../../build/cam_stream/cam_stream.egg-info/SOURCES.txt'
[3.620s] running build
[3.620s] running build_py
[3.630s] running install
[3.632s] running install_lib
[3.644s] running install_data
[3.655s] running install_egg_info
[3.692s] removing '/home/TASC/AN_WS/install/cam_stream/lib/python3.10/site-packages/cam_stream-0.0.0-py3.10.egg-info' (and everything under it)
[3.692s] Copying ../../build/cam_stream/cam_stream.egg-info to /home/TASC/AN_WS/install/cam_stream/lib/python3.10/site-packages/cam_stream-0.0.0-py3.10.egg-info
[3.714s] running install_scripts
[3.881s] Installing multi_camera_publisher script to /home/TASC/AN_WS/install/cam_stream/lib/cam_stream
[3.881s] Installing multi_camera_subscriber script to /home/TASC/AN_WS/install/cam_stream/lib/cam_stream
[3.884s] writing list of installed files to '/home/TASC/AN_WS/build/cam_stream/install.log'
[4.221s] Invoked command in '/home/TASC/AN_WS/src/cam_stream' returned '0': PYTHONPATH=/home/TASC/AN_WS/build/cam_stream/prefix_override:/usr/lib/python3/dist-packages/colcon_core/task/python/colcon_distutils_commands:/home/TASC/AN_WS/install/cam_stream/lib/python3.10/site-packages: /usr/bin/python3 -W ignore:setup.py install is deprecated -W ignore:easy_install command is deprecated setup.py egg_info --egg-base ../../build/cam_stream build --build-base /home/TASC/AN_WS/build/cam_stream/build install --record /home/TASC/AN_WS/build/cam_stream/install.log --single-version-externally-managed install_data
