[5.141s] Invoking command in '/home/moon/AN_WS/nova_sensors': PYTHONPATH=/home/moon/AN_WS/build/nova_sensors/prefix_override:/usr/lib/python3/dist-packages/colcon_core/task/python/colcon_distutils_commands:/home/moon/AN_WS/install/nova_sensors/lib/python3.10/site-packages:${PYTHONPATH} /usr/bin/python3 -W ignore:setup.py install is deprecated -W ignore:easy_install command is deprecated setup.py egg_info --egg-base ../build/nova_sensors build --build-base /home/moon/AN_WS/build/nova_sensors/build install --record /home/moon/AN_WS/build/nova_sensors/install.log --single-version-externally-managed install_data
[8.087s] running egg_info
[8.093s] writing ../build/nova_sensors/nova_sensors.egg-info/PKG-INFO
[8.104s] writing dependency_links to ../build/nova_sensors/nova_sensors.egg-info/dependency_links.txt
[8.105s] writing entry points to ../build/nova_sensors/nova_sensors.egg-info/entry_points.txt
[8.112s] writing requirements to ../build/nova_sensors/nova_sensors.egg-info/requires.txt
[8.132s] writing top-level names to ../build/nova_sensors/nova_sensors.egg-info/top_level.txt
[8.173s] reading manifest file '../build/nova_sensors/nova_sensors.egg-info/SOURCES.txt'
[8.184s] writing manifest file '../build/nova_sensors/nova_sensors.egg-info/SOURCES.txt'
[8.204s] running build
[8.204s] running build_py
[8.207s] running install
[8.210s] running install_lib
[8.239s] running install_data
[8.247s] running install_egg_info
[8.281s] removing '/home/moon/AN_WS/install/nova_sensors/lib/python3.10/site-packages/nova_sensors-0.0.0-py3.10.egg-info' (and everything under it)
[8.282s] Copying ../build/nova_sensors/nova_sensors.egg-info to /home/moon/AN_WS/install/nova_sensors/lib/python3.10/site-packages/nova_sensors-0.0.0-py3.10.egg-info
[8.304s] running install_scripts
[8.413s] Installing gps_node = nova_sensors.gps_node:mainimu_node script to /home/moon/AN_WS/install/nova_sensors/lib/nova_sensors
[8.508s] writing list of installed files to '/home/moon/AN_WS/build/nova_sensors/install.log'
[8.612s] Invoked command in '/home/moon/AN_WS/nova_sensors' returned '0': PYTHONPATH=/home/moon/AN_WS/build/nova_sensors/prefix_override:/usr/lib/python3/dist-packages/colcon_core/task/python/colcon_distutils_commands:/home/moon/AN_WS/install/nova_sensors/lib/python3.10/site-packages:${PYTHONPATH} /usr/bin/python3 -W ignore:setup.py install is deprecated -W ignore:easy_install command is deprecated setup.py egg_info --egg-base ../build/nova_sensors build --build-base /home/moon/AN_WS/build/nova_sensors/build install --record /home/moon/AN_WS/build/nova_sensors/install.log --single-version-externally-managed install_data
