running egg_info
creating ../../build/cams/cams.egg-info
writing ../../build/cams/cams.egg-info/PKG-INFO
writing dependency_links to ../../build/cams/cams.egg-info/dependency_links.txt
writing entry points to ../../build/cams/cams.egg-info/entry_points.txt
writing requirements to ../../build/cams/cams.egg-info/requires.txt
writing top-level names to ../../build/cams/cams.egg-info/top_level.txt
writing manifest file '../../build/cams/cams.egg-info/SOURCES.txt'
reading manifest file '../../build/cams/cams.egg-info/SOURCES.txt'
adding license file 'LICENSE'
writing manifest file '../../build/cams/cams.egg-info/SOURCES.txt'
running build
running build_py
creating /home/tasc/AN_WS/build/cams/build
creating /home/tasc/AN_WS/build/cams/build/lib
creating /home/tasc/AN_WS/build/cams/build/lib/cams
copying cams/multi_camera_publisher.py -> /home/tasc/AN_WS/build/cams/build/lib/cams
copying cams/__init__.py -> /home/tasc/AN_WS/build/cams/build/lib/cams
copying cams/multi_camera_subscriber.py -> /home/tasc/AN_WS/build/cams/build/lib/cams
running install
running install_lib
creating /home/tasc/AN_WS/install/cams/lib/python3.10/site-packages/cams
copying /home/tasc/AN_WS/build/cams/build/lib/cams/multi_camera_publisher.py -> /home/tasc/AN_WS/install/cams/lib/python3.10/site-packages/cams
copying /home/tasc/AN_WS/build/cams/build/lib/cams/__init__.py -> /home/tasc/AN_WS/install/cams/lib/python3.10/site-packages/cams
copying /home/tasc/AN_WS/build/cams/build/lib/cams/multi_camera_subscriber.py -> /home/tasc/AN_WS/install/cams/lib/python3.10/site-packages/cams
byte-compiling /home/tasc/AN_WS/install/cams/lib/python3.10/site-packages/cams/multi_camera_publisher.py to multi_camera_publisher.cpython-310.pyc
byte-compiling /home/tasc/AN_WS/install/cams/lib/python3.10/site-packages/cams/__init__.py to __init__.cpython-310.pyc
byte-compiling /home/tasc/AN_WS/install/cams/lib/python3.10/site-packages/cams/multi_camera_subscriber.py to multi_camera_subscriber.cpython-310.pyc
running install_data
creating /home/tasc/AN_WS/install/cams/share/ament_index
creating /home/tasc/AN_WS/install/cams/share/ament_index/resource_index
creating /home/tasc/AN_WS/install/cams/share/ament_index/resource_index/packages
copying resource/cams -> /home/tasc/AN_WS/install/cams/share/ament_index/resource_index/packages
copying package.xml -> /home/tasc/AN_WS/install/cams/share/cams
running install_egg_info
Copying ../../build/cams/cams.egg-info to /home/tasc/AN_WS/install/cams/lib/python3.10/site-packages/cams-0.0.0-py3.10.egg-info
running install_scripts
Installing multi_camera_publisher script to /home/tasc/AN_WS/install/cams/lib/cams
Installing multi_camera_subscriber script to /home/tasc/AN_WS/install/cams/lib/cams
writing list of installed files to '/home/tasc/AN_WS/build/cams/install.log'
