[9.644s] Invoking command in '/home/moon/AN_WS/nova_sensors': PYTHONPATH=/home/moon/AN_WS/build/nova_sensors/prefix_override:/usr/lib/python3/dist-packages/colcon_core/task/python/colcon_distutils_commands:/home/moon/AN_WS/install/nova_sensors/lib/python3.10/site-packages:${PYTHONPATH} /usr/bin/python3 -W ignore:setup.py install is deprecated -W ignore:easy_install command is deprecated setup.py egg_info --egg-base ../build/nova_sensors build --build-base /home/moon/AN_WS/build/nova_sensors/build install --record /home/moon/AN_WS/build/nova_sensors/install.log --single-version-externally-managed install_data
[11.415s] running egg_info
[11.420s] writing ../build/nova_sensors/nova_sensors.egg-info/PKG-INFO
[11.430s] writing dependency_links to ../build/nova_sensors/nova_sensors.egg-info/dependency_links.txt
[11.437s] writing entry points to ../build/nova_sensors/nova_sensors.egg-info/entry_points.txt
[11.437s] writing requirements to ../build/nova_sensors/nova_sensors.egg-info/requires.txt
[11.437s] writing top-level names to ../build/nova_sensors/nova_sensors.egg-info/top_level.txt
[11.450s] reading manifest file '../build/nova_sensors/nova_sensors.egg-info/SOURCES.txt'
[11.456s] writing manifest file '../build/nova_sensors/nova_sensors.egg-info/SOURCES.txt'
[11.457s] running build
[11.457s] running build_py
[11.463s] running install
[11.468s] running install_lib
[11.472s] running install_data
[11.473s] running install_egg_info
[11.490s] removing '/home/moon/AN_WS/install/nova_sensors/lib/python3.10/site-packages/nova_sensors-0.0.0-py3.10.egg-info' (and everything under it)
[11.493s] Copying ../build/nova_sensors/nova_sensors.egg-info to /home/moon/AN_WS/install/nova_sensors/lib/python3.10/site-packages/nova_sensors-0.0.0-py3.10.egg-info
[11.496s] running install_scripts
[11.629s] Installing gps_node = nova_sensors.gps_node:mainimu_node script to /home/moon/AN_WS/install/nova_sensors/lib/nova_sensors
[11.642s] writing list of installed files to '/home/moon/AN_WS/build/nova_sensors/install.log'
[11.723s] Invoked command in '/home/moon/AN_WS/nova_sensors' returned '0': PYTHONPATH=/home/moon/AN_WS/build/nova_sensors/prefix_override:/usr/lib/python3/dist-packages/colcon_core/task/python/colcon_distutils_commands:/home/moon/AN_WS/install/nova_sensors/lib/python3.10/site-packages:${PYTHONPATH} /usr/bin/python3 -W ignore:setup.py install is deprecated -W ignore:easy_install command is deprecated setup.py egg_info --egg-base ../build/nova_sensors build --build-base /home/moon/AN_WS/build/nova_sensors/build install --record /home/moon/AN_WS/build/nova_sensors/install.log --single-version-externally-managed install_data
