[3.204s] Invoking command in '/home/tasc/AN_WS-1/src/cam_stream': PYTHONPATH=/home/tasc/AN_WS-1/build/cam_stream/prefix_override:/usr/lib/python3/dist-packages/colcon_core/task/python/colcon_distutils_commands:/home/tasc/AN_WS-1/install/cam_stream/lib/python3.10/site-packages:${PYTHONPATH} /usr/bin/python3 -W ignore:setup.py install is deprecated -W ignore:easy_install command is deprecated setup.py egg_info --egg-base ../../build/cam_stream build --build-base /home/tasc/AN_WS-1/build/cam_stream/build install --record /home/tasc/AN_WS-1/build/cam_stream/install.log --single-version-externally-managed install_data
[3.753s] running egg_info
[3.754s] writing ../../build/cam_stream/cam_stream.egg-info/PKG-INFO
[3.756s] writing dependency_links to ../../build/cam_stream/cam_stream.egg-info/dependency_links.txt
[3.756s] writing entry points to ../../build/cam_stream/cam_stream.egg-info/entry_points.txt
[3.757s] writing requirements to ../../build/cam_stream/cam_stream.egg-info/requires.txt
[3.757s] writing top-level names to ../../build/cam_stream/cam_stream.egg-info/top_level.txt
[3.762s] reading manifest file '../../build/cam_stream/cam_stream.egg-info/SOURCES.txt'
[3.765s] writing manifest file '../../build/cam_stream/cam_stream.egg-info/SOURCES.txt'
[3.765s] running build
[3.765s] running build_py
[3.766s] running install
[3.767s] running install_lib
[3.770s] running install_data
[3.771s] running install_egg_info
[3.775s] removing '/home/tasc/AN_WS-1/install/cam_stream/lib/python3.10/site-packages/cam_stream-0.0.0-py3.10.egg-info' (and everything under it)
[3.776s] Copying ../../build/cam_stream/cam_stream.egg-info to /home/tasc/AN_WS-1/install/cam_stream/lib/python3.10/site-packages/cam_stream-0.0.0-py3.10.egg-info
[3.778s] running install_scripts
[3.829s] Installing multi_camera_publisher script to /home/tasc/AN_WS-1/install/cam_stream/lib/cam_stream
[3.830s] Installing multi_camera_subscriber script to /home/tasc/AN_WS-1/install/cam_stream/lib/cam_stream
[3.831s] writing list of installed files to '/home/tasc/AN_WS-1/build/cam_stream/install.log'
[3.919s] Invoked command in '/home/tasc/AN_WS-1/src/cam_stream' returned '0': PYTHONPATH=/home/tasc/AN_WS-1/build/cam_stream/prefix_override:/usr/lib/python3/dist-packages/colcon_core/task/python/colcon_distutils_commands:/home/tasc/AN_WS-1/install/cam_stream/lib/python3.10/site-packages:${PYTHONPATH} /usr/bin/python3 -W ignore:setup.py install is deprecated -W ignore:easy_install command is deprecated setup.py egg_info --egg-base ../../build/cam_stream build --build-base /home/tasc/AN_WS-1/build/cam_stream/build install --record /home/tasc/AN_WS-1/build/cam_stream/install.log --single-version-externally-managed install_data
