[3.461s] Invoking command in '/home/tasc/AN_WS-1/src/cam_stream': PYTHONPATH=/home/tasc/AN_WS-1/build/cam_stream/prefix_override:/usr/lib/python3/dist-packages/colcon_core/task/python/colcon_distutils_commands:/home/tasc/AN_WS-1/install/cam_stream/lib/python3.10/site-packages:${PYTHONPATH} /usr/bin/python3 -W ignore:setup.py install is deprecated -W ignore:easy_install command is deprecated setup.py egg_info --egg-base ../../build/cam_stream build --build-base /home/tasc/AN_WS-1/build/cam_stream/build install --record /home/tasc/AN_WS-1/build/cam_stream/install.log --single-version-externally-managed install_data
[4.052s] running egg_info
[4.056s] writing ../../build/cam_stream/cam_stream.egg-info/PKG-INFO
[4.056s] writing dependency_links to ../../build/cam_stream/cam_stream.egg-info/dependency_links.txt
[4.056s] writing entry points to ../../build/cam_stream/cam_stream.egg-info/entry_points.txt
[4.057s] writing requirements to ../../build/cam_stream/cam_stream.egg-info/requires.txt
[4.057s] writing top-level names to ../../build/cam_stream/cam_stream.egg-info/top_level.txt
[4.061s] reading manifest file '../../build/cam_stream/cam_stream.egg-info/SOURCES.txt'
[4.063s] writing manifest file '../../build/cam_stream/cam_stream.egg-info/SOURCES.txt'
[4.063s] running build
[4.063s] running build_py
[4.064s] running install
[4.065s] running install_lib
[4.069s] running install_data
[4.069s] running install_egg_info
[4.077s] removing '/home/tasc/AN_WS-1/install/cam_stream/lib/python3.10/site-packages/cam_stream-0.0.0-py3.10.egg-info' (and everything under it)
[4.077s] Copying ../../build/cam_stream/cam_stream.egg-info to /home/tasc/AN_WS-1/install/cam_stream/lib/python3.10/site-packages/cam_stream-0.0.0-py3.10.egg-info
[4.080s] running install_scripts
[4.130s] Installing multi_camera_publisher script to /home/tasc/AN_WS-1/install/cam_stream/lib/cam_stream
[4.130s] Installing multi_camera_subscriber script to /home/tasc/AN_WS-1/install/cam_stream/lib/cam_stream
[4.131s] writing list of installed files to '/home/tasc/AN_WS-1/build/cam_stream/install.log'
[4.230s] Invoked command in '/home/tasc/AN_WS-1/src/cam_stream' returned '0': PYTHONPATH=/home/tasc/AN_WS-1/build/cam_stream/prefix_override:/usr/lib/python3/dist-packages/colcon_core/task/python/colcon_distutils_commands:/home/tasc/AN_WS-1/install/cam_stream/lib/python3.10/site-packages:${PYTHONPATH} /usr/bin/python3 -W ignore:setup.py install is deprecated -W ignore:easy_install command is deprecated setup.py egg_info --egg-base ../../build/cam_stream build --build-base /home/tasc/AN_WS-1/build/cam_stream/build install --record /home/tasc/AN_WS-1/build/cam_stream/install.log --single-version-externally-managed install_data
