[3.533s] Invoking command in '/home/tasc/AN_WS-1/src/navigation': PYTHONPATH=/home/tasc/AN_WS-1/build/navigation/prefix_override:/usr/lib/python3/dist-packages/colcon_core/task/python/colcon_distutils_commands:/home/tasc/AN_WS-1/install/navigation/lib/python3.10/site-packages:${PYTHONPATH} /usr/bin/python3 -W ignore:setup.py install is deprecated -W ignore:easy_install command is deprecated setup.py egg_info --egg-base ../../build/navigation build --build-base /home/tasc/AN_WS-1/build/navigation/build install --record /home/tasc/AN_WS-1/build/navigation/install.log --single-version-externally-managed install_data
[4.192s] running egg_info
[4.195s] writing ../../build/navigation/navigation.egg-info/PKG-INFO
[4.196s] writing dependency_links to ../../build/navigation/navigation.egg-info/dependency_links.txt
[4.197s] writing entry points to ../../build/navigation/navigation.egg-info/entry_points.txt
[4.198s] writing requirements to ../../build/navigation/navigation.egg-info/requires.txt
[4.199s] writing top-level names to ../../build/navigation/navigation.egg-info/top_level.txt
[4.212s] reading manifest file '../../build/navigation/navigation.egg-info/SOURCES.txt'
[4.213s] adding license file 'LICENSE'
[4.217s] writing manifest file '../../build/navigation/navigation.egg-info/SOURCES.txt'
[4.218s] running build
[4.218s] running build_py
[4.222s] running install
[4.223s] running install_lib
[4.232s] running install_data
[4.233s] running install_egg_info
[4.242s] removing '/home/tasc/AN_WS-1/install/navigation/lib/python3.10/site-packages/navigation-0.0.0-py3.10.egg-info' (and everything under it)
[4.244s] Copying ../../build/navigation/navigation.egg-info to /home/tasc/AN_WS-1/install/navigation/lib/python3.10/site-packages/navigation-0.0.0-py3.10.egg-info
[4.248s] running install_scripts
[4.305s] Installing aruco_marker_publisher script to /home/tasc/AN_WS-1/install/navigation/lib/navigation
[4.306s] Installing camera_publisher script to /home/tasc/AN_WS-1/install/navigation/lib/navigation
[4.307s] Installing camera_subscriber script to /home/tasc/AN_WS-1/install/navigation/lib/navigation
[4.308s] Installing combined_gps_aruco script to /home/tasc/AN_WS-1/install/navigation/lib/navigation
[4.309s] Installing gps_display script to /home/tasc/AN_WS-1/install/navigation/lib/navigation
[4.309s] Installing gps_node script to /home/tasc/AN_WS-1/install/navigation/lib/navigation
[4.310s] Installing gst_pub script to /home/tasc/AN_WS-1/install/navigation/lib/navigation
[4.311s] Installing multi_camera_publisher script to /home/tasc/AN_WS-1/install/navigation/lib/navigation
[4.311s] Installing multi_camera_publisher_gst script to /home/tasc/AN_WS-1/install/navigation/lib/navigation
[4.312s] Installing multi_camera_subscriber_gst script to /home/tasc/AN_WS-1/install/navigation/lib/navigation
[4.312s] writing list of installed files to '/home/tasc/AN_WS-1/build/navigation/install.log'
[4.426s] Invoked command in '/home/tasc/AN_WS-1/src/navigation' returned '0': PYTHONPATH=/home/tasc/AN_WS-1/build/navigation/prefix_override:/usr/lib/python3/dist-packages/colcon_core/task/python/colcon_distutils_commands:/home/tasc/AN_WS-1/install/navigation/lib/python3.10/site-packages:${PYTHONPATH} /usr/bin/python3 -W ignore:setup.py install is deprecated -W ignore:easy_install command is deprecated setup.py egg_info --egg-base ../../build/navigation build --build-base /home/tasc/AN_WS-1/build/navigation/build install --record /home/tasc/AN_WS-1/build/navigation/install.log --single-version-externally-managed install_data
