[3.378s] Invoking command in '/home/moon/AN_WS/nova_vision': PYTHONPATH=/home/moon/AN_WS/build/nova_vision/prefix_override:/usr/lib/python3/dist-packages/colcon_core/task/python/colcon_distutils_commands:/home/moon/AN_WS/install/nova_vision/lib/python3.10/site-packages:${PYTHONPATH} /usr/bin/python3 -W ignore:setup.py install is deprecated -W ignore:easy_install command is deprecated setup.py egg_info --egg-base ../build/nova_vision build --build-base /home/moon/AN_WS/build/nova_vision/build install --record /home/moon/AN_WS/build/nova_vision/install.log --single-version-externally-managed install_data
[4.010s] running egg_info
[4.011s] writing ../build/nova_vision/nova_vision.egg-info/PKG-INFO
[4.014s] writing dependency_links to ../build/nova_vision/nova_vision.egg-info/dependency_links.txt
[4.016s] writing entry points to ../build/nova_vision/nova_vision.egg-info/entry_points.txt
[4.017s] writing requirements to ../build/nova_vision/nova_vision.egg-info/requires.txt
[4.021s] writing top-level names to ../build/nova_vision/nova_vision.egg-info/top_level.txt
[4.021s] reading manifest file '../build/nova_vision/nova_vision.egg-info/SOURCES.txt'
[4.022s] adding license file 'LICENSE'
[4.025s] writing manifest file '../build/nova_vision/nova_vision.egg-info/SOURCES.txt'
[4.025s] running build
[4.026s] running build_py
[4.029s] running install
[4.031s] running install_lib
[4.033s] running install_data
[4.036s] running install_egg_info
[4.040s] removing '/home/moon/AN_WS/install/nova_vision/lib/python3.10/site-packages/nova_vision-0.0.0-py3.10.egg-info' (and everything under it)
[4.050s] Copying ../build/nova_vision/nova_vision.egg-info to /home/moon/AN_WS/install/nova_vision/lib/python3.10/site-packages/nova_vision-0.0.0-py3.10.egg-info
[4.053s] running install_scripts
[4.098s] Installing aruco_detect script to /home/moon/AN_WS/install/nova_vision/lib/nova_vision
[4.099s] Installing camera_publisher script to /home/moon/AN_WS/install/nova_vision/lib/nova_vision
[4.103s] Installing camera_subscriber script to /home/moon/AN_WS/install/nova_vision/lib/nova_vision
[4.104s] Installing gps_aruco script to /home/moon/AN_WS/install/nova_vision/lib/nova_vision
[4.104s] Installing gps_display script to /home/moon/AN_WS/install/nova_vision/lib/nova_vision
[4.104s] Installing gps_node script to /home/moon/AN_WS/install/nova_vision/lib/nova_vision
[4.107s] Installing multi_camera_publisher script to /home/moon/AN_WS/install/nova_vision/lib/nova_vision
[4.107s] Installing object_tracker script to /home/moon/AN_WS/install/nova_vision/lib/nova_vision
[4.116s] writing list of installed files to '/home/moon/AN_WS/build/nova_vision/install.log'
[4.169s] Invoked command in '/home/moon/AN_WS/nova_vision' returned '0': PYTHONPATH=/home/moon/AN_WS/build/nova_vision/prefix_override:/usr/lib/python3/dist-packages/colcon_core/task/python/colcon_distutils_commands:/home/moon/AN_WS/install/nova_vision/lib/python3.10/site-packages:${PYTHONPATH} /usr/bin/python3 -W ignore:setup.py install is deprecated -W ignore:easy_install command is deprecated setup.py egg_info --egg-base ../build/nova_vision build --build-base /home/moon/AN_WS/build/nova_vision/build install --record /home/moon/AN_WS/build/nova_vision/install.log --single-version-externally-managed install_data
