[2.488s] Invoking command in '/home/moon/AN_WS/src/cam_stream': PYTHONPATH=/home/moon/AN_WS/build/cam_stream/prefix_override:/usr/lib/python3/dist-packages/colcon_core/task/python/colcon_distutils_commands:/home/moon/AN_WS/install/cam_stream/lib/python3.10/site-packages:${PYTHONPATH} /usr/bin/python3 -W ignore:setup.py install is deprecated -W ignore:easy_install command is deprecated setup.py egg_info --egg-base ../../build/cam_stream build --build-base /home/moon/AN_WS/build/cam_stream/build install --record /home/moon/AN_WS/build/cam_stream/install.log --single-version-externally-managed install_data
[2.786s] running egg_info
[2.787s] writing ../../build/cam_stream/cam_stream.egg-info/PKG-INFO
[2.801s] writing dependency_links to ../../build/cam_stream/cam_stream.egg-info/dependency_links.txt
[2.802s] writing entry points to ../../build/cam_stream/cam_stream.egg-info/entry_points.txt
[2.802s] writing requirements to ../../build/cam_stream/cam_stream.egg-info/requires.txt
[2.802s] writing top-level names to ../../build/cam_stream/cam_stream.egg-info/top_level.txt
[2.805s] reading manifest file '../../build/cam_stream/cam_stream.egg-info/SOURCES.txt'
[2.806s] writing manifest file '../../build/cam_stream/cam_stream.egg-info/SOURCES.txt'
[2.806s] running build
[2.806s] running build_py
[2.809s] running install
[2.809s] running install_lib
[2.813s] running install_data
[2.815s] running install_egg_info
[2.819s] removing '/home/moon/AN_WS/install/cam_stream/lib/python3.10/site-packages/cam_stream-0.0.0-py3.10.egg-info' (and everything under it)
[2.819s] Copying ../../build/cam_stream/cam_stream.egg-info to /home/moon/AN_WS/install/cam_stream/lib/python3.10/site-packages/cam_stream-0.0.0-py3.10.egg-info
[2.820s] running install_scripts
[2.842s] Installing gps_node script to /home/moon/AN_WS/install/cam_stream/lib/cam_stream
[2.853s] Installing multi_cam_gps_aruco script to /home/moon/AN_WS/install/cam_stream/lib/cam_stream
[2.854s] Installing multi_camera_publisher script to /home/moon/AN_WS/install/cam_stream/lib/cam_stream
[2.855s] Installing multi_camera_subscriber script to /home/moon/AN_WS/install/cam_stream/lib/cam_stream
[2.855s] writing list of installed files to '/home/moon/AN_WS/build/cam_stream/install.log'
[2.922s] Invoked command in '/home/moon/AN_WS/src/cam_stream' returned '0': PYTHONPATH=/home/moon/AN_WS/build/cam_stream/prefix_override:/usr/lib/python3/dist-packages/colcon_core/task/python/colcon_distutils_commands:/home/moon/AN_WS/install/cam_stream/lib/python3.10/site-packages:${PYTHONPATH} /usr/bin/python3 -W ignore:setup.py install is deprecated -W ignore:easy_install command is deprecated setup.py egg_info --egg-base ../../build/cam_stream build --build-base /home/moon/AN_WS/build/cam_stream/build install --record /home/moon/AN_WS/build/cam_stream/install.log --single-version-externally-managed install_data
