[9.997s] Invoking command in '/home/moon/AN_WS/nova_vision': PYTHONPATH=/home/moon/AN_WS/build/nova_vision/prefix_override:/usr/lib/python3/dist-packages/colcon_core/task/python/colcon_distutils_commands:/home/moon/AN_WS/install/nova_vision/lib/python3.10/site-packages:${PYTHONPATH} /usr/bin/python3 -W ignore:setup.py install is deprecated -W ignore:easy_install command is deprecated setup.py egg_info --egg-base ../build/nova_vision build --build-base /home/moon/AN_WS/build/nova_vision/build install --record /home/moon/AN_WS/build/nova_vision/install.log --single-version-externally-managed install_data
[12.020s] running egg_info
[12.021s] writing ../build/nova_vision/nova_vision.egg-info/PKG-INFO
[12.027s] writing dependency_links to ../build/nova_vision/nova_vision.egg-info/dependency_links.txt
[12.027s] writing entry points to ../build/nova_vision/nova_vision.egg-info/entry_points.txt
[12.027s] writing requirements to ../build/nova_vision/nova_vision.egg-info/requires.txt
[12.027s] writing top-level names to ../build/nova_vision/nova_vision.egg-info/top_level.txt
[12.039s] reading manifest file '../build/nova_vision/nova_vision.egg-info/SOURCES.txt'
[12.039s] adding license file 'LICENSE'
[12.041s] writing manifest file '../build/nova_vision/nova_vision.egg-info/SOURCES.txt'
[12.041s] running build
[12.042s] running build_py
[12.045s] running install
[12.047s] running install_lib
[12.063s] running install_data
[12.067s] running install_egg_info
[12.070s] removing '/home/moon/AN_WS/install/nova_vision/lib/python3.10/site-packages/nova_vision-0.0.0-py3.10.egg-info' (and everything under it)
[12.074s] Copying ../build/nova_vision/nova_vision.egg-info to /home/moon/AN_WS/install/nova_vision/lib/python3.10/site-packages/nova_vision-0.0.0-py3.10.egg-info
[12.083s] running install_scripts
[12.134s] Installing aruco_detect script to /home/moon/AN_WS/install/nova_vision/lib/nova_vision
[12.139s] Installing camera_publisher script to /home/moon/AN_WS/install/nova_vision/lib/nova_vision
[12.139s] Installing camera_subscriber script to /home/moon/AN_WS/install/nova_vision/lib/nova_vision
[12.139s] Installing gps_aruco script to /home/moon/AN_WS/install/nova_vision/lib/nova_vision
[12.140s] Installing gps_display script to /home/moon/AN_WS/install/nova_vision/lib/nova_vision
[12.147s] Installing gps_node script to /home/moon/AN_WS/install/nova_vision/lib/nova_vision
[12.148s] Installing multi_camera_publisher script to /home/moon/AN_WS/install/nova_vision/lib/nova_vision
[12.149s] Installing object_tracker script to /home/moon/AN_WS/install/nova_vision/lib/nova_vision
[12.149s] writing list of installed files to '/home/moon/AN_WS/build/nova_vision/install.log'
[12.204s] Invoked command in '/home/moon/AN_WS/nova_vision' returned '0': PYTHONPATH=/home/moon/AN_WS/build/nova_vision/prefix_override:/usr/lib/python3/dist-packages/colcon_core/task/python/colcon_distutils_commands:/home/moon/AN_WS/install/nova_vision/lib/python3.10/site-packages:${PYTHONPATH} /usr/bin/python3 -W ignore:setup.py install is deprecated -W ignore:easy_install command is deprecated setup.py egg_info --egg-base ../build/nova_vision build --build-base /home/moon/AN_WS/build/nova_vision/build install --record /home/moon/AN_WS/build/nova_vision/install.log --single-version-externally-managed install_data
