[9.853s] Invoking command in '/home/moon/AN_WS/src/cam_stream': PYTHONPATH=/home/moon/AN_WS/build/cam_stream/prefix_override:/usr/lib/python3/dist-packages/colcon_core/task/python/colcon_distutils_commands:/home/moon/AN_WS/install/cam_stream/lib/python3.10/site-packages:${PYTHONPATH} /usr/bin/python3 -W ignore:setup.py install is deprecated -W ignore:easy_install command is deprecated setup.py egg_info --egg-base ../../build/cam_stream build --build-base /home/moon/AN_WS/build/cam_stream/build install --record /home/moon/AN_WS/build/cam_stream/install.log --single-version-externally-managed install_data
[11.558s] running egg_info
[11.561s] writing ../../build/cam_stream/cam_stream.egg-info/PKG-INFO
[11.570s] writing dependency_links to ../../build/cam_stream/cam_stream.egg-info/dependency_links.txt
[11.577s] writing entry points to ../../build/cam_stream/cam_stream.egg-info/entry_points.txt
[11.577s] writing requirements to ../../build/cam_stream/cam_stream.egg-info/requires.txt
[11.581s] writing top-level names to ../../build/cam_stream/cam_stream.egg-info/top_level.txt
[11.603s] reading manifest file '../../build/cam_stream/cam_stream.egg-info/SOURCES.txt'
[11.615s] writing manifest file '../../build/cam_stream/cam_stream.egg-info/SOURCES.txt'
[11.619s] running build
[11.621s] running build_py
[11.632s] copying cam_stream/multi_cam_gps_aruco.py -> /home/moon/AN_WS/build/cam_stream/build/lib/cam_stream
[11.634s] running install
[11.635s] running install_lib
[11.642s] copying /home/moon/AN_WS/build/cam_stream/build/lib/cam_stream/multi_cam_gps_aruco.py -> /home/moon/AN_WS/install/cam_stream/lib/python3.10/site-packages/cam_stream
[11.650s] byte-compiling /home/moon/AN_WS/install/cam_stream/lib/python3.10/site-packages/cam_stream/multi_cam_gps_aruco.py to multi_cam_gps_aruco.cpython-310.pyc
[11.686s] running install_data
[11.691s] running install_egg_info
[11.703s] removing '/home/moon/AN_WS/install/cam_stream/lib/python3.10/site-packages/cam_stream-0.0.0-py3.10.egg-info' (and everything under it)
[11.713s] Copying ../../build/cam_stream/cam_stream.egg-info to /home/moon/AN_WS/install/cam_stream/lib/python3.10/site-packages/cam_stream-0.0.0-py3.10.egg-info
[11.744s] running install_scripts
[11.834s] Installing gps_node script to /home/moon/AN_WS/install/cam_stream/lib/cam_stream
[11.834s] Installing multi_cam_gps_aruco script to /home/moon/AN_WS/install/cam_stream/lib/cam_stream
[11.834s] Installing multi_camera_publisher script to /home/moon/AN_WS/install/cam_stream/lib/cam_stream
[11.842s] Installing multi_camera_subscriber script to /home/moon/AN_WS/install/cam_stream/lib/cam_stream
[11.843s] writing list of installed files to '/home/moon/AN_WS/build/cam_stream/install.log'
[11.956s] Invoked command in '/home/moon/AN_WS/src/cam_stream' returned '0': PYTHONPATH=/home/moon/AN_WS/build/cam_stream/prefix_override:/usr/lib/python3/dist-packages/colcon_core/task/python/colcon_distutils_commands:/home/moon/AN_WS/install/cam_stream/lib/python3.10/site-packages:${PYTHONPATH} /usr/bin/python3 -W ignore:setup.py install is deprecated -W ignore:easy_install command is deprecated setup.py egg_info --egg-base ../../build/cam_stream build --build-base /home/moon/AN_WS/build/cam_stream/build install --record /home/moon/AN_WS/build/cam_stream/install.log --single-version-externally-managed install_data
