[6.438s] Invoking command in '/home/moon/AN_WS/src/navigation': PYTHONPATH=/home/moon/AN_WS/build/navigation/prefix_override:/usr/lib/python3/dist-packages/colcon_core/task/python/colcon_distutils_commands:/home/moon/AN_WS/install/navigation/lib/python3.10/site-packages:${PYTHONPATH} /usr/bin/python3 -W ignore:setup.py install is deprecated -W ignore:easy_install command is deprecated setup.py egg_info --egg-base ../../build/navigation build --build-base /home/moon/AN_WS/build/navigation/build install --record /home/moon/AN_WS/build/navigation/install.log --single-version-externally-managed install_data
[9.267s] running egg_info
[9.278s] writing ../../build/navigation/navigation.egg-info/PKG-INFO
[9.279s] writing dependency_links to ../../build/navigation/navigation.egg-info/dependency_links.txt
[9.299s] writing entry points to ../../build/navigation/navigation.egg-info/entry_points.txt
[9.300s] writing requirements to ../../build/navigation/navigation.egg-info/requires.txt
[9.300s] writing top-level names to ../../build/navigation/navigation.egg-info/top_level.txt
[9.330s] reading manifest file '../../build/navigation/navigation.egg-info/SOURCES.txt'
[9.333s] adding license file 'LICENSE'
[9.337s] writing manifest file '../../build/navigation/navigation.egg-info/SOURCES.txt'
[9.338s] running build
[9.338s] running build_py
[9.343s] running install
[9.349s] running install_lib
[9.369s] running install_data
[9.377s] running install_egg_info
[9.414s] removing '/home/moon/AN_WS/install/navigation/lib/python3.10/site-packages/navigation-0.0.0-py3.10.egg-info' (and everything under it)
[9.424s] Copying ../../build/navigation/navigation.egg-info to /home/moon/AN_WS/install/navigation/lib/python3.10/site-packages/navigation-0.0.0-py3.10.egg-info
[9.436s] running install_scripts
[9.795s] Installing aruco_marker_publisher script to /home/moon/AN_WS/install/navigation/lib/navigation
[9.795s] Installing camera_publisher script to /home/moon/AN_WS/install/navigation/lib/navigation
[9.796s] Installing camera_subscriber script to /home/moon/AN_WS/install/navigation/lib/navigation
[9.796s] Installing combined_gps_aruco script to /home/moon/AN_WS/install/navigation/lib/navigation
[9.816s] Installing gps_display script to /home/moon/AN_WS/install/navigation/lib/navigation
[9.834s] Installing gps_node script to /home/moon/AN_WS/install/navigation/lib/navigation
[9.834s] Installing gst_pub script to /home/moon/AN_WS/install/navigation/lib/navigation
[9.835s] Installing multi_camera_publisher script to /home/moon/AN_WS/install/navigation/lib/navigation
[9.835s] Installing multi_camera_publisher_gst script to /home/moon/AN_WS/install/navigation/lib/navigation
[9.836s] Installing multi_camera_subscriber_gst script to /home/moon/AN_WS/install/navigation/lib/navigation
[9.853s] writing list of installed files to '/home/moon/AN_WS/build/navigation/install.log'
[10.033s] Invoked command in '/home/moon/AN_WS/src/navigation' returned '0': PYTHONPATH=/home/moon/AN_WS/build/navigation/prefix_override:/usr/lib/python3/dist-packages/colcon_core/task/python/colcon_distutils_commands:/home/moon/AN_WS/install/navigation/lib/python3.10/site-packages:${PYTHONPATH} /usr/bin/python3 -W ignore:setup.py install is deprecated -W ignore:easy_install command is deprecated setup.py egg_info --egg-base ../../build/navigation build --build-base /home/moon/AN_WS/build/navigation/build install --record /home/moon/AN_WS/build/navigation/install.log --single-version-externally-managed install_data
