[3.968s] Invoking command in '/home/moon/AN_WS/src/navigation': PYTHONPATH=/home/moon/AN_WS/build/navigation/prefix_override:/usr/lib/python3/dist-packages/colcon_core/task/python/colcon_distutils_commands:/home/moon/AN_WS/install/navigation/lib/python3.10/site-packages:${PYTHONPATH} /usr/bin/python3 -W ignore:setup.py install is deprecated -W ignore:easy_install command is deprecated setup.py egg_info --egg-base ../../build/navigation build --build-base /home/moon/AN_WS/build/navigation/build install --record /home/moon/AN_WS/build/navigation/install.log --single-version-externally-managed install_data
[5.199s] running egg_info
[5.206s] writing ../../build/navigation/navigation.egg-info/PKG-INFO
[5.215s] writing dependency_links to ../../build/navigation/navigation.egg-info/dependency_links.txt
[5.215s] writing entry points to ../../build/navigation/navigation.egg-info/entry_points.txt
[5.215s] writing requirements to ../../build/navigation/navigation.egg-info/requires.txt
[5.216s] writing top-level names to ../../build/navigation/navigation.egg-info/top_level.txt
[5.234s] reading manifest file '../../build/navigation/navigation.egg-info/SOURCES.txt'
[5.236s] adding license file 'LICENSE'
[5.240s] writing manifest file '../../build/navigation/navigation.egg-info/SOURCES.txt'
[5.242s] running build
[5.242s] running build_py
[5.253s] running install
[5.257s] running install_lib
[5.277s] running install_data
[5.277s] running install_egg_info
[5.291s] removing '/home/moon/AN_WS/install/navigation/lib/python3.10/site-packages/navigation-0.0.0-py3.10.egg-info' (and everything under it)
[5.300s] Copying ../../build/navigation/navigation.egg-info to /home/moon/AN_WS/install/navigation/lib/python3.10/site-packages/navigation-0.0.0-py3.10.egg-info
[5.309s] running install_scripts
[5.374s] Installing aruco_marker_publisher script to /home/moon/AN_WS/install/navigation/lib/navigation
[5.380s] Installing camera_publisher script to /home/moon/AN_WS/install/navigation/lib/navigation
[5.380s] Installing camera_subscriber script to /home/moon/AN_WS/install/navigation/lib/navigation
[5.382s] Installing combined_gps_aruco script to /home/moon/AN_WS/install/navigation/lib/navigation
[5.384s] Installing gps_display script to /home/moon/AN_WS/install/navigation/lib/navigation
[5.389s] Installing gps_node script to /home/moon/AN_WS/install/navigation/lib/navigation
[5.393s] Installing gst_pub script to /home/moon/AN_WS/install/navigation/lib/navigation
[5.395s] Installing multi_camera_publisher script to /home/moon/AN_WS/install/navigation/lib/navigation
[5.398s] Installing multi_camera_publisher_gst script to /home/moon/AN_WS/install/navigation/lib/navigation
[5.402s] Installing multi_camera_subscriber_gst script to /home/moon/AN_WS/install/navigation/lib/navigation
[5.408s] writing list of installed files to '/home/moon/AN_WS/build/navigation/install.log'
[5.455s] Invoked command in '/home/moon/AN_WS/src/navigation' returned '0': PYTHONPATH=/home/moon/AN_WS/build/navigation/prefix_override:/usr/lib/python3/dist-packages/colcon_core/task/python/colcon_distutils_commands:/home/moon/AN_WS/install/navigation/lib/python3.10/site-packages:${PYTHONPATH} /usr/bin/python3 -W ignore:setup.py install is deprecated -W ignore:easy_install command is deprecated setup.py egg_info --egg-base ../../build/navigation build --build-base /home/moon/AN_WS/build/navigation/build install --record /home/moon/AN_WS/build/navigation/install.log --single-version-externally-managed install_data
