[5.664s] Invoking command in '/home/moon/AN_WS/src/navigation': PYTHONPATH=/home/moon/AN_WS/build/navigation/prefix_override:/usr/lib/python3/dist-packages/colcon_core/task/python/colcon_distutils_commands:/home/moon/AN_WS/install/navigation/lib/python3.10/site-packages:${PYTHONPATH} /usr/bin/python3 -W ignore:setup.py install is deprecated -W ignore:easy_install command is deprecated setup.py egg_info --egg-base ../../build/navigation build --build-base /home/moon/AN_WS/build/navigation/build install --record /home/moon/AN_WS/build/navigation/install.log --single-version-externally-managed install_data
[6.929s] running egg_info
[6.931s] writing ../../build/navigation/navigation.egg-info/PKG-INFO
[6.934s] writing dependency_links to ../../build/navigation/navigation.egg-info/dependency_links.txt
[6.934s] writing entry points to ../../build/navigation/navigation.egg-info/entry_points.txt
[6.937s] writing requirements to ../../build/navigation/navigation.egg-info/requires.txt
[6.937s] writing top-level names to ../../build/navigation/navigation.egg-info/top_level.txt
[6.948s] reading manifest file '../../build/navigation/navigation.egg-info/SOURCES.txt'
[6.957s] adding license file 'LICENSE'
[6.957s] writing manifest file '../../build/navigation/navigation.egg-info/SOURCES.txt'
[6.957s] running build
[6.957s] running build_py
[6.966s] running install
[6.967s] running install_lib
[6.982s] running install_data
[6.982s] running install_egg_info
[6.990s] removing '/home/moon/AN_WS/install/navigation/lib/python3.10/site-packages/navigation-0.0.0-py3.10.egg-info' (and everything under it)
[6.998s] Copying ../../build/navigation/navigation.egg-info to /home/moon/AN_WS/install/navigation/lib/python3.10/site-packages/navigation-0.0.0-py3.10.egg-info
[7.004s] running install_scripts
[7.070s] Installing aruco_marker_publisher script to /home/moon/AN_WS/install/navigation/lib/navigation
[7.080s] Installing camera_publisher script to /home/moon/AN_WS/install/navigation/lib/navigation
[7.081s] Installing camera_subscriber script to /home/moon/AN_WS/install/navigation/lib/navigation
[7.081s] Installing combined_gps_aruco script to /home/moon/AN_WS/install/navigation/lib/navigation
[7.082s] Installing gps_display script to /home/moon/AN_WS/install/navigation/lib/navigation
[7.086s] Installing gps_node script to /home/moon/AN_WS/install/navigation/lib/navigation
[7.087s] Installing gst_pub script to /home/moon/AN_WS/install/navigation/lib/navigation
[7.087s] Installing multi_camera_publisher script to /home/moon/AN_WS/install/navigation/lib/navigation
[7.087s] Installing multi_camera_publisher_gst script to /home/moon/AN_WS/install/navigation/lib/navigation
[7.087s] Installing multi_camera_subscriber_gst script to /home/moon/AN_WS/install/navigation/lib/navigation
[7.088s] writing list of installed files to '/home/moon/AN_WS/build/navigation/install.log'
[7.136s] Invoked command in '/home/moon/AN_WS/src/navigation' returned '0': PYTHONPATH=/home/moon/AN_WS/build/navigation/prefix_override:/usr/lib/python3/dist-packages/colcon_core/task/python/colcon_distutils_commands:/home/moon/AN_WS/install/navigation/lib/python3.10/site-packages:${PYTHONPATH} /usr/bin/python3 -W ignore:setup.py install is deprecated -W ignore:easy_install command is deprecated setup.py egg_info --egg-base ../../build/navigation build --build-base /home/moon/AN_WS/build/navigation/build install --record /home/moon/AN_WS/build/navigation/install.log --single-version-externally-managed install_data
