[4.425s] Invoking command in '/home/moon/AN_WS/nova_sensors': PYTHONPATH=/home/moon/AN_WS/build/nova_sensors/prefix_override:/usr/lib/python3/dist-packages/colcon_core/task/python/colcon_distutils_commands:/home/moon/AN_WS/install/nova_sensors/lib/python3.10/site-packages:${PYTHONPATH} /usr/bin/python3 -W ignore:setup.py install is deprecated -W ignore:easy_install command is deprecated setup.py egg_info --egg-base ../build/nova_sensors build --build-base /home/moon/AN_WS/build/nova_sensors/build install --record /home/moon/AN_WS/build/nova_sensors/install.log --single-version-externally-managed install_data
[5.604s] running egg_info
[5.615s] writing ../build/nova_sensors/nova_sensors.egg-info/PKG-INFO
[5.624s] writing dependency_links to ../build/nova_sensors/nova_sensors.egg-info/dependency_links.txt
[5.624s] writing entry points to ../build/nova_sensors/nova_sensors.egg-info/entry_points.txt
[5.624s] writing requirements to ../build/nova_sensors/nova_sensors.egg-info/requires.txt
[5.625s] writing top-level names to ../build/nova_sensors/nova_sensors.egg-info/top_level.txt
[5.625s] reading manifest file '../build/nova_sensors/nova_sensors.egg-info/SOURCES.txt'
[5.625s] writing manifest file '../build/nova_sensors/nova_sensors.egg-info/SOURCES.txt'
[5.625s] running build
[5.625s] running build_py
[5.642s] running install
[5.642s] running install_lib
[5.643s] running install_data
[5.652s] running install_egg_info
[5.666s] removing '/home/moon/AN_WS/install/nova_sensors/lib/python3.10/site-packages/nova_sensors-0.0.0-py3.10.egg-info' (and everything under it)
[5.666s] Copying ../build/nova_sensors/nova_sensors.egg-info to /home/moon/AN_WS/install/nova_sensors/lib/python3.10/site-packages/nova_sensors-0.0.0-py3.10.egg-info
[5.673s] running install_scripts
[5.733s] Installing gps_node = nova_sensors.gps_node:mainimu_node script to /home/moon/AN_WS/install/nova_sensors/lib/nova_sensors
[5.740s] writing list of installed files to '/home/moon/AN_WS/build/nova_sensors/install.log'
[5.793s] Invoked command in '/home/moon/AN_WS/nova_sensors' returned '0': PYTHONPATH=/home/moon/AN_WS/build/nova_sensors/prefix_override:/usr/lib/python3/dist-packages/colcon_core/task/python/colcon_distutils_commands:/home/moon/AN_WS/install/nova_sensors/lib/python3.10/site-packages:${PYTHONPATH} /usr/bin/python3 -W ignore:setup.py install is deprecated -W ignore:easy_install command is deprecated setup.py egg_info --egg-base ../build/nova_sensors build --build-base /home/moon/AN_WS/build/nova_sensors/build install --record /home/moon/AN_WS/build/nova_sensors/install.log --single-version-externally-managed install_data
