[3.285s] Invoking command in '/home/TASC/AN_WS/src/cam_stream': PYTHONPATH=/home/TASC/AN_WS/build/cam_stream/prefix_override:/usr/lib/python3/dist-packages/colcon_core/task/python/colcon_distutils_commands:/home/TASC/AN_WS/install/cam_stream/lib/python3.10/site-packages:${PYTHONPATH} /usr/bin/python3 -W ignore:setup.py install is deprecated -W ignore:easy_install command is deprecated setup.py egg_info --egg-base ../../build/cam_stream build --build-base /home/TASC/AN_WS/build/cam_stream/build install --record /home/TASC/AN_WS/build/cam_stream/install.log --single-version-externally-managed install_data
[4.684s] running egg_info
[4.688s] writing ../../build/cam_stream/cam_stream.egg-info/PKG-INFO
[4.690s] writing dependency_links to ../../build/cam_stream/cam_stream.egg-info/dependency_links.txt
[4.693s] writing entry points to ../../build/cam_stream/cam_stream.egg-info/entry_points.txt
[4.694s] writing requirements to ../../build/cam_stream/cam_stream.egg-info/requires.txt
[4.694s] writing top-level names to ../../build/cam_stream/cam_stream.egg-info/top_level.txt
[4.715s] reading manifest file '../../build/cam_stream/cam_stream.egg-info/SOURCES.txt'
[4.730s] writing manifest file '../../build/cam_stream/cam_stream.egg-info/SOURCES.txt'
[4.731s] running build
[4.731s] running build_py
[4.731s] running install
[4.735s] running install_lib
[4.743s] running install_data
[4.744s] running install_egg_info
[4.786s] removing '/home/TASC/AN_WS/install/cam_stream/lib/python3.10/site-packages/cam_stream-0.0.0-py3.10.egg-info' (and everything under it)
[4.796s] Copying ../../build/cam_stream/cam_stream.egg-info to /home/TASC/AN_WS/install/cam_stream/lib/python3.10/site-packages/cam_stream-0.0.0-py3.10.egg-info
[4.810s] running install_scripts
[4.934s] Installing multi_camera_publisher script to /home/TASC/AN_WS/install/cam_stream/lib/cam_stream
[4.939s] Installing multi_camera_subscriber script to /home/TASC/AN_WS/install/cam_stream/lib/cam_stream
[4.940s] writing list of installed files to '/home/TASC/AN_WS/build/cam_stream/install.log'
[5.104s] Invoked command in '/home/TASC/AN_WS/src/cam_stream' returned '0': PYTHONPATH=/home/TASC/AN_WS/build/cam_stream/prefix_override:/usr/lib/python3/dist-packages/colcon_core/task/python/colcon_distutils_commands:/home/TASC/AN_WS/install/cam_stream/lib/python3.10/site-packages:${PYTHONPATH} /usr/bin/python3 -W ignore:setup.py install is deprecated -W ignore:easy_install command is deprecated setup.py egg_info --egg-base ../../build/cam_stream build --build-base /home/TASC/AN_WS/build/cam_stream/build install --record /home/TASC/AN_WS/build/cam_stream/install.log --single-version-externally-managed install_data
