[2.638s] Invoking command in '/home/tasc/AN_WS/nova_vision': PYTHONPATH=/home/tasc/AN_WS/build/nova_vision/prefix_override:/usr/lib/python3/dist-packages/colcon_core/task/python/colcon_distutils_commands:/home/tasc/AN_WS/install/nova_vision/lib/python3.10/site-packages:${PYTHONPATH} /usr/bin/python3 -W ignore:setup.py install is deprecated -W ignore:easy_install command is deprecated setup.py egg_info --egg-base ../build/nova_vision build --build-base /home/tasc/AN_WS/build/nova_vision/build install --record /home/tasc/AN_WS/build/nova_vision/install.log --single-version-externally-managed install_data
[3.182s] running egg_info
[3.183s] writing ../build/nova_vision/nova_vision.egg-info/PKG-INFO
[3.184s] writing dependency_links to ../build/nova_vision/nova_vision.egg-info/dependency_links.txt
[3.184s] writing entry points to ../build/nova_vision/nova_vision.egg-info/entry_points.txt
[3.185s] writing requirements to ../build/nova_vision/nova_vision.egg-info/requires.txt
[3.185s] writing top-level names to ../build/nova_vision/nova_vision.egg-info/top_level.txt
[3.189s] reading manifest file '../build/nova_vision/nova_vision.egg-info/SOURCES.txt'
[3.190s] adding license file 'LICENSE'
[3.191s] writing manifest file '../build/nova_vision/nova_vision.egg-info/SOURCES.txt'
[3.191s] running build
[3.192s] running build_py
[3.193s] running install
[3.194s] running install_lib
[3.198s] running install_data
[3.198s] running install_egg_info
[3.202s] removing '/home/tasc/AN_WS/install/nova_vision/lib/python3.10/site-packages/nova_vision-0.0.0-py3.10.egg-info' (and everything under it)
[3.203s] Copying ../build/nova_vision/nova_vision.egg-info to /home/tasc/AN_WS/install/nova_vision/lib/python3.10/site-packages/nova_vision-0.0.0-py3.10.egg-info
[3.205s] running install_scripts
[3.253s] Installing aruco_detect script to /home/tasc/AN_WS/install/nova_vision/lib/nova_vision
[3.254s] Installing camera_publisher script to /home/tasc/AN_WS/install/nova_vision/lib/nova_vision
[3.254s] Installing camera_subscriber script to /home/tasc/AN_WS/install/nova_vision/lib/nova_vision
[3.254s] Installing gps_aruco script to /home/tasc/AN_WS/install/nova_vision/lib/nova_vision
[3.255s] Installing gps_display script to /home/tasc/AN_WS/install/nova_vision/lib/nova_vision
[3.255s] Installing gps_node script to /home/tasc/AN_WS/install/nova_vision/lib/nova_vision
[3.255s] Installing multi_camera_publisher script to /home/tasc/AN_WS/install/nova_vision/lib/nova_vision
[3.255s] Installing object_tracker script to /home/tasc/AN_WS/install/nova_vision/lib/nova_vision
[3.257s] writing list of installed files to '/home/tasc/AN_WS/build/nova_vision/install.log'
[3.331s] Invoked command in '/home/tasc/AN_WS/nova_vision' returned '0': PYTHONPATH=/home/tasc/AN_WS/build/nova_vision/prefix_override:/usr/lib/python3/dist-packages/colcon_core/task/python/colcon_distutils_commands:/home/tasc/AN_WS/install/nova_vision/lib/python3.10/site-packages:${PYTHONPATH} /usr/bin/python3 -W ignore:setup.py install is deprecated -W ignore:easy_install command is deprecated setup.py egg_info --egg-base ../build/nova_vision build --build-base /home/tasc/AN_WS/build/nova_vision/build install --record /home/tasc/AN_WS/build/nova_vision/install.log --single-version-externally-managed install_data
