[7.110s] Invoking command in '/home/moon/AN_WS/src/cam_stream': PYTHONPATH=/home/moon/AN_WS/build/cam_stream/prefix_override:/usr/lib/python3/dist-packages/colcon_core/task/python/colcon_distutils_commands:/home/moon/AN_WS/install/cam_stream/lib/python3.10/site-packages:${PYTHONPATH} /usr/bin/python3 -W ignore:setup.py install is deprecated -W ignore:easy_install command is deprecated setup.py egg_info --egg-base ../../build/cam_stream build --build-base /home/moon/AN_WS/build/cam_stream/build install --record /home/moon/AN_WS/build/cam_stream/install.log --single-version-externally-managed install_data
[8.596s] running egg_info
[8.596s] writing ../../build/cam_stream/cam_stream.egg-info/PKG-INFO
[8.603s] writing dependency_links to ../../build/cam_stream/cam_stream.egg-info/dependency_links.txt
[8.603s] writing entry points to ../../build/cam_stream/cam_stream.egg-info/entry_points.txt
[8.604s] writing requirements to ../../build/cam_stream/cam_stream.egg-info/requires.txt
[8.614s] writing top-level names to ../../build/cam_stream/cam_stream.egg-info/top_level.txt
[8.623s] reading manifest file '../../build/cam_stream/cam_stream.egg-info/SOURCES.txt'
[8.623s] writing manifest file '../../build/cam_stream/cam_stream.egg-info/SOURCES.txt'
[8.630s] running build
[8.630s] running build_py
[8.640s] copying cam_stream/multi_cam_gps_aruco.py -> /home/moon/AN_WS/build/cam_stream/build/lib/cam_stream
[8.640s] running install
[8.640s] running install_lib
[8.641s] copying /home/moon/AN_WS/build/cam_stream/build/lib/cam_stream/multi_cam_gps_aruco.py -> /home/moon/AN_WS/install/cam_stream/lib/python3.10/site-packages/cam_stream
[8.649s] byte-compiling /home/moon/AN_WS/install/cam_stream/lib/python3.10/site-packages/cam_stream/multi_cam_gps_aruco.py to multi_cam_gps_aruco.cpython-310.pyc
[8.669s] running install_data
[8.669s] running install_egg_info
[8.680s] removing '/home/moon/AN_WS/install/cam_stream/lib/python3.10/site-packages/cam_stream-0.0.0-py3.10.egg-info' (and everything under it)
[8.686s] Copying ../../build/cam_stream/cam_stream.egg-info to /home/moon/AN_WS/install/cam_stream/lib/python3.10/site-packages/cam_stream-0.0.0-py3.10.egg-info
[8.710s] running install_scripts
[8.795s] Installing gps_node script to /home/moon/AN_WS/install/cam_stream/lib/cam_stream
[8.796s] Installing multi_cam_gps_aruco script to /home/moon/AN_WS/install/cam_stream/lib/cam_stream
[8.797s] Installing multi_camera_publisher script to /home/moon/AN_WS/install/cam_stream/lib/cam_stream
[8.797s] Installing multi_camera_subscriber script to /home/moon/AN_WS/install/cam_stream/lib/cam_stream
[8.802s] writing list of installed files to '/home/moon/AN_WS/build/cam_stream/install.log'
[8.911s] Invoked command in '/home/moon/AN_WS/src/cam_stream' returned '0': PYTHONPATH=/home/moon/AN_WS/build/cam_stream/prefix_override:/usr/lib/python3/dist-packages/colcon_core/task/python/colcon_distutils_commands:/home/moon/AN_WS/install/cam_stream/lib/python3.10/site-packages:${PYTHONPATH} /usr/bin/python3 -W ignore:setup.py install is deprecated -W ignore:easy_install command is deprecated setup.py egg_info --egg-base ../../build/cam_stream build --build-base /home/moon/AN_WS/build/cam_stream/build install --record /home/moon/AN_WS/build/cam_stream/install.log --single-version-externally-managed install_data
