[3.593s] Invoking command in '/home/moon/AN_WS/src/navigation': PYTHONPATH=/home/moon/AN_WS/build/navigation/prefix_override:/usr/lib/python3/dist-packages/colcon_core/task/python/colcon_distutils_commands:/home/moon/AN_WS/install/navigation/lib/python3.10/site-packages:${PYTHONPATH} /usr/bin/python3 -W ignore:setup.py install is deprecated -W ignore:easy_install command is deprecated setup.py egg_info --egg-base ../../build/navigation build --build-base /home/moon/AN_WS/build/navigation/build install --record /home/moon/AN_WS/build/navigation/install.log --single-version-externally-managed install_data
[4.282s] running egg_info
[4.283s] writing ../../build/navigation/navigation.egg-info/PKG-INFO
[4.285s] writing dependency_links to ../../build/navigation/navigation.egg-info/dependency_links.txt
[4.293s] writing entry points to ../../build/navigation/navigation.egg-info/entry_points.txt
[4.293s] writing requirements to ../../build/navigation/navigation.egg-info/requires.txt
[4.293s] writing top-level names to ../../build/navigation/navigation.egg-info/top_level.txt
[4.295s] reading manifest file '../../build/navigation/navigation.egg-info/SOURCES.txt'
[4.296s] adding license file 'LICENSE'
[4.296s] writing manifest file '../../build/navigation/navigation.egg-info/SOURCES.txt'
[4.296s] running build
[4.296s] running build_py
[4.298s] running install
[4.302s] running install_lib
[4.307s] running install_data
[4.307s] running install_egg_info
[4.318s] removing '/home/moon/AN_WS/install/navigation/lib/python3.10/site-packages/navigation-0.0.0-py3.10.egg-info' (and everything under it)
[4.328s] Copying ../../build/navigation/navigation.egg-info to /home/moon/AN_WS/install/navigation/lib/python3.10/site-packages/navigation-0.0.0-py3.10.egg-info
[4.333s] running install_scripts
[4.370s] Installing aruco_marker_publisher script to /home/moon/AN_WS/install/navigation/lib/navigation
[4.372s] Installing camera_publisher script to /home/moon/AN_WS/install/navigation/lib/navigation
[4.372s] Installing camera_subscriber script to /home/moon/AN_WS/install/navigation/lib/navigation
[4.373s] Installing combined_gps_aruco script to /home/moon/AN_WS/install/navigation/lib/navigation
[4.374s] Installing gps_display script to /home/moon/AN_WS/install/navigation/lib/navigation
[4.376s] Installing gps_node script to /home/moon/AN_WS/install/navigation/lib/navigation
[4.376s] Installing gst_pub script to /home/moon/AN_WS/install/navigation/lib/navigation
[4.377s] Installing multi_camera_publisher script to /home/moon/AN_WS/install/navigation/lib/navigation
[4.378s] Installing multi_camera_publisher_gst script to /home/moon/AN_WS/install/navigation/lib/navigation
[4.379s] Installing multi_camera_subscriber_gst script to /home/moon/AN_WS/install/navigation/lib/navigation
[4.380s] writing list of installed files to '/home/moon/AN_WS/build/navigation/install.log'
[4.408s] Invoked command in '/home/moon/AN_WS/src/navigation' returned '0': PYTHONPATH=/home/moon/AN_WS/build/navigation/prefix_override:/usr/lib/python3/dist-packages/colcon_core/task/python/colcon_distutils_commands:/home/moon/AN_WS/install/navigation/lib/python3.10/site-packages:${PYTHONPATH} /usr/bin/python3 -W ignore:setup.py install is deprecated -W ignore:easy_install command is deprecated setup.py egg_info --egg-base ../../build/navigation build --build-base /home/moon/AN_WS/build/navigation/build install --record /home/moon/AN_WS/build/navigation/install.log --single-version-externally-managed install_data
