running egg_info
creating ../../build/cam_stream/cam_stream.egg-info
writing ../../build/cam_stream/cam_stream.egg-info/PKG-INFO
writing dependency_links to ../../build/cam_stream/cam_stream.egg-info/dependency_links.txt
writing entry points to ../../build/cam_stream/cam_stream.egg-info/entry_points.txt
writing requirements to ../../build/cam_stream/cam_stream.egg-info/requires.txt
writing top-level names to ../../build/cam_stream/cam_stream.egg-info/top_level.txt
writing manifest file '../../build/cam_stream/cam_stream.egg-info/SOURCES.txt'
reading manifest file '../../build/cam_stream/cam_stream.egg-info/SOURCES.txt'
writing manifest file '../../build/cam_stream/cam_stream.egg-info/SOURCES.txt'
running build
running build_py
creating /home/tasc/AN_WS/build/cam_stream/build
creating /home/tasc/AN_WS/build/cam_stream/build/lib
creating /home/tasc/AN_WS/build/cam_stream/build/lib/cam_stream
copying cam_stream/multi_camera_publisher.py -> /home/tasc/AN_WS/build/cam_stream/build/lib/cam_stream
copying cam_stream/__init__.py -> /home/tasc/AN_WS/build/cam_stream/build/lib/cam_stream
copying cam_stream/multi_camera_subscriber.py -> /home/tasc/AN_WS/build/cam_stream/build/lib/cam_stream
running install
running install_lib
creating /home/tasc/AN_WS/install/cam_stream/lib/python3.10/site-packages/cam_stream
copying /home/tasc/AN_WS/build/cam_stream/build/lib/cam_stream/multi_camera_publisher.py -> /home/tasc/AN_WS/install/cam_stream/lib/python3.10/site-packages/cam_stream
copying /home/tasc/AN_WS/build/cam_stream/build/lib/cam_stream/__init__.py -> /home/tasc/AN_WS/install/cam_stream/lib/python3.10/site-packages/cam_stream
copying /home/tasc/AN_WS/build/cam_stream/build/lib/cam_stream/multi_camera_subscriber.py -> /home/tasc/AN_WS/install/cam_stream/lib/python3.10/site-packages/cam_stream
byte-compiling /home/tasc/AN_WS/install/cam_stream/lib/python3.10/site-packages/cam_stream/multi_camera_publisher.py to multi_camera_publisher.cpython-310.pyc
byte-compiling /home/tasc/AN_WS/install/cam_stream/lib/python3.10/site-packages/cam_stream/__init__.py to __init__.cpython-310.pyc
byte-compiling /home/tasc/AN_WS/install/cam_stream/lib/python3.10/site-packages/cam_stream/multi_camera_subscriber.py to multi_camera_subscriber.cpython-310.pyc
running install_data
creating /home/tasc/AN_WS/install/cam_stream/share/ament_index
creating /home/tasc/AN_WS/install/cam_stream/share/ament_index/resource_index
creating /home/tasc/AN_WS/install/cam_stream/share/ament_index/resource_index/packages
copying resource/cam_stream -> /home/tasc/AN_WS/install/cam_stream/share/ament_index/resource_index/packages
copying package.xml -> /home/tasc/AN_WS/install/cam_stream/share/cam_stream
running install_egg_info
Copying ../../build/cam_stream/cam_stream.egg-info to /home/tasc/AN_WS/install/cam_stream/lib/python3.10/site-packages/cam_stream-0.0.0-py3.10.egg-info
running install_scripts
Installing multi_camera_publisher script to /home/tasc/AN_WS/install/cam_stream/lib/cam_stream
Installing multi_camera_subscriber script to /home/tasc/AN_WS/install/cam_stream/lib/cam_stream
writing list of installed files to '/home/tasc/AN_WS/build/cam_stream/install.log'
