[3.885s] Invoking command in '/home/tasc/AN_WS/src/cam_stream': PYTHONPATH=/home/tasc/AN_WS/build/cam_stream/prefix_override:/usr/lib/python3/dist-packages/colcon_core/task/python/colcon_distutils_commands:/home/tasc/AN_WS/install/cam_stream/lib/python3.10/site-packages:${PYTHONPATH} /usr/bin/python3 -W ignore:setup.py install is deprecated -W ignore:easy_install command is deprecated setup.py egg_info --egg-base ../../build/cam_stream build --build-base /home/tasc/AN_WS/build/cam_stream/build install --record /home/tasc/AN_WS/build/cam_stream/install.log --single-version-externally-managed install_data
[4.492s] running egg_info
[4.496s] creating ../../build/cam_stream/cam_stream.egg-info
[4.496s] writing ../../build/cam_stream/cam_stream.egg-info/PKG-INFO
[4.496s] writing dependency_links to ../../build/cam_stream/cam_stream.egg-info/dependency_links.txt
[4.496s] writing entry points to ../../build/cam_stream/cam_stream.egg-info/entry_points.txt
[4.497s] writing requirements to ../../build/cam_stream/cam_stream.egg-info/requires.txt
[4.497s] writing top-level names to ../../build/cam_stream/cam_stream.egg-info/top_level.txt
[4.497s] writing manifest file '../../build/cam_stream/cam_stream.egg-info/SOURCES.txt'
[4.502s] reading manifest file '../../build/cam_stream/cam_stream.egg-info/SOURCES.txt'
[4.502s] writing manifest file '../../build/cam_stream/cam_stream.egg-info/SOURCES.txt'
[4.502s] running build
[4.503s] running build_py
[4.503s] creating /home/tasc/AN_WS/build/cam_stream/build
[4.503s] creating /home/tasc/AN_WS/build/cam_stream/build/lib
[4.503s] creating /home/tasc/AN_WS/build/cam_stream/build/lib/cam_stream
[4.503s] copying cam_stream/multi_camera_publisher.py -> /home/tasc/AN_WS/build/cam_stream/build/lib/cam_stream
[4.504s] copying cam_stream/__init__.py -> /home/tasc/AN_WS/build/cam_stream/build/lib/cam_stream
[4.504s] copying cam_stream/multi_camera_subscriber.py -> /home/tasc/AN_WS/build/cam_stream/build/lib/cam_stream
[4.504s] running install
[4.504s] running install_lib
[4.504s] creating /home/tasc/AN_WS/install/cam_stream/lib/python3.10/site-packages/cam_stream
[4.504s] copying /home/tasc/AN_WS/build/cam_stream/build/lib/cam_stream/multi_camera_publisher.py -> /home/tasc/AN_WS/install/cam_stream/lib/python3.10/site-packages/cam_stream
[4.504s] copying /home/tasc/AN_WS/build/cam_stream/build/lib/cam_stream/__init__.py -> /home/tasc/AN_WS/install/cam_stream/lib/python3.10/site-packages/cam_stream
[4.504s] copying /home/tasc/AN_WS/build/cam_stream/build/lib/cam_stream/multi_camera_subscriber.py -> /home/tasc/AN_WS/install/cam_stream/lib/python3.10/site-packages/cam_stream
[4.505s] byte-compiling /home/tasc/AN_WS/install/cam_stream/lib/python3.10/site-packages/cam_stream/multi_camera_publisher.py to multi_camera_publisher.cpython-310.pyc
[4.505s] byte-compiling /home/tasc/AN_WS/install/cam_stream/lib/python3.10/site-packages/cam_stream/__init__.py to __init__.cpython-310.pyc
[4.505s] byte-compiling /home/tasc/AN_WS/install/cam_stream/lib/python3.10/site-packages/cam_stream/multi_camera_subscriber.py to multi_camera_subscriber.cpython-310.pyc
[4.506s] running install_data
[4.506s] creating /home/tasc/AN_WS/install/cam_stream/share/ament_index
[4.506s] creating /home/tasc/AN_WS/install/cam_stream/share/ament_index/resource_index
[4.506s] creating /home/tasc/AN_WS/install/cam_stream/share/ament_index/resource_index/packages
[4.507s] copying resource/cam_stream -> /home/tasc/AN_WS/install/cam_stream/share/ament_index/resource_index/packages
[4.507s] copying package.xml -> /home/tasc/AN_WS/install/cam_stream/share/cam_stream
[4.507s] running install_egg_info
[4.508s] Copying ../../build/cam_stream/cam_stream.egg-info to /home/tasc/AN_WS/install/cam_stream/lib/python3.10/site-packages/cam_stream-0.0.0-py3.10.egg-info
[4.508s] running install_scripts
[4.556s] Installing multi_camera_publisher script to /home/tasc/AN_WS/install/cam_stream/lib/cam_stream
[4.557s] Installing multi_camera_subscriber script to /home/tasc/AN_WS/install/cam_stream/lib/cam_stream
[4.558s] writing list of installed files to '/home/tasc/AN_WS/build/cam_stream/install.log'
[4.693s] Invoked command in '/home/tasc/AN_WS/src/cam_stream' returned '0': PYTHONPATH=/home/tasc/AN_WS/build/cam_stream/prefix_override:/usr/lib/python3/dist-packages/colcon_core/task/python/colcon_distutils_commands:/home/tasc/AN_WS/install/cam_stream/lib/python3.10/site-packages:${PYTHONPATH} /usr/bin/python3 -W ignore:setup.py install is deprecated -W ignore:easy_install command is deprecated setup.py egg_info --egg-base ../../build/cam_stream build --build-base /home/tasc/AN_WS/build/cam_stream/build install --record /home/tasc/AN_WS/build/cam_stream/install.log --single-version-externally-managed install_data
