[5.482s] Invoking command in '/home/moon/AN_WS/src/navigation': PYTHONPATH=/home/moon/AN_WS/build/navigation/prefix_override:/usr/lib/python3/dist-packages/colcon_core/task/python/colcon_distutils_commands:/home/moon/AN_WS/install/navigation/lib/python3.10/site-packages:${PYTHONPATH} /usr/bin/python3 -W ignore:setup.py install is deprecated -W ignore:easy_install command is deprecated setup.py egg_info --egg-base ../../build/navigation build --build-base /home/moon/AN_WS/build/navigation/build install --record /home/moon/AN_WS/build/navigation/install.log --single-version-externally-managed install_data
[8.648s] running egg_info
[8.679s] writing ../../build/navigation/navigation.egg-info/PKG-INFO
[8.680s] writing dependency_links to ../../build/navigation/navigation.egg-info/dependency_links.txt
[8.680s] writing entry points to ../../build/navigation/navigation.egg-info/entry_points.txt
[8.692s] writing requirements to ../../build/navigation/navigation.egg-info/requires.txt
[8.702s] writing top-level names to ../../build/navigation/navigation.egg-info/top_level.txt
[8.703s] reading manifest file '../../build/navigation/navigation.egg-info/SOURCES.txt'
[8.712s] adding license file 'LICENSE'
[8.714s] writing manifest file '../../build/navigation/navigation.egg-info/SOURCES.txt'
[8.742s] running build
[8.743s] running build_py
[8.744s] running install
[8.744s] running install_lib
[8.749s] running install_data
[8.752s] running install_egg_info
[8.809s] removing '/home/moon/AN_WS/install/navigation/lib/python3.10/site-packages/navigation-0.0.0-py3.10.egg-info' (and everything under it)
[8.822s] Copying ../../build/navigation/navigation.egg-info to /home/moon/AN_WS/install/navigation/lib/python3.10/site-packages/navigation-0.0.0-py3.10.egg-info
[8.823s] running install_scripts
[8.903s] Installing aruco_marker_publisher script to /home/moon/AN_WS/install/navigation/lib/navigation
[8.904s] Installing camera_publisher script to /home/moon/AN_WS/install/navigation/lib/navigation
[8.912s] Installing camera_subscriber script to /home/moon/AN_WS/install/navigation/lib/navigation
[8.912s] Installing combined_gps_aruco script to /home/moon/AN_WS/install/navigation/lib/navigation
[8.912s] Installing gps_display script to /home/moon/AN_WS/install/navigation/lib/navigation
[8.912s] Installing gps_node script to /home/moon/AN_WS/install/navigation/lib/navigation
[8.913s] Installing gst_pub script to /home/moon/AN_WS/install/navigation/lib/navigation
[8.921s] Installing multi_camera_publisher script to /home/moon/AN_WS/install/navigation/lib/navigation
[8.921s] Installing multi_camera_publisher_gst script to /home/moon/AN_WS/install/navigation/lib/navigation
[8.921s] Installing multi_camera_subscriber_gst script to /home/moon/AN_WS/install/navigation/lib/navigation
[8.921s] writing list of installed files to '/home/moon/AN_WS/build/navigation/install.log'
[8.984s] Invoked command in '/home/moon/AN_WS/src/navigation' returned '0': PYTHONPATH=/home/moon/AN_WS/build/navigation/prefix_override:/usr/lib/python3/dist-packages/colcon_core/task/python/colcon_distutils_commands:/home/moon/AN_WS/install/navigation/lib/python3.10/site-packages:${PYTHONPATH} /usr/bin/python3 -W ignore:setup.py install is deprecated -W ignore:easy_install command is deprecated setup.py egg_info --egg-base ../../build/navigation build --build-base /home/moon/AN_WS/build/navigation/build install --record /home/moon/AN_WS/build/navigation/install.log --single-version-externally-managed install_data
