[3.338s] Invoking command in '/home/tasc/AN_WS-1/src/navigation': PYTHONPATH=/home/tasc/AN_WS-1/build/navigation/prefix_override:/usr/lib/python3/dist-packages/colcon_core/task/python/colcon_distutils_commands:/home/tasc/AN_WS-1/install/navigation/lib/python3.10/site-packages:${PYTHONPATH} /usr/bin/python3 -W ignore:setup.py install is deprecated -W ignore:easy_install command is deprecated setup.py egg_info --egg-base ../../build/navigation build --build-base /home/tasc/AN_WS-1/build/navigation/build install --record /home/tasc/AN_WS-1/build/navigation/install.log --single-version-externally-managed install_data
[3.945s] running egg_info
[3.946s] writing ../../build/navigation/navigation.egg-info/PKG-INFO
[3.947s] writing dependency_links to ../../build/navigation/navigation.egg-info/dependency_links.txt
[3.947s] writing entry points to ../../build/navigation/navigation.egg-info/entry_points.txt
[3.947s] writing requirements to ../../build/navigation/navigation.egg-info/requires.txt
[3.948s] writing top-level names to ../../build/navigation/navigation.egg-info/top_level.txt
[3.948s] reading manifest file '../../build/navigation/navigation.egg-info/SOURCES.txt'
[3.949s] adding license file 'LICENSE'
[3.951s] writing manifest file '../../build/navigation/navigation.egg-info/SOURCES.txt'
[3.951s] running build
[3.951s] running build_py
[3.952s] running install
[3.953s] running install_lib
[3.957s] running install_data
[3.957s] running install_egg_info
[3.965s] removing '/home/tasc/AN_WS-1/install/navigation/lib/python3.10/site-packages/navigation-0.0.0-py3.10.egg-info' (and everything under it)
[3.965s] Copying ../../build/navigation/navigation.egg-info to /home/tasc/AN_WS-1/install/navigation/lib/python3.10/site-packages/navigation-0.0.0-py3.10.egg-info
[3.968s] running install_scripts
[4.020s] Installing aruco_marker_publisher script to /home/tasc/AN_WS-1/install/navigation/lib/navigation
[4.021s] Installing camera_publisher script to /home/tasc/AN_WS-1/install/navigation/lib/navigation
[4.021s] Installing camera_subscriber script to /home/tasc/AN_WS-1/install/navigation/lib/navigation
[4.021s] Installing combined_gps_aruco script to /home/tasc/AN_WS-1/install/navigation/lib/navigation
[4.021s] Installing gps_display script to /home/tasc/AN_WS-1/install/navigation/lib/navigation
[4.022s] Installing gps_node script to /home/tasc/AN_WS-1/install/navigation/lib/navigation
[4.022s] Installing gst_pub script to /home/tasc/AN_WS-1/install/navigation/lib/navigation
[4.022s] Installing multi_camera_publisher script to /home/tasc/AN_WS-1/install/navigation/lib/navigation
[4.023s] Installing multi_camera_publisher_gst script to /home/tasc/AN_WS-1/install/navigation/lib/navigation
[4.023s] Installing multi_camera_subscriber_gst script to /home/tasc/AN_WS-1/install/navigation/lib/navigation
[4.024s] writing list of installed files to '/home/tasc/AN_WS-1/build/navigation/install.log'
[4.139s] Invoked command in '/home/tasc/AN_WS-1/src/navigation' returned '0': PYTHONPATH=/home/tasc/AN_WS-1/build/navigation/prefix_override:/usr/lib/python3/dist-packages/colcon_core/task/python/colcon_distutils_commands:/home/tasc/AN_WS-1/install/navigation/lib/python3.10/site-packages:${PYTHONPATH} /usr/bin/python3 -W ignore:setup.py install is deprecated -W ignore:easy_install command is deprecated setup.py egg_info --egg-base ../../build/navigation build --build-base /home/tasc/AN_WS-1/build/navigation/build install --record /home/tasc/AN_WS-1/build/navigation/install.log --single-version-externally-managed install_data
