[2.651s] Invoking command in '/home/tasc/AN_WS/src/navigation': PYTHONPATH=/home/tasc/AN_WS/build/navigation/prefix_override:/usr/lib/python3/dist-packages/colcon_core/task/python/colcon_distutils_commands:/home/tasc/AN_WS/install/navigation/lib/python3.10/site-packages:${PYTHONPATH} /usr/bin/python3 -W ignore:setup.py install is deprecated -W ignore:easy_install command is deprecated setup.py egg_info --egg-base ../../build/navigation build --build-base /home/tasc/AN_WS/build/navigation/build install --record /home/tasc/AN_WS/build/navigation/install.log --single-version-externally-managed install_data
[3.193s] running egg_info
[3.194s] writing ../../build/navigation/navigation.egg-info/PKG-INFO
[3.195s] writing dependency_links to ../../build/navigation/navigation.egg-info/dependency_links.txt
[3.195s] writing entry points to ../../build/navigation/navigation.egg-info/entry_points.txt
[3.196s] writing requirements to ../../build/navigation/navigation.egg-info/requires.txt
[3.196s] writing top-level names to ../../build/navigation/navigation.egg-info/top_level.txt
[3.200s] reading manifest file '../../build/navigation/navigation.egg-info/SOURCES.txt'
[3.201s] adding license file 'LICENSE'
[3.202s] writing manifest file '../../build/navigation/navigation.egg-info/SOURCES.txt'
[3.202s] running build
[3.203s] running build_py
[3.204s] copying navigation/multi_camera_publisher_gst.py -> /home/tasc/AN_WS/build/navigation/build/lib/navigation
[3.205s] running install
[3.206s] running install_lib
[3.208s] copying /home/tasc/AN_WS/build/navigation/build/lib/navigation/multi_camera_publisher_gst.py -> /home/tasc/AN_WS/install/navigation/lib/python3.10/site-packages/navigation
[3.211s] byte-compiling /home/tasc/AN_WS/install/navigation/lib/python3.10/site-packages/navigation/multi_camera_publisher_gst.py to multi_camera_publisher_gst.cpython-310.pyc
[3.212s] running install_data
[3.213s] running install_egg_info
[3.217s] removing '/home/tasc/AN_WS/install/navigation/lib/python3.10/site-packages/navigation-0.0.0-py3.10.egg-info' (and everything under it)
[3.218s] Copying ../../build/navigation/navigation.egg-info to /home/tasc/AN_WS/install/navigation/lib/python3.10/site-packages/navigation-0.0.0-py3.10.egg-info
[3.220s] running install_scripts
[3.271s] Installing aruco_marker_publisher script to /home/tasc/AN_WS/install/navigation/lib/navigation
[3.271s] Installing camera_publisher script to /home/tasc/AN_WS/install/navigation/lib/navigation
[3.272s] Installing camera_subscriber script to /home/tasc/AN_WS/install/navigation/lib/navigation
[3.272s] Installing combined_gps_aruco script to /home/tasc/AN_WS/install/navigation/lib/navigation
[3.273s] Installing gps_display script to /home/tasc/AN_WS/install/navigation/lib/navigation
[3.273s] Installing gps_node script to /home/tasc/AN_WS/install/navigation/lib/navigation
[3.273s] Installing gst_pub script to /home/tasc/AN_WS/install/navigation/lib/navigation
[3.273s] Installing multi_camera_publisher script to /home/tasc/AN_WS/install/navigation/lib/navigation
[3.273s] Installing multi_camera_publisher_gst script to /home/tasc/AN_WS/install/navigation/lib/navigation
[3.274s] Installing multi_camera_subcriber_gst script to /home/tasc/AN_WS/install/navigation/lib/navigation
[3.275s] writing list of installed files to '/home/tasc/AN_WS/build/navigation/install.log'
[3.367s] Invoked command in '/home/tasc/AN_WS/src/navigation' returned '0': PYTHONPATH=/home/tasc/AN_WS/build/navigation/prefix_override:/usr/lib/python3/dist-packages/colcon_core/task/python/colcon_distutils_commands:/home/tasc/AN_WS/install/navigation/lib/python3.10/site-packages:${PYTHONPATH} /usr/bin/python3 -W ignore:setup.py install is deprecated -W ignore:easy_install command is deprecated setup.py egg_info --egg-base ../../build/navigation build --build-base /home/tasc/AN_WS/build/navigation/build install --record /home/tasc/AN_WS/build/navigation/install.log --single-version-externally-managed install_data
